

================================================================
== Vivado HLS Report for 'ConvolutionInputGene_2'
================================================================
* Date:           Mon Mar  1 13:08:18 2021

* Version:        2018.2 (Build 2258646 on Thu Jun 14 20:25:20 MDT 2018)
* Project:        cnvW1A1-pynqZ1-Z2
* Solution:       sol1
* Product family: zynq
* Target device:  xc7z020clg400-1


================================================================
== Performance Estimates
================================================================
+ Timing (ns): 
    * Summary: 
    +--------+-------+----------+------------+
    |  Clock | Target| Estimated| Uncertainty|
    +--------+-------+----------+------------+
    |ap_clk  |   5.00|     8.073|        0.62|
    +--------+-------+----------+------------+

+ Latency (clock cycles): 
    * Summary: 
    +-----+-----+-----+-----+---------+
    |  Latency  |  Interval | Pipeline|
    | min | max | min | max |   Type  |
    +-----+-----+-----+-----+---------+
    |    ?|    ?|    ?|    ?|   none  |
    +-----+-----+-----+-----+---------+

    + Detail: 
        * Instance: 
        N/A

        * Loop: 
        +----------+-----+-----+----------+-----------+-----------+------+----------+
        |          |  Latency  | Iteration|  Initiation Interval  | Trip |          |
        | Loop Name| min | max |  Latency |  achieved |   target  | Count| Pipelined|
        +----------+-----+-----+----------+-----------+-----------+------+----------+
        |- Loop 1  |    ?|    ?|         5|          1|          1|     ?|    yes   |
        +----------+-----+-----+----------+-----------+-----------+------+----------+

============================================================
+ Verbose Summary: Synthesis Manager
============================================================
InlineROM: 1
ExposeGlobal: 0
============================================================
+ Verbose Summary: CDFG Model
============================================================
IsTopModel: 0
ResetActiveHigh: 1
IsCombinational: 2
IsDatapathOnly: 0
HasWiredReturn: 1
HasMFsm: 0
HasVarLatency: 1
IsPipeline: 0
IsRtlPipelined: 0
IsInstanceOverlapped: 0
IsDontTouch: 0
HasImplIP: 0
IsGatedGlobalClock: 0

+ Individual pipeline summary: 
  * Pipeline-0: initiation interval (II) = 1, depth = 5


============================================================
+ Verbose Summary: Schedule
============================================================
* Number of FSM states : 8
* Pipeline : 1
  Pipeline-0 : II = 1, D = 5, States = { 3 4 5 6 7 }
* Dataflow Pipeline: 0

* FSM state transitions: 
1 --> 
	2  / true
2 --> 
	3  / true
3 --> 
	8  / (exitcond_flatten)
	4  / (!exitcond_flatten)
4 --> 
	5  / true
5 --> 
	6  / true
6 --> 
	7  / true
7 --> 
	3  / true
8 --> 

* FSM state operations: 

State 1 <SV = 0> <Delay = 4.37>
ST_1 : Operation 9 [1/1] (0.00ns)   --->   "%read_block_5 = alloca i32"   --->   Operation 9 'alloca' 'read_block_5' <Predicate = true> <Delay = 0.00>
ST_1 : Operation 10 [1/1] (0.00ns)   --->   "%ofm_y_1_i = alloca i32"   --->   Operation 10 'alloca' 'ofm_y_1_i' <Predicate = true> <Delay = 0.00>
ST_1 : Operation 11 [1/1] (0.00ns)   --->   "%ofm_x_4 = alloca i32"   --->   Operation 11 'alloca' 'ofm_x_4' <Predicate = true> <Delay = 0.00>
ST_1 : Operation 12 [1/1] (0.00ns)   --->   "%k_y_4 = alloca i32"   --->   Operation 12 'alloca' 'k_y_4' <Predicate = true> <Delay = 0.00>
ST_1 : Operation 13 [1/1] (0.00ns)   --->   "%inp_4 = alloca i32"   --->   Operation 13 'alloca' 'inp_4' <Predicate = true> <Delay = 0.00>
ST_1 : Operation 14 [1/1] (0.00ns)   --->   "%k_x_4 = alloca i32"   --->   Operation 14 'alloca' 'k_x_4' <Predicate = true> <Delay = 0.00>
ST_1 : Operation 15 [1/1] (0.00ns)   --->   "%count_simd_4 = alloca i32"   --->   Operation 15 'alloca' 'count_simd_4' <Predicate = true> <Delay = 0.00>
ST_1 : Operation 16 [1/1] (0.00ns)   --->   "%current_block_write_17 = alloca i32"   --->   Operation 16 'alloca' 'current_block_write_17' <Predicate = true> <Delay = 0.00>
ST_1 : Operation 17 [1/1] (0.00ns)   --->   "%current_line_5 = alloca i32"   --->   Operation 17 'alloca' 'current_line_5' <Predicate = true> <Delay = 0.00>
ST_1 : Operation 18 [1/1] (0.00ns)   --->   "%counter_internal_blo = alloca i32"   --->   Operation 18 'alloca' 'counter_internal_blo' <Predicate = true> <Delay = 0.00>
ST_1 : Operation 19 [1/1] (0.00ns)   --->   "%inputBuf_0_V = alloca [32 x i24], align 4" [/home/parallels/Documents/vivado_projects/BNN-PYNQ/bnn/src/library/finn-hlslib/slidingwindow.h:88]   --->   Operation 19 'alloca' 'inputBuf_0_V' <Predicate = true> <Delay = 0.00> <Core = "RAM_2P">   --->   Core 39 'RAM_2P' <Latency = 1> <II = 1> <Delay = 2.32> <Storage> <Opcode : 'load' 'store'> <Ports = 2> <Width = 24> <Depth = 32> <RAM>
ST_1 : Operation 20 [1/1] (0.00ns)   --->   "%inputBuf_1_V = alloca [32 x i24], align 4" [/home/parallels/Documents/vivado_projects/BNN-PYNQ/bnn/src/library/finn-hlslib/slidingwindow.h:88]   --->   Operation 20 'alloca' 'inputBuf_1_V' <Predicate = true> <Delay = 0.00> <Core = "RAM_2P">   --->   Core 39 'RAM_2P' <Latency = 1> <II = 1> <Delay = 2.32> <Storage> <Opcode : 'load' 'store'> <Ports = 2> <Width = 24> <Depth = 32> <RAM>
ST_1 : Operation 21 [1/1] (0.00ns)   --->   "%inputBuf_2_V = alloca [32 x i24], align 4" [/home/parallels/Documents/vivado_projects/BNN-PYNQ/bnn/src/library/finn-hlslib/slidingwindow.h:88]   --->   Operation 21 'alloca' 'inputBuf_2_V' <Predicate = true> <Delay = 0.00> <Core = "RAM_2P">   --->   Core 39 'RAM_2P' <Latency = 1> <II = 1> <Delay = 2.32> <Storage> <Opcode : 'load' 'store'> <Ports = 2> <Width = 24> <Depth = 32> <RAM>
ST_1 : Operation 22 [1/1] (0.00ns)   --->   "%inputBuf_3_V = alloca [32 x i24], align 4" [/home/parallels/Documents/vivado_projects/BNN-PYNQ/bnn/src/library/finn-hlslib/slidingwindow.h:88]   --->   Operation 22 'alloca' 'inputBuf_3_V' <Predicate = true> <Delay = 0.00> <Core = "RAM_2P">   --->   Core 39 'RAM_2P' <Latency = 1> <II = 1> <Delay = 2.32> <Storage> <Opcode : 'load' 'store'> <Ports = 2> <Width = 24> <Depth = 32> <RAM>
ST_1 : Operation 23 [1/1] (2.18ns)   --->   "%numReps_read = call i32 @_ssdm_op_Read.ap_fifo.i32P(i32* %numReps)"   --->   Operation 23 'read' 'numReps_read' <Predicate = true> <Delay = 2.18> <Core = "FIFO">   --->   Core 32 'FIFO' <Latency = 0> <II = 1> <Delay = 3.63> <Storage> <Opcode : 'read' 'write' 'nbread' 'nbwrite'> <Ports = 0> <Width = 32> <Depth = 2> <FIFO>
ST_1 : Operation 24 [1/1] (2.18ns)   --->   "call void @_ssdm_op_Write.ap_fifo.i32P(i32* %numReps_out, i32 %numReps_read)"   --->   Operation 24 'write' <Predicate = true> <Delay = 2.18> <Core = "FIFO">   --->   Core 32 'FIFO' <Latency = 0> <II = 1> <Delay = 3.63> <Storage> <Opcode : 'read' 'write' 'nbread' 'nbwrite'> <Ports = 0> <Width = 32> <Depth = 2> <FIFO>
ST_1 : Operation 25 [1/1] (1.76ns)   --->   "store i32 0, i32* %counter_internal_blo"   --->   Operation 25 'store' <Predicate = true> <Delay = 1.76>
ST_1 : Operation 26 [1/1] (1.81ns)   --->   "store i32 0, i32* %current_line_5"   --->   Operation 26 'store' <Predicate = true> <Delay = 1.81>
ST_1 : Operation 27 [1/1] (1.81ns)   --->   "store i32 0, i32* %current_block_write_17"   --->   Operation 27 'store' <Predicate = true> <Delay = 1.81>
ST_1 : Operation 28 [1/1] (1.76ns)   --->   "store i32 0, i32* %count_simd_4"   --->   Operation 28 'store' <Predicate = true> <Delay = 1.76>
ST_1 : Operation 29 [1/1] (1.76ns)   --->   "store i32 0, i32* %k_x_4"   --->   Operation 29 'store' <Predicate = true> <Delay = 1.76>
ST_1 : Operation 30 [1/1] (1.81ns)   --->   "store i32 0, i32* %inp_4"   --->   Operation 30 'store' <Predicate = true> <Delay = 1.81>
ST_1 : Operation 31 [1/1] (1.76ns)   --->   "store i32 0, i32* %k_y_4"   --->   Operation 31 'store' <Predicate = true> <Delay = 1.76>
ST_1 : Operation 32 [1/1] (1.76ns)   --->   "store i32 0, i32* %ofm_x_4"   --->   Operation 32 'store' <Predicate = true> <Delay = 1.76>
ST_1 : Operation 33 [1/1] (1.76ns)   --->   "store i32 0, i32* %ofm_y_1_i"   --->   Operation 33 'store' <Predicate = true> <Delay = 1.76>
ST_1 : Operation 34 [1/1] (1.86ns)   --->   "store i32 0, i32* %read_block_5"   --->   Operation 34 'store' <Predicate = true> <Delay = 1.86>

State 2 <SV = 1> <Delay = 3.01>
ST_2 : Operation 35 [1/1] (0.00ns)   --->   "call void (...)* @_ssdm_op_SpecInterface(i24* %in_V_V, [8 x i8]* @ap_fifo_str, i32 0, i32 0, [1 x i8]* @p_str, i32 0, i32 0, [1 x i8]* @p_str, [1 x i8]* @p_str, [1 x i8]* @p_str, i32 2, i32 2, i32 16, i32 16, [1 x i8]* @p_str, [1 x i8]* @p_str)"   --->   Operation 35 'specinterface' <Predicate = true> <Delay = 0.00>
ST_2 : Operation 36 [1/1] (0.00ns)   --->   "call void (...)* @_ssdm_op_SpecInterface(i24* %out_V_V, [8 x i8]* @ap_fifo_str, i32 0, i32 0, [1 x i8]* @p_str, i32 0, i32 0, [1 x i8]* @p_str, [1 x i8]* @p_str, [1 x i8]* @p_str, i32 2, i32 2, i32 16, i32 16, [1 x i8]* @p_str, [1 x i8]* @p_str)"   --->   Operation 36 'specinterface' <Predicate = true> <Delay = 0.00>
ST_2 : Operation 37 [1/1] (0.00ns)   --->   "call void (...)* @_ssdm_op_SpecInterface(i32* %numReps, [8 x i8]* @ap_fifo_str, i32 0, i32 0, [1 x i8]* @p_str, i32 0, i32 0, [1 x i8]* @p_str, [1 x i8]* @p_str, [1 x i8]* @p_str, i32 2, i32 2, i32 16, i32 16, [1 x i8]* @p_str, [1 x i8]* @p_str)"   --->   Operation 37 'specinterface' <Predicate = true> <Delay = 0.00>
ST_2 : Operation 38 [1/1] (0.00ns)   --->   "call void (...)* @_ssdm_op_SpecInterface(i32* %numReps_out, [8 x i8]* @ap_fifo_str, i32 0, i32 0, [1 x i8]* @p_str, i32 0, i32 0, [1 x i8]* @p_str, [1 x i8]* @p_str, [1 x i8]* @p_str, i32 2, i32 2, i32 16, i32 16, [1 x i8]* @p_str, [1 x i8]* @p_str)"   --->   Operation 38 'specinterface' <Predicate = true> <Delay = 0.00>
ST_2 : Operation 39 [1/1] (0.00ns)   --->   "call void (...)* @_ssdm_op_SpecMemCore([32 x i24]* %inputBuf_0_V, [32 x i24]* %inputBuf_1_V, [32 x i24]* %inputBuf_2_V, [32 x i24]* %inputBuf_3_V, [1 x i8]* @p_str, [7 x i8]* @p_str73, [1 x i8]* @p_str, i32 -1, [1 x i8]* @p_str, [1 x i8]* @p_str, [1 x i8]* @p_str, [1 x i8]* @p_str, [1 x i8]* @p_str)" [/home/parallels/Documents/vivado_projects/BNN-PYNQ/bnn/src/library/finn-hlslib/slidingwindow.h:91]   --->   Operation 39 'specmemcore' <Predicate = true> <Delay = 0.00>
ST_2 : Operation 40 [1/1] (0.00ns)   --->   "%tmp_s = call i45 @_ssdm_op_BitConcatenate.i45.i32.i13(i32 %numReps_read, i13 0)"   --->   Operation 40 'bitconcatenate' 'tmp_s' <Predicate = true> <Delay = 0.00>
ST_2 : Operation 41 [1/1] (0.00ns)   --->   "%p_shl = zext i45 %tmp_s to i46"   --->   Operation 41 'zext' 'p_shl' <Predicate = true> <Delay = 0.00>
ST_2 : Operation 42 [1/1] (0.00ns)   --->   "%tmp_17 = call i34 @_ssdm_op_BitConcatenate.i34.i32.i2(i32 %numReps_read, i2 0)"   --->   Operation 42 'bitconcatenate' 'tmp_17' <Predicate = true> <Delay = 0.00>
ST_2 : Operation 43 [1/1] (0.00ns)   --->   "%p_shl2 = zext i34 %tmp_17 to i46"   --->   Operation 43 'zext' 'p_shl2' <Predicate = true> <Delay = 0.00>
ST_2 : Operation 44 [1/1] (3.01ns)   --->   "%bound = add i46 %p_shl, %p_shl2"   --->   Operation 44 'add' 'bound' <Predicate = true> <Delay = 3.01> <Core = "AddSub">   --->   Core 14 'AddSub' <Latency = 0> <II = 1> <Delay = 3.01> <FuncUnit> <Opcode : 'add' 'sub'> <InPorts = 2> <OutPorts = 1>
ST_2 : Operation 45 [1/1] (1.76ns)   --->   "br label %.preheader.i" [/home/parallels/Documents/vivado_projects/BNN-PYNQ/bnn/src/library/finn-hlslib/slidingwindow.h:104]   --->   Operation 45 'br' <Predicate = true> <Delay = 1.76>

State 3 <SV = 2> <Delay = 3.74>
ST_3 : Operation 46 [1/1] (0.00ns)   --->   "%indvar_flatten = phi i46 [ 0, %entry ], [ %indvar_flatten_next, %._crit_edge.i ]"   --->   Operation 46 'phi' 'indvar_flatten' <Predicate = true> <Delay = 0.00>
ST_3 : Operation 47 [1/1] (0.00ns)   --->   "%i_i = phi i14 [ 0, %entry ], [ %i, %._crit_edge.i ]"   --->   Operation 47 'phi' 'i_i' <Predicate = true> <Delay = 0.00>
ST_3 : Operation 48 [1/1] (2.76ns)   --->   "%exitcond_flatten = icmp eq i46 %indvar_flatten, %bound"   --->   Operation 48 'icmp' 'exitcond_flatten' <Predicate = true> <Delay = 2.76> <Core = "Cmp">   --->   Core 25 'Cmp' <Latency = 0> <II = 1> <Delay = 2.47> <FuncUnit> <Opcode : 'icmp'> <InPorts = 2> <OutPorts = 1>
ST_3 : Operation 49 [1/1] (3.04ns)   --->   "%indvar_flatten_next = add i46 %indvar_flatten, 1"   --->   Operation 49 'add' 'indvar_flatten_next' <Predicate = true> <Delay = 3.04> <Core = "AddSub">   --->   Core 14 'AddSub' <Latency = 0> <II = 1> <Delay = 3.01> <FuncUnit> <Opcode : 'add' 'sub'> <InPorts = 2> <OutPorts = 1>
ST_3 : Operation 50 [1/1] (0.00ns)   --->   "br i1 %exitcond_flatten, label %.exit, label %.preheader.i.preheader"   --->   Operation 50 'br' <Predicate = true> <Delay = 0.00>
ST_3 : Operation 51 [1/1] (2.20ns)   --->   "%tmp_i = icmp eq i14 %i_i, -8188" [/home/parallels/Documents/vivado_projects/BNN-PYNQ/bnn/src/library/finn-hlslib/slidingwindow.h:105]   --->   Operation 51 'icmp' 'tmp_i' <Predicate = (!exitcond_flatten)> <Delay = 2.20> <Core = "Cmp">   --->   Core 25 'Cmp' <Latency = 0> <II = 1> <Delay = 2.47> <FuncUnit> <Opcode : 'icmp'> <InPorts = 2> <OutPorts = 1>
ST_3 : Operation 52 [1/1] (0.00ns)   --->   "%tmp_2337_i = call i32 (...)* @_ssdm_op_SpecRegionBegin([13 x i8]* @p_str135)" [/home/parallels/Documents/vivado_projects/BNN-PYNQ/bnn/src/library/finn-hlslib/slidingwindow.h:105]   --->   Operation 52 'specregionbegin' 'tmp_2337_i' <Predicate = (!exitcond_flatten)> <Delay = 0.00>
ST_3 : Operation 53 [1/1] (0.00ns)   --->   "%empty_2863 = call i32 (...)* @_ssdm_op_SpecRegionEnd([13 x i8]* @p_str135, i32 %tmp_2337_i)" [/home/parallels/Documents/vivado_projects/BNN-PYNQ/bnn/src/library/finn-hlslib/slidingwindow.h:176]   --->   Operation 53 'specregionend' 'empty_2863' <Predicate = (!exitcond_flatten)> <Delay = 0.00>
ST_3 : Operation 54 [1/1] (1.81ns)   --->   "%i_i_op = add i14 %i_i, 1" [/home/parallels/Documents/vivado_projects/BNN-PYNQ/bnn/src/library/finn-hlslib/slidingwindow.h:105]   --->   Operation 54 'add' 'i_i_op' <Predicate = (!exitcond_flatten)> <Delay = 1.81> <Core = "AddSub">   --->   Core 14 'AddSub' <Latency = 0> <II = 1> <Delay = 3.01> <FuncUnit> <Opcode : 'add' 'sub'> <InPorts = 2> <OutPorts = 1>
ST_3 : Operation 55 [1/1] (0.70ns)   --->   "%i = select i1 %tmp_i, i14 1, i14 %i_i_op" [/home/parallels/Documents/vivado_projects/BNN-PYNQ/bnn/src/library/finn-hlslib/slidingwindow.h:105]   --->   Operation 55 'select' 'i' <Predicate = (!exitcond_flatten)> <Delay = 0.70> <Core = "Sel">   --->   Core 26 'Sel' <Latency = 0> <II = 1> <Delay = 0.70> <FuncUnit> <Opcode : 'select'> <InPorts = 3> <OutPorts = 1>
ST_3 : Operation 56 [1/1] (0.00ns)   --->   "br label %.preheader.i" [/home/parallels/Documents/vivado_projects/BNN-PYNQ/bnn/src/library/finn-hlslib/slidingwindow.h:105]   --->   Operation 56 'br' <Predicate = (!exitcond_flatten)> <Delay = 0.00>

State 4 <SV = 3> <Delay = 8.07>
ST_4 : Operation 57 [1/1] (0.00ns)   --->   "%read_block_5_load = load i32* %read_block_5"   --->   Operation 57 'load' 'read_block_5_load' <Predicate = (!exitcond_flatten & !tmp_i)> <Delay = 0.00>
ST_4 : Operation 58 [1/1] (0.00ns)   --->   "%inp_4_load = load i32* %inp_4" [/home/parallels/Documents/vivado_projects/BNN-PYNQ/bnn/src/library/finn-hlslib/slidingwindow.h:107]   --->   Operation 58 'load' 'inp_4_load' <Predicate = (!exitcond_flatten)> <Delay = 0.00>
ST_4 : Operation 59 [1/1] (0.69ns)   --->   "%read_block_1_i_mid2 = select i1 %tmp_i, i32 0, i32 %read_block_5_load" [/home/parallels/Documents/vivado_projects/BNN-PYNQ/bnn/src/library/finn-hlslib/slidingwindow.h:105]   --->   Operation 59 'select' 'read_block_1_i_mid2' <Predicate = (!exitcond_flatten)> <Delay = 0.69> <Core = "Sel">   --->   Core 26 'Sel' <Latency = 0> <II = 1> <Delay = 0.70> <FuncUnit> <Opcode : 'select'> <InPorts = 3> <OutPorts = 1>
ST_4 : Operation 60 [1/1] (0.00ns)   --->   "%tmp_2997 = trunc i32 %read_block_1_i_mid2 to i6" [/home/parallels/Documents/vivado_projects/BNN-PYNQ/bnn/src/library/finn-hlslib/slidingwindow.h:105]   --->   Operation 60 'trunc' 'tmp_2997' <Predicate = (!exitcond_flatten)> <Delay = 0.00>
ST_4 : Operation 61 [1/1] (0.00ns)   --->   "call void (...)* @_ssdm_op_SpecPipeline(i32 1, i32 1, i32 1, i32 0, [1 x i8]* @p_str) nounwind" [/home/parallels/Documents/vivado_projects/BNN-PYNQ/bnn/src/library/finn-hlslib/slidingwindow.h:106]   --->   Operation 61 'specpipeline' <Predicate = (!exitcond_flatten)> <Delay = 0.00>
ST_4 : Operation 62 [1/1] (2.47ns)   --->   "%tmp_i_2864 = icmp ult i32 %inp_4_load, 96" [/home/parallels/Documents/vivado_projects/BNN-PYNQ/bnn/src/library/finn-hlslib/slidingwindow.h:107]   --->   Operation 62 'icmp' 'tmp_i_2864' <Predicate = (!exitcond_flatten)> <Delay = 2.47> <Core = "Cmp">   --->   Core 25 'Cmp' <Latency = 0> <II = 1> <Delay = 2.47> <FuncUnit> <Opcode : 'icmp'> <InPorts = 2> <OutPorts = 1>
ST_4 : Operation 63 [1/1] (0.00ns)   --->   "br i1 %tmp_i_2864, label %0, label %3" [/home/parallels/Documents/vivado_projects/BNN-PYNQ/bnn/src/library/finn-hlslib/slidingwindow.h:107]   --->   Operation 63 'br' <Predicate = (!exitcond_flatten)> <Delay = 0.00>
ST_4 : Operation 64 [1/1] (0.00ns)   --->   "%counter_internal_blo_13 = load i32* %counter_internal_blo" [/home/parallels/Documents/vivado_projects/BNN-PYNQ/bnn/src/library/finn-hlslib/slidingwindow.h:123]   --->   Operation 64 'load' 'counter_internal_blo_13' <Predicate = (!tmp_i_2864)> <Delay = 0.00>
ST_4 : Operation 65 [1/1] (2.47ns)   --->   "%tmp_111_i = icmp ult i32 %counter_internal_blo_13, 269" [/home/parallels/Documents/vivado_projects/BNN-PYNQ/bnn/src/library/finn-hlslib/slidingwindow.h:123]   --->   Operation 65 'icmp' 'tmp_111_i' <Predicate = (!tmp_i_2864)> <Delay = 2.47> <Core = "Cmp">   --->   Core 25 'Cmp' <Latency = 0> <II = 1> <Delay = 2.47> <FuncUnit> <Opcode : 'icmp'> <InPorts = 2> <OutPorts = 1>
ST_4 : Operation 66 [1/1] (0.00ns)   --->   "br i1 %tmp_111_i, label %4, label %._crit_edge41.i" [/home/parallels/Documents/vivado_projects/BNN-PYNQ/bnn/src/library/finn-hlslib/slidingwindow.h:123]   --->   Operation 66 'br' <Predicate = (!tmp_i_2864)> <Delay = 0.00>
ST_4 : Operation 67 [1/1] (0.00ns)   --->   "%ofm_x_4_load = load i32* %ofm_x_4" [/home/parallels/Documents/vivado_projects/BNN-PYNQ/bnn/src/library/finn-hlslib/slidingwindow.h:128]   --->   Operation 67 'load' 'ofm_x_4_load' <Predicate = (!tmp_i_2864 & tmp_111_i)> <Delay = 0.00>
ST_4 : Operation 68 [1/1] (0.00ns)   --->   "%k_y_4_load = load i32* %k_y_4" [/home/parallels/Documents/vivado_projects/BNN-PYNQ/bnn/src/library/finn-hlslib/slidingwindow.h:124]   --->   Operation 68 'load' 'k_y_4_load' <Predicate = (!tmp_i_2864 & tmp_111_i)> <Delay = 0.00>
ST_4 : Operation 69 [1/1] (0.00ns)   --->   "%k_x_4_load = load i32* %k_x_4" [/home/parallels/Documents/vivado_projects/BNN-PYNQ/bnn/src/library/finn-hlslib/slidingwindow.h:128]   --->   Operation 69 'load' 'k_x_4_load' <Predicate = (!tmp_i_2864 & tmp_111_i)> <Delay = 0.00>
ST_4 : Operation 70 [1/1] (0.00ns)   --->   "%count_simd_4_load = load i32* %count_simd_4" [/home/parallels/Documents/vivado_projects/BNN-PYNQ/bnn/src/library/finn-hlslib/slidingwindow.h:131]   --->   Operation 70 'load' 'count_simd_4_load' <Predicate = (!tmp_i_2864 & tmp_111_i)> <Delay = 0.00>
ST_4 : Operation 71 [1/1] (0.00ns)   --->   "%tmp_2999 = trunc i32 %k_y_4_load to i2" [/home/parallels/Documents/vivado_projects/BNN-PYNQ/bnn/src/library/finn-hlslib/slidingwindow.h:124]   --->   Operation 71 'trunc' 'tmp_2999' <Predicate = (!tmp_i_2864 & tmp_111_i)> <Delay = 0.00>
ST_4 : Operation 72 [1/1] (2.55ns)   --->   "%k_y = add i32 1, %k_y_4_load" [/home/parallels/Documents/vivado_projects/BNN-PYNQ/bnn/src/library/finn-hlslib/slidingwindow.h:124]   --->   Operation 72 'add' 'k_y' <Predicate = (!tmp_i_2864 & tmp_111_i)> <Delay = 2.55> <Core = "AddSub">   --->   Core 14 'AddSub' <Latency = 0> <II = 1> <Delay = 3.01> <FuncUnit> <Opcode : 'add' 'sub'> <InPorts = 2> <OutPorts = 1>
ST_4 : Operation 73 [1/1] (0.00ns) (grouped into TernaryAdder)   --->   "%tmp = add i32 %ofm_x_4_load, %count_simd_4_load" [/home/parallels/Documents/vivado_projects/BNN-PYNQ/bnn/src/library/finn-hlslib/slidingwindow.h:128]   --->   Operation 73 'add' 'tmp' <Predicate = (!tmp_i_2864 & tmp_111_i)> <Delay = 0.00> <Core = "TAddSub">   --->   Core 80 'TAddSub' <Latency = 0> <II = 1> <Delay = 1.03> <IPBlock> <Opcode : 'add' 'sub'> <InPorts = 3> <OutPorts = 1> <Sync> <CReg>
ST_4 : Operation 74 [1/1] (4.37ns) (root node of TernaryAdder)   --->   "%current_line_in_bloc = add i32 %tmp, %k_x_4_load" [/home/parallels/Documents/vivado_projects/BNN-PYNQ/bnn/src/library/finn-hlslib/slidingwindow.h:128]   --->   Operation 74 'add' 'current_line_in_bloc' <Predicate = (!tmp_i_2864 & tmp_111_i)> <Delay = 4.37> <Core = "TAddSub">   --->   Core 80 'TAddSub' <Latency = 0> <II = 1> <Delay = 1.03> <IPBlock> <Opcode : 'add' 'sub'> <InPorts = 3> <OutPorts = 1> <Sync> <CReg>
ST_4 : Operation 75 [1/1] (2.55ns)   --->   "%count_simd = add i32 1, %count_simd_4_load" [/home/parallels/Documents/vivado_projects/BNN-PYNQ/bnn/src/library/finn-hlslib/slidingwindow.h:131]   --->   Operation 75 'add' 'count_simd' <Predicate = (!tmp_i_2864 & tmp_111_i)> <Delay = 2.55> <Core = "AddSub">   --->   Core 14 'AddSub' <Latency = 0> <II = 1> <Delay = 3.01> <FuncUnit> <Opcode : 'add' 'sub'> <InPorts = 2> <OutPorts = 1>
ST_4 : Operation 76 [1/1] (2.47ns)   --->   "%tmp_114_i = icmp eq i32 %count_simd_4_load, 0" [/home/parallels/Documents/vivado_projects/BNN-PYNQ/bnn/src/library/finn-hlslib/slidingwindow.h:132]   --->   Operation 76 'icmp' 'tmp_114_i' <Predicate = (!tmp_i_2864 & tmp_111_i)> <Delay = 2.47> <Core = "Cmp">   --->   Core 25 'Cmp' <Latency = 0> <II = 1> <Delay = 2.47> <FuncUnit> <Opcode : 'icmp'> <InPorts = 2> <OutPorts = 1>
ST_4 : Operation 77 [1/1] (0.00ns)   --->   "br i1 %tmp_114_i, label %5, label %.._crit_edge41.i_crit_edge84" [/home/parallels/Documents/vivado_projects/BNN-PYNQ/bnn/src/library/finn-hlslib/slidingwindow.h:132]   --->   Operation 77 'br' <Predicate = (!tmp_i_2864 & tmp_111_i)> <Delay = 0.00>
ST_4 : Operation 78 [1/1] (1.76ns)   --->   "store i32 %count_simd, i32* %count_simd_4" [/home/parallels/Documents/vivado_projects/BNN-PYNQ/bnn/src/library/finn-hlslib/slidingwindow.h:131]   --->   Operation 78 'store' <Predicate = (!tmp_i_2864 & tmp_111_i & !tmp_114_i)> <Delay = 1.76>
ST_4 : Operation 79 [1/1] (0.00ns)   --->   "br label %._crit_edge41.i" [/home/parallels/Documents/vivado_projects/BNN-PYNQ/bnn/src/library/finn-hlslib/slidingwindow.h:132]   --->   Operation 79 'br' <Predicate = (!tmp_i_2864 & tmp_111_i & !tmp_114_i)> <Delay = 0.00>
ST_4 : Operation 80 [1/1] (2.55ns)   --->   "%k_x = add i32 %k_x_4_load, 1" [/home/parallels/Documents/vivado_projects/BNN-PYNQ/bnn/src/library/finn-hlslib/slidingwindow.h:134]   --->   Operation 80 'add' 'k_x' <Predicate = (!tmp_i_2864 & tmp_111_i & tmp_114_i)> <Delay = 2.55> <Core = "AddSub">   --->   Core 14 'AddSub' <Latency = 0> <II = 1> <Delay = 3.01> <FuncUnit> <Opcode : 'add' 'sub'> <InPorts = 2> <OutPorts = 1>
ST_4 : Operation 81 [1/1] (2.47ns)   --->   "%tmp_116_i = icmp eq i32 %k_x, 3" [/home/parallels/Documents/vivado_projects/BNN-PYNQ/bnn/src/library/finn-hlslib/slidingwindow.h:135]   --->   Operation 81 'icmp' 'tmp_116_i' <Predicate = (!tmp_i_2864 & tmp_111_i & tmp_114_i)> <Delay = 2.47> <Core = "Cmp">   --->   Core 25 'Cmp' <Latency = 0> <II = 1> <Delay = 2.47> <FuncUnit> <Opcode : 'icmp'> <InPorts = 2> <OutPorts = 1>
ST_4 : Operation 82 [1/1] (1.76ns)   --->   "store i32 0, i32* %count_simd_4"   --->   Operation 82 'store' <Predicate = (!tmp_i_2864 & tmp_111_i & tmp_114_i & !tmp_116_i)> <Delay = 1.76>
ST_4 : Operation 83 [1/1] (1.76ns)   --->   "store i32 %k_x, i32* %k_x_4" [/home/parallels/Documents/vivado_projects/BNN-PYNQ/bnn/src/library/finn-hlslib/slidingwindow.h:134]   --->   Operation 83 'store' <Predicate = (!tmp_i_2864 & tmp_111_i & tmp_114_i & !tmp_116_i)> <Delay = 1.76>
ST_4 : Operation 84 [1/1] (0.00ns)   --->   "br label %._crit_edge41.i" [/home/parallels/Documents/vivado_projects/BNN-PYNQ/bnn/src/library/finn-hlslib/slidingwindow.h:135]   --->   Operation 84 'br' <Predicate = (!tmp_i_2864 & tmp_111_i & tmp_114_i & !tmp_116_i)> <Delay = 0.00>
ST_4 : Operation 85 [1/1] (2.47ns)   --->   "%tmp_118_i = icmp eq i32 %k_y, 3" [/home/parallels/Documents/vivado_projects/BNN-PYNQ/bnn/src/library/finn-hlslib/slidingwindow.h:138]   --->   Operation 85 'icmp' 'tmp_118_i' <Predicate = (!tmp_i_2864 & tmp_111_i & tmp_114_i & tmp_116_i)> <Delay = 2.47> <Core = "Cmp">   --->   Core 25 'Cmp' <Latency = 0> <II = 1> <Delay = 2.47> <FuncUnit> <Opcode : 'icmp'> <InPorts = 2> <OutPorts = 1>
ST_4 : Operation 86 [1/1] (1.76ns)   --->   "store i32 0, i32* %count_simd_4"   --->   Operation 86 'store' <Predicate = (!tmp_i_2864 & tmp_111_i & tmp_114_i & tmp_116_i & !tmp_118_i)> <Delay = 1.76>
ST_4 : Operation 87 [1/1] (1.76ns)   --->   "store i32 0, i32* %k_x_4"   --->   Operation 87 'store' <Predicate = (!tmp_i_2864 & tmp_111_i & tmp_114_i & tmp_116_i & !tmp_118_i)> <Delay = 1.76>
ST_4 : Operation 88 [1/1] (1.76ns)   --->   "store i32 %k_y, i32* %k_y_4" [/home/parallels/Documents/vivado_projects/BNN-PYNQ/bnn/src/library/finn-hlslib/slidingwindow.h:137]   --->   Operation 88 'store' <Predicate = (!tmp_i_2864 & tmp_111_i & tmp_114_i & tmp_116_i & !tmp_118_i)> <Delay = 1.76>
ST_4 : Operation 89 [1/1] (0.00ns)   --->   "br label %._crit_edge41.i" [/home/parallels/Documents/vivado_projects/BNN-PYNQ/bnn/src/library/finn-hlslib/slidingwindow.h:138]   --->   Operation 89 'br' <Predicate = (!tmp_i_2864 & tmp_111_i & tmp_114_i & tmp_116_i & !tmp_118_i)> <Delay = 0.00>
ST_4 : Operation 90 [1/1] (0.00ns)   --->   "%ofm_x_4_load_1 = load i32* %ofm_x_4" [/home/parallels/Documents/vivado_projects/BNN-PYNQ/bnn/src/library/finn-hlslib/slidingwindow.h:140]   --->   Operation 90 'load' 'ofm_x_4_load_1' <Predicate = (!tmp_i_2864 & tmp_111_i & tmp_114_i & tmp_116_i & tmp_118_i)> <Delay = 0.00>
ST_4 : Operation 91 [1/1] (2.55ns)   --->   "%ofm_x = add i32 %ofm_x_4_load_1, 1" [/home/parallels/Documents/vivado_projects/BNN-PYNQ/bnn/src/library/finn-hlslib/slidingwindow.h:140]   --->   Operation 91 'add' 'ofm_x' <Predicate = (!tmp_i_2864 & tmp_111_i & tmp_114_i & tmp_116_i & tmp_118_i)> <Delay = 2.55> <Core = "AddSub">   --->   Core 14 'AddSub' <Latency = 0> <II = 1> <Delay = 3.01> <FuncUnit> <Opcode : 'add' 'sub'> <InPorts = 2> <OutPorts = 1>
ST_4 : Operation 92 [1/1] (2.47ns)   --->   "%tmp_119_i = icmp eq i32 %ofm_x, 30" [/home/parallels/Documents/vivado_projects/BNN-PYNQ/bnn/src/library/finn-hlslib/slidingwindow.h:141]   --->   Operation 92 'icmp' 'tmp_119_i' <Predicate = (!tmp_i_2864 & tmp_111_i & tmp_114_i & tmp_116_i & tmp_118_i)> <Delay = 2.47> <Core = "Cmp">   --->   Core 25 'Cmp' <Latency = 0> <II = 1> <Delay = 2.47> <FuncUnit> <Opcode : 'icmp'> <InPorts = 2> <OutPorts = 1>
ST_4 : Operation 93 [1/1] (1.76ns)   --->   "store i32 0, i32* %k_y_4"   --->   Operation 93 'store' <Predicate = (!tmp_i_2864 & tmp_111_i & tmp_114_i & tmp_116_i & tmp_118_i)> <Delay = 1.76>
ST_4 : Operation 94 [1/1] (1.76ns)   --->   "store i32 0, i32* %count_simd_4"   --->   Operation 94 'store' <Predicate = (!tmp_i_2864 & tmp_111_i & tmp_114_i & tmp_116_i & tmp_118_i & !tmp_119_i)> <Delay = 1.76>
ST_4 : Operation 95 [1/1] (1.76ns)   --->   "store i32 0, i32* %k_x_4"   --->   Operation 95 'store' <Predicate = (!tmp_i_2864 & tmp_111_i & tmp_114_i & tmp_116_i & tmp_118_i & !tmp_119_i)> <Delay = 1.76>
ST_4 : Operation 96 [1/1] (1.76ns)   --->   "store i32 %ofm_x, i32* %ofm_x_4" [/home/parallels/Documents/vivado_projects/BNN-PYNQ/bnn/src/library/finn-hlslib/slidingwindow.h:140]   --->   Operation 96 'store' <Predicate = (!tmp_i_2864 & tmp_111_i & tmp_114_i & tmp_116_i & tmp_118_i & !tmp_119_i)> <Delay = 1.76>
ST_4 : Operation 97 [1/1] (0.00ns)   --->   "br label %._crit_edge41.i" [/home/parallels/Documents/vivado_projects/BNN-PYNQ/bnn/src/library/finn-hlslib/slidingwindow.h:141]   --->   Operation 97 'br' <Predicate = (!tmp_i_2864 & tmp_111_i & tmp_114_i & tmp_116_i & tmp_118_i & !tmp_119_i)> <Delay = 0.00>
ST_4 : Operation 98 [1/1] (0.00ns)   --->   "%ofm_y_1_i_load = load i32* %ofm_y_1_i" [/home/parallels/Documents/vivado_projects/BNN-PYNQ/bnn/src/library/finn-hlslib/slidingwindow.h:143]   --->   Operation 98 'load' 'ofm_y_1_i_load' <Predicate = (!tmp_i_2864 & tmp_111_i & tmp_114_i & tmp_116_i & tmp_118_i & tmp_119_i)> <Delay = 0.00>
ST_4 : Operation 99 [1/1] (0.00ns)   --->   "%inp_4_load_2 = load i32* %inp_4" [/home/parallels/Documents/vivado_projects/BNN-PYNQ/bnn/src/library/finn-hlslib/slidingwindow.h:144]   --->   Operation 99 'load' 'inp_4_load_2' <Predicate = (!tmp_i_2864 & tmp_111_i & tmp_114_i & tmp_116_i & tmp_118_i & tmp_119_i)> <Delay = 0.00>
ST_4 : Operation 100 [1/1] (2.55ns)   --->   "%ofm_y = add i32 %ofm_y_1_i_load, 1" [/home/parallels/Documents/vivado_projects/BNN-PYNQ/bnn/src/library/finn-hlslib/slidingwindow.h:143]   --->   Operation 100 'add' 'ofm_y' <Predicate = (!tmp_i_2864 & tmp_111_i & tmp_114_i & tmp_116_i & tmp_118_i & tmp_119_i)> <Delay = 2.55> <Core = "AddSub">   --->   Core 14 'AddSub' <Latency = 0> <II = 1> <Delay = 3.01> <FuncUnit> <Opcode : 'add' 'sub'> <InPorts = 2> <OutPorts = 1>
ST_4 : Operation 101 [1/1] (2.47ns)   --->   "%tmp_120_i = icmp eq i32 %ofm_y, 30" [/home/parallels/Documents/vivado_projects/BNN-PYNQ/bnn/src/library/finn-hlslib/slidingwindow.h:144]   --->   Operation 101 'icmp' 'tmp_120_i' <Predicate = (!tmp_i_2864 & tmp_111_i & tmp_114_i & tmp_116_i & tmp_118_i & tmp_119_i)> <Delay = 2.47> <Core = "Cmp">   --->   Core 25 'Cmp' <Latency = 0> <II = 1> <Delay = 2.47> <FuncUnit> <Opcode : 'icmp'> <InPorts = 2> <OutPorts = 1>
ST_4 : Operation 102 [1/1] (0.69ns)   --->   "%p_inp_1_i = select i1 %tmp_120_i, i32 0, i32 %inp_4_load_2" [/home/parallels/Documents/vivado_projects/BNN-PYNQ/bnn/src/library/finn-hlslib/slidingwindow.h:144]   --->   Operation 102 'select' 'p_inp_1_i' <Predicate = (!tmp_i_2864 & tmp_111_i & tmp_114_i & tmp_116_i & tmp_118_i & tmp_119_i)> <Delay = 0.69> <Core = "Sel">   --->   Core 26 'Sel' <Latency = 0> <II = 1> <Delay = 0.70> <FuncUnit> <Opcode : 'select'> <InPorts = 3> <OutPorts = 1>
ST_4 : Operation 103 [1/1] (0.69ns)   --->   "%p_ofm_y_4_i = select i1 %tmp_120_i, i32 0, i32 %ofm_y" [/home/parallels/Documents/vivado_projects/BNN-PYNQ/bnn/src/library/finn-hlslib/slidingwindow.h:144]   --->   Operation 103 'select' 'p_ofm_y_4_i' <Predicate = (!tmp_i_2864 & tmp_111_i & tmp_114_i & tmp_116_i & tmp_118_i & tmp_119_i)> <Delay = 0.69> <Core = "Sel">   --->   Core 26 'Sel' <Latency = 0> <II = 1> <Delay = 0.70> <FuncUnit> <Opcode : 'select'> <InPorts = 3> <OutPorts = 1>
ST_4 : Operation 104 [1/1] (1.76ns)   --->   "store i32 0, i32* %count_simd_4"   --->   Operation 104 'store' <Predicate = (!tmp_i_2864 & tmp_111_i & tmp_114_i & tmp_116_i & tmp_118_i & tmp_119_i)> <Delay = 1.76>
ST_4 : Operation 105 [1/1] (1.76ns)   --->   "store i32 0, i32* %k_x_4"   --->   Operation 105 'store' <Predicate = (!tmp_i_2864 & tmp_111_i & tmp_114_i & tmp_116_i & tmp_118_i & tmp_119_i)> <Delay = 1.76>
ST_4 : Operation 106 [1/1] (1.81ns)   --->   "store i32 %p_inp_1_i, i32* %inp_4" [/home/parallels/Documents/vivado_projects/BNN-PYNQ/bnn/src/library/finn-hlslib/slidingwindow.h:144]   --->   Operation 106 'store' <Predicate = (!tmp_i_2864 & tmp_111_i & tmp_114_i & tmp_116_i & tmp_118_i & tmp_119_i)> <Delay = 1.81>
ST_4 : Operation 107 [1/1] (1.76ns)   --->   "store i32 0, i32* %ofm_x_4"   --->   Operation 107 'store' <Predicate = (!tmp_i_2864 & tmp_111_i & tmp_114_i & tmp_116_i & tmp_118_i & tmp_119_i)> <Delay = 1.76>
ST_4 : Operation 108 [1/1] (1.76ns)   --->   "store i32 %p_ofm_y_4_i, i32* %ofm_y_1_i" [/home/parallels/Documents/vivado_projects/BNN-PYNQ/bnn/src/library/finn-hlslib/slidingwindow.h:144]   --->   Operation 108 'store' <Predicate = (!tmp_i_2864 & tmp_111_i & tmp_114_i & tmp_116_i & tmp_118_i & tmp_119_i)> <Delay = 1.76>
ST_4 : Operation 109 [1/1] (0.00ns)   --->   "br label %._crit_edge41.i" [/home/parallels/Documents/vivado_projects/BNN-PYNQ/bnn/src/library/finn-hlslib/slidingwindow.h:144]   --->   Operation 109 'br' <Predicate = (!tmp_i_2864 & tmp_111_i & tmp_114_i & tmp_116_i & tmp_118_i & tmp_119_i)> <Delay = 0.00>
ST_4 : Operation 110 [1/1] (0.00ns)   --->   "%counter_internal_blo_14 = load i32* %counter_internal_blo" [/home/parallels/Documents/vivado_projects/BNN-PYNQ/bnn/src/library/finn-hlslib/slidingwindow.h:153]   --->   Operation 110 'load' 'counter_internal_blo_14' <Predicate = (!tmp_i_2864)> <Delay = 0.00>
ST_4 : Operation 111 [1/1] (2.47ns)   --->   "%tmp_121_i = icmp ult i32 %counter_internal_blo_14, 31" [/home/parallels/Documents/vivado_projects/BNN-PYNQ/bnn/src/library/finn-hlslib/slidingwindow.h:153]   --->   Operation 111 'icmp' 'tmp_121_i' <Predicate = (!tmp_i_2864)> <Delay = 2.47> <Core = "Cmp">   --->   Core 25 'Cmp' <Latency = 0> <II = 1> <Delay = 2.47> <FuncUnit> <Opcode : 'icmp'> <InPorts = 2> <OutPorts = 1>
ST_4 : Operation 112 [1/1] (0.00ns)   --->   "%tmp_3001 = call i27 @_ssdm_op_PartSelect.i27.i32.i32.i32(i32 %read_block_1_i_mid2, i32 5, i32 31)" [/home/parallels/Documents/vivado_projects/BNN-PYNQ/bnn/src/library/finn-hlslib/slidingwindow.h:153]   --->   Operation 112 'partselect' 'tmp_3001' <Predicate = (!tmp_i_2864)> <Delay = 0.00>
ST_4 : Operation 113 [1/1] (2.45ns)   --->   "%icmp = icmp eq i27 %tmp_3001, 0" [/home/parallels/Documents/vivado_projects/BNN-PYNQ/bnn/src/library/finn-hlslib/slidingwindow.h:153]   --->   Operation 113 'icmp' 'icmp' <Predicate = (!tmp_i_2864)> <Delay = 2.45> <Core = "Cmp">   --->   Core 25 'Cmp' <Latency = 0> <II = 1> <Delay = 2.47> <FuncUnit> <Opcode : 'icmp'> <InPorts = 2> <OutPorts = 1>
ST_4 : Operation 114 [1/1] (0.97ns)   --->   "%or_cond_i = and i1 %tmp_121_i, %icmp" [/home/parallels/Documents/vivado_projects/BNN-PYNQ/bnn/src/library/finn-hlslib/slidingwindow.h:153]   --->   Operation 114 'and' 'or_cond_i' <Predicate = (!tmp_i_2864)> <Delay = 0.97> <Core = "LogicGate">   --->   Core 27 'LogicGate' <Latency = 0> <II = 1> <Delay = 0.97> <FuncUnit> <Opcode : 'and' 'or' 'xor'> <InPorts = 2> <OutPorts = 1>
ST_4 : Operation 115 [1/1] (0.00ns)   --->   "br i1 %or_cond_i, label %9, label %._crit_edge41.i.._crit_edge47.i_crit_edge" [/home/parallels/Documents/vivado_projects/BNN-PYNQ/bnn/src/library/finn-hlslib/slidingwindow.h:153]   --->   Operation 115 'br' <Predicate = (!tmp_i_2864)> <Delay = 0.00>
ST_4 : Operation 116 [1/1] (1.86ns)   --->   "store i32 %read_block_1_i_mid2, i32* %read_block_5" [/home/parallels/Documents/vivado_projects/BNN-PYNQ/bnn/src/library/finn-hlslib/slidingwindow.h:105]   --->   Operation 116 'store' <Predicate = (!tmp_i_2864 & !or_cond_i)> <Delay = 1.86>
ST_4 : Operation 117 [1/1] (0.00ns)   --->   "br label %._crit_edge47.i" [/home/parallels/Documents/vivado_projects/BNN-PYNQ/bnn/src/library/finn-hlslib/slidingwindow.h:153]   --->   Operation 117 'br' <Predicate = (!tmp_i_2864 & !or_cond_i)> <Delay = 0.00>
ST_4 : Operation 118 [1/1] (0.00ns)   --->   "%current_line_5_load_2 = load i32* %current_line_5" [/home/parallels/Documents/vivado_projects/BNN-PYNQ/bnn/src/library/finn-hlslib/slidingwindow.h:156]   --->   Operation 118 'load' 'current_line_5_load_2' <Predicate = (!tmp_i_2864 & or_cond_i)> <Delay = 0.00>
ST_4 : Operation 119 [1/1] (0.00ns)   --->   "%current_line_5_load_3 = load i32* %current_line_5" [/home/parallels/Documents/vivado_projects/BNN-PYNQ/bnn/src/library/finn-hlslib/slidingwindow.h:159]   --->   Operation 119 'load' 'current_line_5_load_3' <Predicate = (!tmp_i_2864 & or_cond_i)> <Delay = 0.00>
ST_4 : Operation 120 [1/1] (2.55ns)   --->   "%current_line_3 = add i32 %current_line_5_load_3, 1" [/home/parallels/Documents/vivado_projects/BNN-PYNQ/bnn/src/library/finn-hlslib/slidingwindow.h:159]   --->   Operation 120 'add' 'current_line_3' <Predicate = (!tmp_i_2864 & or_cond_i)> <Delay = 2.55> <Core = "AddSub">   --->   Core 14 'AddSub' <Latency = 0> <II = 1> <Delay = 3.01> <FuncUnit> <Opcode : 'add' 'sub'> <InPorts = 2> <OutPorts = 1>
ST_4 : Operation 121 [1/1] (2.47ns)   --->   "%tmp_124_i = icmp eq i32 %current_line_3, 32" [/home/parallels/Documents/vivado_projects/BNN-PYNQ/bnn/src/library/finn-hlslib/slidingwindow.h:160]   --->   Operation 121 'icmp' 'tmp_124_i' <Predicate = (!tmp_i_2864 & or_cond_i)> <Delay = 2.47> <Core = "Cmp">   --->   Core 25 'Cmp' <Latency = 0> <II = 1> <Delay = 2.47> <FuncUnit> <Opcode : 'icmp'> <InPorts = 2> <OutPorts = 1>
ST_4 : Operation 122 [1/1] (1.82ns)   --->   "%read_block_3_cast = add i6 %tmp_2997, 1" [/home/parallels/Documents/vivado_projects/BNN-PYNQ/bnn/src/library/finn-hlslib/slidingwindow.h:163]   --->   Operation 122 'add' 'read_block_3_cast' <Predicate = (!tmp_i_2864 & or_cond_i)> <Delay = 1.82> <Core = "AddSub">   --->   Core 14 'AddSub' <Latency = 0> <II = 1> <Delay = 3.01> <FuncUnit> <Opcode : 'add' 'sub'> <InPorts = 2> <OutPorts = 1>
ST_4 : Operation 123 [1/1] (0.69ns)   --->   "%current_line_3_i = select i1 %tmp_124_i, i32 0, i32 %current_line_3" [/home/parallels/Documents/vivado_projects/BNN-PYNQ/bnn/src/library/finn-hlslib/slidingwindow.h:160]   --->   Operation 123 'select' 'current_line_3_i' <Predicate = (!tmp_i_2864 & or_cond_i)> <Delay = 0.69> <Core = "Sel">   --->   Core 26 'Sel' <Latency = 0> <II = 1> <Delay = 0.70> <FuncUnit> <Opcode : 'select'> <InPorts = 3> <OutPorts = 1>
ST_4 : Operation 124 [1/1] (1.18ns)   --->   "%read_block_3 = select i1 %tmp_124_i, i6 %read_block_3_cast, i6 %tmp_2997" [/home/parallels/Documents/vivado_projects/BNN-PYNQ/bnn/src/library/finn-hlslib/slidingwindow.h:160]   --->   Operation 124 'select' 'read_block_3' <Predicate = (!tmp_i_2864 & or_cond_i)> <Delay = 1.18> <Core = "Sel">   --->   Core 26 'Sel' <Latency = 0> <II = 1> <Delay = 0.70> <FuncUnit> <Opcode : 'select'> <InPorts = 3> <OutPorts = 1>
ST_4 : Operation 125 [1/1] (0.00ns)   --->   "%read_block_3_cast_i = zext i6 %read_block_3 to i32" [/home/parallels/Documents/vivado_projects/BNN-PYNQ/bnn/src/library/finn-hlslib/slidingwindow.h:170]   --->   Operation 125 'zext' 'read_block_3_cast_i' <Predicate = (!tmp_i_2864 & or_cond_i)> <Delay = 0.00>
ST_4 : Operation 126 [1/1] (1.81ns)   --->   "store i32 %current_line_3_i, i32* %current_line_5" [/home/parallels/Documents/vivado_projects/BNN-PYNQ/bnn/src/library/finn-hlslib/slidingwindow.h:160]   --->   Operation 126 'store' <Predicate = (!tmp_i_2864 & or_cond_i)> <Delay = 1.81>
ST_4 : Operation 127 [1/1] (1.86ns)   --->   "store i32 %read_block_3_cast_i, i32* %read_block_5" [/home/parallels/Documents/vivado_projects/BNN-PYNQ/bnn/src/library/finn-hlslib/slidingwindow.h:170]   --->   Operation 127 'store' <Predicate = (!tmp_i_2864 & or_cond_i)> <Delay = 1.86>
ST_4 : Operation 128 [1/1] (0.00ns)   --->   "%counter_internal_blo_15 = load i32* %counter_internal_blo" [/home/parallels/Documents/vivado_projects/BNN-PYNQ/bnn/src/library/finn-hlslib/slidingwindow.h:171]   --->   Operation 128 'load' 'counter_internal_blo_15' <Predicate = (!tmp_i_2864)> <Delay = 0.00>
ST_4 : Operation 129 [1/1] (2.55ns)   --->   "%counter_internal_blo_16 = add i32 %counter_internal_blo_15, 1" [/home/parallels/Documents/vivado_projects/BNN-PYNQ/bnn/src/library/finn-hlslib/slidingwindow.h:171]   --->   Operation 129 'add' 'counter_internal_blo_16' <Predicate = (!tmp_i_2864)> <Delay = 2.55> <Core = "AddSub">   --->   Core 14 'AddSub' <Latency = 0> <II = 1> <Delay = 3.01> <FuncUnit> <Opcode : 'add' 'sub'> <InPorts = 2> <OutPorts = 1>
ST_4 : Operation 130 [1/1] (2.47ns)   --->   "%tmp_126_i = icmp eq i32 %counter_internal_blo_16, 269" [/home/parallels/Documents/vivado_projects/BNN-PYNQ/bnn/src/library/finn-hlslib/slidingwindow.h:172]   --->   Operation 130 'icmp' 'tmp_126_i' <Predicate = (!tmp_i_2864)> <Delay = 2.47> <Core = "Cmp">   --->   Core 25 'Cmp' <Latency = 0> <II = 1> <Delay = 2.47> <FuncUnit> <Opcode : 'icmp'> <InPorts = 2> <OutPorts = 1>
ST_4 : Operation 131 [1/1] (0.69ns)   --->   "%p_i = select i1 %tmp_126_i, i32 0, i32 %counter_internal_blo_16" [/home/parallels/Documents/vivado_projects/BNN-PYNQ/bnn/src/library/finn-hlslib/slidingwindow.h:172]   --->   Operation 131 'select' 'p_i' <Predicate = (!tmp_i_2864)> <Delay = 0.69> <Core = "Sel">   --->   Core 26 'Sel' <Latency = 0> <II = 1> <Delay = 0.70> <FuncUnit> <Opcode : 'select'> <InPorts = 3> <OutPorts = 1>
ST_4 : Operation 132 [1/1] (1.76ns)   --->   "store i32 %p_i, i32* %counter_internal_blo" [/home/parallels/Documents/vivado_projects/BNN-PYNQ/bnn/src/library/finn-hlslib/slidingwindow.h:172]   --->   Operation 132 'store' <Predicate = (!tmp_i_2864)> <Delay = 1.76>
ST_4 : Operation 133 [1/1] (0.00ns)   --->   "br label %._crit_edge.i"   --->   Operation 133 'br' <Predicate = (!tmp_i_2864)> <Delay = 0.00>
ST_4 : Operation 134 [1/1] (0.00ns)   --->   "%current_line_5_load = load i32* %current_line_5" [/home/parallels/Documents/vivado_projects/BNN-PYNQ/bnn/src/library/finn-hlslib/slidingwindow.h:110]   --->   Operation 134 'load' 'current_line_5_load' <Predicate = (tmp_i_2864)> <Delay = 0.00>
ST_4 : Operation 135 [1/1] (0.00ns)   --->   "%inp_4_load_1 = load i32* %inp_4" [/home/parallels/Documents/vivado_projects/BNN-PYNQ/bnn/src/library/finn-hlslib/slidingwindow.h:112]   --->   Operation 135 'load' 'inp_4_load_1' <Predicate = (tmp_i_2864)> <Delay = 0.00>
ST_4 : Operation 136 [1/1] (0.00ns)   --->   "%current_line_5_load_1 = load i32* %current_line_5" [/home/parallels/Documents/vivado_projects/BNN-PYNQ/bnn/src/library/finn-hlslib/slidingwindow.h:111]   --->   Operation 136 'load' 'current_line_5_load_1' <Predicate = (tmp_i_2864)> <Delay = 0.00>
ST_4 : Operation 137 [1/1] (2.55ns)   --->   "%current_line = add i32 %current_line_5_load_1, 1" [/home/parallels/Documents/vivado_projects/BNN-PYNQ/bnn/src/library/finn-hlslib/slidingwindow.h:111]   --->   Operation 137 'add' 'current_line' <Predicate = (tmp_i_2864)> <Delay = 2.55> <Core = "AddSub">   --->   Core 14 'AddSub' <Latency = 0> <II = 1> <Delay = 3.01> <FuncUnit> <Opcode : 'add' 'sub'> <InPorts = 2> <OutPorts = 1>
ST_4 : Operation 138 [1/1] (2.55ns)   --->   "%inp = add i32 %inp_4_load_1, 1" [/home/parallels/Documents/vivado_projects/BNN-PYNQ/bnn/src/library/finn-hlslib/slidingwindow.h:112]   --->   Operation 138 'add' 'inp' <Predicate = (tmp_i_2864)> <Delay = 2.55> <Core = "AddSub">   --->   Core 14 'AddSub' <Latency = 0> <II = 1> <Delay = 3.01> <FuncUnit> <Opcode : 'add' 'sub'> <InPorts = 2> <OutPorts = 1>
ST_4 : Operation 139 [1/1] (2.47ns)   --->   "%tmp_115_i = icmp eq i32 %current_line, 32" [/home/parallels/Documents/vivado_projects/BNN-PYNQ/bnn/src/library/finn-hlslib/slidingwindow.h:113]   --->   Operation 139 'icmp' 'tmp_115_i' <Predicate = (tmp_i_2864)> <Delay = 2.47> <Core = "Cmp">   --->   Core 25 'Cmp' <Latency = 0> <II = 1> <Delay = 2.47> <FuncUnit> <Opcode : 'icmp'> <InPorts = 2> <OutPorts = 1>
ST_4 : Operation 140 [1/1] (1.81ns)   --->   "store i32 %inp, i32* %inp_4" [/home/parallels/Documents/vivado_projects/BNN-PYNQ/bnn/src/library/finn-hlslib/slidingwindow.h:112]   --->   Operation 140 'store' <Predicate = (tmp_i_2864)> <Delay = 1.81>
ST_4 : Operation 141 [1/1] (1.81ns)   --->   "store i32 %current_line, i32* %current_line_5" [/home/parallels/Documents/vivado_projects/BNN-PYNQ/bnn/src/library/finn-hlslib/slidingwindow.h:111]   --->   Operation 141 'store' <Predicate = (tmp_i_2864 & !tmp_115_i)> <Delay = 1.81>
ST_4 : Operation 142 [1/1] (1.86ns)   --->   "store i32 %read_block_1_i_mid2, i32* %read_block_5" [/home/parallels/Documents/vivado_projects/BNN-PYNQ/bnn/src/library/finn-hlslib/slidingwindow.h:105]   --->   Operation 142 'store' <Predicate = (tmp_i_2864 & !tmp_115_i)> <Delay = 1.86>
ST_4 : Operation 143 [1/1] (0.00ns)   --->   "br label %._crit_edge.i" [/home/parallels/Documents/vivado_projects/BNN-PYNQ/bnn/src/library/finn-hlslib/slidingwindow.h:113]   --->   Operation 143 'br' <Predicate = (tmp_i_2864 & !tmp_115_i)> <Delay = 0.00>
ST_4 : Operation 144 [1/1] (2.55ns)   --->   "%read_block = add i32 %read_block_1_i_mid2, 1" [/home/parallels/Documents/vivado_projects/BNN-PYNQ/bnn/src/library/finn-hlslib/slidingwindow.h:119]   --->   Operation 144 'add' 'read_block' <Predicate = (tmp_i_2864 & tmp_115_i)> <Delay = 2.55> <Core = "AddSub">   --->   Core 14 'AddSub' <Latency = 0> <II = 1> <Delay = 3.01> <FuncUnit> <Opcode : 'add' 'sub'> <InPorts = 2> <OutPorts = 1>
ST_4 : Operation 145 [1/1] (1.76ns)   --->   "store i32 0, i32* %counter_internal_blo"   --->   Operation 145 'store' <Predicate = (tmp_i_2864 & tmp_115_i)> <Delay = 1.76>
ST_4 : Operation 146 [1/1] (1.81ns)   --->   "store i32 0, i32* %current_line_5"   --->   Operation 146 'store' <Predicate = (tmp_i_2864 & tmp_115_i)> <Delay = 1.81>
ST_4 : Operation 147 [1/1] (1.86ns)   --->   "store i32 %read_block, i32* %read_block_5" [/home/parallels/Documents/vivado_projects/BNN-PYNQ/bnn/src/library/finn-hlslib/slidingwindow.h:119]   --->   Operation 147 'store' <Predicate = (tmp_i_2864 & tmp_115_i)> <Delay = 1.86>

State 5 <SV = 4> <Delay = 7.53>
ST_5 : Operation 148 [1/1] (0.00ns)   --->   "%current_block_write_14 = load i32* %current_block_write_17"   --->   Operation 148 'load' 'current_block_write_14' <Predicate = (!tmp_i_2864 & tmp_111_i)> <Delay = 0.00>
ST_5 : Operation 149 [1/1] (0.00ns)   --->   "%tmp_3000 = trunc i32 %current_block_write_14 to i2"   --->   Operation 149 'trunc' 'tmp_3000' <Predicate = (!tmp_i_2864 & tmp_111_i)> <Delay = 0.00>
ST_5 : Operation 150 [1/1] (0.00ns)   --->   "%tmp_113_i = zext i32 %current_line_in_bloc to i64" [/home/parallels/Documents/vivado_projects/BNN-PYNQ/bnn/src/library/finn-hlslib/slidingwindow.h:129]   --->   Operation 150 'zext' 'tmp_113_i' <Predicate = (!tmp_i_2864 & tmp_111_i)> <Delay = 0.00>
ST_5 : Operation 151 [1/1] (0.00ns) (grouped into TernaryAdder)   --->   "%tmp1 = add i2 1, %tmp_3000"   --->   Operation 151 'add' 'tmp1' <Predicate = (!tmp_i_2864 & tmp_111_i)> <Delay = 0.00> <Core = "TAddSub">   --->   Core 80 'TAddSub' <Latency = 0> <II = 1> <Delay = 1.03> <IPBlock> <Opcode : 'add' 'sub'> <InPorts = 3> <OutPorts = 1> <Sync> <CReg>
ST_5 : Operation 152 [1/1] (2.07ns) (root node of TernaryAdder)   --->   "%current_block_read_6 = add i2 %tmp1, %tmp_2999" [/home/parallels/Documents/vivado_projects/BNN-PYNQ/bnn/src/library/finn-hlslib/slidingwindow.h:124]   --->   Operation 152 'add' 'current_block_read_6' <Predicate = (!tmp_i_2864 & tmp_111_i)> <Delay = 2.07> <Core = "TAddSub">   --->   Core 80 'TAddSub' <Latency = 0> <II = 1> <Delay = 1.03> <IPBlock> <Opcode : 'add' 'sub'> <InPorts = 3> <OutPorts = 1> <Sync> <CReg>
ST_5 : Operation 153 [1/1] (0.00ns)   --->   "%inputBuf_0_V_addr_4 = getelementptr [32 x i24]* %inputBuf_0_V, i64 0, i64 %tmp_113_i" [/home/parallels/Documents/vivado_projects/BNN-PYNQ/bnn/src/library/finn-hlslib/slidingwindow.h:129]   --->   Operation 153 'getelementptr' 'inputBuf_0_V_addr_4' <Predicate = (!tmp_i_2864 & tmp_111_i)> <Delay = 0.00>
ST_5 : Operation 154 [2/2] (2.32ns)   --->   "%inputBuf_0_V_load = load i24* %inputBuf_0_V_addr_4, align 4" [/home/parallels/Documents/vivado_projects/BNN-PYNQ/bnn/src/library/finn-hlslib/slidingwindow.h:129]   --->   Operation 154 'load' 'inputBuf_0_V_load' <Predicate = (!tmp_i_2864 & tmp_111_i)> <Delay = 2.32> <Core = "RAM_2P">   --->   Core 39 'RAM_2P' <Latency = 1> <II = 1> <Delay = 2.32> <Storage> <Opcode : 'load' 'store'> <Ports = 2> <Width = 24> <Depth = 32> <RAM>
ST_5 : Operation 155 [1/1] (0.00ns)   --->   "%inputBuf_1_V_addr_4 = getelementptr [32 x i24]* %inputBuf_1_V, i64 0, i64 %tmp_113_i" [/home/parallels/Documents/vivado_projects/BNN-PYNQ/bnn/src/library/finn-hlslib/slidingwindow.h:129]   --->   Operation 155 'getelementptr' 'inputBuf_1_V_addr_4' <Predicate = (!tmp_i_2864 & tmp_111_i)> <Delay = 0.00>
ST_5 : Operation 156 [2/2] (2.32ns)   --->   "%inputBuf_1_V_load = load i24* %inputBuf_1_V_addr_4, align 4" [/home/parallels/Documents/vivado_projects/BNN-PYNQ/bnn/src/library/finn-hlslib/slidingwindow.h:129]   --->   Operation 156 'load' 'inputBuf_1_V_load' <Predicate = (!tmp_i_2864 & tmp_111_i)> <Delay = 2.32> <Core = "RAM_2P">   --->   Core 39 'RAM_2P' <Latency = 1> <II = 1> <Delay = 2.32> <Storage> <Opcode : 'load' 'store'> <Ports = 2> <Width = 24> <Depth = 32> <RAM>
ST_5 : Operation 157 [1/1] (0.00ns)   --->   "%inputBuf_2_V_addr_4 = getelementptr [32 x i24]* %inputBuf_2_V, i64 0, i64 %tmp_113_i" [/home/parallels/Documents/vivado_projects/BNN-PYNQ/bnn/src/library/finn-hlslib/slidingwindow.h:129]   --->   Operation 157 'getelementptr' 'inputBuf_2_V_addr_4' <Predicate = (!tmp_i_2864 & tmp_111_i)> <Delay = 0.00>
ST_5 : Operation 158 [2/2] (2.32ns)   --->   "%inputBuf_2_V_load = load i24* %inputBuf_2_V_addr_4, align 4" [/home/parallels/Documents/vivado_projects/BNN-PYNQ/bnn/src/library/finn-hlslib/slidingwindow.h:129]   --->   Operation 158 'load' 'inputBuf_2_V_load' <Predicate = (!tmp_i_2864 & tmp_111_i)> <Delay = 2.32> <Core = "RAM_2P">   --->   Core 39 'RAM_2P' <Latency = 1> <II = 1> <Delay = 2.32> <Storage> <Opcode : 'load' 'store'> <Ports = 2> <Width = 24> <Depth = 32> <RAM>
ST_5 : Operation 159 [1/1] (0.00ns)   --->   "%inputBuf_3_V_addr_4 = getelementptr [32 x i24]* %inputBuf_3_V, i64 0, i64 %tmp_113_i" [/home/parallels/Documents/vivado_projects/BNN-PYNQ/bnn/src/library/finn-hlslib/slidingwindow.h:129]   --->   Operation 159 'getelementptr' 'inputBuf_3_V_addr_4' <Predicate = (!tmp_i_2864 & tmp_111_i)> <Delay = 0.00>
ST_5 : Operation 160 [2/2] (2.32ns)   --->   "%inputBuf_3_V_load = load i24* %inputBuf_3_V_addr_4, align 4" [/home/parallels/Documents/vivado_projects/BNN-PYNQ/bnn/src/library/finn-hlslib/slidingwindow.h:129]   --->   Operation 160 'load' 'inputBuf_3_V_load' <Predicate = (!tmp_i_2864 & tmp_111_i)> <Delay = 2.32> <Core = "RAM_2P">   --->   Core 39 'RAM_2P' <Latency = 1> <II = 1> <Delay = 2.32> <Storage> <Opcode : 'load' 'store'> <Ports = 2> <Width = 24> <Depth = 32> <RAM>
ST_5 : Operation 161 [1/1] (0.00ns)   --->   "br i1 %tmp_116_i, label %6, label %.._crit_edge41.i_crit_edge83" [/home/parallels/Documents/vivado_projects/BNN-PYNQ/bnn/src/library/finn-hlslib/slidingwindow.h:135]   --->   Operation 161 'br' <Predicate = (!tmp_i_2864 & tmp_111_i & tmp_114_i)> <Delay = 0.00>
ST_5 : Operation 162 [1/1] (0.00ns)   --->   "br i1 %tmp_118_i, label %7, label %.._crit_edge41.i_crit_edge82" [/home/parallels/Documents/vivado_projects/BNN-PYNQ/bnn/src/library/finn-hlslib/slidingwindow.h:138]   --->   Operation 162 'br' <Predicate = (!tmp_i_2864 & tmp_111_i & tmp_114_i & tmp_116_i)> <Delay = 0.00>
ST_5 : Operation 163 [1/1] (0.00ns)   --->   "br i1 %tmp_119_i, label %8, label %.._crit_edge41.i_crit_edge" [/home/parallels/Documents/vivado_projects/BNN-PYNQ/bnn/src/library/finn-hlslib/slidingwindow.h:141]   --->   Operation 163 'br' <Predicate = (!tmp_i_2864 & tmp_111_i & tmp_114_i & tmp_116_i & tmp_118_i)> <Delay = 0.00>
ST_5 : Operation 164 [1/1] (0.00ns)   --->   "%current_block_write_15 = load i32* %current_block_write_17"   --->   Operation 164 'load' 'current_block_write_15' <Predicate = (!tmp_i_2864 & or_cond_i)> <Delay = 0.00>
ST_5 : Operation 165 [1/1] (0.00ns)   --->   "%tmp_2342_i = call i32 (...)* @_ssdm_op_SpecRegionBegin([13 x i8]* @p_str136)" [/home/parallels/Documents/vivado_projects/BNN-PYNQ/bnn/src/library/finn-hlslib/slidingwindow.h:153]   --->   Operation 165 'specregionbegin' 'tmp_2342_i' <Predicate = (!tmp_i_2864 & or_cond_i)> <Delay = 0.00>
ST_5 : Operation 166 [1/1] (2.18ns)   --->   "%tmp_V = call i24 @_ssdm_op_Read.ap_fifo.volatile.i24P(i24* %in_V_V)" [/home/parallels/Documents/vivado_projects/BNN-PYNQ/bnn/src/library/finn-hlslib/slidingwindow.h:155]   --->   Operation 166 'read' 'tmp_V' <Predicate = (!tmp_i_2864 & or_cond_i)> <Delay = 2.18> <Core = "FIFO">   --->   Core 32 'FIFO' <Latency = 0> <II = 1> <Delay = 3.63> <Storage> <Opcode : 'read' 'write' 'nbread' 'nbwrite'> <Ports = 0> <Width = 32> <Depth = 2> <FIFO>
ST_5 : Operation 167 [1/1] (0.00ns)   --->   "%tmp_123_i = zext i32 %current_line_5_load_2 to i64" [/home/parallels/Documents/vivado_projects/BNN-PYNQ/bnn/src/library/finn-hlslib/slidingwindow.h:156]   --->   Operation 167 'zext' 'tmp_123_i' <Predicate = (!tmp_i_2864 & or_cond_i)> <Delay = 0.00>
ST_5 : Operation 168 [1/1] (0.00ns)   --->   "%tmp_3002 = trunc i32 %current_block_write_15 to i2"   --->   Operation 168 'trunc' 'tmp_3002' <Predicate = (!tmp_i_2864 & or_cond_i)> <Delay = 0.00>
ST_5 : Operation 169 [1/1] (0.00ns)   --->   "%inputBuf_0_V_addr_3 = getelementptr [32 x i24]* %inputBuf_0_V, i64 0, i64 %tmp_123_i" [/home/parallels/Documents/vivado_projects/BNN-PYNQ/bnn/src/library/finn-hlslib/slidingwindow.h:156]   --->   Operation 169 'getelementptr' 'inputBuf_0_V_addr_3' <Predicate = (!tmp_i_2864 & or_cond_i)> <Delay = 0.00>
ST_5 : Operation 170 [1/1] (0.00ns)   --->   "%inputBuf_1_V_addr_3 = getelementptr [32 x i24]* %inputBuf_1_V, i64 0, i64 %tmp_123_i" [/home/parallels/Documents/vivado_projects/BNN-PYNQ/bnn/src/library/finn-hlslib/slidingwindow.h:156]   --->   Operation 170 'getelementptr' 'inputBuf_1_V_addr_3' <Predicate = (!tmp_i_2864 & or_cond_i)> <Delay = 0.00>
ST_5 : Operation 171 [1/1] (0.00ns)   --->   "%inputBuf_2_V_addr_3 = getelementptr [32 x i24]* %inputBuf_2_V, i64 0, i64 %tmp_123_i" [/home/parallels/Documents/vivado_projects/BNN-PYNQ/bnn/src/library/finn-hlslib/slidingwindow.h:156]   --->   Operation 171 'getelementptr' 'inputBuf_2_V_addr_3' <Predicate = (!tmp_i_2864 & or_cond_i)> <Delay = 0.00>
ST_5 : Operation 172 [1/1] (0.00ns)   --->   "%inputBuf_3_V_addr_3 = getelementptr [32 x i24]* %inputBuf_3_V, i64 0, i64 %tmp_123_i" [/home/parallels/Documents/vivado_projects/BNN-PYNQ/bnn/src/library/finn-hlslib/slidingwindow.h:156]   --->   Operation 172 'getelementptr' 'inputBuf_3_V_addr_3' <Predicate = (!tmp_i_2864 & or_cond_i)> <Delay = 0.00>
ST_5 : Operation 173 [1/1] (1.30ns)   --->   "switch i2 %tmp_3002, label %branch7.i [
    i2 0, label %branch4.i
    i2 1, label %branch5.i
    i2 -2, label %branch6.i
  ]" [/home/parallels/Documents/vivado_projects/BNN-PYNQ/bnn/src/library/finn-hlslib/slidingwindow.h:156]   --->   Operation 173 'switch' <Predicate = (!tmp_i_2864 & or_cond_i)> <Delay = 1.30>
ST_5 : Operation 174 [1/1] (0.00ns)   --->   "%current_block_write_16 = load i32* %current_block_write_17" [/home/parallels/Documents/vivado_projects/BNN-PYNQ/bnn/src/library/finn-hlslib/slidingwindow.h:164]   --->   Operation 174 'load' 'current_block_write_16' <Predicate = (!tmp_i_2864 & or_cond_i)> <Delay = 0.00>
ST_5 : Operation 175 [1/1] (0.00ns)   --->   "%tmp_2343_i = call i32 (...)* @_ssdm_op_SpecRegionBegin([13 x i8]* @p_str137)" [/home/parallels/Documents/vivado_projects/BNN-PYNQ/bnn/src/library/finn-hlslib/slidingwindow.h:160]   --->   Operation 175 'specregionbegin' 'tmp_2343_i' <Predicate = (!tmp_i_2864 & or_cond_i)> <Delay = 0.00>
ST_5 : Operation 176 [1/1] (2.55ns)   --->   "%current_block_write_8 = add i32 %current_block_write_16, 1" [/home/parallels/Documents/vivado_projects/BNN-PYNQ/bnn/src/library/finn-hlslib/slidingwindow.h:164]   --->   Operation 176 'add' 'current_block_write_8' <Predicate = (!tmp_i_2864 & or_cond_i & tmp_124_i)> <Delay = 2.55> <Core = "AddSub">   --->   Core 14 'AddSub' <Latency = 0> <II = 1> <Delay = 3.01> <FuncUnit> <Opcode : 'add' 'sub'> <InPorts = 2> <OutPorts = 1>
ST_5 : Operation 177 [1/1] (2.47ns)   --->   "%tmp_125_i = icmp eq i32 %current_block_write_8, 4" [/home/parallels/Documents/vivado_projects/BNN-PYNQ/bnn/src/library/finn-hlslib/slidingwindow.h:165]   --->   Operation 177 'icmp' 'tmp_125_i' <Predicate = (!tmp_i_2864 & or_cond_i & tmp_124_i)> <Delay = 2.47> <Core = "Cmp">   --->   Core 25 'Cmp' <Latency = 0> <II = 1> <Delay = 2.47> <FuncUnit> <Opcode : 'icmp'> <InPorts = 2> <OutPorts = 1>
ST_5 : Operation 178 [1/1] (0.00ns) (grouped into LUT with out node current_block_write_10)   --->   "%current_block_write_9 = select i1 %tmp_125_i, i32 0, i32 %current_block_write_8" [/home/parallels/Documents/vivado_projects/BNN-PYNQ/bnn/src/library/finn-hlslib/slidingwindow.h:165]   --->   Operation 178 'select' 'current_block_write_9' <Predicate = (!tmp_i_2864 & or_cond_i & tmp_124_i)> <Delay = 0.00> <Core = "Sel">   --->   Core 26 'Sel' <Latency = 0> <II = 1> <Delay = 0.70> <FuncUnit> <Opcode : 'select'> <InPorts = 3> <OutPorts = 1>
ST_5 : Operation 179 [1/1] (0.00ns)   --->   "%empty = call i32 (...)* @_ssdm_op_SpecRegionEnd([13 x i8]* @p_str137, i32 %tmp_2343_i)" [/home/parallels/Documents/vivado_projects/BNN-PYNQ/bnn/src/library/finn-hlslib/slidingwindow.h:169]   --->   Operation 179 'specregionend' 'empty' <Predicate = (!tmp_i_2864 & or_cond_i)> <Delay = 0.00>
ST_5 : Operation 180 [1/1] (0.69ns) (out node of the LUT)   --->   "%current_block_write_10 = select i1 %tmp_124_i, i32 %current_block_write_9, i32 %current_block_write_16" [/home/parallels/Documents/vivado_projects/BNN-PYNQ/bnn/src/library/finn-hlslib/slidingwindow.h:160]   --->   Operation 180 'select' 'current_block_write_10' <Predicate = (!tmp_i_2864 & or_cond_i)> <Delay = 0.69> <Core = "Sel">   --->   Core 26 'Sel' <Latency = 0> <II = 1> <Delay = 0.70> <FuncUnit> <Opcode : 'select'> <InPorts = 3> <OutPorts = 1>
ST_5 : Operation 181 [1/1] (0.00ns)   --->   "%empty_2862 = call i32 (...)* @_ssdm_op_SpecRegionEnd([13 x i8]* @p_str136, i32 %tmp_2342_i)" [/home/parallels/Documents/vivado_projects/BNN-PYNQ/bnn/src/library/finn-hlslib/slidingwindow.h:170]   --->   Operation 181 'specregionend' 'empty_2862' <Predicate = (!tmp_i_2864 & or_cond_i)> <Delay = 0.00>
ST_5 : Operation 182 [1/1] (1.81ns)   --->   "store i32 %current_block_write_10, i32* %current_block_write_17" [/home/parallels/Documents/vivado_projects/BNN-PYNQ/bnn/src/library/finn-hlslib/slidingwindow.h:115]   --->   Operation 182 'store' <Predicate = (!tmp_i_2864 & or_cond_i)> <Delay = 1.81>
ST_5 : Operation 183 [1/1] (0.00ns)   --->   "br label %._crit_edge47.i" [/home/parallels/Documents/vivado_projects/BNN-PYNQ/bnn/src/library/finn-hlslib/slidingwindow.h:170]   --->   Operation 183 'br' <Predicate = (!tmp_i_2864 & or_cond_i)> <Delay = 0.00>
ST_5 : Operation 184 [1/1] (0.00ns)   --->   "%current_block_write_s = load i32* %current_block_write_17"   --->   Operation 184 'load' 'current_block_write_s' <Predicate = (tmp_i_2864)> <Delay = 0.00>
ST_5 : Operation 185 [1/1] (2.18ns)   --->   "%tmp_V_869 = call i24 @_ssdm_op_Read.ap_fifo.volatile.i24P(i24* %in_V_V)" [/home/parallels/Documents/vivado_projects/BNN-PYNQ/bnn/src/library/finn-hlslib/slidingwindow.h:109]   --->   Operation 185 'read' 'tmp_V_869' <Predicate = (tmp_i_2864)> <Delay = 2.18> <Core = "FIFO">   --->   Core 32 'FIFO' <Latency = 0> <II = 1> <Delay = 3.63> <Storage> <Opcode : 'read' 'write' 'nbread' 'nbwrite'> <Ports = 0> <Width = 32> <Depth = 2> <FIFO>
ST_5 : Operation 186 [1/1] (0.00ns)   --->   "%tmp_110_i = zext i32 %current_line_5_load to i64" [/home/parallels/Documents/vivado_projects/BNN-PYNQ/bnn/src/library/finn-hlslib/slidingwindow.h:110]   --->   Operation 186 'zext' 'tmp_110_i' <Predicate = (tmp_i_2864)> <Delay = 0.00>
ST_5 : Operation 187 [1/1] (0.00ns)   --->   "%tmp_2998 = trunc i32 %current_block_write_s to i2"   --->   Operation 187 'trunc' 'tmp_2998' <Predicate = (tmp_i_2864)> <Delay = 0.00>
ST_5 : Operation 188 [1/1] (0.00ns)   --->   "%inputBuf_0_V_addr = getelementptr [32 x i24]* %inputBuf_0_V, i64 0, i64 %tmp_110_i" [/home/parallels/Documents/vivado_projects/BNN-PYNQ/bnn/src/library/finn-hlslib/slidingwindow.h:110]   --->   Operation 188 'getelementptr' 'inputBuf_0_V_addr' <Predicate = (tmp_i_2864)> <Delay = 0.00>
ST_5 : Operation 189 [1/1] (0.00ns)   --->   "%inputBuf_1_V_addr = getelementptr [32 x i24]* %inputBuf_1_V, i64 0, i64 %tmp_110_i" [/home/parallels/Documents/vivado_projects/BNN-PYNQ/bnn/src/library/finn-hlslib/slidingwindow.h:110]   --->   Operation 189 'getelementptr' 'inputBuf_1_V_addr' <Predicate = (tmp_i_2864)> <Delay = 0.00>
ST_5 : Operation 190 [1/1] (0.00ns)   --->   "%inputBuf_2_V_addr = getelementptr [32 x i24]* %inputBuf_2_V, i64 0, i64 %tmp_110_i" [/home/parallels/Documents/vivado_projects/BNN-PYNQ/bnn/src/library/finn-hlslib/slidingwindow.h:110]   --->   Operation 190 'getelementptr' 'inputBuf_2_V_addr' <Predicate = (tmp_i_2864)> <Delay = 0.00>
ST_5 : Operation 191 [1/1] (0.00ns)   --->   "%inputBuf_3_V_addr = getelementptr [32 x i24]* %inputBuf_3_V, i64 0, i64 %tmp_110_i" [/home/parallels/Documents/vivado_projects/BNN-PYNQ/bnn/src/library/finn-hlslib/slidingwindow.h:110]   --->   Operation 191 'getelementptr' 'inputBuf_3_V_addr' <Predicate = (tmp_i_2864)> <Delay = 0.00>
ST_5 : Operation 192 [1/1] (1.30ns)   --->   "switch i2 %tmp_2998, label %branch3.i [
    i2 0, label %branch0.i
    i2 1, label %branch1.i
    i2 -2, label %branch2.i
  ]" [/home/parallels/Documents/vivado_projects/BNN-PYNQ/bnn/src/library/finn-hlslib/slidingwindow.h:110]   --->   Operation 192 'switch' <Predicate = (tmp_i_2864)> <Delay = 1.30>
ST_5 : Operation 193 [1/1] (0.00ns)   --->   "br i1 %tmp_115_i, label %2, label %.._crit_edge.i_crit_edge" [/home/parallels/Documents/vivado_projects/BNN-PYNQ/bnn/src/library/finn-hlslib/slidingwindow.h:113]   --->   Operation 193 'br' <Predicate = (tmp_i_2864)> <Delay = 0.00>
ST_5 : Operation 194 [1/1] (0.00ns)   --->   "%current_block_write_13 = load i32* %current_block_write_17" [/home/parallels/Documents/vivado_projects/BNN-PYNQ/bnn/src/library/finn-hlslib/slidingwindow.h:115]   --->   Operation 194 'load' 'current_block_write_13' <Predicate = (tmp_i_2864 & tmp_115_i)> <Delay = 0.00>
ST_5 : Operation 195 [1/1] (2.55ns)   --->   "%current_block_write = add i32 %current_block_write_13, 1" [/home/parallels/Documents/vivado_projects/BNN-PYNQ/bnn/src/library/finn-hlslib/slidingwindow.h:115]   --->   Operation 195 'add' 'current_block_write' <Predicate = (tmp_i_2864 & tmp_115_i)> <Delay = 2.55> <Core = "AddSub">   --->   Core 14 'AddSub' <Latency = 0> <II = 1> <Delay = 3.01> <FuncUnit> <Opcode : 'add' 'sub'> <InPorts = 2> <OutPorts = 1>
ST_5 : Operation 196 [1/1] (2.47ns)   --->   "%tmp_117_i = icmp eq i32 %current_block_write, 4" [/home/parallels/Documents/vivado_projects/BNN-PYNQ/bnn/src/library/finn-hlslib/slidingwindow.h:116]   --->   Operation 196 'icmp' 'tmp_117_i' <Predicate = (tmp_i_2864 & tmp_115_i)> <Delay = 2.47> <Core = "Cmp">   --->   Core 25 'Cmp' <Latency = 0> <II = 1> <Delay = 2.47> <FuncUnit> <Opcode : 'icmp'> <InPorts = 2> <OutPorts = 1>
ST_5 : Operation 197 [1/1] (0.69ns)   --->   "%current_block_write_7 = select i1 %tmp_117_i, i32 0, i32 %current_block_write" [/home/parallels/Documents/vivado_projects/BNN-PYNQ/bnn/src/library/finn-hlslib/slidingwindow.h:116]   --->   Operation 197 'select' 'current_block_write_7' <Predicate = (tmp_i_2864 & tmp_115_i)> <Delay = 0.69> <Core = "Sel">   --->   Core 26 'Sel' <Latency = 0> <II = 1> <Delay = 0.70> <FuncUnit> <Opcode : 'select'> <InPorts = 3> <OutPorts = 1>
ST_5 : Operation 198 [1/1] (1.81ns)   --->   "store i32 %current_block_write_7, i32* %current_block_write_17" [/home/parallels/Documents/vivado_projects/BNN-PYNQ/bnn/src/library/finn-hlslib/slidingwindow.h:115]   --->   Operation 198 'store' <Predicate = (tmp_i_2864 & tmp_115_i)> <Delay = 1.81>
ST_5 : Operation 199 [1/1] (0.00ns)   --->   "br label %._crit_edge.i" [/home/parallels/Documents/vivado_projects/BNN-PYNQ/bnn/src/library/finn-hlslib/slidingwindow.h:121]   --->   Operation 199 'br' <Predicate = (tmp_i_2864 & tmp_115_i)> <Delay = 0.00>

State 6 <SV = 5> <Delay = 4.28>
ST_6 : Operation 200 [1/2] (2.32ns)   --->   "%inputBuf_0_V_load = load i24* %inputBuf_0_V_addr_4, align 4" [/home/parallels/Documents/vivado_projects/BNN-PYNQ/bnn/src/library/finn-hlslib/slidingwindow.h:129]   --->   Operation 200 'load' 'inputBuf_0_V_load' <Predicate = (!tmp_i_2864 & tmp_111_i)> <Delay = 2.32> <Core = "RAM_2P">   --->   Core 39 'RAM_2P' <Latency = 1> <II = 1> <Delay = 2.32> <Storage> <Opcode : 'load' 'store'> <Ports = 2> <Width = 24> <Depth = 32> <RAM>
ST_6 : Operation 201 [1/2] (2.32ns)   --->   "%inputBuf_1_V_load = load i24* %inputBuf_1_V_addr_4, align 4" [/home/parallels/Documents/vivado_projects/BNN-PYNQ/bnn/src/library/finn-hlslib/slidingwindow.h:129]   --->   Operation 201 'load' 'inputBuf_1_V_load' <Predicate = (!tmp_i_2864 & tmp_111_i)> <Delay = 2.32> <Core = "RAM_2P">   --->   Core 39 'RAM_2P' <Latency = 1> <II = 1> <Delay = 2.32> <Storage> <Opcode : 'load' 'store'> <Ports = 2> <Width = 24> <Depth = 32> <RAM>
ST_6 : Operation 202 [1/2] (2.32ns)   --->   "%inputBuf_2_V_load = load i24* %inputBuf_2_V_addr_4, align 4" [/home/parallels/Documents/vivado_projects/BNN-PYNQ/bnn/src/library/finn-hlslib/slidingwindow.h:129]   --->   Operation 202 'load' 'inputBuf_2_V_load' <Predicate = (!tmp_i_2864 & tmp_111_i)> <Delay = 2.32> <Core = "RAM_2P">   --->   Core 39 'RAM_2P' <Latency = 1> <II = 1> <Delay = 2.32> <Storage> <Opcode : 'load' 'store'> <Ports = 2> <Width = 24> <Depth = 32> <RAM>
ST_6 : Operation 203 [1/2] (2.32ns)   --->   "%inputBuf_3_V_load = load i24* %inputBuf_3_V_addr_4, align 4" [/home/parallels/Documents/vivado_projects/BNN-PYNQ/bnn/src/library/finn-hlslib/slidingwindow.h:129]   --->   Operation 203 'load' 'inputBuf_3_V_load' <Predicate = (!tmp_i_2864 & tmp_111_i)> <Delay = 2.32> <Core = "RAM_2P">   --->   Core 39 'RAM_2P' <Latency = 1> <II = 1> <Delay = 2.32> <Storage> <Opcode : 'load' 'store'> <Ports = 2> <Width = 24> <Depth = 32> <RAM>
ST_6 : Operation 204 [1/1] (1.95ns)   --->   "%outElem_V = call i24 @_ssdm_op_Mux.ap_auto.4i24.i2(i24 %inputBuf_0_V_load, i24 %inputBuf_1_V_load, i24 %inputBuf_2_V_load, i24 %inputBuf_3_V_load, i2 %current_block_read_6)" [/home/parallels/Documents/vivado_projects/BNN-PYNQ/bnn/src/library/finn-hlslib/slidingwindow.h:129]   --->   Operation 204 'mux' 'outElem_V' <Predicate = (!tmp_i_2864 & tmp_111_i)> <Delay = 1.95> <Core = "MuxnS">   --->   Core 31 'MuxnS' <Latency = 0> <II = 1> <Delay = 1.95> <FuncUnit> <Opcode : 'mux'> <InPorts = 2> <OutPorts = 1>
ST_6 : Operation 205 [1/1] (2.32ns)   --->   "store i24 %tmp_V, i24* %inputBuf_2_V_addr_3, align 4" [/home/parallels/Documents/vivado_projects/BNN-PYNQ/bnn/src/library/finn-hlslib/slidingwindow.h:156]   --->   Operation 205 'store' <Predicate = (!tmp_i_2864 & or_cond_i & tmp_3002 == 2)> <Delay = 2.32> <Core = "RAM_2P">   --->   Core 39 'RAM_2P' <Latency = 1> <II = 1> <Delay = 2.32> <Storage> <Opcode : 'load' 'store'> <Ports = 2> <Width = 24> <Depth = 32> <RAM>
ST_6 : Operation 206 [1/1] (0.00ns)   --->   "br label %_ifconv" [/home/parallels/Documents/vivado_projects/BNN-PYNQ/bnn/src/library/finn-hlslib/slidingwindow.h:156]   --->   Operation 206 'br' <Predicate = (!tmp_i_2864 & or_cond_i & tmp_3002 == 2)> <Delay = 0.00>
ST_6 : Operation 207 [1/1] (2.32ns)   --->   "store i24 %tmp_V, i24* %inputBuf_1_V_addr_3, align 4" [/home/parallels/Documents/vivado_projects/BNN-PYNQ/bnn/src/library/finn-hlslib/slidingwindow.h:156]   --->   Operation 207 'store' <Predicate = (!tmp_i_2864 & or_cond_i & tmp_3002 == 1)> <Delay = 2.32> <Core = "RAM_2P">   --->   Core 39 'RAM_2P' <Latency = 1> <II = 1> <Delay = 2.32> <Storage> <Opcode : 'load' 'store'> <Ports = 2> <Width = 24> <Depth = 32> <RAM>
ST_6 : Operation 208 [1/1] (0.00ns)   --->   "br label %_ifconv" [/home/parallels/Documents/vivado_projects/BNN-PYNQ/bnn/src/library/finn-hlslib/slidingwindow.h:156]   --->   Operation 208 'br' <Predicate = (!tmp_i_2864 & or_cond_i & tmp_3002 == 1)> <Delay = 0.00>
ST_6 : Operation 209 [1/1] (2.32ns)   --->   "store i24 %tmp_V, i24* %inputBuf_0_V_addr_3, align 4" [/home/parallels/Documents/vivado_projects/BNN-PYNQ/bnn/src/library/finn-hlslib/slidingwindow.h:156]   --->   Operation 209 'store' <Predicate = (!tmp_i_2864 & or_cond_i & tmp_3002 == 0)> <Delay = 2.32> <Core = "RAM_2P">   --->   Core 39 'RAM_2P' <Latency = 1> <II = 1> <Delay = 2.32> <Storage> <Opcode : 'load' 'store'> <Ports = 2> <Width = 24> <Depth = 32> <RAM>
ST_6 : Operation 210 [1/1] (0.00ns)   --->   "br label %_ifconv" [/home/parallels/Documents/vivado_projects/BNN-PYNQ/bnn/src/library/finn-hlslib/slidingwindow.h:156]   --->   Operation 210 'br' <Predicate = (!tmp_i_2864 & or_cond_i & tmp_3002 == 0)> <Delay = 0.00>
ST_6 : Operation 211 [1/1] (2.32ns)   --->   "store i24 %tmp_V, i24* %inputBuf_3_V_addr_3, align 4" [/home/parallels/Documents/vivado_projects/BNN-PYNQ/bnn/src/library/finn-hlslib/slidingwindow.h:156]   --->   Operation 211 'store' <Predicate = (!tmp_i_2864 & or_cond_i & tmp_3002 == 3)> <Delay = 2.32> <Core = "RAM_2P">   --->   Core 39 'RAM_2P' <Latency = 1> <II = 1> <Delay = 2.32> <Storage> <Opcode : 'load' 'store'> <Ports = 2> <Width = 24> <Depth = 32> <RAM>
ST_6 : Operation 212 [1/1] (0.00ns)   --->   "br label %_ifconv" [/home/parallels/Documents/vivado_projects/BNN-PYNQ/bnn/src/library/finn-hlslib/slidingwindow.h:156]   --->   Operation 212 'br' <Predicate = (!tmp_i_2864 & or_cond_i & tmp_3002 == 3)> <Delay = 0.00>
ST_6 : Operation 213 [1/1] (2.32ns)   --->   "store i24 %tmp_V_869, i24* %inputBuf_2_V_addr, align 4" [/home/parallels/Documents/vivado_projects/BNN-PYNQ/bnn/src/library/finn-hlslib/slidingwindow.h:110]   --->   Operation 213 'store' <Predicate = (tmp_i_2864 & tmp_2998 == 2)> <Delay = 2.32> <Core = "RAM_2P">   --->   Core 39 'RAM_2P' <Latency = 1> <II = 1> <Delay = 2.32> <Storage> <Opcode : 'load' 'store'> <Ports = 2> <Width = 24> <Depth = 32> <RAM>
ST_6 : Operation 214 [1/1] (0.00ns)   --->   "br label %1" [/home/parallels/Documents/vivado_projects/BNN-PYNQ/bnn/src/library/finn-hlslib/slidingwindow.h:110]   --->   Operation 214 'br' <Predicate = (tmp_i_2864 & tmp_2998 == 2)> <Delay = 0.00>
ST_6 : Operation 215 [1/1] (2.32ns)   --->   "store i24 %tmp_V_869, i24* %inputBuf_1_V_addr, align 4" [/home/parallels/Documents/vivado_projects/BNN-PYNQ/bnn/src/library/finn-hlslib/slidingwindow.h:110]   --->   Operation 215 'store' <Predicate = (tmp_i_2864 & tmp_2998 == 1)> <Delay = 2.32> <Core = "RAM_2P">   --->   Core 39 'RAM_2P' <Latency = 1> <II = 1> <Delay = 2.32> <Storage> <Opcode : 'load' 'store'> <Ports = 2> <Width = 24> <Depth = 32> <RAM>
ST_6 : Operation 216 [1/1] (0.00ns)   --->   "br label %1" [/home/parallels/Documents/vivado_projects/BNN-PYNQ/bnn/src/library/finn-hlslib/slidingwindow.h:110]   --->   Operation 216 'br' <Predicate = (tmp_i_2864 & tmp_2998 == 1)> <Delay = 0.00>
ST_6 : Operation 217 [1/1] (2.32ns)   --->   "store i24 %tmp_V_869, i24* %inputBuf_0_V_addr, align 4" [/home/parallels/Documents/vivado_projects/BNN-PYNQ/bnn/src/library/finn-hlslib/slidingwindow.h:110]   --->   Operation 217 'store' <Predicate = (tmp_i_2864 & tmp_2998 == 0)> <Delay = 2.32> <Core = "RAM_2P">   --->   Core 39 'RAM_2P' <Latency = 1> <II = 1> <Delay = 2.32> <Storage> <Opcode : 'load' 'store'> <Ports = 2> <Width = 24> <Depth = 32> <RAM>
ST_6 : Operation 218 [1/1] (0.00ns)   --->   "br label %1" [/home/parallels/Documents/vivado_projects/BNN-PYNQ/bnn/src/library/finn-hlslib/slidingwindow.h:110]   --->   Operation 218 'br' <Predicate = (tmp_i_2864 & tmp_2998 == 0)> <Delay = 0.00>
ST_6 : Operation 219 [1/1] (2.32ns)   --->   "store i24 %tmp_V_869, i24* %inputBuf_3_V_addr, align 4" [/home/parallels/Documents/vivado_projects/BNN-PYNQ/bnn/src/library/finn-hlslib/slidingwindow.h:110]   --->   Operation 219 'store' <Predicate = (tmp_i_2864 & tmp_2998 == 3)> <Delay = 2.32> <Core = "RAM_2P">   --->   Core 39 'RAM_2P' <Latency = 1> <II = 1> <Delay = 2.32> <Storage> <Opcode : 'load' 'store'> <Ports = 2> <Width = 24> <Depth = 32> <RAM>
ST_6 : Operation 220 [1/1] (0.00ns)   --->   "br label %1" [/home/parallels/Documents/vivado_projects/BNN-PYNQ/bnn/src/library/finn-hlslib/slidingwindow.h:110]   --->   Operation 220 'br' <Predicate = (tmp_i_2864 & tmp_2998 == 3)> <Delay = 0.00>

State 7 <SV = 6> <Delay = 2.18>
ST_7 : Operation 221 [1/1] (2.18ns)   --->   "call void @_ssdm_op_Write.ap_fifo.volatile.i24P(i24* %out_V_V, i24 %outElem_V)" [/home/parallels/Documents/vivado_projects/BNN-PYNQ/bnn/src/library/finn-hlslib/slidingwindow.h:130]   --->   Operation 221 'write' <Predicate = (!tmp_i_2864 & tmp_111_i)> <Delay = 2.18> <Core = "FIFO">   --->   Core 32 'FIFO' <Latency = 0> <II = 1> <Delay = 3.63> <Storage> <Opcode : 'read' 'write' 'nbread' 'nbwrite'> <Ports = 0> <Width = 32> <Depth = 2> <FIFO>

State 8 <SV = 3> <Delay = 0.00>
ST_8 : Operation 222 [1/1] (0.00ns)   --->   "ret void"   --->   Operation 222 'ret' <Predicate = true> <Delay = 0.00>


============================================================
+ Verbose Summary: Timing violations
============================================================
Target clock period: 5ns, clock uncertainty: 0.625ns.

 <State 1>: 4.38ns
The critical path consists of the following:
	fifo read on port 'numReps' [22]  (2.19 ns)
	fifo write on port 'numReps_out' [24]  (2.19 ns)

 <State 2>: 3.02ns
The critical path consists of the following:
	'add' operation ('bound') [30]  (3.02 ns)

 <State 3>: 3.74ns
The critical path consists of the following:
	'icmp' operation ('exitcond_flatten') [45]  (2.76 ns)
	blocking operation 0.978 ns on control path)

 <State 4>: 8.07ns
The critical path consists of the following:
	'load' operation ('current_line_5_load_3', /home/parallels/Documents/vivado_projects/BNN-PYNQ/bnn/src/library/finn-hlslib/slidingwindow.h:159) on local variable 'current_line' [168]  (0 ns)
	'add' operation ('current_line', /home/parallels/Documents/vivado_projects/BNN-PYNQ/bnn/src/library/finn-hlslib/slidingwindow.h:159) [169]  (2.55 ns)
	'icmp' operation ('tmp_124_i', /home/parallels/Documents/vivado_projects/BNN-PYNQ/bnn/src/library/finn-hlslib/slidingwindow.h:160) [170]  (2.47 ns)
	'select' operation ('read_block', /home/parallels/Documents/vivado_projects/BNN-PYNQ/bnn/src/library/finn-hlslib/slidingwindow.h:160) [179]  (1.19 ns)
	'store' operation (/home/parallels/Documents/vivado_projects/BNN-PYNQ/bnn/src/library/finn-hlslib/slidingwindow.h:170) of variable 'read_block_3_cast_i', /home/parallels/Documents/vivado_projects/BNN-PYNQ/bnn/src/library/finn-hlslib/slidingwindow.h:170 on local variable 'read_block' [184]  (1.86 ns)

 <State 5>: 7.54ns
The critical path consists of the following:
	'load' operation ('current_block_write_16', /home/parallels/Documents/vivado_projects/BNN-PYNQ/bnn/src/library/finn-hlslib/slidingwindow.h:164) on local variable 'current_block_write' [167]  (0 ns)
	'add' operation ('current_block_write', /home/parallels/Documents/vivado_projects/BNN-PYNQ/bnn/src/library/finn-hlslib/slidingwindow.h:164) [173]  (2.55 ns)
	'icmp' operation ('tmp_125_i', /home/parallels/Documents/vivado_projects/BNN-PYNQ/bnn/src/library/finn-hlslib/slidingwindow.h:165) [174]  (2.47 ns)
	'select' operation ('current_block_write', /home/parallels/Documents/vivado_projects/BNN-PYNQ/bnn/src/library/finn-hlslib/slidingwindow.h:165) [175]  (0 ns)
	'select' operation ('current_block_write', /home/parallels/Documents/vivado_projects/BNN-PYNQ/bnn/src/library/finn-hlslib/slidingwindow.h:160) [177]  (0.698 ns)
	'store' operation (/home/parallels/Documents/vivado_projects/BNN-PYNQ/bnn/src/library/finn-hlslib/slidingwindow.h:115) of variable 'current_block_write', /home/parallels/Documents/vivado_projects/BNN-PYNQ/bnn/src/library/finn-hlslib/slidingwindow.h:160 on local variable 'current_block_write' [183]  (1.81 ns)

 <State 6>: 4.28ns
The critical path consists of the following:
	'load' operation ('inputBuf_0_V_load', /home/parallels/Documents/vivado_projects/BNN-PYNQ/bnn/src/library/finn-hlslib/slidingwindow.h:129) on array 'inputBuf[0].V', /home/parallels/Documents/vivado_projects/BNN-PYNQ/bnn/src/library/finn-hlslib/slidingwindow.h:88 [77]  (2.32 ns)
	'mux' operation ('outElem.V', /home/parallels/Documents/vivado_projects/BNN-PYNQ/bnn/src/library/finn-hlslib/slidingwindow.h:129) [84]  (1.96 ns)

 <State 7>: 2.19ns
The critical path consists of the following:
	fifo write on port 'out_V_V' (/home/parallels/Documents/vivado_projects/BNN-PYNQ/bnn/src/library/finn-hlslib/slidingwindow.h:130) [85]  (2.19 ns)

 <State 8>: 0ns
The critical path consists of the following:


============================================================
+ Verbose Summary: Binding
============================================================
N/A
* FSMD analyzer results:
  - Output states:
 - Input state : 
  - Chain level:
	State 1
	State 2
	State 3
	State 4
	State 5
	State 6
	State 7
	State 8


============================================================
+ Verbose Summary: Datapath Resource usage 
============================================================
N/A
