

================================================================
== Vivado HLS Report for 'DoCompute_Block_pro'
================================================================
* Date:           Mon Mar  1 13:10:14 2021

* Version:        2018.2 (Build 2258646 on Thu Jun 14 20:25:20 MDT 2018)
* Project:        cnvW1A1-pynqZ1-Z2
* Solution:       sol1
* Product family: zynq
* Target device:  xc7z020clg400-1


================================================================
== Performance Estimates
================================================================
+ Timing (ns): 
    * Summary: 
    +--------+-------+----------+------------+
    |  Clock | Target| Estimated| Uncertainty|
    +--------+-------+----------+------------+
    |ap_clk  |   5.00|     2.552|        0.62|
    +--------+-------+----------+------------+

+ Latency (clock cycles): 
    * Summary: 
    +-----+-----+-----+-----+---------+
    |  Latency  |  Interval | Pipeline|
    | min | max | min | max |   Type  |
    +-----+-----+-----+-----+---------+
    |    2|    2|    2|    2|   none  |
    +-----+-----+-----+-----+---------+

    + Detail: 
        * Instance: 
        N/A

        * Loop: 
        N/A

============================================================
+ Verbose Summary: Synthesis Manager
============================================================
InlineROM: 1
ExposeGlobal: 0
============================================================
+ Verbose Summary: CDFG Model
============================================================
IsTopModel: 0
ResetActiveHigh: 1
IsCombinational: 2
IsDatapathOnly: 0
HasWiredReturn: 1
HasMFsm: 0
HasVarLatency: 1
IsPipeline: 0
IsRtlPipelined: 0
IsInstanceOverlapped: 0
IsDontTouch: 0
HasImplIP: 0
IsGatedGlobalClock: 0


============================================================
+ Verbose Summary: Schedule
============================================================
* Number of FSM states : 3
* Pipeline : 0
* Dataflow Pipeline: 0

* FSM state transitions: 
1 --> 
	2  / true
2 --> 
	3  / true
3 --> 

* FSM state operations: 

State 1 <SV = 0> <Delay = 2.18>
ST_1 : Operation 4 [1/1] (2.18ns)   --->   "%numReps_read = call i32 @_ssdm_op_Read.ap_fifo.i32P(i32* %numReps)"   --->   Operation 4 'read' 'numReps_read' <Predicate = true> <Delay = 2.18> <Core = "FIFO">   --->   Core 32 'FIFO' <Latency = 0> <II = 1> <Delay = 3.63> <Storage> <Opcode : 'read' 'write' 'nbread' 'nbwrite'> <Ports = 0> <Width = 32> <Depth = 2> <FIFO>

State 2 <SV = 1> <Delay = 2.55>
ST_2 : Operation 5 [1/1] (0.00ns) (grouped into LUT with out node tmp_71_i)   --->   "%tmp = shl i32 %numReps_read, 3" [/home/parallels/Documents/vivado_projects/BNN-PYNQ/bnn/src/library/finn-hlslib/convlayer.h:120->/home/parallels/Documents/vivado_projects/BNN-PYNQ/bnn/src/network/cnvW1A1/hw/top.cpp:180]   --->   Operation 5 'shl' 'tmp' <Predicate = true> <Delay = 0.00>
ST_2 : Operation 6 [1/1] (2.55ns) (out node of the LUT)   --->   "%tmp_71_i = add i32 %numReps_read, %tmp" [/home/parallels/Documents/vivado_projects/BNN-PYNQ/bnn/src/library/finn-hlslib/convlayer.h:120->/home/parallels/Documents/vivado_projects/BNN-PYNQ/bnn/src/network/cnvW1A1/hw/top.cpp:180]   --->   Operation 6 'add' 'tmp_71_i' <Predicate = true> <Delay = 2.55> <Core = "AddSub">   --->   Core 14 'AddSub' <Latency = 0> <II = 1> <Delay = 2.55> <FuncUnit> <Opcode : 'add' 'sub'> <InPorts = 2> <OutPorts = 1>

State 3 <SV = 2> <Delay = 2.18>
ST_3 : Operation 7 [1/1] (0.00ns)   --->   "call void (...)* @_ssdm_op_SpecInterface(i32* %tmp_71_out_out, [8 x i8]* @ap_fifo_str, i32 0, i32 0, [1 x i8]* @p_str, i32 0, i32 0, [1 x i8]* @p_str, [1 x i8]* @p_str, [1 x i8]* @p_str, i32 2, i32 2, i32 16, i32 16, [1 x i8]* @p_str, [1 x i8]* @p_str)"   --->   Operation 7 'specinterface' <Predicate = true> <Delay = 0.00>
ST_3 : Operation 8 [1/1] (0.00ns)   --->   "call void (...)* @_ssdm_op_SpecInterface(i32* %numReps, [8 x i8]* @ap_fifo_str, i32 0, i32 0, [1 x i8]* @p_str, i32 0, i32 0, [1 x i8]* @p_str, [1 x i8]* @p_str, [1 x i8]* @p_str, i32 2, i32 2, i32 16, i32 16, [1 x i8]* @p_str, [1 x i8]* @p_str)"   --->   Operation 8 'specinterface' <Predicate = true> <Delay = 0.00>
ST_3 : Operation 9 [1/1] (2.18ns)   --->   "call void @_ssdm_op_Write.ap_fifo.i32P(i32* %tmp_71_out_out, i32 %tmp_71_i)" [/home/parallels/Documents/vivado_projects/BNN-PYNQ/bnn/src/library/finn-hlslib/convlayer.h:120->/home/parallels/Documents/vivado_projects/BNN-PYNQ/bnn/src/network/cnvW1A1/hw/top.cpp:180]   --->   Operation 9 'write' <Predicate = true> <Delay = 2.18> <Core = "FIFO">   --->   Core 32 'FIFO' <Latency = 0> <II = 1> <Delay = 3.63> <Storage> <Opcode : 'read' 'write' 'nbread' 'nbwrite'> <Ports = 0> <Width = 32> <Depth = 2> <FIFO>
ST_3 : Operation 10 [1/1] (0.00ns)   --->   "ret void"   --->   Operation 10 'ret' <Predicate = true> <Delay = 0.00>


============================================================
+ Verbose Summary: Timing violations
============================================================
Target clock period: 5ns, clock uncertainty: 0.625ns.

 <State 1>: 2.19ns
The critical path consists of the following:
	fifo read on port 'numReps' [5]  (2.19 ns)

 <State 2>: 2.55ns
The critical path consists of the following:
	'shl' operation ('tmp', /home/parallels/Documents/vivado_projects/BNN-PYNQ/bnn/src/library/finn-hlslib/convlayer.h:120->/home/parallels/Documents/vivado_projects/BNN-PYNQ/bnn/src/network/cnvW1A1/hw/top.cpp:180) [6]  (0 ns)
	'add' operation ('tmp_71_i', /home/parallels/Documents/vivado_projects/BNN-PYNQ/bnn/src/library/finn-hlslib/convlayer.h:120->/home/parallels/Documents/vivado_projects/BNN-PYNQ/bnn/src/network/cnvW1A1/hw/top.cpp:180) [7]  (2.55 ns)

 <State 3>: 2.19ns
The critical path consists of the following:
	fifo write on port 'tmp_71_out_out' (/home/parallels/Documents/vivado_projects/BNN-PYNQ/bnn/src/library/finn-hlslib/convlayer.h:120->/home/parallels/Documents/vivado_projects/BNN-PYNQ/bnn/src/network/cnvW1A1/hw/top.cpp:180) [8]  (2.19 ns)


============================================================
+ Verbose Summary: Binding
============================================================
N/A
* FSMD analyzer results:
  - Output states:
 - Input state : 
  - Chain level:
	State 1
	State 2
	State 3


============================================================
+ Verbose Summary: Datapath Resource usage 
============================================================
N/A
