

================================================================
== Vivado HLS Report for 'Mem2Stream'
================================================================
* Date:           Mon Mar  1 13:08:13 2021

* Version:        2018.2 (Build 2258646 on Thu Jun 14 20:25:20 MDT 2018)
* Project:        cnvW1A1-pynqZ1-Z2
* Solution:       sol1
* Product family: zynq
* Target device:  xc7z020clg400-1


================================================================
== Performance Estimates
================================================================
+ Timing (ns): 
    * Summary: 
    +--------+-------+----------+------------+
    |  Clock | Target| Estimated| Uncertainty|
    +--------+-------+----------+------------+
    |ap_clk  |   5.00|     4.375|        0.62|
    +--------+-------+----------+------------+

+ Latency (clock cycles): 
    * Summary: 
    +------+------+------+------+---------+
    |   Latency   |   Interval  | Pipeline|
    |  min |  max |  min |  max |   Type  |
    +------+------+------+------+---------+
    |  6154|  6154|  6154|  6154|   none  |
    +------+------+------+------+---------+

    + Detail: 
        * Instance: 
        N/A

        * Loop: 
        +----------+------+------+----------+-----------+-----------+------+----------+
        |          |   Latency   | Iteration|  Initiation Interval  | Trip |          |
        | Loop Name|  min |  max |  Latency |  achieved |   target  | Count| Pipelined|
        +----------+------+------+----------+-----------+-----------+------+----------+
        |- Loop 1  |  6145|  6145|         3|          1|          1|  6144|    yes   |
        +----------+------+------+----------+-----------+-----------+------+----------+

============================================================
+ Verbose Summary: Synthesis Manager
============================================================
InlineROM: 1
ExposeGlobal: 0
============================================================
+ Verbose Summary: CDFG Model
============================================================
IsTopModel: 0
ResetActiveHigh: 1
IsCombinational: 0
IsDatapathOnly: 0
HasWiredReturn: 1
HasMFsm: 0
HasVarLatency: 1
IsPipeline: 0
IsRtlPipelined: 0
IsInstanceOverlapped: 0
IsDontTouch: 0
HasImplIP: 0
IsGatedGlobalClock: 0

+ Individual pipeline summary: 
  * Pipeline-0: initiation interval (II) = 1, depth = 3


============================================================
+ Verbose Summary: Schedule
============================================================
* Number of FSM states : 12
* Pipeline : 1
  Pipeline-0 : II = 1, D = 3, States = { 9 10 11 }
* Dataflow Pipeline: 0

* FSM state transitions: 
1 --> 
	2  / true
2 --> 
	3  / true
3 --> 
	4  / true
4 --> 
	5  / true
5 --> 
	6  / true
6 --> 
	7  / true
7 --> 
	8  / true
8 --> 
	9  / true
9 --> 
	12  / (tmp)
	10  / (!tmp)
10 --> 
	11  / true
11 --> 
	9  / true
12 --> 

* FSM state operations: 

State 1 <SV = 0> <Delay = 3.44>
ST_1 : Operation 13 [1/1] (0.00ns)   --->   "%in_V_offset1_read = call i32 @_ssdm_op_Read.ap_auto.i32(i32 %in_V_offset1)"   --->   Operation 13 'read' 'in_V_offset1_read' <Predicate = true> <Delay = 0.00>
ST_1 : Operation 14 [1/1] (0.00ns)   --->   "%in_V_offset_read = call i61 @_ssdm_op_Read.ap_auto.i61(i61 %in_V_offset)"   --->   Operation 14 'read' 'in_V_offset_read' <Predicate = true> <Delay = 0.00>
ST_1 : Operation 15 [1/1] (0.00ns)   --->   "%tmp_2_cast = zext i32 %in_V_offset1_read to i62"   --->   Operation 15 'zext' 'tmp_2_cast' <Predicate = true> <Delay = 0.00>
ST_1 : Operation 16 [1/1] (0.00ns)   --->   "%in_V_offset_cast = zext i61 %in_V_offset_read to i62"   --->   Operation 16 'zext' 'in_V_offset_cast' <Predicate = true> <Delay = 0.00>
ST_1 : Operation 17 [1/1] (3.44ns)   --->   "%sum2 = add i62 %in_V_offset_cast, %tmp_2_cast"   --->   Operation 17 'add' 'sum2' <Predicate = true> <Delay = 3.44> <Core = "AddSub">   --->   Core 14 'AddSub' <Latency = 0> <II = 1> <Delay = 3.44> <FuncUnit> <Opcode : 'add' 'sub'> <InPorts = 2> <OutPorts = 1>

State 2 <SV = 1> <Delay = 4.37>
ST_2 : Operation 18 [1/1] (0.00ns)   --->   "%sum2_cast = zext i62 %sum2 to i64"   --->   Operation 18 'zext' 'sum2_cast' <Predicate = true> <Delay = 0.00>
ST_2 : Operation 19 [1/1] (0.00ns)   --->   "%in_V_addr = getelementptr i64* %in_V, i64 %sum2_cast" [/home/parallels/Documents/vivado_projects/BNN-PYNQ/bnn/src/library/finn-hlslib/dma.h:142]   --->   Operation 19 'getelementptr' 'in_V_addr' <Predicate = true> <Delay = 0.00>
ST_2 : Operation 20 [7/7] (4.37ns)   --->   "%in_V_addr_rd_req = call i1 @_ssdm_op_ReadReq.m_axi.i64P(i64* %in_V_addr, i32 6144)" [/home/parallels/Documents/vivado_projects/BNN-PYNQ/bnn/src/library/finn-hlslib/dma.h:142]   --->   Operation 20 'readreq' 'in_V_addr_rd_req' <Predicate = true> <Delay = 4.37> <Core = "m_axi">   --->   Core 9 'm_axi' <Latency = 6> <II = 1> <Delay = 1.00> <Adapter> <Opcode : 'read' 'write' 'readreq' 'writereq' 'writeresp'>

State 3 <SV = 2> <Delay = 4.37>
ST_3 : Operation 21 [6/7] (4.37ns)   --->   "%in_V_addr_rd_req = call i1 @_ssdm_op_ReadReq.m_axi.i64P(i64* %in_V_addr, i32 6144)" [/home/parallels/Documents/vivado_projects/BNN-PYNQ/bnn/src/library/finn-hlslib/dma.h:142]   --->   Operation 21 'readreq' 'in_V_addr_rd_req' <Predicate = true> <Delay = 4.37> <Core = "m_axi">   --->   Core 9 'm_axi' <Latency = 6> <II = 1> <Delay = 1.00> <Adapter> <Opcode : 'read' 'write' 'readreq' 'writereq' 'writeresp'>

State 4 <SV = 3> <Delay = 4.37>
ST_4 : Operation 22 [5/7] (4.37ns)   --->   "%in_V_addr_rd_req = call i1 @_ssdm_op_ReadReq.m_axi.i64P(i64* %in_V_addr, i32 6144)" [/home/parallels/Documents/vivado_projects/BNN-PYNQ/bnn/src/library/finn-hlslib/dma.h:142]   --->   Operation 22 'readreq' 'in_V_addr_rd_req' <Predicate = true> <Delay = 4.37> <Core = "m_axi">   --->   Core 9 'm_axi' <Latency = 6> <II = 1> <Delay = 1.00> <Adapter> <Opcode : 'read' 'write' 'readreq' 'writereq' 'writeresp'>

State 5 <SV = 4> <Delay = 4.37>
ST_5 : Operation 23 [4/7] (4.37ns)   --->   "%in_V_addr_rd_req = call i1 @_ssdm_op_ReadReq.m_axi.i64P(i64* %in_V_addr, i32 6144)" [/home/parallels/Documents/vivado_projects/BNN-PYNQ/bnn/src/library/finn-hlslib/dma.h:142]   --->   Operation 23 'readreq' 'in_V_addr_rd_req' <Predicate = true> <Delay = 4.37> <Core = "m_axi">   --->   Core 9 'm_axi' <Latency = 6> <II = 1> <Delay = 1.00> <Adapter> <Opcode : 'read' 'write' 'readreq' 'writereq' 'writeresp'>

State 6 <SV = 5> <Delay = 4.37>
ST_6 : Operation 24 [3/7] (4.37ns)   --->   "%in_V_addr_rd_req = call i1 @_ssdm_op_ReadReq.m_axi.i64P(i64* %in_V_addr, i32 6144)" [/home/parallels/Documents/vivado_projects/BNN-PYNQ/bnn/src/library/finn-hlslib/dma.h:142]   --->   Operation 24 'readreq' 'in_V_addr_rd_req' <Predicate = true> <Delay = 4.37> <Core = "m_axi">   --->   Core 9 'm_axi' <Latency = 6> <II = 1> <Delay = 1.00> <Adapter> <Opcode : 'read' 'write' 'readreq' 'writereq' 'writeresp'>

State 7 <SV = 6> <Delay = 4.37>
ST_7 : Operation 25 [2/7] (4.37ns)   --->   "%in_V_addr_rd_req = call i1 @_ssdm_op_ReadReq.m_axi.i64P(i64* %in_V_addr, i32 6144)" [/home/parallels/Documents/vivado_projects/BNN-PYNQ/bnn/src/library/finn-hlslib/dma.h:142]   --->   Operation 25 'readreq' 'in_V_addr_rd_req' <Predicate = true> <Delay = 4.37> <Core = "m_axi">   --->   Core 9 'm_axi' <Latency = 6> <II = 1> <Delay = 1.00> <Adapter> <Opcode : 'read' 'write' 'readreq' 'writereq' 'writeresp'>

State 8 <SV = 7> <Delay = 4.37>
ST_8 : Operation 26 [1/1] (0.00ns)   --->   "call void (...)* @_ssdm_op_SpecInterface(i64* %out_V_V, [8 x i8]* @ap_fifo_str, i32 0, i32 0, [1 x i8]* @p_str, i32 0, i32 0, [1 x i8]* @p_str, [1 x i8]* @p_str, [1 x i8]* @p_str, i32 2, i32 2, i32 16, i32 16, [1 x i8]* @p_str, [1 x i8]* @p_str)"   --->   Operation 26 'specinterface' <Predicate = true> <Delay = 0.00>
ST_8 : Operation 27 [1/1] (0.00ns)   --->   "call void (...)* @_ssdm_op_SpecInterface(i64* %in_V, [6 x i8]* @p_str34, i32 0, i32 0, [1 x i8]* @p_str, i32 0, i32 512, [8 x i8]* @p_str35, [6 x i8]* @p_str36, [1 x i8]* @p_str, i32 16, i32 16, i32 16, i32 16, [1 x i8]* @p_str, [1 x i8]* @p_str)"   --->   Operation 27 'specinterface' <Predicate = true> <Delay = 0.00>
ST_8 : Operation 28 [1/7] (4.37ns)   --->   "%in_V_addr_rd_req = call i1 @_ssdm_op_ReadReq.m_axi.i64P(i64* %in_V_addr, i32 6144)" [/home/parallels/Documents/vivado_projects/BNN-PYNQ/bnn/src/library/finn-hlslib/dma.h:142]   --->   Operation 28 'readreq' 'in_V_addr_rd_req' <Predicate = true> <Delay = 4.37> <Core = "m_axi">   --->   Core 9 'm_axi' <Latency = 6> <II = 1> <Delay = 1.00> <Adapter> <Opcode : 'read' 'write' 'readreq' 'writereq' 'writeresp'>
ST_8 : Operation 29 [1/1] (1.76ns)   --->   "br label %1" [/home/parallels/Documents/vivado_projects/BNN-PYNQ/bnn/src/library/finn-hlslib/dma.h:140]   --->   Operation 29 'br' <Predicate = true> <Delay = 1.76>

State 9 <SV = 8> <Delay = 2.09>
ST_9 : Operation 30 [1/1] (0.00ns)   --->   "%i = phi i13 [ 0, %0 ], [ %i_3, %2 ]"   --->   Operation 30 'phi' 'i' <Predicate = true> <Delay = 0.00>
ST_9 : Operation 31 [1/1] (2.09ns)   --->   "%tmp = icmp eq i13 %i, -2048" [/home/parallels/Documents/vivado_projects/BNN-PYNQ/bnn/src/library/finn-hlslib/dma.h:140]   --->   Operation 31 'icmp' 'tmp' <Predicate = true> <Delay = 2.09> <Core = "Cmp">   --->   Core 25 'Cmp' <Latency = 0> <II = 1> <Delay = 2.09> <FuncUnit> <Opcode : 'icmp'> <InPorts = 2> <OutPorts = 1>
ST_9 : Operation 32 [1/1] (0.00ns)   --->   "%empty = call i32 (...)* @_ssdm_op_SpecLoopTripCount(i64 6144, i64 6144, i64 6144)"   --->   Operation 32 'speclooptripcount' 'empty' <Predicate = true> <Delay = 0.00>
ST_9 : Operation 33 [1/1] (1.67ns)   --->   "%i_3 = add i13 %i, 1" [/home/parallels/Documents/vivado_projects/BNN-PYNQ/bnn/src/library/finn-hlslib/dma.h:140]   --->   Operation 33 'add' 'i_3' <Predicate = true> <Delay = 1.67> <Core = "AddSub">   --->   Core 14 'AddSub' <Latency = 0> <II = 1> <Delay = 3.44> <FuncUnit> <Opcode : 'add' 'sub'> <InPorts = 2> <OutPorts = 1>
ST_9 : Operation 34 [1/1] (0.00ns)   --->   "br i1 %tmp, label %3, label %2" [/home/parallels/Documents/vivado_projects/BNN-PYNQ/bnn/src/library/finn-hlslib/dma.h:140]   --->   Operation 34 'br' <Predicate = true> <Delay = 0.00>

State 10 <SV = 9> <Delay = 4.37>
ST_10 : Operation 35 [1/1] (4.37ns)   --->   "%e_V = call i64 @_ssdm_op_Read.m_axi.i64P(i64* %in_V_addr)" [/home/parallels/Documents/vivado_projects/BNN-PYNQ/bnn/src/library/finn-hlslib/dma.h:142]   --->   Operation 35 'read' 'e_V' <Predicate = (!tmp)> <Delay = 4.37> <Core = "m_axi">   --->   Core 9 'm_axi' <Latency = 6> <II = 1> <Delay = 1.00> <Adapter> <Opcode : 'read' 'write' 'readreq' 'writereq' 'writeresp'>

State 11 <SV = 10> <Delay = 2.18>
ST_11 : Operation 36 [1/1] (0.00ns)   --->   "%tmp_s = call i32 (...)* @_ssdm_op_SpecRegionBegin([12 x i8]* @p_str141)" [/home/parallels/Documents/vivado_projects/BNN-PYNQ/bnn/src/library/finn-hlslib/dma.h:140]   --->   Operation 36 'specregionbegin' 'tmp_s' <Predicate = (!tmp)> <Delay = 0.00>
ST_11 : Operation 37 [1/1] (0.00ns)   --->   "call void (...)* @_ssdm_op_SpecPipeline(i32 1, i32 1, i32 1, i32 0, [1 x i8]* @p_str) nounwind" [/home/parallels/Documents/vivado_projects/BNN-PYNQ/bnn/src/library/finn-hlslib/dma.h:141]   --->   Operation 37 'specpipeline' <Predicate = (!tmp)> <Delay = 0.00>
ST_11 : Operation 38 [1/1] (2.18ns)   --->   "call void @_ssdm_op_Write.ap_fifo.volatile.i64P(i64* %out_V_V, i64 %e_V)" [/home/parallels/Documents/vivado_projects/BNN-PYNQ/bnn/src/library/finn-hlslib/dma.h:143]   --->   Operation 38 'write' <Predicate = (!tmp)> <Delay = 2.18> <Core = "FIFO">   --->   Core 32 'FIFO' <Latency = 0> <II = 1> <Delay = 3.63> <Storage> <Opcode : 'read' 'write' 'nbread' 'nbwrite'> <Ports = 0> <Width = 64> <Depth = 2> <FIFO>
ST_11 : Operation 39 [1/1] (0.00ns)   --->   "%empty_347 = call i32 (...)* @_ssdm_op_SpecRegionEnd([12 x i8]* @p_str141, i32 %tmp_s)" [/home/parallels/Documents/vivado_projects/BNN-PYNQ/bnn/src/library/finn-hlslib/dma.h:144]   --->   Operation 39 'specregionend' 'empty_347' <Predicate = (!tmp)> <Delay = 0.00>
ST_11 : Operation 40 [1/1] (0.00ns)   --->   "br label %1" [/home/parallels/Documents/vivado_projects/BNN-PYNQ/bnn/src/library/finn-hlslib/dma.h:140]   --->   Operation 40 'br' <Predicate = (!tmp)> <Delay = 0.00>

State 12 <SV = 9> <Delay = 0.00>
ST_12 : Operation 41 [1/1] (0.00ns)   --->   "ret void" [/home/parallels/Documents/vivado_projects/BNN-PYNQ/bnn/src/library/finn-hlslib/dma.h:145]   --->   Operation 41 'ret' <Predicate = true> <Delay = 0.00>


============================================================
+ Verbose Summary: Timing violations
============================================================
Target clock period: 5ns, clock uncertainty: 0.625ns.

 <State 1>: 3.44ns
The critical path consists of the following:
	wire read on port 'in_V_offset1' [5]  (0 ns)
	'add' operation ('sum2') [11]  (3.44 ns)

 <State 2>: 4.38ns
The critical path consists of the following:
	'getelementptr' operation ('in_V_addr', /home/parallels/Documents/vivado_projects/BNN-PYNQ/bnn/src/library/finn-hlslib/dma.h:142) [13]  (0 ns)
	bus request on port 'in_V' (/home/parallels/Documents/vivado_projects/BNN-PYNQ/bnn/src/library/finn-hlslib/dma.h:142) [14]  (4.38 ns)

 <State 3>: 4.38ns
The critical path consists of the following:
	bus request on port 'in_V' (/home/parallels/Documents/vivado_projects/BNN-PYNQ/bnn/src/library/finn-hlslib/dma.h:142) [14]  (4.38 ns)

 <State 4>: 4.38ns
The critical path consists of the following:
	bus request on port 'in_V' (/home/parallels/Documents/vivado_projects/BNN-PYNQ/bnn/src/library/finn-hlslib/dma.h:142) [14]  (4.38 ns)

 <State 5>: 4.38ns
The critical path consists of the following:
	bus request on port 'in_V' (/home/parallels/Documents/vivado_projects/BNN-PYNQ/bnn/src/library/finn-hlslib/dma.h:142) [14]  (4.38 ns)

 <State 6>: 4.38ns
The critical path consists of the following:
	bus request on port 'in_V' (/home/parallels/Documents/vivado_projects/BNN-PYNQ/bnn/src/library/finn-hlslib/dma.h:142) [14]  (4.38 ns)

 <State 7>: 4.38ns
The critical path consists of the following:
	bus request on port 'in_V' (/home/parallels/Documents/vivado_projects/BNN-PYNQ/bnn/src/library/finn-hlslib/dma.h:142) [14]  (4.38 ns)

 <State 8>: 4.38ns
The critical path consists of the following:
	bus request on port 'in_V' (/home/parallels/Documents/vivado_projects/BNN-PYNQ/bnn/src/library/finn-hlslib/dma.h:142) [14]  (4.38 ns)

 <State 9>: 2.1ns
The critical path consists of the following:
	'phi' operation ('i') with incoming values : ('i', /home/parallels/Documents/vivado_projects/BNN-PYNQ/bnn/src/library/finn-hlslib/dma.h:140) [17]  (0 ns)
	'icmp' operation ('tmp', /home/parallels/Documents/vivado_projects/BNN-PYNQ/bnn/src/library/finn-hlslib/dma.h:140) [18]  (2.1 ns)

 <State 10>: 4.38ns
The critical path consists of the following:
	bus read on port 'in_V' (/home/parallels/Documents/vivado_projects/BNN-PYNQ/bnn/src/library/finn-hlslib/dma.h:142) [25]  (4.38 ns)

 <State 11>: 2.19ns
The critical path consists of the following:
	fifo write on port 'out_V_V' (/home/parallels/Documents/vivado_projects/BNN-PYNQ/bnn/src/library/finn-hlslib/dma.h:143) [26]  (2.19 ns)

 <State 12>: 0ns
The critical path consists of the following:


============================================================
+ Verbose Summary: Binding
============================================================
N/A
* FSMD analyzer results:
  - Output states:
 - Input state : 
  - Chain level:
	State 1
	State 2
	State 3
	State 4
	State 5
	State 6
	State 7
	State 8
	State 9
	State 10
	State 11
	State 12


============================================================
+ Verbose Summary: Datapath Resource usage 
============================================================
N/A
