

================================================================
== Vivado HLS Report for 'Mem2Stream_Batch'
================================================================
* Date:           Mon Mar  1 13:08:14 2021

* Version:        2018.2 (Build 2258646 on Thu Jun 14 20:25:20 MDT 2018)
* Project:        cnvW1A1-pynqZ1-Z2
* Solution:       sol1
* Product family: zynq
* Target device:  xc7z020clg400-1


================================================================
== Performance Estimates
================================================================
+ Timing (ns): 
    * Summary: 
    +--------+-------+----------+------------+
    |  Clock | Target| Estimated| Uncertainty|
    +--------+-------+----------+------------+
    |ap_clk  |   5.00|     4.375|        0.62|
    +--------+-------+----------+------------+

+ Latency (clock cycles): 
    * Summary: 
    +-----+-----+-----+-----+---------+
    |  Latency  |  Interval | Pipeline|
    | min | max | min | max |   Type  |
    +-----+-----+-----+-----+---------+
    |    ?|    ?|    ?|    ?|   none  |
    +-----+-----+-----+-----+---------+

    + Detail: 
        * Instance: 
        N/A

        * Loop: 
        +----------+-----+-----+------------+-----------+-----------+------+----------+
        |          |  Latency  |  Iteration |  Initiation Interval  | Trip |          |
        | Loop Name| min | max |   Latency  |  achieved |   target  | Count| Pipelined|
        +----------+-----+-----+------------+-----------+-----------+------+----------+
        |- Loop 1  |    ?|    ?| 397 ~ 6157 |          -|          -|     ?|    no    |
        +----------+-----+-----+------------+-----------+-----------+------+----------+

============================================================
+ Verbose Summary: Synthesis Manager
============================================================
InlineROM: 1
ExposeGlobal: 0
============================================================
+ Verbose Summary: CDFG Model
============================================================
IsTopModel: 0
ResetActiveHigh: 1
IsCombinational: 2
IsDatapathOnly: 0
HasWiredReturn: 1
HasMFsm: 0
HasVarLatency: 1
IsPipeline: 0
IsRtlPipelined: 0
IsInstanceOverlapped: 0
IsDontTouch: 0
HasImplIP: 0
IsGatedGlobalClock: 0


============================================================
+ Verbose Summary: Schedule
============================================================
* Number of FSM states : 5
* Pipeline : 0
* Dataflow Pipeline: 0

* FSM state transitions: 
1 --> 
	2  / true
2 --> 
	3  / (!tmp_i_i_i & !tmp_14_i_i_i)
	5  / (!tmp_i_i_i & tmp_14_i_i_i)
3 --> 
	4  / true
4 --> 
	2  / true
5 --> 
	4  / true

* FSM state operations: 

State 1 <SV = 0> <Delay = 4.37>
ST_1 : Operation 6 [1/1] (0.00ns)   --->   "%rep = alloca i32"   --->   Operation 6 'alloca' 'rep' <Predicate = true> <Delay = 0.00>
ST_1 : Operation 7 [1/1] (0.00ns)   --->   "call void (...)* @_ssdm_op_SpecInterface(i64* %in_V, [6 x i8]* @p_str34, i32 0, i32 0, [1 x i8]* @p_str, i32 0, i32 512, [8 x i8]* @p_str35, [6 x i8]* @p_str36, [1 x i8]* @p_str, i32 16, i32 16, i32 16, i32 16, [1 x i8]* @p_str, [1 x i8]* @p_str)"   --->   Operation 7 'specinterface' <Predicate = true> <Delay = 0.00>
ST_1 : Operation 8 [1/1] (0.00ns)   --->   "call void (...)* @_ssdm_op_SpecInterface(i64* %in_V, [6 x i8]* @p_str34, i32 0, i32 0, [1 x i8]* @p_str, i32 0, i32 512, [8 x i8]* @p_str35, [6 x i8]* @p_str36, [1 x i8]* @p_str, i32 16, i32 16, i32 16, i32 16, [1 x i8]* @p_str, [1 x i8]* @p_str)"   --->   Operation 8 'specinterface' <Predicate = true> <Delay = 0.00>
ST_1 : Operation 9 [1/1] (0.00ns)   --->   "call void (...)* @_ssdm_op_SpecInterface(i64* %inter0_V_V, [8 x i8]* @ap_fifo_str, i32 0, i32 0, [1 x i8]* @p_str, i32 0, i32 0, [1 x i8]* @p_str, [1 x i8]* @p_str, [1 x i8]* @p_str, i32 2, i32 2, i32 16, i32 16, [1 x i8]* @p_str, [1 x i8]* @p_str)"   --->   Operation 9 'specinterface' <Predicate = true> <Delay = 0.00>
ST_1 : Operation 10 [1/1] (0.00ns)   --->   "call void (...)* @_ssdm_op_SpecInterface(i32* %numReps_c, [8 x i8]* @ap_fifo_str, i32 0, i32 0, [1 x i8]* @p_str, i32 0, i32 0, [1 x i8]* @p_str, [1 x i8]* @p_str, [1 x i8]* @p_str, i32 2, i32 2, i32 16, i32 16, [1 x i8]* @p_str, [1 x i8]* @p_str)"   --->   Operation 10 'specinterface' <Predicate = true> <Delay = 0.00>
ST_1 : Operation 11 [1/1] (0.00ns)   --->   "call void (...)* @_ssdm_op_SpecInterface(i32* %numReps_c99, [8 x i8]* @ap_fifo_str, i32 0, i32 0, [1 x i8]* @p_str, i32 0, i32 0, [1 x i8]* @p_str, [1 x i8]* @p_str, [1 x i8]* @p_str, i32 2, i32 2, i32 16, i32 16, [1 x i8]* @p_str, [1 x i8]* @p_str)"   --->   Operation 11 'specinterface' <Predicate = true> <Delay = 0.00>
ST_1 : Operation 12 [1/1] (0.00ns)   --->   "call void (...)* @_ssdm_op_SpecInterface(i61* %in_V_offset, [8 x i8]* @ap_fifo_str, i32 0, i32 0, [1 x i8]* @p_str, i32 0, i32 0, [1 x i8]* @p_str, [1 x i8]* @p_str, [1 x i8]* @p_str, i32 2, i32 2, i32 16, i32 16, [1 x i8]* @p_str, [1 x i8]* @p_str)"   --->   Operation 12 'specinterface' <Predicate = true> <Delay = 0.00>
ST_1 : Operation 13 [1/1] (2.18ns)   --->   "%in_V_offset_read = call i61 @_ssdm_op_Read.ap_fifo.i61P(i61* %in_V_offset)"   --->   Operation 13 'read' 'in_V_offset_read' <Predicate = true> <Delay = 2.18> <Core = "FIFO">   --->   Core 32 'FIFO' <Latency = 0> <II = 1> <Delay = 3.63> <Storage> <Opcode : 'read' 'write' 'nbread' 'nbwrite'> <Ports = 0> <Width = 32> <Depth = 2> <FIFO>
ST_1 : Operation 14 [1/1] (0.00ns)   --->   "call void (...)* @_ssdm_op_SpecInterface(i64* %inter0_V_V, [8 x i8]* @ap_fifo_str, i32 0, i32 0, [1 x i8]* @p_str, i32 0, i32 0, [1 x i8]* @p_str, [1 x i8]* @p_str, [1 x i8]* @p_str, i32 2, i32 2, i32 16, i32 16, [1 x i8]* @p_str, [1 x i8]* @p_str)"   --->   Operation 14 'specinterface' <Predicate = true> <Delay = 0.00>
ST_1 : Operation 15 [1/1] (0.00ns)   --->   "call void (...)* @_ssdm_op_SpecInterface(i64* %in_V, [6 x i8]* @p_str34, i32 0, i32 0, [1 x i8]* @p_str, i32 0, i32 512, [8 x i8]* @p_str35, [6 x i8]* @p_str36, [1 x i8]* @p_str, i32 16, i32 16, i32 16, i32 16, [1 x i8]* @p_str, [1 x i8]* @p_str)"   --->   Operation 15 'specinterface' <Predicate = true> <Delay = 0.00>
ST_1 : Operation 16 [1/1] (0.00ns)   --->   "call void (...)* @_ssdm_op_SpecInterface(i32* %numReps_c, [8 x i8]* @ap_fifo_str, i32 0, i32 0, [1 x i8]* @p_str, i32 0, i32 0, [1 x i8]* @p_str, [1 x i8]* @p_str, [1 x i8]* @p_str, i32 2, i32 2, i32 16, i32 16, [1 x i8]* @p_str, [1 x i8]* @p_str)"   --->   Operation 16 'specinterface' <Predicate = true> <Delay = 0.00>
ST_1 : Operation 17 [1/1] (2.18ns)   --->   "%numReps_c_read = call i32 @_ssdm_op_Read.ap_fifo.i32P(i32* %numReps_c)"   --->   Operation 17 'read' 'numReps_c_read' <Predicate = true> <Delay = 2.18> <Core = "FIFO">   --->   Core 32 'FIFO' <Latency = 0> <II = 1> <Delay = 3.63> <Storage> <Opcode : 'read' 'write' 'nbread' 'nbwrite'> <Ports = 0> <Width = 32> <Depth = 2> <FIFO>
ST_1 : Operation 18 [1/1] (0.00ns)   --->   "call void (...)* @_ssdm_op_SpecInterface(i32* %numReps_c99, [8 x i8]* @ap_fifo_str, i32 0, i32 0, [1 x i8]* @p_str, i32 0, i32 0, [1 x i8]* @p_str, [1 x i8]* @p_str, [1 x i8]* @p_str, i32 2, i32 2, i32 16, i32 16, [1 x i8]* @p_str, [1 x i8]* @p_str)"   --->   Operation 18 'specinterface' <Predicate = true> <Delay = 0.00>
ST_1 : Operation 19 [1/1] (2.18ns)   --->   "call void @_ssdm_op_Write.ap_fifo.i32P(i32* %numReps_c99, i32 %numReps_c_read)"   --->   Operation 19 'write' <Predicate = true> <Delay = 2.18> <Core = "FIFO">   --->   Core 32 'FIFO' <Latency = 0> <II = 1> <Delay = 3.63> <Storage> <Opcode : 'read' 'write' 'nbread' 'nbwrite'> <Ports = 0> <Width = 32> <Depth = 2> <FIFO>
ST_1 : Operation 20 [1/1] (0.00ns)   --->   "call void (...)* @_ssdm_op_SpecInterface(i64* %in_V, [6 x i8]* @p_str34, i32 0, i32 0, [1 x i8]* @p_str, i32 0, i32 512, [8 x i8]* @p_str35, [6 x i8]* @p_str36, [1 x i8]* @p_str, i32 16, i32 16, i32 16, i32 16, [1 x i8]* @p_str, [1 x i8]* @p_str)"   --->   Operation 20 'specinterface' <Predicate = true> <Delay = 0.00>
ST_1 : Operation 21 [1/1] (1.81ns)   --->   "store i32 0, i32* %rep"   --->   Operation 21 'store' <Predicate = true> <Delay = 1.81>
ST_1 : Operation 22 [1/1] (0.00ns)   --->   "br label %.backedge.i.i.i" [/home/parallels/Documents/vivado_projects/BNN-PYNQ/bnn/src/library/finn-hlslib/dma.h:166->/home/parallels/Documents/vivado_projects/BNN-PYNQ/bnn/src/network/cnvW1A1/hw/top.cpp:167]   --->   Operation 22 'br' <Predicate = true> <Delay = 0.00>

State 2 <SV = 1> <Delay = 4.36>
ST_2 : Operation 23 [1/1] (0.00ns)   --->   "%rep_load = load i32* %rep" [/home/parallels/Documents/vivado_projects/BNN-PYNQ/bnn/src/library/finn-hlslib/dma.h:171->/home/parallels/Documents/vivado_projects/BNN-PYNQ/bnn/src/network/cnvW1A1/hw/top.cpp:167]   --->   Operation 23 'load' 'rep_load' <Predicate = true> <Delay = 0.00>
ST_2 : Operation 24 [1/1] (2.47ns)   --->   "%tmp_i_i_i = icmp eq i32 %rep_load, %numReps_c_read" [/home/parallels/Documents/vivado_projects/BNN-PYNQ/bnn/src/library/finn-hlslib/dma.h:166->/home/parallels/Documents/vivado_projects/BNN-PYNQ/bnn/src/network/cnvW1A1/hw/top.cpp:167]   --->   Operation 24 'icmp' 'tmp_i_i_i' <Predicate = true> <Delay = 2.47> <Core = "Cmp">   --->   Core 25 'Cmp' <Latency = 0> <II = 1> <Delay = 1.30> <FuncUnit> <Opcode : 'icmp'> <InPorts = 2> <OutPorts = 1>
ST_2 : Operation 25 [1/1] (0.00ns)   --->   "br i1 %tmp_i_i_i, label %.exit, label %0" [/home/parallels/Documents/vivado_projects/BNN-PYNQ/bnn/src/library/finn-hlslib/dma.h:166->/home/parallels/Documents/vivado_projects/BNN-PYNQ/bnn/src/network/cnvW1A1/hw/top.cpp:167]   --->   Operation 25 'br' <Predicate = true> <Delay = 0.00>
ST_2 : Operation 26 [1/1] (2.55ns)   --->   "%repsLeft = sub i32 %numReps_c_read, %rep_load" [/home/parallels/Documents/vivado_projects/BNN-PYNQ/bnn/src/library/finn-hlslib/dma.h:167->/home/parallels/Documents/vivado_projects/BNN-PYNQ/bnn/src/network/cnvW1A1/hw/top.cpp:167]   --->   Operation 26 'sub' 'repsLeft' <Predicate = (!tmp_i_i_i)> <Delay = 2.55> <Core = "AddSub">   --->   Core 14 'AddSub' <Latency = 0> <II = 1> <Delay = 2.55> <FuncUnit> <Opcode : 'add' 'sub'> <InPorts = 2> <OutPorts = 1>
ST_2 : Operation 27 [1/1] (0.00ns)   --->   "%tmp = trunc i32 %repsLeft to i4" [/home/parallels/Documents/vivado_projects/BNN-PYNQ/bnn/src/library/finn-hlslib/dma.h:167->/home/parallels/Documents/vivado_projects/BNN-PYNQ/bnn/src/network/cnvW1A1/hw/top.cpp:167]   --->   Operation 27 'trunc' 'tmp' <Predicate = (!tmp_i_i_i)> <Delay = 0.00>
ST_2 : Operation 28 [1/1] (1.30ns)   --->   "%tmp_14_i_i_i = icmp eq i4 %tmp, 0" [/home/parallels/Documents/vivado_projects/BNN-PYNQ/bnn/src/library/finn-hlslib/dma.h:168->/home/parallels/Documents/vivado_projects/BNN-PYNQ/bnn/src/network/cnvW1A1/hw/top.cpp:167]   --->   Operation 28 'icmp' 'tmp_14_i_i_i' <Predicate = (!tmp_i_i_i)> <Delay = 1.30> <Core = "Cmp">   --->   Core 25 'Cmp' <Latency = 0> <II = 1> <Delay = 1.30> <FuncUnit> <Opcode : 'icmp'> <InPorts = 2> <OutPorts = 1>
ST_2 : Operation 29 [1/1] (0.00ns) (grouped into LUT with out node tmp_15_i_i_i)   --->   "%tmp_15 = shl i32 %rep_load, 9" [/home/parallels/Documents/vivado_projects/BNN-PYNQ/bnn/src/library/finn-hlslib/dma.h:170->/home/parallels/Documents/vivado_projects/BNN-PYNQ/bnn/src/network/cnvW1A1/hw/top.cpp:167]   --->   Operation 29 'shl' 'tmp_15' <Predicate = (!tmp_i_i_i)> <Delay = 0.00>
ST_2 : Operation 30 [1/1] (0.00ns) (grouped into LUT with out node tmp_15_i_i_i)   --->   "%tmp_16 = shl i32 %rep_load, 7" [/home/parallels/Documents/vivado_projects/BNN-PYNQ/bnn/src/library/finn-hlslib/dma.h:170->/home/parallels/Documents/vivado_projects/BNN-PYNQ/bnn/src/network/cnvW1A1/hw/top.cpp:167]   --->   Operation 30 'shl' 'tmp_16' <Predicate = (!tmp_i_i_i)> <Delay = 0.00>
ST_2 : Operation 31 [1/1] (2.55ns) (out node of the LUT)   --->   "%tmp_15_i_i_i = sub i32 %tmp_15, %tmp_16" [/home/parallels/Documents/vivado_projects/BNN-PYNQ/bnn/src/library/finn-hlslib/dma.h:170->/home/parallels/Documents/vivado_projects/BNN-PYNQ/bnn/src/network/cnvW1A1/hw/top.cpp:167]   --->   Operation 31 'sub' 'tmp_15_i_i_i' <Predicate = (!tmp_i_i_i)> <Delay = 2.55> <Core = "AddSub">   --->   Core 14 'AddSub' <Latency = 0> <II = 1> <Delay = 2.55> <FuncUnit> <Opcode : 'add' 'sub'> <InPorts = 2> <OutPorts = 1>
ST_2 : Operation 32 [1/1] (0.00ns)   --->   "br i1 %tmp_14_i_i_i, label %1, label %2" [/home/parallels/Documents/vivado_projects/BNN-PYNQ/bnn/src/library/finn-hlslib/dma.h:168->/home/parallels/Documents/vivado_projects/BNN-PYNQ/bnn/src/network/cnvW1A1/hw/top.cpp:167]   --->   Operation 32 'br' <Predicate = (!tmp_i_i_i)> <Delay = 0.00>
ST_2 : Operation 33 [1/1] (2.55ns)   --->   "%rep_4 = add i32 %rep_load, 1" [/home/parallels/Documents/vivado_projects/BNN-PYNQ/bnn/src/library/finn-hlslib/dma.h:175->/home/parallels/Documents/vivado_projects/BNN-PYNQ/bnn/src/network/cnvW1A1/hw/top.cpp:167]   --->   Operation 33 'add' 'rep_4' <Predicate = (!tmp_i_i_i & !tmp_14_i_i_i)> <Delay = 2.55> <Core = "AddSub">   --->   Core 14 'AddSub' <Latency = 0> <II = 1> <Delay = 2.55> <FuncUnit> <Opcode : 'add' 'sub'> <InPorts = 2> <OutPorts = 1>
ST_2 : Operation 34 [1/1] (1.81ns)   --->   "store i32 %rep_4, i32* %rep" [/home/parallels/Documents/vivado_projects/BNN-PYNQ/bnn/src/library/finn-hlslib/dma.h:175->/home/parallels/Documents/vivado_projects/BNN-PYNQ/bnn/src/network/cnvW1A1/hw/top.cpp:167]   --->   Operation 34 'store' <Predicate = (!tmp_i_i_i & !tmp_14_i_i_i)> <Delay = 1.81>
ST_2 : Operation 35 [1/1] (2.55ns)   --->   "%rep_3 = add i32 %rep_load, 16" [/home/parallels/Documents/vivado_projects/BNN-PYNQ/bnn/src/library/finn-hlslib/dma.h:171->/home/parallels/Documents/vivado_projects/BNN-PYNQ/bnn/src/network/cnvW1A1/hw/top.cpp:167]   --->   Operation 35 'add' 'rep_3' <Predicate = (!tmp_i_i_i & tmp_14_i_i_i)> <Delay = 2.55> <Core = "AddSub">   --->   Core 14 'AddSub' <Latency = 0> <II = 1> <Delay = 2.55> <FuncUnit> <Opcode : 'add' 'sub'> <InPorts = 2> <OutPorts = 1>
ST_2 : Operation 36 [1/1] (1.81ns)   --->   "store i32 %rep_3, i32* %rep" [/home/parallels/Documents/vivado_projects/BNN-PYNQ/bnn/src/library/finn-hlslib/dma.h:171->/home/parallels/Documents/vivado_projects/BNN-PYNQ/bnn/src/network/cnvW1A1/hw/top.cpp:167]   --->   Operation 36 'store' <Predicate = (!tmp_i_i_i & tmp_14_i_i_i)> <Delay = 1.81>
ST_2 : Operation 37 [1/1] (0.00ns)   --->   "ret void"   --->   Operation 37 'ret' <Predicate = (tmp_i_i_i)> <Delay = 0.00>

State 3 <SV = 2> <Delay = 3.44>
ST_3 : Operation 38 [2/2] (3.44ns)   --->   "call fastcc void @Mem2Stream.1(i64* %in_V, i61 %in_V_offset_read, i32 %tmp_15_i_i_i, i64* %inter0_V_V)" [/home/parallels/Documents/vivado_projects/BNN-PYNQ/bnn/src/library/finn-hlslib/dma.h:174->/home/parallels/Documents/vivado_projects/BNN-PYNQ/bnn/src/network/cnvW1A1/hw/top.cpp:167]   --->   Operation 38 'call' <Predicate = true> <Delay = 3.44> <CoreType = "Generic">   --->   Core 0 '' <Latency = 0> <II = 1> <Delay = 1.00> <Generic> <Opcode : >

State 4 <SV = 3> <Delay = 0.00>
ST_4 : Operation 39 [1/2] (0.00ns)   --->   "call fastcc void @Mem2Stream.1(i64* %in_V, i61 %in_V_offset_read, i32 %tmp_15_i_i_i, i64* %inter0_V_V)" [/home/parallels/Documents/vivado_projects/BNN-PYNQ/bnn/src/library/finn-hlslib/dma.h:174->/home/parallels/Documents/vivado_projects/BNN-PYNQ/bnn/src/network/cnvW1A1/hw/top.cpp:167]   --->   Operation 39 'call' <Predicate = (!tmp_14_i_i_i)> <Delay = 0.00> <CoreType = "Generic">   --->   Core 0 '' <Latency = 0> <II = 1> <Delay = 1.00> <Generic> <Opcode : >
ST_4 : Operation 40 [1/1] (0.00ns)   --->   "br label %.backedge.i.i.i.backedge"   --->   Operation 40 'br' <Predicate = (!tmp_14_i_i_i)> <Delay = 0.00>
ST_4 : Operation 41 [1/2] (0.00ns)   --->   "call fastcc void @Mem2Stream(i64* %in_V, i61 %in_V_offset_read, i32 %tmp_15_i_i_i, i64* %inter0_V_V)" [/home/parallels/Documents/vivado_projects/BNN-PYNQ/bnn/src/library/finn-hlslib/dma.h:170->/home/parallels/Documents/vivado_projects/BNN-PYNQ/bnn/src/network/cnvW1A1/hw/top.cpp:167]   --->   Operation 41 'call' <Predicate = (tmp_14_i_i_i)> <Delay = 0.00> <CoreType = "Generic">   --->   Core 0 '' <Latency = 0> <II = 1> <Delay = 1.00> <Generic> <Opcode : >
ST_4 : Operation 42 [1/1] (0.00ns)   --->   "br label %.backedge.i.i.i.backedge" [/home/parallels/Documents/vivado_projects/BNN-PYNQ/bnn/src/library/finn-hlslib/dma.h:172->/home/parallels/Documents/vivado_projects/BNN-PYNQ/bnn/src/network/cnvW1A1/hw/top.cpp:167]   --->   Operation 42 'br' <Predicate = (tmp_14_i_i_i)> <Delay = 0.00>
ST_4 : Operation 43 [1/1] (0.00ns)   --->   "br label %.backedge.i.i.i"   --->   Operation 43 'br' <Predicate = true> <Delay = 0.00>

State 5 <SV = 2> <Delay = 3.44>
ST_5 : Operation 44 [2/2] (3.44ns)   --->   "call fastcc void @Mem2Stream(i64* %in_V, i61 %in_V_offset_read, i32 %tmp_15_i_i_i, i64* %inter0_V_V)" [/home/parallels/Documents/vivado_projects/BNN-PYNQ/bnn/src/library/finn-hlslib/dma.h:170->/home/parallels/Documents/vivado_projects/BNN-PYNQ/bnn/src/network/cnvW1A1/hw/top.cpp:167]   --->   Operation 44 'call' <Predicate = true> <Delay = 3.44> <CoreType = "Generic">   --->   Core 0 '' <Latency = 0> <II = 1> <Delay = 1.00> <Generic> <Opcode : >


============================================================
+ Verbose Summary: Timing violations
============================================================
Target clock period: 5ns, clock uncertainty: 0.625ns.

 <State 1>: 4.38ns
The critical path consists of the following:
	fifo read on port 'numReps_c' [17]  (2.19 ns)
	fifo write on port 'numReps_c99' [19]  (2.19 ns)

 <State 2>: 4.37ns
The critical path consists of the following:
	'load' operation ('rep_load', /home/parallels/Documents/vivado_projects/BNN-PYNQ/bnn/src/library/finn-hlslib/dma.h:171->/home/parallels/Documents/vivado_projects/BNN-PYNQ/bnn/src/network/cnvW1A1/hw/top.cpp:167) on local variable 'rep' [24]  (0 ns)
	'add' operation ('rep', /home/parallels/Documents/vivado_projects/BNN-PYNQ/bnn/src/library/finn-hlslib/dma.h:175->/home/parallels/Documents/vivado_projects/BNN-PYNQ/bnn/src/network/cnvW1A1/hw/top.cpp:167) [37]  (2.55 ns)
	'store' operation (/home/parallels/Documents/vivado_projects/BNN-PYNQ/bnn/src/library/finn-hlslib/dma.h:175->/home/parallels/Documents/vivado_projects/BNN-PYNQ/bnn/src/network/cnvW1A1/hw/top.cpp:167) of variable 'rep', /home/parallels/Documents/vivado_projects/BNN-PYNQ/bnn/src/library/finn-hlslib/dma.h:175->/home/parallels/Documents/vivado_projects/BNN-PYNQ/bnn/src/network/cnvW1A1/hw/top.cpp:167 on local variable 'rep' [38]  (1.81 ns)

 <State 3>: 3.44ns
The critical path consists of the following:
	'call' operation (/home/parallels/Documents/vivado_projects/BNN-PYNQ/bnn/src/library/finn-hlslib/dma.h:174->/home/parallels/Documents/vivado_projects/BNN-PYNQ/bnn/src/network/cnvW1A1/hw/top.cpp:167) to 'Mem2Stream.1' [36]  (3.44 ns)

 <State 4>: 0ns
The critical path consists of the following:

 <State 5>: 3.44ns
The critical path consists of the following:
	'call' operation (/home/parallels/Documents/vivado_projects/BNN-PYNQ/bnn/src/library/finn-hlslib/dma.h:170->/home/parallels/Documents/vivado_projects/BNN-PYNQ/bnn/src/network/cnvW1A1/hw/top.cpp:167) to 'Mem2Stream' [41]  (3.44 ns)


============================================================
+ Verbose Summary: Binding
============================================================
N/A
* FSMD analyzer results:
  - Output states:
 - Input state : 
  - Chain level:
	State 1
	State 2
	State 3
	State 4
	State 5


============================================================
+ Verbose Summary: Datapath Resource usage 
============================================================
N/A
