

================================================================
== Vivado HLS Report for 'StreamingDataWidthCo_12'
================================================================
* Date:           Mon Mar  1 13:08:17 2021

* Version:        2018.2 (Build 2258646 on Thu Jun 14 20:25:20 MDT 2018)
* Project:        cnvW1A1-pynqZ1-Z2
* Solution:       sol1
* Product family: zynq
* Target device:  xc7z020clg400-1


================================================================
== Performance Estimates
================================================================
+ Timing (ns): 
    * Summary: 
    +--------+-------+----------+------------+
    |  Clock | Target| Estimated| Uncertainty|
    +--------+-------+----------+------------+
    |ap_clk  |   5.00|     5.723|        0.62|
    +--------+-------+----------+------------+

+ Latency (clock cycles): 
    * Summary: 
    +-----+-----+-----+-----+---------+
    |  Latency  |  Interval | Pipeline|
    | min | max | min | max |   Type  |
    +-----+-----+-----+-----+---------+
    |    ?|    ?|    ?|    ?|   none  |
    +-----+-----+-----+-----+---------+

    + Detail: 
        * Instance: 
        N/A

        * Loop: 
        +----------+-----+-----+----------+-----------+-----------+------+----------+
        |          |  Latency  | Iteration|  Initiation Interval  | Trip |          |
        | Loop Name| min | max |  Latency |  achieved |   target  | Count| Pipelined|
        +----------+-----+-----+----------+-----------+-----------+------+----------+
        |- Loop 1  |    ?|    ?|         3|          1|          1|     ?|    yes   |
        +----------+-----+-----+----------+-----------+-----------+------+----------+

============================================================
+ Verbose Summary: Synthesis Manager
============================================================
InlineROM: 1
ExposeGlobal: 0
============================================================
+ Verbose Summary: CDFG Model
============================================================
IsTopModel: 0
ResetActiveHigh: 1
IsCombinational: 2
IsDatapathOnly: 0
HasWiredReturn: 1
HasMFsm: 0
HasVarLatency: 1
IsPipeline: 0
IsRtlPipelined: 0
IsInstanceOverlapped: 0
IsDontTouch: 0
HasImplIP: 0
IsGatedGlobalClock: 0

+ Individual pipeline summary: 
  * Pipeline-0: initiation interval (II) = 1, depth = 3


============================================================
+ Verbose Summary: Schedule
============================================================
* Number of FSM states : 5
* Pipeline : 1
  Pipeline-0 : II = 1, D = 3, States = { 2 3 4 }
* Dataflow Pipeline: 0

* FSM state transitions: 
1 --> 
	2  / true
2 --> 
	5  / (exitcond_i)
	3  / (!exitcond_i)
3 --> 
	4  / true
4 --> 
	2  / true
5 --> 

* FSM state operations: 

State 1 <SV = 0> <Delay = 4.37>
ST_1 : Operation 6 [1/1] (0.00ns)   --->   "call void (...)* @_ssdm_op_SpecInterface(i24* %out_V_V, [8 x i8]* @ap_fifo_str, i32 0, i32 0, [1 x i8]* @p_str, i32 0, i32 0, [1 x i8]* @p_str, [1 x i8]* @p_str, [1 x i8]* @p_str, i32 2, i32 2, i32 16, i32 16, [1 x i8]* @p_str, [1 x i8]* @p_str)"   --->   Operation 6 'specinterface' <Predicate = true> <Delay = 0.00>
ST_1 : Operation 7 [1/1] (0.00ns)   --->   "call void (...)* @_ssdm_op_SpecInterface(i192* %in_V_V, [8 x i8]* @ap_fifo_str, i32 0, i32 0, [1 x i8]* @p_str, i32 0, i32 0, [1 x i8]* @p_str, [1 x i8]* @p_str, [1 x i8]* @p_str, i32 2, i32 2, i32 16, i32 16, [1 x i8]* @p_str, [1 x i8]* @p_str)"   --->   Operation 7 'specinterface' <Predicate = true> <Delay = 0.00>
ST_1 : Operation 8 [1/1] (0.00ns)   --->   "call void (...)* @_ssdm_op_SpecInterface(i32* %numReps, [8 x i8]* @ap_fifo_str, i32 0, i32 0, [1 x i8]* @p_str, i32 0, i32 0, [1 x i8]* @p_str, [1 x i8]* @p_str, [1 x i8]* @p_str, i32 2, i32 2, i32 16, i32 16, [1 x i8]* @p_str, [1 x i8]* @p_str)"   --->   Operation 8 'specinterface' <Predicate = true> <Delay = 0.00>
ST_1 : Operation 9 [1/1] (2.18ns)   --->   "%numReps_read = call i32 @_ssdm_op_Read.ap_fifo.i32P(i32* %numReps)"   --->   Operation 9 'read' 'numReps_read' <Predicate = true> <Delay = 2.18> <Core = "FIFO">   --->   Core 32 'FIFO' <Latency = 0> <II = 1> <Delay = 3.63> <Storage> <Opcode : 'read' 'write' 'nbread' 'nbwrite'> <Ports = 0> <Width = 32> <Depth = 2> <FIFO>
ST_1 : Operation 10 [1/1] (0.00ns)   --->   "call void (...)* @_ssdm_op_SpecInterface(i32* %numReps_out, [8 x i8]* @ap_fifo_str, i32 0, i32 0, [1 x i8]* @p_str, i32 0, i32 0, [1 x i8]* @p_str, [1 x i8]* @p_str, [1 x i8]* @p_str, i32 2, i32 2, i32 16, i32 16, [1 x i8]* @p_str, [1 x i8]* @p_str)"   --->   Operation 10 'specinterface' <Predicate = true> <Delay = 0.00>
ST_1 : Operation 11 [1/1] (2.18ns)   --->   "call void @_ssdm_op_Write.ap_fifo.i32P(i32* %numReps_out, i32 %numReps_read)"   --->   Operation 11 'write' <Predicate = true> <Delay = 2.18> <Core = "FIFO">   --->   Core 32 'FIFO' <Latency = 0> <II = 1> <Delay = 3.63> <Storage> <Opcode : 'read' 'write' 'nbread' 'nbwrite'> <Ports = 0> <Width = 32> <Depth = 2> <FIFO>
ST_1 : Operation 12 [1/1] (0.00ns)   --->   "%tmp = shl i32 %numReps_read, 10" [/home/parallels/Documents/vivado_projects/BNN-PYNQ/bnn/src/library/finn-hlslib/streamtools.h:268]   --->   Operation 12 'shl' 'tmp' <Predicate = true> <Delay = 0.00>
ST_1 : Operation 13 [1/1] (1.76ns)   --->   "br label %0" [/home/parallels/Documents/vivado_projects/BNN-PYNQ/bnn/src/library/finn-hlslib/streamtools.h:268]   --->   Operation 13 'br' <Predicate = true> <Delay = 1.76>

State 2 <SV = 1> <Delay = 5.72>
ST_2 : Operation 14 [1/1] (0.00ns)   --->   "%p_7_i = phi i168 [ 0, %entry ], [ %r_V_cast_i, %._crit_edge.i ]" [/home/parallels/Documents/vivado_projects/BNN-PYNQ/bnn/src/library/finn-hlslib/streamtools.h:278]   --->   Operation 14 'phi' 'p_7_i' <Predicate = true> <Delay = 0.00>
ST_2 : Operation 15 [1/1] (0.00ns)   --->   "%o_i = phi i32 [ 0, %entry ], [ %p_i, %._crit_edge.i ]" [/home/parallels/Documents/vivado_projects/BNN-PYNQ/bnn/src/library/finn-hlslib/streamtools.h:282]   --->   Operation 15 'phi' 'o_i' <Predicate = true> <Delay = 0.00>
ST_2 : Operation 16 [1/1] (0.00ns)   --->   "%t_i = phi i32 [ 0, %entry ], [ %t, %._crit_edge.i ]"   --->   Operation 16 'phi' 't_i' <Predicate = true> <Delay = 0.00>
ST_2 : Operation 17 [1/1] (2.47ns)   --->   "%exitcond_i = icmp eq i32 %t_i, %tmp" [/home/parallels/Documents/vivado_projects/BNN-PYNQ/bnn/src/library/finn-hlslib/streamtools.h:268]   --->   Operation 17 'icmp' 'exitcond_i' <Predicate = true> <Delay = 2.47> <Core = "Cmp">   --->   Core 25 'Cmp' <Latency = 0> <II = 1> <Delay = 2.47> <FuncUnit> <Opcode : 'icmp'> <InPorts = 2> <OutPorts = 1>
ST_2 : Operation 18 [1/1] (2.55ns)   --->   "%t = add i32 %t_i, 1" [/home/parallels/Documents/vivado_projects/BNN-PYNQ/bnn/src/library/finn-hlslib/streamtools.h:268]   --->   Operation 18 'add' 't' <Predicate = true> <Delay = 2.55> <Core = "AddSub">   --->   Core 14 'AddSub' <Latency = 0> <II = 1> <Delay = 2.55> <FuncUnit> <Opcode : 'add' 'sub'> <InPorts = 2> <OutPorts = 1>
ST_2 : Operation 19 [1/1] (0.00ns)   --->   "br i1 %exitcond_i, label %.exit, label %1" [/home/parallels/Documents/vivado_projects/BNN-PYNQ/bnn/src/library/finn-hlslib/streamtools.h:268]   --->   Operation 19 'br' <Predicate = true> <Delay = 0.00>
ST_2 : Operation 20 [1/1] (2.47ns)   --->   "%tmp_i = icmp eq i32 %o_i, 0" [/home/parallels/Documents/vivado_projects/BNN-PYNQ/bnn/src/library/finn-hlslib/streamtools.h:271]   --->   Operation 20 'icmp' 'tmp_i' <Predicate = (!exitcond_i)> <Delay = 2.47> <Core = "Cmp">   --->   Core 25 'Cmp' <Latency = 0> <II = 1> <Delay = 2.47> <FuncUnit> <Opcode : 'icmp'> <InPorts = 2> <OutPorts = 1>
ST_2 : Operation 21 [1/1] (2.55ns)   --->   "%o = add i32 1, %o_i" [/home/parallels/Documents/vivado_projects/BNN-PYNQ/bnn/src/library/finn-hlslib/streamtools.h:280]   --->   Operation 21 'add' 'o' <Predicate = (!exitcond_i)> <Delay = 2.55> <Core = "AddSub">   --->   Core 14 'AddSub' <Latency = 0> <II = 1> <Delay = 2.55> <FuncUnit> <Opcode : 'add' 'sub'> <InPorts = 2> <OutPorts = 1>
ST_2 : Operation 22 [1/1] (2.47ns)   --->   "%tmp_10_i = icmp eq i32 %o, 8" [/home/parallels/Documents/vivado_projects/BNN-PYNQ/bnn/src/library/finn-hlslib/streamtools.h:282]   --->   Operation 22 'icmp' 'tmp_10_i' <Predicate = (!exitcond_i)> <Delay = 2.47> <Core = "Cmp">   --->   Core 25 'Cmp' <Latency = 0> <II = 1> <Delay = 2.47> <FuncUnit> <Opcode : 'icmp'> <InPorts = 2> <OutPorts = 1>
ST_2 : Operation 23 [1/1] (0.69ns)   --->   "%p_i = select i1 %tmp_10_i, i32 0, i32 %o" [/home/parallels/Documents/vivado_projects/BNN-PYNQ/bnn/src/library/finn-hlslib/streamtools.h:282]   --->   Operation 23 'select' 'p_i' <Predicate = (!exitcond_i)> <Delay = 0.69> <Core = "Sel">   --->   Core 26 'Sel' <Latency = 0> <II = 1> <Delay = 0.69> <FuncUnit> <Opcode : 'select'> <InPorts = 3> <OutPorts = 1>

State 3 <SV = 2> <Delay = 2.18>
ST_3 : Operation 24 [1/1] (2.18ns)   --->   "%tmp_V_19 = call i192 @_ssdm_op_Read.ap_fifo.volatile.i192P(i192* %in_V_V)" [/home/parallels/Documents/vivado_projects/BNN-PYNQ/bnn/src/library/finn-hlslib/streamtools.h:272]   --->   Operation 24 'read' 'tmp_V_19' <Predicate = (!exitcond_i & tmp_i)> <Delay = 2.18> <Core = "FIFO">   --->   Core 32 'FIFO' <Latency = 0> <II = 1> <Delay = 3.63> <Storage> <Opcode : 'read' 'write' 'nbread' 'nbwrite'> <Ports = 0> <Width = 32> <Depth = 2> <FIFO>
ST_3 : Operation 25 [1/1] (1.76ns)   --->   "br label %._crit_edge.i" [/home/parallels/Documents/vivado_projects/BNN-PYNQ/bnn/src/library/finn-hlslib/streamtools.h:273]   --->   Operation 25 'br' <Predicate = (!exitcond_i & tmp_i)> <Delay = 1.76>

State 4 <SV = 3> <Delay = 3.95>
ST_4 : Operation 26 [1/1] (0.00ns)   --->   "%p_7_cast_i = zext i168 %p_7_i to i192" [/home/parallels/Documents/vivado_projects/BNN-PYNQ/bnn/src/library/finn-hlslib/streamtools.h:268]   --->   Operation 26 'zext' 'p_7_cast_i' <Predicate = (!exitcond_i)> <Delay = 0.00>
ST_4 : Operation 27 [1/1] (0.00ns)   --->   "%tmp_16_i = call i32 (...)* @_ssdm_op_SpecRegionBegin([12 x i8]* @p_str138)" [/home/parallels/Documents/vivado_projects/BNN-PYNQ/bnn/src/library/finn-hlslib/streamtools.h:268]   --->   Operation 27 'specregionbegin' 'tmp_16_i' <Predicate = (!exitcond_i)> <Delay = 0.00>
ST_4 : Operation 28 [1/1] (0.00ns)   --->   "call void (...)* @_ssdm_op_SpecPipeline(i32 1, i32 1, i32 1, i32 0, [1 x i8]* @p_str) nounwind" [/home/parallels/Documents/vivado_projects/BNN-PYNQ/bnn/src/library/finn-hlslib/streamtools.h:269]   --->   Operation 28 'specpipeline' <Predicate = (!exitcond_i)> <Delay = 0.00>
ST_4 : Operation 29 [1/1] (1.76ns)   --->   "br i1 %tmp_i, label %2, label %._crit_edge.i" [/home/parallels/Documents/vivado_projects/BNN-PYNQ/bnn/src/library/finn-hlslib/streamtools.h:271]   --->   Operation 29 'br' <Predicate = (!exitcond_i)> <Delay = 1.76>
ST_4 : Operation 30 [1/1] (0.00ns)   --->   "%p_Val2_s = phi i192 [ %tmp_V_19, %2 ], [ %p_7_cast_i, %1 ]"   --->   Operation 30 'phi' 'p_Val2_s' <Predicate = (!exitcond_i)> <Delay = 0.00>
ST_4 : Operation 31 [1/1] (0.00ns)   --->   "%eo_V = trunc i192 %p_Val2_s to i24" [/home/parallels/Documents/vivado_projects/BNN-PYNQ/bnn/src/library/finn-hlslib/streamtools.h:275]   --->   Operation 31 'trunc' 'eo_V' <Predicate = (!exitcond_i)> <Delay = 0.00>
ST_4 : Operation 32 [1/1] (2.18ns)   --->   "call void @_ssdm_op_Write.ap_fifo.volatile.i24P(i24* %out_V_V, i24 %eo_V)" [/home/parallels/Documents/vivado_projects/BNN-PYNQ/bnn/src/library/finn-hlslib/streamtools.h:276]   --->   Operation 32 'write' <Predicate = (!exitcond_i)> <Delay = 2.18> <Core = "FIFO">   --->   Core 32 'FIFO' <Latency = 0> <II = 1> <Delay = 3.63> <Storage> <Opcode : 'read' 'write' 'nbread' 'nbwrite'> <Ports = 0> <Width = 32> <Depth = 2> <FIFO>
ST_4 : Operation 33 [1/1] (0.00ns)   --->   "%r_V_cast_i = call i168 @_ssdm_op_PartSelect.i168.i192.i32.i32(i192 %p_Val2_s, i32 24, i32 191)" [/home/parallels/Documents/vivado_projects/BNN-PYNQ/bnn/src/library/finn-hlslib/streamtools.h:278]   --->   Operation 33 'partselect' 'r_V_cast_i' <Predicate = (!exitcond_i)> <Delay = 0.00>
ST_4 : Operation 34 [1/1] (0.00ns)   --->   "%empty = call i32 (...)* @_ssdm_op_SpecRegionEnd([12 x i8]* @p_str138, i32 %tmp_16_i)" [/home/parallels/Documents/vivado_projects/BNN-PYNQ/bnn/src/library/finn-hlslib/streamtools.h:285]   --->   Operation 34 'specregionend' 'empty' <Predicate = (!exitcond_i)> <Delay = 0.00>
ST_4 : Operation 35 [1/1] (0.00ns)   --->   "br label %0" [/home/parallels/Documents/vivado_projects/BNN-PYNQ/bnn/src/library/finn-hlslib/streamtools.h:268]   --->   Operation 35 'br' <Predicate = (!exitcond_i)> <Delay = 0.00>

State 5 <SV = 2> <Delay = 0.00>
ST_5 : Operation 36 [1/1] (0.00ns)   --->   "ret void"   --->   Operation 36 'ret' <Predicate = true> <Delay = 0.00>


============================================================
+ Verbose Summary: Binding
============================================================
STG Binding: 
---------------- STG Properties BEGIN ----------------
- Is combinational: 0
- Is one-state seq: 0
- Is datapath-only: 0
- Is pipelined: 0
- Is top level: 0
Port [ Return ] is wired: 1; IO mode=ap_ctrl_hs:ce=0
Port [ in_V_V]:  wired=1; compound=1; hidden=0; nouse=0; global=0; static=0; extern=0; dir=0; type=3; pingpong=0; private_global=0; IO mode=ap_fifo:ce=0
Port [ out_V_V]:  wired=1; compound=1; hidden=0; nouse=0; global=0; static=0; extern=0; dir=1; type=3; pingpong=0; private_global=0; IO mode=ap_fifo:ce=0
Port [ numReps]:  wired=1; compound=1; hidden=0; nouse=0; global=0; static=0; extern=0; dir=0; type=3; pingpong=0; private_global=0; IO mode=ap_fifo:ce=0
Port [ numReps_out]:  wired=1; compound=1; hidden=0; nouse=0; global=0; static=0; extern=0; dir=1; type=3; pingpong=0; private_global=0; IO mode=ap_fifo:ce=0
---------------- STG Properties END ------------------

---------------- Datapath Model BEGIN ----------------

<LifeTime>
<method=bitvector/>
StgValue_6   (specinterface  ) [ 000000]
StgValue_7   (specinterface  ) [ 000000]
StgValue_8   (specinterface  ) [ 000000]
numReps_read (read           ) [ 000000]
StgValue_10  (specinterface  ) [ 000000]
StgValue_11  (write          ) [ 000000]
tmp          (shl            ) [ 001110]
StgValue_13  (br             ) [ 011110]
p_7_i        (phi            ) [ 001110]
o_i          (phi            ) [ 001000]
t_i          (phi            ) [ 001000]
exitcond_i   (icmp           ) [ 001110]
t            (add            ) [ 011110]
StgValue_19  (br             ) [ 000000]
tmp_i        (icmp           ) [ 001110]
o            (add            ) [ 000000]
tmp_10_i     (icmp           ) [ 000000]
p_i          (select         ) [ 011110]
tmp_V_19     (read           ) [ 001110]
StgValue_25  (br             ) [ 001110]
p_7_cast_i   (zext           ) [ 000000]
tmp_16_i     (specregionbegin) [ 000000]
StgValue_28  (specpipeline   ) [ 000000]
StgValue_29  (br             ) [ 000000]
p_Val2_s     (phi            ) [ 001010]
eo_V         (trunc          ) [ 000000]
StgValue_32  (write          ) [ 000000]
r_V_cast_i   (partselect     ) [ 011110]
empty        (specregionend  ) [ 000000]
StgValue_35  (br             ) [ 011110]
StgValue_36  (ret            ) [ 000000]
</LifeTime>

<model>

<comp_list>
<comp id="0" class="1000" name="in_V_V">
<pin_list>
<pin id="1" dir="1" index="0" bw="1" slack="0"/>
</pin_list>
<bind>
<StgValue><ssdm name="in_V_V"/></StgValue>
</bind>
</comp>

<comp id="2" class="1000" name="out_V_V">
<pin_list>
<pin id="3" dir="1" index="0" bw="1" slack="0"/>
</pin_list>
<bind>
<StgValue><ssdm name="out_V_V"/></StgValue>
</bind>
</comp>

<comp id="4" class="1000" name="numReps">
<pin_list>
<pin id="5" dir="1" index="0" bw="1" slack="0"/>
</pin_list>
<bind>
<StgValue><ssdm name="numReps"/></StgValue>
</bind>
</comp>

<comp id="6" class="1000" name="numReps_out">
<pin_list>
<pin id="7" dir="1" index="0" bw="1" slack="0"/>
</pin_list>
<bind>
<StgValue><ssdm name="numReps_out"/></StgValue>
</bind>
</comp>

<comp id="8" class="1001" name="const_8">
<pin_list>
<pin id="9" dir="1" index="0" bw="1" slack="2147483647"/>
</pin_list>
<bind>
<StgValue><ssdm name="_ssdm_op_SpecInterface"/></StgValue>
</bind>
</comp>

<comp id="10" class="1001" name="const_10">
<pin_list>
<pin id="11" dir="1" index="0" bw="1" slack="2147483647"/>
</pin_list>
<bind>
<StgValue><ssdm name="ap_fifo_str"/></StgValue>
</bind>
</comp>

<comp id="12" class="1001" name="const_12">
<pin_list>
<pin id="13" dir="1" index="0" bw="1" slack="0"/>
</pin_list>
<bind>
<StgValue><ssdm name=""/></StgValue>
</bind>
</comp>

<comp id="14" class="1001" name="const_14">
<pin_list>
<pin id="15" dir="1" index="0" bw="1" slack="2147483647"/>
</pin_list>
<bind>
<StgValue><ssdm name="p_str"/></StgValue>
</bind>
</comp>

<comp id="16" class="1001" name="const_16">
<pin_list>
<pin id="17" dir="1" index="0" bw="1" slack="2147483647"/>
</pin_list>
<bind>
<StgValue><ssdm name=""/></StgValue>
</bind>
</comp>

<comp id="18" class="1001" name="const_18">
<pin_list>
<pin id="19" dir="1" index="0" bw="1" slack="2147483647"/>
</pin_list>
<bind>
<StgValue><ssdm name=""/></StgValue>
</bind>
</comp>

<comp id="20" class="1001" name="const_20">
<pin_list>
<pin id="21" dir="1" index="0" bw="1" slack="0"/>
</pin_list>
<bind>
<StgValue><ssdm name="_ssdm_op_Read.ap_fifo.i32P"/></StgValue>
</bind>
</comp>

<comp id="22" class="1001" name="const_22">
<pin_list>
<pin id="23" dir="1" index="0" bw="1" slack="0"/>
</pin_list>
<bind>
<StgValue><ssdm name="_ssdm_op_Write.ap_fifo.i32P"/></StgValue>
</bind>
</comp>

<comp id="24" class="1001" name="const_24">
<pin_list>
<pin id="25" dir="1" index="0" bw="1" slack="0"/>
</pin_list>
<bind>
<StgValue><ssdm name=""/></StgValue>
</bind>
</comp>

<comp id="26" class="1001" name="const_26">
<pin_list>
<pin id="27" dir="1" index="0" bw="1" slack="1"/>
</pin_list>
<bind>
<StgValue><ssdm name=""/></StgValue>
</bind>
</comp>

<comp id="28" class="1001" name="const_28">
<pin_list>
<pin id="29" dir="1" index="0" bw="1" slack="0"/>
</pin_list>
<bind>
<StgValue><ssdm name=""/></StgValue>
</bind>
</comp>

<comp id="30" class="1001" name="const_30">
<pin_list>
<pin id="31" dir="1" index="0" bw="1" slack="0"/>
</pin_list>
<bind>
<StgValue><ssdm name=""/></StgValue>
</bind>
</comp>

<comp id="32" class="1001" name="const_32">
<pin_list>
<pin id="33" dir="1" index="0" bw="1" slack="0"/>
</pin_list>
<bind>
<StgValue><ssdm name="_ssdm_op_Read.ap_fifo.volatile.i192P"/></StgValue>
</bind>
</comp>

<comp id="34" class="1001" name="const_34">
<pin_list>
<pin id="35" dir="1" index="0" bw="1" slack="2147483647"/>
</pin_list>
<bind>
<StgValue><ssdm name="_ssdm_op_SpecRegionBegin"/></StgValue>
</bind>
</comp>

<comp id="36" class="1001" name="const_36">
<pin_list>
<pin id="37" dir="1" index="0" bw="1" slack="2147483647"/>
</pin_list>
<bind>
<StgValue><ssdm name="p_str138"/></StgValue>
</bind>
</comp>

<comp id="38" class="1001" name="const_38">
<pin_list>
<pin id="39" dir="1" index="0" bw="1" slack="2147483647"/>
</pin_list>
<bind>
<StgValue><ssdm name="_ssdm_op_SpecPipeline"/></StgValue>
</bind>
</comp>

<comp id="40" class="1001" name="const_40">
<pin_list>
<pin id="41" dir="1" index="0" bw="1" slack="0"/>
</pin_list>
<bind>
<StgValue><ssdm name="_ssdm_op_Write.ap_fifo.volatile.i24P"/></StgValue>
</bind>
</comp>

<comp id="42" class="1001" name="const_42">
<pin_list>
<pin id="43" dir="1" index="0" bw="1" slack="0"/>
</pin_list>
<bind>
<StgValue><ssdm name="_ssdm_op_PartSelect.i168.i192.i32.i32"/></StgValue>
</bind>
</comp>

<comp id="44" class="1001" name="const_44">
<pin_list>
<pin id="45" dir="1" index="0" bw="1" slack="0"/>
</pin_list>
<bind>
<StgValue><ssdm name=""/></StgValue>
</bind>
</comp>

<comp id="46" class="1001" name="const_46">
<pin_list>
<pin id="47" dir="1" index="0" bw="1" slack="0"/>
</pin_list>
<bind>
<StgValue><ssdm name=""/></StgValue>
</bind>
</comp>

<comp id="48" class="1001" name="const_48">
<pin_list>
<pin id="49" dir="1" index="0" bw="1" slack="2147483647"/>
</pin_list>
<bind>
<StgValue><ssdm name="_ssdm_op_SpecRegionEnd"/></StgValue>
</bind>
</comp>

<comp id="50" class="1004" name="numReps_read_read_fu_50">
<pin_list>
<pin id="51" dir="0" index="0" bw="32" slack="0"/>
<pin id="52" dir="0" index="1" bw="32" slack="0"/>
<pin id="53" dir="1" index="2" bw="32" slack="0"/>
</pin_list>
<bind>
<opcode="read(1150) " fcode="read"/>
<opset="numReps_read/1 "/>
</bind>
</comp>

<comp id="56" class="1004" name="StgValue_11_write_fu_56">
<pin_list>
<pin id="57" dir="0" index="0" bw="0" slack="0"/>
<pin id="58" dir="0" index="1" bw="32" slack="0"/>
<pin id="59" dir="0" index="2" bw="32" slack="0"/>
<pin id="60" dir="1" index="3" bw="0" slack="2147483647"/>
</pin_list>
<bind>
<opcode="write(1151) " fcode="write"/>
<opset="StgValue_11/1 "/>
</bind>
</comp>

<comp id="64" class="1004" name="tmp_V_19_read_fu_64">
<pin_list>
<pin id="65" dir="0" index="0" bw="192" slack="0"/>
<pin id="66" dir="0" index="1" bw="192" slack="0"/>
<pin id="67" dir="1" index="2" bw="192" slack="1"/>
</pin_list>
<bind>
<opcode="read(1150) " fcode="read"/>
<opset="tmp_V_19/3 "/>
</bind>
</comp>

<comp id="70" class="1004" name="StgValue_32_write_fu_70">
<pin_list>
<pin id="71" dir="0" index="0" bw="0" slack="0"/>
<pin id="72" dir="0" index="1" bw="24" slack="0"/>
<pin id="73" dir="0" index="2" bw="24" slack="0"/>
<pin id="74" dir="1" index="3" bw="0" slack="2147483647"/>
</pin_list>
<bind>
<opcode="write(1151) " fcode="write"/>
<opset="StgValue_32/4 "/>
</bind>
</comp>

<comp id="77" class="1005" name="p_7_i_reg_77">
<pin_list>
<pin id="78" dir="0" index="0" bw="168" slack="1"/>
<pin id="79" dir="1" index="1" bw="168" slack="1"/>
</pin_list>
<bind>
<opset="p_7_i (phireg) "/>
</bind>
</comp>

<comp id="81" class="1004" name="p_7_i_phi_fu_81">
<pin_list>
<pin id="82" dir="0" index="0" bw="1" slack="1"/>
<pin id="83" dir="0" index="1" bw="0" slack="2147483647"/>
<pin id="84" dir="0" index="2" bw="168" slack="1"/>
<pin id="85" dir="0" index="3" bw="0" slack="2147483647"/>
<pin id="86" dir="1" index="4" bw="168" slack="2"/>
</pin_list>
<bind>
<opcode="phi(47) " fcode="phi"/>
<opset="p_7_i/2 "/>
</bind>
</comp>

<comp id="89" class="1005" name="o_i_reg_89">
<pin_list>
<pin id="90" dir="0" index="0" bw="32" slack="1"/>
<pin id="91" dir="1" index="1" bw="32" slack="1"/>
</pin_list>
<bind>
<opset="o_i (phireg) "/>
</bind>
</comp>

<comp id="93" class="1004" name="o_i_phi_fu_93">
<pin_list>
<pin id="94" dir="0" index="0" bw="1" slack="1"/>
<pin id="95" dir="0" index="1" bw="0" slack="2147483647"/>
<pin id="96" dir="0" index="2" bw="32" slack="0"/>
<pin id="97" dir="0" index="3" bw="0" slack="2147483647"/>
<pin id="98" dir="1" index="4" bw="32" slack="0"/>
</pin_list>
<bind>
<opcode="phi(47) " fcode="phi"/>
<opset="o_i/2 "/>
</bind>
</comp>

<comp id="100" class="1005" name="t_i_reg_100">
<pin_list>
<pin id="101" dir="0" index="0" bw="32" slack="1"/>
<pin id="102" dir="1" index="1" bw="32" slack="1"/>
</pin_list>
<bind>
<opset="t_i (phireg) "/>
</bind>
</comp>

<comp id="104" class="1004" name="t_i_phi_fu_104">
<pin_list>
<pin id="105" dir="0" index="0" bw="1" slack="1"/>
<pin id="106" dir="0" index="1" bw="0" slack="2147483647"/>
<pin id="107" dir="0" index="2" bw="32" slack="0"/>
<pin id="108" dir="0" index="3" bw="0" slack="2147483647"/>
<pin id="109" dir="1" index="4" bw="32" slack="0"/>
</pin_list>
<bind>
<opcode="phi(47) " fcode="phi"/>
<opset="t_i/2 "/>
</bind>
</comp>

<comp id="111" class="1005" name="p_Val2_s_reg_111">
<pin_list>
<pin id="112" dir="0" index="0" bw="192" slack="2147483647"/>
<pin id="113" dir="1" index="1" bw="192" slack="2147483647"/>
</pin_list>
<bind>
<opset="p_Val2_s (phireg) "/>
</bind>
</comp>

<comp id="114" class="1004" name="p_Val2_s_phi_fu_114">
<pin_list>
<pin id="115" dir="0" index="0" bw="192" slack="1"/>
<pin id="116" dir="0" index="1" bw="0" slack="2147483647"/>
<pin id="117" dir="0" index="2" bw="168" slack="0"/>
<pin id="118" dir="0" index="3" bw="0" slack="2147483647"/>
<pin id="119" dir="1" index="4" bw="192" slack="0"/>
</pin_list>
<bind>
<opcode="phi(47) " fcode="phi"/>
<opset="p_Val2_s/4 "/>
</bind>
</comp>

<comp id="120" class="1004" name="tmp_fu_120">
<pin_list>
<pin id="121" dir="0" index="0" bw="32" slack="0"/>
<pin id="122" dir="0" index="1" bw="5" slack="0"/>
<pin id="123" dir="1" index="2" bw="32" slack="1"/>
</pin_list>
<bind>
<opcode="shl(20) " fcode="shl"/>
<opset="tmp/1 "/>
</bind>
</comp>

<comp id="126" class="1004" name="exitcond_i_fu_126">
<pin_list>
<pin id="127" dir="0" index="0" bw="32" slack="0"/>
<pin id="128" dir="0" index="1" bw="32" slack="1"/>
<pin id="129" dir="1" index="2" bw="1" slack="1"/>
</pin_list>
<bind>
<opcode="icmp(45) " fcode="icmp"/>
<opset="exitcond_i/2 "/>
</bind>
</comp>

<comp id="131" class="1004" name="t_fu_131">
<pin_list>
<pin id="132" dir="0" index="0" bw="32" slack="0"/>
<pin id="133" dir="0" index="1" bw="1" slack="0"/>
<pin id="134" dir="1" index="2" bw="32" slack="0"/>
</pin_list>
<bind>
<opcode="add(8) " fcode="add"/>
<opset="t/2 "/>
</bind>
</comp>

<comp id="137" class="1004" name="tmp_i_fu_137">
<pin_list>
<pin id="138" dir="0" index="0" bw="32" slack="0"/>
<pin id="139" dir="0" index="1" bw="1" slack="0"/>
<pin id="140" dir="1" index="2" bw="1" slack="1"/>
</pin_list>
<bind>
<opcode="icmp(45) " fcode="icmp"/>
<opset="tmp_i/2 "/>
</bind>
</comp>

<comp id="143" class="1004" name="o_fu_143">
<pin_list>
<pin id="144" dir="0" index="0" bw="1" slack="0"/>
<pin id="145" dir="0" index="1" bw="32" slack="0"/>
<pin id="146" dir="1" index="2" bw="32" slack="0"/>
</pin_list>
<bind>
<opcode="add(8) " fcode="add"/>
<opset="o/2 "/>
</bind>
</comp>

<comp id="149" class="1004" name="tmp_10_i_fu_149">
<pin_list>
<pin id="150" dir="0" index="0" bw="32" slack="0"/>
<pin id="151" dir="0" index="1" bw="5" slack="0"/>
<pin id="152" dir="1" index="2" bw="1" slack="0"/>
</pin_list>
<bind>
<opcode="icmp(45) " fcode="icmp"/>
<opset="tmp_10_i/2 "/>
</bind>
</comp>

<comp id="155" class="1004" name="p_i_fu_155">
<pin_list>
<pin id="156" dir="0" index="0" bw="1" slack="0"/>
<pin id="157" dir="0" index="1" bw="1" slack="0"/>
<pin id="158" dir="0" index="2" bw="32" slack="0"/>
<pin id="159" dir="1" index="3" bw="32" slack="0"/>
</pin_list>
<bind>
<opcode="select(49) " fcode="select"/>
<opset="p_i/2 "/>
</bind>
</comp>

<comp id="163" class="1004" name="p_7_cast_i_fu_163">
<pin_list>
<pin id="164" dir="0" index="0" bw="168" slack="2"/>
<pin id="165" dir="1" index="1" bw="192" slack="0"/>
</pin_list>
<bind>
<opcode="zext(34) " fcode="zext"/>
<opset="p_7_cast_i/4 "/>
</bind>
</comp>

<comp id="168" class="1004" name="eo_V_fu_168">
<pin_list>
<pin id="169" dir="0" index="0" bw="192" slack="0"/>
<pin id="170" dir="1" index="1" bw="24" slack="0"/>
</pin_list>
<bind>
<opcode="trunc(33) " fcode="trunc"/>
<opset="eo_V/4 "/>
</bind>
</comp>

<comp id="173" class="1004" name="r_V_cast_i_fu_173">
<pin_list>
<pin id="174" dir="0" index="0" bw="168" slack="0"/>
<pin id="175" dir="0" index="1" bw="192" slack="0"/>
<pin id="176" dir="0" index="2" bw="6" slack="0"/>
<pin id="177" dir="0" index="3" bw="9" slack="0"/>
<pin id="178" dir="1" index="4" bw="168" slack="1"/>
</pin_list>
<bind>
<opcode="partselect(1002) " fcode="partselect"/>
<opset="r_V_cast_i/4 "/>
</bind>
</comp>

<comp id="183" class="1005" name="tmp_reg_183">
<pin_list>
<pin id="184" dir="0" index="0" bw="32" slack="1"/>
<pin id="185" dir="1" index="1" bw="32" slack="1"/>
</pin_list>
<bind>
<opset="tmp "/>
</bind>
</comp>

<comp id="188" class="1005" name="exitcond_i_reg_188">
<pin_list>
<pin id="189" dir="0" index="0" bw="1" slack="1"/>
<pin id="190" dir="1" index="1" bw="1" slack="2147483647"/>
</pin_list>
<bind>
<opset="exitcond_i "/>
</bind>
</comp>

<comp id="192" class="1005" name="t_reg_192">
<pin_list>
<pin id="193" dir="0" index="0" bw="32" slack="0"/>
<pin id="194" dir="1" index="1" bw="32" slack="0"/>
</pin_list>
<bind>
<opset="t "/>
</bind>
</comp>

<comp id="197" class="1005" name="tmp_i_reg_197">
<pin_list>
<pin id="198" dir="0" index="0" bw="1" slack="1"/>
<pin id="199" dir="1" index="1" bw="1" slack="2147483647"/>
</pin_list>
<bind>
<opset="tmp_i "/>
</bind>
</comp>

<comp id="201" class="1005" name="p_i_reg_201">
<pin_list>
<pin id="202" dir="0" index="0" bw="32" slack="0"/>
<pin id="203" dir="1" index="1" bw="32" slack="0"/>
</pin_list>
<bind>
<opset="p_i "/>
</bind>
</comp>

<comp id="206" class="1005" name="tmp_V_19_reg_206">
<pin_list>
<pin id="207" dir="0" index="0" bw="192" slack="1"/>
<pin id="208" dir="1" index="1" bw="192" slack="1"/>
</pin_list>
<bind>
<opset="tmp_V_19 "/>
</bind>
</comp>

<comp id="211" class="1005" name="r_V_cast_i_reg_211">
<pin_list>
<pin id="212" dir="0" index="0" bw="168" slack="1"/>
<pin id="213" dir="1" index="1" bw="168" slack="1"/>
</pin_list>
<bind>
<opset="r_V_cast_i "/>
</bind>
</comp>

</comp_list>

<net_list>
<net id="54"><net_src comp="20" pin="0"/><net_sink comp="50" pin=0"/></net>

<net id="55"><net_src comp="4" pin="0"/><net_sink comp="50" pin=1"/></net>

<net id="61"><net_src comp="22" pin="0"/><net_sink comp="56" pin=0"/></net>

<net id="62"><net_src comp="6" pin="0"/><net_sink comp="56" pin=1"/></net>

<net id="63"><net_src comp="50" pin="2"/><net_sink comp="56" pin=2"/></net>

<net id="68"><net_src comp="32" pin="0"/><net_sink comp="64" pin=0"/></net>

<net id="69"><net_src comp="0" pin="0"/><net_sink comp="64" pin=1"/></net>

<net id="75"><net_src comp="40" pin="0"/><net_sink comp="70" pin=0"/></net>

<net id="76"><net_src comp="2" pin="0"/><net_sink comp="70" pin=1"/></net>

<net id="80"><net_src comp="26" pin="0"/><net_sink comp="77" pin=0"/></net>

<net id="87"><net_src comp="77" pin="1"/><net_sink comp="81" pin=0"/></net>

<net id="88"><net_src comp="81" pin="4"/><net_sink comp="77" pin=0"/></net>

<net id="92"><net_src comp="12" pin="0"/><net_sink comp="89" pin=0"/></net>

<net id="99"><net_src comp="89" pin="1"/><net_sink comp="93" pin=0"/></net>

<net id="103"><net_src comp="12" pin="0"/><net_sink comp="100" pin=0"/></net>

<net id="110"><net_src comp="100" pin="1"/><net_sink comp="104" pin=0"/></net>

<net id="124"><net_src comp="50" pin="2"/><net_sink comp="120" pin=0"/></net>

<net id="125"><net_src comp="24" pin="0"/><net_sink comp="120" pin=1"/></net>

<net id="130"><net_src comp="104" pin="4"/><net_sink comp="126" pin=0"/></net>

<net id="135"><net_src comp="104" pin="4"/><net_sink comp="131" pin=0"/></net>

<net id="136"><net_src comp="28" pin="0"/><net_sink comp="131" pin=1"/></net>

<net id="141"><net_src comp="93" pin="4"/><net_sink comp="137" pin=0"/></net>

<net id="142"><net_src comp="12" pin="0"/><net_sink comp="137" pin=1"/></net>

<net id="147"><net_src comp="28" pin="0"/><net_sink comp="143" pin=0"/></net>

<net id="148"><net_src comp="93" pin="4"/><net_sink comp="143" pin=1"/></net>

<net id="153"><net_src comp="143" pin="2"/><net_sink comp="149" pin=0"/></net>

<net id="154"><net_src comp="30" pin="0"/><net_sink comp="149" pin=1"/></net>

<net id="160"><net_src comp="149" pin="2"/><net_sink comp="155" pin=0"/></net>

<net id="161"><net_src comp="12" pin="0"/><net_sink comp="155" pin=1"/></net>

<net id="162"><net_src comp="143" pin="2"/><net_sink comp="155" pin=2"/></net>

<net id="166"><net_src comp="77" pin="1"/><net_sink comp="163" pin=0"/></net>

<net id="167"><net_src comp="163" pin="1"/><net_sink comp="114" pin=2"/></net>

<net id="171"><net_src comp="114" pin="4"/><net_sink comp="168" pin=0"/></net>

<net id="172"><net_src comp="168" pin="1"/><net_sink comp="70" pin=2"/></net>

<net id="179"><net_src comp="42" pin="0"/><net_sink comp="173" pin=0"/></net>

<net id="180"><net_src comp="114" pin="4"/><net_sink comp="173" pin=1"/></net>

<net id="181"><net_src comp="44" pin="0"/><net_sink comp="173" pin=2"/></net>

<net id="182"><net_src comp="46" pin="0"/><net_sink comp="173" pin=3"/></net>

<net id="186"><net_src comp="120" pin="2"/><net_sink comp="183" pin=0"/></net>

<net id="187"><net_src comp="183" pin="1"/><net_sink comp="126" pin=1"/></net>

<net id="191"><net_src comp="126" pin="2"/><net_sink comp="188" pin=0"/></net>

<net id="195"><net_src comp="131" pin="2"/><net_sink comp="192" pin=0"/></net>

<net id="196"><net_src comp="192" pin="1"/><net_sink comp="104" pin=2"/></net>

<net id="200"><net_src comp="137" pin="2"/><net_sink comp="197" pin=0"/></net>

<net id="204"><net_src comp="155" pin="3"/><net_sink comp="201" pin=0"/></net>

<net id="205"><net_src comp="201" pin="1"/><net_sink comp="93" pin=2"/></net>

<net id="209"><net_src comp="64" pin="2"/><net_sink comp="206" pin=0"/></net>

<net id="210"><net_src comp="206" pin="1"/><net_sink comp="114" pin=0"/></net>

<net id="214"><net_src comp="173" pin="4"/><net_sink comp="211" pin=0"/></net>

<net id="215"><net_src comp="211" pin="1"/><net_sink comp="81" pin=2"/></net>

</net_list>

</model> 
---------------- Datapath Model END ------------------

* FSMD analyzer results:
  - Output states:
	Port: out_V_V | {4 }
	Port: numReps_out | {1 }
 - Input state : 
	Port: StreamingDataWidthCo.12 : in_V_V | {3 }
	Port: StreamingDataWidthCo.12 : numReps | {1 }
  - Chain level:
	State 1
	State 2
		exitcond_i : 1
		t : 1
		StgValue_19 : 2
		tmp_i : 1
		o : 1
		tmp_10_i : 2
		p_i : 3
	State 3
	State 4
		p_Val2_s : 1
		eo_V : 2
		StgValue_32 : 3
		r_V_cast_i : 2
		empty : 1
	State 5


============================================================
+ Verbose Summary: Datapath Resource usage 
============================================================

* Functional unit list:
|----------|-------------------------|---------|---------|
| Operation|     Functional Unit     |    FF   |   LUT   |
|----------|-------------------------|---------|---------|
|    add   |         t_fu_131        |    0    |    39   |
|          |         o_fu_143        |    0    |    39   |
|----------|-------------------------|---------|---------|
|          |    exitcond_i_fu_126    |    0    |    18   |
|   icmp   |       tmp_i_fu_137      |    0    |    18   |
|          |     tmp_10_i_fu_149     |    0    |    18   |
|----------|-------------------------|---------|---------|
|  select  |        p_i_fu_155       |    0    |    32   |
|----------|-------------------------|---------|---------|
|   read   | numReps_read_read_fu_50 |    0    |    0    |
|          |   tmp_V_19_read_fu_64   |    0    |    0    |
|----------|-------------------------|---------|---------|
|   write  | StgValue_11_write_fu_56 |    0    |    0    |
|          | StgValue_32_write_fu_70 |    0    |    0    |
|----------|-------------------------|---------|---------|
|    shl   |        tmp_fu_120       |    0    |    0    |
|----------|-------------------------|---------|---------|
|   zext   |    p_7_cast_i_fu_163    |    0    |    0    |
|----------|-------------------------|---------|---------|
|   trunc  |       eo_V_fu_168       |    0    |    0    |
|----------|-------------------------|---------|---------|
|partselect|    r_V_cast_i_fu_173    |    0    |    0    |
|----------|-------------------------|---------|---------|
|   Total  |                         |    0    |   164   |
|----------|-------------------------|---------|---------|

Memories:
N/A

* Register list:
+------------------+--------+
|                  |   FF   |
+------------------+--------+
|exitcond_i_reg_188|    1   |
|    o_i_reg_89    |   32   |
|   p_7_i_reg_77   |   168  |
| p_Val2_s_reg_111 |   192  |
|    p_i_reg_201   |   32   |
|r_V_cast_i_reg_211|   168  |
|    t_i_reg_100   |   32   |
|     t_reg_192    |   32   |
| tmp_V_19_reg_206 |   192  |
|   tmp_i_reg_197  |    1   |
|    tmp_reg_183   |   32   |
+------------------+--------+
|       Total      |   882  |
+------------------+--------+

* Multiplexer (MUX) list: 
|--------------|------|------|------|--------||---------||---------|
|     Comp     |  Pin | Size |  BW  | S x BW ||  Delay  ||   LUT   |
|--------------|------|------|------|--------||---------||---------|
| p_7_i_reg_77 |  p0  |   2  |  168 |   336  ||    9    |
|--------------|------|------|------|--------||---------||---------|
|     Total    |      |      |      |   336  ||  1.769  ||    9    |
|--------------|------|------|------|--------||---------||---------|



* Summary:
+-----------+--------+--------+--------+
|           |  Delay |   FF   |   LUT  |
+-----------+--------+--------+--------+
|  Function |    -   |    0   |   164  |
|   Memory  |    -   |    -   |    -   |
|Multiplexer|    1   |    -   |    9   |
|  Register |    -   |   882  |    -   |
+-----------+--------+--------+--------+
|   Total   |    1   |   882  |   173  |
+-----------+--------+--------+--------+
