

================================================================
== Vivado HLS Report for 'StreamingDataWidthCo_1'
================================================================
* Date:           Mon Mar  1 13:08:27 2021

* Version:        2018.2 (Build 2258646 on Thu Jun 14 20:25:20 MDT 2018)
* Project:        cnvW1A1-pynqZ1-Z2
* Solution:       sol1
* Product family: zynq
* Target device:  xc7z020clg400-1


================================================================
== Performance Estimates
================================================================
+ Timing (ns): 
    * Summary: 
    +--------+-------+----------+------------+
    |  Clock | Target| Estimated| Uncertainty|
    +--------+-------+----------+------------+
    |ap_clk  |   5.00|     5.723|        0.62|
    +--------+-------+----------+------------+

+ Latency (clock cycles): 
    * Summary: 
    +-----+-----+-----+-----+---------+
    |  Latency  |  Interval | Pipeline|
    | min | max | min | max |   Type  |
    +-----+-----+-----+-----+---------+
    |    ?|    ?|    ?|    ?|   none  |
    +-----+-----+-----+-----+---------+

    + Detail: 
        * Instance: 
        N/A

        * Loop: 
        +----------+-----+-----+----------+-----------+-----------+------+----------+
        |          |  Latency  | Iteration|  Initiation Interval  | Trip |          |
        | Loop Name| min | max |  Latency |  achieved |   target  | Count| Pipelined|
        +----------+-----+-----+----------+-----------+-----------+------+----------+
        |- Loop 1  |    ?|    ?|         3|          1|          1|     ?|    yes   |
        +----------+-----+-----+----------+-----------+-----------+------+----------+

============================================================
+ Verbose Summary: Synthesis Manager
============================================================
InlineROM: 1
ExposeGlobal: 0
============================================================
+ Verbose Summary: CDFG Model
============================================================
IsTopModel: 0
ResetActiveHigh: 1
IsCombinational: 2
IsDatapathOnly: 0
HasWiredReturn: 1
HasMFsm: 0
HasVarLatency: 1
IsPipeline: 0
IsRtlPipelined: 0
IsInstanceOverlapped: 0
IsDontTouch: 0
HasImplIP: 0
IsGatedGlobalClock: 0

+ Individual pipeline summary: 
  * Pipeline-0: initiation interval (II) = 1, depth = 3


============================================================
+ Verbose Summary: Schedule
============================================================
* Number of FSM states : 10
* Pipeline : 1
  Pipeline-0 : II = 1, D = 3, States = { 7 8 9 }
* Dataflow Pipeline: 0

* FSM state transitions: 
1 --> 
	2  / true
2 --> 
	3  / true
3 --> 
	4  / true
4 --> 
	5  / true
5 --> 
	6  / true
6 --> 
	7  / true
7 --> 
	10  / (exitcond_i)
	8  / (!exitcond_i)
8 --> 
	9  / true
9 --> 
	7  / true
10 --> 

* FSM state operations: 

State 1 <SV = 0> <Delay = 4.37>
ST_1 : Operation 11 [1/1] (2.18ns)   --->   "%numReps_read = call i32 @_ssdm_op_Read.ap_fifo.i32P(i32* %numReps)"   --->   Operation 11 'read' 'numReps_read' <Predicate = true> <Delay = 2.18> <Core = "FIFO">   --->   Core 32 'FIFO' <Latency = 0> <II = 1> <Delay = 3.63> <Storage> <Opcode : 'read' 'write' 'nbread' 'nbwrite'> <Ports = 0> <Width = 32> <Depth = 2> <FIFO>
ST_1 : Operation 12 [1/1] (2.18ns)   --->   "call void @_ssdm_op_Write.ap_fifo.i32P(i32* %numReps_out, i32 %numReps_read)"   --->   Operation 12 'write' <Predicate = true> <Delay = 2.18> <Core = "FIFO">   --->   Core 32 'FIFO' <Latency = 0> <II = 1> <Delay = 3.63> <Storage> <Opcode : 'read' 'write' 'nbread' 'nbwrite'> <Ports = 0> <Width = 32> <Depth = 2> <FIFO>

State 2 <SV = 1> <Delay = 3.95>
ST_2 : Operation 13 [5/5] (3.95ns)   --->   "%totalIters = mul i32 %numReps_read, 1800" [/home/parallels/Documents/vivado_projects/BNN-PYNQ/bnn/src/library/finn-hlslib/streamtools.h:265]   --->   Operation 13 'mul' 'totalIters' <Predicate = true> <Delay = 3.95> <Core = "MulnS">   --->   Core 17 'MulnS' <Latency = 4> <II = 1> <Delay = 3.95> <FuncUnit> <Opcode : 'mul'> <InPorts = 2> <OutPorts = 1>

State 3 <SV = 2> <Delay = 3.95>
ST_3 : Operation 14 [4/5] (3.95ns)   --->   "%totalIters = mul i32 %numReps_read, 1800" [/home/parallels/Documents/vivado_projects/BNN-PYNQ/bnn/src/library/finn-hlslib/streamtools.h:265]   --->   Operation 14 'mul' 'totalIters' <Predicate = true> <Delay = 3.95> <Core = "MulnS">   --->   Core 17 'MulnS' <Latency = 4> <II = 1> <Delay = 3.95> <FuncUnit> <Opcode : 'mul'> <InPorts = 2> <OutPorts = 1>

State 4 <SV = 3> <Delay = 3.95>
ST_4 : Operation 15 [3/5] (3.95ns)   --->   "%totalIters = mul i32 %numReps_read, 1800" [/home/parallels/Documents/vivado_projects/BNN-PYNQ/bnn/src/library/finn-hlslib/streamtools.h:265]   --->   Operation 15 'mul' 'totalIters' <Predicate = true> <Delay = 3.95> <Core = "MulnS">   --->   Core 17 'MulnS' <Latency = 4> <II = 1> <Delay = 3.95> <FuncUnit> <Opcode : 'mul'> <InPorts = 2> <OutPorts = 1>

State 5 <SV = 4> <Delay = 3.95>
ST_5 : Operation 16 [2/5] (3.95ns)   --->   "%totalIters = mul i32 %numReps_read, 1800" [/home/parallels/Documents/vivado_projects/BNN-PYNQ/bnn/src/library/finn-hlslib/streamtools.h:265]   --->   Operation 16 'mul' 'totalIters' <Predicate = true> <Delay = 3.95> <Core = "MulnS">   --->   Core 17 'MulnS' <Latency = 4> <II = 1> <Delay = 3.95> <FuncUnit> <Opcode : 'mul'> <InPorts = 2> <OutPorts = 1>

State 6 <SV = 5> <Delay = 3.95>
ST_6 : Operation 17 [1/1] (0.00ns)   --->   "call void (...)* @_ssdm_op_SpecInterface(i64* %in_V_V, [8 x i8]* @ap_fifo_str, i32 0, i32 0, [1 x i8]* @p_str, i32 0, i32 0, [1 x i8]* @p_str, [1 x i8]* @p_str, [1 x i8]* @p_str, i32 2, i32 2, i32 16, i32 16, [1 x i8]* @p_str, [1 x i8]* @p_str)"   --->   Operation 17 'specinterface' <Predicate = true> <Delay = 0.00>
ST_6 : Operation 18 [1/1] (0.00ns)   --->   "call void (...)* @_ssdm_op_SpecInterface(i32* %out_V_V, [8 x i8]* @ap_fifo_str, i32 0, i32 0, [1 x i8]* @p_str, i32 0, i32 0, [1 x i8]* @p_str, [1 x i8]* @p_str, [1 x i8]* @p_str, i32 2, i32 2, i32 16, i32 16, [1 x i8]* @p_str, [1 x i8]* @p_str)"   --->   Operation 18 'specinterface' <Predicate = true> <Delay = 0.00>
ST_6 : Operation 19 [1/1] (0.00ns)   --->   "call void (...)* @_ssdm_op_SpecInterface(i32* %numReps, [8 x i8]* @ap_fifo_str, i32 0, i32 0, [1 x i8]* @p_str, i32 0, i32 0, [1 x i8]* @p_str, [1 x i8]* @p_str, [1 x i8]* @p_str, i32 2, i32 2, i32 16, i32 16, [1 x i8]* @p_str, [1 x i8]* @p_str)"   --->   Operation 19 'specinterface' <Predicate = true> <Delay = 0.00>
ST_6 : Operation 20 [1/1] (0.00ns)   --->   "call void (...)* @_ssdm_op_SpecInterface(i32* %numReps_out, [8 x i8]* @ap_fifo_str, i32 0, i32 0, [1 x i8]* @p_str, i32 0, i32 0, [1 x i8]* @p_str, [1 x i8]* @p_str, [1 x i8]* @p_str, i32 2, i32 2, i32 16, i32 16, [1 x i8]* @p_str, [1 x i8]* @p_str)"   --->   Operation 20 'specinterface' <Predicate = true> <Delay = 0.00>
ST_6 : Operation 21 [1/5] (3.95ns)   --->   "%totalIters = mul i32 %numReps_read, 1800" [/home/parallels/Documents/vivado_projects/BNN-PYNQ/bnn/src/library/finn-hlslib/streamtools.h:265]   --->   Operation 21 'mul' 'totalIters' <Predicate = true> <Delay = 3.95> <Core = "MulnS">   --->   Core 17 'MulnS' <Latency = 4> <II = 1> <Delay = 3.95> <FuncUnit> <Opcode : 'mul'> <InPorts = 2> <OutPorts = 1>
ST_6 : Operation 22 [1/1] (1.76ns)   --->   "br label %0" [/home/parallels/Documents/vivado_projects/BNN-PYNQ/bnn/src/library/finn-hlslib/streamtools.h:268]   --->   Operation 22 'br' <Predicate = true> <Delay = 1.76>

State 7 <SV = 6> <Delay = 5.72>
ST_7 : Operation 23 [1/1] (0.00ns)   --->   "%p_2_i = phi i32 [ 0, %entry ], [ %r_V_cast_i, %._crit_edge.i ]" [/home/parallels/Documents/vivado_projects/BNN-PYNQ/bnn/src/library/finn-hlslib/streamtools.h:278]   --->   Operation 23 'phi' 'p_2_i' <Predicate = true> <Delay = 0.00>
ST_7 : Operation 24 [1/1] (0.00ns)   --->   "%o_i = phi i32 [ 0, %entry ], [ %p_i, %._crit_edge.i ]" [/home/parallels/Documents/vivado_projects/BNN-PYNQ/bnn/src/library/finn-hlslib/streamtools.h:282]   --->   Operation 24 'phi' 'o_i' <Predicate = true> <Delay = 0.00>
ST_7 : Operation 25 [1/1] (0.00ns)   --->   "%t_i = phi i32 [ 0, %entry ], [ %t, %._crit_edge.i ]"   --->   Operation 25 'phi' 't_i' <Predicate = true> <Delay = 0.00>
ST_7 : Operation 26 [1/1] (2.47ns)   --->   "%exitcond_i = icmp eq i32 %t_i, %totalIters" [/home/parallels/Documents/vivado_projects/BNN-PYNQ/bnn/src/library/finn-hlslib/streamtools.h:268]   --->   Operation 26 'icmp' 'exitcond_i' <Predicate = true> <Delay = 2.47> <Core = "Cmp">   --->   Core 25 'Cmp' <Latency = 0> <II = 1> <Delay = 2.47> <FuncUnit> <Opcode : 'icmp'> <InPorts = 2> <OutPorts = 1>
ST_7 : Operation 27 [1/1] (2.55ns)   --->   "%t = add i32 %t_i, 1" [/home/parallels/Documents/vivado_projects/BNN-PYNQ/bnn/src/library/finn-hlslib/streamtools.h:268]   --->   Operation 27 'add' 't' <Predicate = true> <Delay = 2.55> <Core = "AddSub">   --->   Core 14 'AddSub' <Latency = 0> <II = 1> <Delay = 2.55> <FuncUnit> <Opcode : 'add' 'sub'> <InPorts = 2> <OutPorts = 1>
ST_7 : Operation 28 [1/1] (0.00ns)   --->   "br i1 %exitcond_i, label %.exit, label %1" [/home/parallels/Documents/vivado_projects/BNN-PYNQ/bnn/src/library/finn-hlslib/streamtools.h:268]   --->   Operation 28 'br' <Predicate = true> <Delay = 0.00>
ST_7 : Operation 29 [1/1] (2.47ns)   --->   "%tmp_i = icmp eq i32 %o_i, 0" [/home/parallels/Documents/vivado_projects/BNN-PYNQ/bnn/src/library/finn-hlslib/streamtools.h:271]   --->   Operation 29 'icmp' 'tmp_i' <Predicate = (!exitcond_i)> <Delay = 2.47> <Core = "Cmp">   --->   Core 25 'Cmp' <Latency = 0> <II = 1> <Delay = 2.47> <FuncUnit> <Opcode : 'icmp'> <InPorts = 2> <OutPorts = 1>
ST_7 : Operation 30 [1/1] (2.55ns)   --->   "%o = add i32 1, %o_i" [/home/parallels/Documents/vivado_projects/BNN-PYNQ/bnn/src/library/finn-hlslib/streamtools.h:280]   --->   Operation 30 'add' 'o' <Predicate = (!exitcond_i)> <Delay = 2.55> <Core = "AddSub">   --->   Core 14 'AddSub' <Latency = 0> <II = 1> <Delay = 2.55> <FuncUnit> <Opcode : 'add' 'sub'> <InPorts = 2> <OutPorts = 1>
ST_7 : Operation 31 [1/1] (2.47ns)   --->   "%tmp_i_343 = icmp eq i32 %o, 2" [/home/parallels/Documents/vivado_projects/BNN-PYNQ/bnn/src/library/finn-hlslib/streamtools.h:282]   --->   Operation 31 'icmp' 'tmp_i_343' <Predicate = (!exitcond_i)> <Delay = 2.47> <Core = "Cmp">   --->   Core 25 'Cmp' <Latency = 0> <II = 1> <Delay = 2.47> <FuncUnit> <Opcode : 'icmp'> <InPorts = 2> <OutPorts = 1>
ST_7 : Operation 32 [1/1] (0.69ns)   --->   "%p_i = select i1 %tmp_i_343, i32 0, i32 %o" [/home/parallels/Documents/vivado_projects/BNN-PYNQ/bnn/src/library/finn-hlslib/streamtools.h:282]   --->   Operation 32 'select' 'p_i' <Predicate = (!exitcond_i)> <Delay = 0.69> <Core = "Sel">   --->   Core 26 'Sel' <Latency = 0> <II = 1> <Delay = 0.69> <FuncUnit> <Opcode : 'select'> <InPorts = 3> <OutPorts = 1>

State 8 <SV = 7> <Delay = 2.18>
ST_8 : Operation 33 [1/1] (2.18ns)   --->   "%tmp_V_22 = call i64 @_ssdm_op_Read.ap_fifo.volatile.i64P(i64* %in_V_V)" [/home/parallels/Documents/vivado_projects/BNN-PYNQ/bnn/src/library/finn-hlslib/streamtools.h:272]   --->   Operation 33 'read' 'tmp_V_22' <Predicate = (!exitcond_i & tmp_i)> <Delay = 2.18> <Core = "FIFO">   --->   Core 32 'FIFO' <Latency = 0> <II = 1> <Delay = 3.63> <Storage> <Opcode : 'read' 'write' 'nbread' 'nbwrite'> <Ports = 0> <Width = 32> <Depth = 2> <FIFO>
ST_8 : Operation 34 [1/1] (1.76ns)   --->   "br label %._crit_edge.i" [/home/parallels/Documents/vivado_projects/BNN-PYNQ/bnn/src/library/finn-hlslib/streamtools.h:273]   --->   Operation 34 'br' <Predicate = (!exitcond_i & tmp_i)> <Delay = 1.76>

State 9 <SV = 8> <Delay = 3.95>
ST_9 : Operation 35 [1/1] (0.00ns)   --->   "%p_2_cast_i = zext i32 %p_2_i to i64" [/home/parallels/Documents/vivado_projects/BNN-PYNQ/bnn/src/library/finn-hlslib/streamtools.h:268]   --->   Operation 35 'zext' 'p_2_cast_i' <Predicate = (!exitcond_i)> <Delay = 0.00>
ST_9 : Operation 36 [1/1] (0.00ns)   --->   "%tmp_5_i = call i32 (...)* @_ssdm_op_SpecRegionBegin([13 x i8]* @p_str126)" [/home/parallels/Documents/vivado_projects/BNN-PYNQ/bnn/src/library/finn-hlslib/streamtools.h:268]   --->   Operation 36 'specregionbegin' 'tmp_5_i' <Predicate = (!exitcond_i)> <Delay = 0.00>
ST_9 : Operation 37 [1/1] (0.00ns)   --->   "call void (...)* @_ssdm_op_SpecPipeline(i32 1, i32 1, i32 1, i32 0, [1 x i8]* @p_str) nounwind" [/home/parallels/Documents/vivado_projects/BNN-PYNQ/bnn/src/library/finn-hlslib/streamtools.h:269]   --->   Operation 37 'specpipeline' <Predicate = (!exitcond_i)> <Delay = 0.00>
ST_9 : Operation 38 [1/1] (1.76ns)   --->   "br i1 %tmp_i, label %2, label %._crit_edge.i" [/home/parallels/Documents/vivado_projects/BNN-PYNQ/bnn/src/library/finn-hlslib/streamtools.h:271]   --->   Operation 38 'br' <Predicate = (!exitcond_i)> <Delay = 1.76>
ST_9 : Operation 39 [1/1] (0.00ns)   --->   "%p_Val2_s = phi i64 [ %tmp_V_22, %2 ], [ %p_2_cast_i, %1 ]"   --->   Operation 39 'phi' 'p_Val2_s' <Predicate = (!exitcond_i)> <Delay = 0.00>
ST_9 : Operation 40 [1/1] (0.00ns)   --->   "%eo_V = trunc i64 %p_Val2_s to i32" [/home/parallels/Documents/vivado_projects/BNN-PYNQ/bnn/src/library/finn-hlslib/streamtools.h:275]   --->   Operation 40 'trunc' 'eo_V' <Predicate = (!exitcond_i)> <Delay = 0.00>
ST_9 : Operation 41 [1/1] (2.18ns)   --->   "call void @_ssdm_op_Write.ap_fifo.volatile.i32P(i32* %out_V_V, i32 %eo_V)" [/home/parallels/Documents/vivado_projects/BNN-PYNQ/bnn/src/library/finn-hlslib/streamtools.h:276]   --->   Operation 41 'write' <Predicate = (!exitcond_i)> <Delay = 2.18> <Core = "FIFO">   --->   Core 32 'FIFO' <Latency = 0> <II = 1> <Delay = 3.63> <Storage> <Opcode : 'read' 'write' 'nbread' 'nbwrite'> <Ports = 0> <Width = 32> <Depth = 2> <FIFO>
ST_9 : Operation 42 [1/1] (0.00ns)   --->   "%r_V_cast_i = call i32 @_ssdm_op_PartSelect.i32.i64.i32.i32(i64 %p_Val2_s, i32 32, i32 63)" [/home/parallels/Documents/vivado_projects/BNN-PYNQ/bnn/src/library/finn-hlslib/streamtools.h:278]   --->   Operation 42 'partselect' 'r_V_cast_i' <Predicate = (!exitcond_i)> <Delay = 0.00>
ST_9 : Operation 43 [1/1] (0.00ns)   --->   "%empty = call i32 (...)* @_ssdm_op_SpecRegionEnd([13 x i8]* @p_str126, i32 %tmp_5_i)" [/home/parallels/Documents/vivado_projects/BNN-PYNQ/bnn/src/library/finn-hlslib/streamtools.h:285]   --->   Operation 43 'specregionend' 'empty' <Predicate = (!exitcond_i)> <Delay = 0.00>
ST_9 : Operation 44 [1/1] (0.00ns)   --->   "br label %0" [/home/parallels/Documents/vivado_projects/BNN-PYNQ/bnn/src/library/finn-hlslib/streamtools.h:268]   --->   Operation 44 'br' <Predicate = (!exitcond_i)> <Delay = 0.00>

State 10 <SV = 7> <Delay = 0.00>
ST_10 : Operation 45 [1/1] (0.00ns)   --->   "ret void"   --->   Operation 45 'ret' <Predicate = true> <Delay = 0.00>


============================================================
+ Verbose Summary: Binding
============================================================
STG Binding: 
---------------- STG Properties BEGIN ----------------
- Is combinational: 0
- Is one-state seq: 0
- Is datapath-only: 0
- Is pipelined: 0
- Is top level: 0
Port [ Return ] is wired: 1; IO mode=ap_ctrl_hs:ce=0
Port [ in_V_V]:  wired=1; compound=1; hidden=0; nouse=0; global=0; static=0; extern=0; dir=0; type=3; pingpong=0; private_global=0; IO mode=ap_fifo:ce=0
Port [ out_V_V]:  wired=1; compound=1; hidden=0; nouse=0; global=0; static=0; extern=0; dir=1; type=3; pingpong=0; private_global=0; IO mode=ap_fifo:ce=0
Port [ numReps]:  wired=1; compound=1; hidden=0; nouse=0; global=0; static=0; extern=0; dir=0; type=3; pingpong=0; private_global=0; IO mode=ap_fifo:ce=0
Port [ numReps_out]:  wired=1; compound=1; hidden=0; nouse=0; global=0; static=0; extern=0; dir=1; type=3; pingpong=0; private_global=0; IO mode=ap_fifo:ce=0
---------------- STG Properties END ------------------

---------------- Datapath Model BEGIN ----------------

<LifeTime>
<method=bitvector/>
numReps_read (read           ) [ 00111110000]
StgValue_12  (write          ) [ 00000000000]
StgValue_17  (specinterface  ) [ 00000000000]
StgValue_18  (specinterface  ) [ 00000000000]
StgValue_19  (specinterface  ) [ 00000000000]
StgValue_20  (specinterface  ) [ 00000000000]
totalIters   (mul            ) [ 00000001110]
StgValue_22  (br             ) [ 00000011110]
p_2_i        (phi            ) [ 00000001110]
o_i          (phi            ) [ 00000001000]
t_i          (phi            ) [ 00000001000]
exitcond_i   (icmp           ) [ 00000001110]
t            (add            ) [ 00000011110]
StgValue_28  (br             ) [ 00000000000]
tmp_i        (icmp           ) [ 00000001110]
o            (add            ) [ 00000000000]
tmp_i_343    (icmp           ) [ 00000000000]
p_i          (select         ) [ 00000011110]
tmp_V_22     (read           ) [ 00000001110]
StgValue_34  (br             ) [ 00000001110]
p_2_cast_i   (zext           ) [ 00000000000]
tmp_5_i      (specregionbegin) [ 00000000000]
StgValue_37  (specpipeline   ) [ 00000000000]
StgValue_38  (br             ) [ 00000000000]
p_Val2_s     (phi            ) [ 00000001010]
eo_V         (trunc          ) [ 00000000000]
StgValue_41  (write          ) [ 00000000000]
r_V_cast_i   (partselect     ) [ 00000011110]
empty        (specregionend  ) [ 00000000000]
StgValue_44  (br             ) [ 00000011110]
StgValue_45  (ret            ) [ 00000000000]
</LifeTime>

<model>

<comp_list>
<comp id="0" class="1000" name="in_V_V">
<pin_list>
<pin id="1" dir="1" index="0" bw="1" slack="0"/>
</pin_list>
<bind>
<StgValue><ssdm name="in_V_V"/></StgValue>
</bind>
</comp>

<comp id="2" class="1000" name="out_V_V">
<pin_list>
<pin id="3" dir="1" index="0" bw="1" slack="0"/>
</pin_list>
<bind>
<StgValue><ssdm name="out_V_V"/></StgValue>
</bind>
</comp>

<comp id="4" class="1000" name="numReps">
<pin_list>
<pin id="5" dir="1" index="0" bw="1" slack="0"/>
</pin_list>
<bind>
<StgValue><ssdm name="numReps"/></StgValue>
</bind>
</comp>

<comp id="6" class="1000" name="numReps_out">
<pin_list>
<pin id="7" dir="1" index="0" bw="1" slack="0"/>
</pin_list>
<bind>
<StgValue><ssdm name="numReps_out"/></StgValue>
</bind>
</comp>

<comp id="8" class="1001" name="const_8">
<pin_list>
<pin id="9" dir="1" index="0" bw="1" slack="0"/>
</pin_list>
<bind>
<StgValue><ssdm name="_ssdm_op_Read.ap_fifo.i32P"/></StgValue>
</bind>
</comp>

<comp id="10" class="1001" name="const_10">
<pin_list>
<pin id="11" dir="1" index="0" bw="1" slack="0"/>
</pin_list>
<bind>
<StgValue><ssdm name="_ssdm_op_Write.ap_fifo.i32P"/></StgValue>
</bind>
</comp>

<comp id="12" class="1001" name="const_12">
<pin_list>
<pin id="13" dir="1" index="0" bw="1" slack="0"/>
</pin_list>
<bind>
<StgValue><ssdm name=""/></StgValue>
</bind>
</comp>

<comp id="14" class="1001" name="const_14">
<pin_list>
<pin id="15" dir="1" index="0" bw="1" slack="2147483647"/>
</pin_list>
<bind>
<StgValue><ssdm name="_ssdm_op_SpecInterface"/></StgValue>
</bind>
</comp>

<comp id="16" class="1001" name="const_16">
<pin_list>
<pin id="17" dir="1" index="0" bw="1" slack="2147483647"/>
</pin_list>
<bind>
<StgValue><ssdm name="ap_fifo_str"/></StgValue>
</bind>
</comp>

<comp id="18" class="1001" name="const_18">
<pin_list>
<pin id="19" dir="1" index="0" bw="1" slack="0"/>
</pin_list>
<bind>
<StgValue><ssdm name=""/></StgValue>
</bind>
</comp>

<comp id="20" class="1001" name="const_20">
<pin_list>
<pin id="21" dir="1" index="0" bw="1" slack="2147483647"/>
</pin_list>
<bind>
<StgValue><ssdm name="p_str"/></StgValue>
</bind>
</comp>

<comp id="22" class="1001" name="const_22">
<pin_list>
<pin id="23" dir="1" index="0" bw="1" slack="0"/>
</pin_list>
<bind>
<StgValue><ssdm name=""/></StgValue>
</bind>
</comp>

<comp id="24" class="1001" name="const_24">
<pin_list>
<pin id="25" dir="1" index="0" bw="1" slack="2147483647"/>
</pin_list>
<bind>
<StgValue><ssdm name=""/></StgValue>
</bind>
</comp>

<comp id="26" class="1001" name="const_26">
<pin_list>
<pin id="27" dir="1" index="0" bw="1" slack="0"/>
</pin_list>
<bind>
<StgValue><ssdm name=""/></StgValue>
</bind>
</comp>

<comp id="28" class="1001" name="const_28">
<pin_list>
<pin id="29" dir="1" index="0" bw="1" slack="0"/>
</pin_list>
<bind>
<StgValue><ssdm name="_ssdm_op_Read.ap_fifo.volatile.i64P"/></StgValue>
</bind>
</comp>

<comp id="30" class="1001" name="const_30">
<pin_list>
<pin id="31" dir="1" index="0" bw="1" slack="2147483647"/>
</pin_list>
<bind>
<StgValue><ssdm name="_ssdm_op_SpecRegionBegin"/></StgValue>
</bind>
</comp>

<comp id="32" class="1001" name="const_32">
<pin_list>
<pin id="33" dir="1" index="0" bw="1" slack="2147483647"/>
</pin_list>
<bind>
<StgValue><ssdm name="p_str126"/></StgValue>
</bind>
</comp>

<comp id="34" class="1001" name="const_34">
<pin_list>
<pin id="35" dir="1" index="0" bw="1" slack="2147483647"/>
</pin_list>
<bind>
<StgValue><ssdm name="_ssdm_op_SpecPipeline"/></StgValue>
</bind>
</comp>

<comp id="36" class="1001" name="const_36">
<pin_list>
<pin id="37" dir="1" index="0" bw="1" slack="0"/>
</pin_list>
<bind>
<StgValue><ssdm name="_ssdm_op_Write.ap_fifo.volatile.i32P"/></StgValue>
</bind>
</comp>

<comp id="38" class="1001" name="const_38">
<pin_list>
<pin id="39" dir="1" index="0" bw="1" slack="0"/>
</pin_list>
<bind>
<StgValue><ssdm name="_ssdm_op_PartSelect.i32.i64.i32.i32"/></StgValue>
</bind>
</comp>

<comp id="40" class="1001" name="const_40">
<pin_list>
<pin id="41" dir="1" index="0" bw="1" slack="0"/>
</pin_list>
<bind>
<StgValue><ssdm name=""/></StgValue>
</bind>
</comp>

<comp id="42" class="1001" name="const_42">
<pin_list>
<pin id="43" dir="1" index="0" bw="1" slack="0"/>
</pin_list>
<bind>
<StgValue><ssdm name=""/></StgValue>
</bind>
</comp>

<comp id="44" class="1001" name="const_44">
<pin_list>
<pin id="45" dir="1" index="0" bw="1" slack="2147483647"/>
</pin_list>
<bind>
<StgValue><ssdm name="_ssdm_op_SpecRegionEnd"/></StgValue>
</bind>
</comp>

<comp id="46" class="1004" name="numReps_read_read_fu_46">
<pin_list>
<pin id="47" dir="0" index="0" bw="32" slack="0"/>
<pin id="48" dir="0" index="1" bw="32" slack="0"/>
<pin id="49" dir="1" index="2" bw="32" slack="0"/>
</pin_list>
<bind>
<opcode="read(1150) " fcode="read"/>
<opset="numReps_read/1 "/>
</bind>
</comp>

<comp id="52" class="1004" name="StgValue_12_write_fu_52">
<pin_list>
<pin id="53" dir="0" index="0" bw="0" slack="0"/>
<pin id="54" dir="0" index="1" bw="32" slack="0"/>
<pin id="55" dir="0" index="2" bw="32" slack="0"/>
<pin id="56" dir="1" index="3" bw="0" slack="2147483647"/>
</pin_list>
<bind>
<opcode="write(1151) " fcode="write"/>
<opset="StgValue_12/1 "/>
</bind>
</comp>

<comp id="60" class="1004" name="tmp_V_22_read_fu_60">
<pin_list>
<pin id="61" dir="0" index="0" bw="64" slack="0"/>
<pin id="62" dir="0" index="1" bw="64" slack="0"/>
<pin id="63" dir="1" index="2" bw="64" slack="1"/>
</pin_list>
<bind>
<opcode="read(1150) " fcode="read"/>
<opset="tmp_V_22/8 "/>
</bind>
</comp>

<comp id="66" class="1004" name="StgValue_41_write_fu_66">
<pin_list>
<pin id="67" dir="0" index="0" bw="0" slack="0"/>
<pin id="68" dir="0" index="1" bw="32" slack="0"/>
<pin id="69" dir="0" index="2" bw="32" slack="0"/>
<pin id="70" dir="1" index="3" bw="0" slack="2147483647"/>
</pin_list>
<bind>
<opcode="write(1151) " fcode="write"/>
<opset="StgValue_41/9 "/>
</bind>
</comp>

<comp id="73" class="1005" name="p_2_i_reg_73">
<pin_list>
<pin id="74" dir="0" index="0" bw="32" slack="1"/>
<pin id="75" dir="1" index="1" bw="32" slack="1"/>
</pin_list>
<bind>
<opset="p_2_i (phireg) "/>
</bind>
</comp>

<comp id="77" class="1004" name="p_2_i_phi_fu_77">
<pin_list>
<pin id="78" dir="0" index="0" bw="1" slack="1"/>
<pin id="79" dir="0" index="1" bw="0" slack="2147483647"/>
<pin id="80" dir="0" index="2" bw="32" slack="1"/>
<pin id="81" dir="0" index="3" bw="0" slack="2147483647"/>
<pin id="82" dir="1" index="4" bw="32" slack="2"/>
</pin_list>
<bind>
<opcode="phi(47) " fcode="phi"/>
<opset="p_2_i/7 "/>
</bind>
</comp>

<comp id="85" class="1005" name="o_i_reg_85">
<pin_list>
<pin id="86" dir="0" index="0" bw="32" slack="1"/>
<pin id="87" dir="1" index="1" bw="32" slack="1"/>
</pin_list>
<bind>
<opset="o_i (phireg) "/>
</bind>
</comp>

<comp id="89" class="1004" name="o_i_phi_fu_89">
<pin_list>
<pin id="90" dir="0" index="0" bw="1" slack="1"/>
<pin id="91" dir="0" index="1" bw="0" slack="2147483647"/>
<pin id="92" dir="0" index="2" bw="32" slack="0"/>
<pin id="93" dir="0" index="3" bw="0" slack="2147483647"/>
<pin id="94" dir="1" index="4" bw="32" slack="0"/>
</pin_list>
<bind>
<opcode="phi(47) " fcode="phi"/>
<opset="o_i/7 "/>
</bind>
</comp>

<comp id="96" class="1005" name="t_i_reg_96">
<pin_list>
<pin id="97" dir="0" index="0" bw="32" slack="1"/>
<pin id="98" dir="1" index="1" bw="32" slack="1"/>
</pin_list>
<bind>
<opset="t_i (phireg) "/>
</bind>
</comp>

<comp id="100" class="1004" name="t_i_phi_fu_100">
<pin_list>
<pin id="101" dir="0" index="0" bw="1" slack="1"/>
<pin id="102" dir="0" index="1" bw="0" slack="2147483647"/>
<pin id="103" dir="0" index="2" bw="32" slack="0"/>
<pin id="104" dir="0" index="3" bw="0" slack="2147483647"/>
<pin id="105" dir="1" index="4" bw="32" slack="0"/>
</pin_list>
<bind>
<opcode="phi(47) " fcode="phi"/>
<opset="t_i/7 "/>
</bind>
</comp>

<comp id="107" class="1005" name="p_Val2_s_reg_107">
<pin_list>
<pin id="108" dir="0" index="0" bw="64" slack="2147483647"/>
<pin id="109" dir="1" index="1" bw="64" slack="2147483647"/>
</pin_list>
<bind>
<opset="p_Val2_s (phireg) "/>
</bind>
</comp>

<comp id="110" class="1004" name="p_Val2_s_phi_fu_110">
<pin_list>
<pin id="111" dir="0" index="0" bw="64" slack="1"/>
<pin id="112" dir="0" index="1" bw="0" slack="2147483647"/>
<pin id="113" dir="0" index="2" bw="32" slack="0"/>
<pin id="114" dir="0" index="3" bw="0" slack="2147483647"/>
<pin id="115" dir="1" index="4" bw="64" slack="0"/>
</pin_list>
<bind>
<opcode="phi(47) " fcode="phi"/>
<opset="p_Val2_s/9 "/>
</bind>
</comp>

<comp id="116" class="1004" name="grp_fu_116">
<pin_list>
<pin id="117" dir="0" index="0" bw="32" slack="1"/>
<pin id="118" dir="0" index="1" bw="12" slack="0"/>
<pin id="119" dir="1" index="2" bw="32" slack="1"/>
</pin_list>
<bind>
<opcode="mul(12) " fcode="mul"/>
<opset="totalIters/2 "/>
</bind>
</comp>

<comp id="121" class="1004" name="exitcond_i_fu_121">
<pin_list>
<pin id="122" dir="0" index="0" bw="32" slack="0"/>
<pin id="123" dir="0" index="1" bw="32" slack="1"/>
<pin id="124" dir="1" index="2" bw="1" slack="1"/>
</pin_list>
<bind>
<opcode="icmp(45) " fcode="icmp"/>
<opset="exitcond_i/7 "/>
</bind>
</comp>

<comp id="126" class="1004" name="t_fu_126">
<pin_list>
<pin id="127" dir="0" index="0" bw="32" slack="0"/>
<pin id="128" dir="0" index="1" bw="1" slack="0"/>
<pin id="129" dir="1" index="2" bw="32" slack="0"/>
</pin_list>
<bind>
<opcode="add(8) " fcode="add"/>
<opset="t/7 "/>
</bind>
</comp>

<comp id="132" class="1004" name="tmp_i_fu_132">
<pin_list>
<pin id="133" dir="0" index="0" bw="32" slack="0"/>
<pin id="134" dir="0" index="1" bw="1" slack="0"/>
<pin id="135" dir="1" index="2" bw="1" slack="1"/>
</pin_list>
<bind>
<opcode="icmp(45) " fcode="icmp"/>
<opset="tmp_i/7 "/>
</bind>
</comp>

<comp id="138" class="1004" name="o_fu_138">
<pin_list>
<pin id="139" dir="0" index="0" bw="1" slack="0"/>
<pin id="140" dir="0" index="1" bw="32" slack="0"/>
<pin id="141" dir="1" index="2" bw="32" slack="0"/>
</pin_list>
<bind>
<opcode="add(8) " fcode="add"/>
<opset="o/7 "/>
</bind>
</comp>

<comp id="144" class="1004" name="tmp_i_343_fu_144">
<pin_list>
<pin id="145" dir="0" index="0" bw="32" slack="0"/>
<pin id="146" dir="0" index="1" bw="3" slack="0"/>
<pin id="147" dir="1" index="2" bw="1" slack="0"/>
</pin_list>
<bind>
<opcode="icmp(45) " fcode="icmp"/>
<opset="tmp_i_343/7 "/>
</bind>
</comp>

<comp id="150" class="1004" name="p_i_fu_150">
<pin_list>
<pin id="151" dir="0" index="0" bw="1" slack="0"/>
<pin id="152" dir="0" index="1" bw="1" slack="0"/>
<pin id="153" dir="0" index="2" bw="32" slack="0"/>
<pin id="154" dir="1" index="3" bw="32" slack="0"/>
</pin_list>
<bind>
<opcode="select(49) " fcode="select"/>
<opset="p_i/7 "/>
</bind>
</comp>

<comp id="158" class="1004" name="p_2_cast_i_fu_158">
<pin_list>
<pin id="159" dir="0" index="0" bw="32" slack="2"/>
<pin id="160" dir="1" index="1" bw="64" slack="0"/>
</pin_list>
<bind>
<opcode="zext(34) " fcode="zext"/>
<opset="p_2_cast_i/9 "/>
</bind>
</comp>

<comp id="163" class="1004" name="eo_V_fu_163">
<pin_list>
<pin id="164" dir="0" index="0" bw="64" slack="0"/>
<pin id="165" dir="1" index="1" bw="32" slack="0"/>
</pin_list>
<bind>
<opcode="trunc(33) " fcode="trunc"/>
<opset="eo_V/9 "/>
</bind>
</comp>

<comp id="168" class="1004" name="r_V_cast_i_fu_168">
<pin_list>
<pin id="169" dir="0" index="0" bw="32" slack="0"/>
<pin id="170" dir="0" index="1" bw="64" slack="0"/>
<pin id="171" dir="0" index="2" bw="7" slack="0"/>
<pin id="172" dir="0" index="3" bw="7" slack="0"/>
<pin id="173" dir="1" index="4" bw="32" slack="1"/>
</pin_list>
<bind>
<opcode="partselect(1002) " fcode="partselect"/>
<opset="r_V_cast_i/9 "/>
</bind>
</comp>

<comp id="178" class="1005" name="numReps_read_reg_178">
<pin_list>
<pin id="179" dir="0" index="0" bw="32" slack="1"/>
<pin id="180" dir="1" index="1" bw="32" slack="1"/>
</pin_list>
<bind>
<opset="numReps_read "/>
</bind>
</comp>

<comp id="183" class="1005" name="totalIters_reg_183">
<pin_list>
<pin id="184" dir="0" index="0" bw="32" slack="1"/>
<pin id="185" dir="1" index="1" bw="32" slack="1"/>
</pin_list>
<bind>
<opset="totalIters "/>
</bind>
</comp>

<comp id="188" class="1005" name="exitcond_i_reg_188">
<pin_list>
<pin id="189" dir="0" index="0" bw="1" slack="1"/>
<pin id="190" dir="1" index="1" bw="1" slack="2147483647"/>
</pin_list>
<bind>
<opset="exitcond_i "/>
</bind>
</comp>

<comp id="192" class="1005" name="t_reg_192">
<pin_list>
<pin id="193" dir="0" index="0" bw="32" slack="0"/>
<pin id="194" dir="1" index="1" bw="32" slack="0"/>
</pin_list>
<bind>
<opset="t "/>
</bind>
</comp>

<comp id="197" class="1005" name="tmp_i_reg_197">
<pin_list>
<pin id="198" dir="0" index="0" bw="1" slack="1"/>
<pin id="199" dir="1" index="1" bw="1" slack="2147483647"/>
</pin_list>
<bind>
<opset="tmp_i "/>
</bind>
</comp>

<comp id="201" class="1005" name="p_i_reg_201">
<pin_list>
<pin id="202" dir="0" index="0" bw="32" slack="0"/>
<pin id="203" dir="1" index="1" bw="32" slack="0"/>
</pin_list>
<bind>
<opset="p_i "/>
</bind>
</comp>

<comp id="206" class="1005" name="tmp_V_22_reg_206">
<pin_list>
<pin id="207" dir="0" index="0" bw="64" slack="1"/>
<pin id="208" dir="1" index="1" bw="64" slack="1"/>
</pin_list>
<bind>
<opset="tmp_V_22 "/>
</bind>
</comp>

<comp id="211" class="1005" name="r_V_cast_i_reg_211">
<pin_list>
<pin id="212" dir="0" index="0" bw="32" slack="1"/>
<pin id="213" dir="1" index="1" bw="32" slack="1"/>
</pin_list>
<bind>
<opset="r_V_cast_i "/>
</bind>
</comp>

</comp_list>

<net_list>
<net id="50"><net_src comp="8" pin="0"/><net_sink comp="46" pin=0"/></net>

<net id="51"><net_src comp="4" pin="0"/><net_sink comp="46" pin=1"/></net>

<net id="57"><net_src comp="10" pin="0"/><net_sink comp="52" pin=0"/></net>

<net id="58"><net_src comp="6" pin="0"/><net_sink comp="52" pin=1"/></net>

<net id="59"><net_src comp="46" pin="2"/><net_sink comp="52" pin=2"/></net>

<net id="64"><net_src comp="28" pin="0"/><net_sink comp="60" pin=0"/></net>

<net id="65"><net_src comp="0" pin="0"/><net_sink comp="60" pin=1"/></net>

<net id="71"><net_src comp="36" pin="0"/><net_sink comp="66" pin=0"/></net>

<net id="72"><net_src comp="2" pin="0"/><net_sink comp="66" pin=1"/></net>

<net id="76"><net_src comp="18" pin="0"/><net_sink comp="73" pin=0"/></net>

<net id="83"><net_src comp="73" pin="1"/><net_sink comp="77" pin=0"/></net>

<net id="84"><net_src comp="77" pin="4"/><net_sink comp="73" pin=0"/></net>

<net id="88"><net_src comp="18" pin="0"/><net_sink comp="85" pin=0"/></net>

<net id="95"><net_src comp="85" pin="1"/><net_sink comp="89" pin=0"/></net>

<net id="99"><net_src comp="18" pin="0"/><net_sink comp="96" pin=0"/></net>

<net id="106"><net_src comp="96" pin="1"/><net_sink comp="100" pin=0"/></net>

<net id="120"><net_src comp="12" pin="0"/><net_sink comp="116" pin=1"/></net>

<net id="125"><net_src comp="100" pin="4"/><net_sink comp="121" pin=0"/></net>

<net id="130"><net_src comp="100" pin="4"/><net_sink comp="126" pin=0"/></net>

<net id="131"><net_src comp="26" pin="0"/><net_sink comp="126" pin=1"/></net>

<net id="136"><net_src comp="89" pin="4"/><net_sink comp="132" pin=0"/></net>

<net id="137"><net_src comp="18" pin="0"/><net_sink comp="132" pin=1"/></net>

<net id="142"><net_src comp="26" pin="0"/><net_sink comp="138" pin=0"/></net>

<net id="143"><net_src comp="89" pin="4"/><net_sink comp="138" pin=1"/></net>

<net id="148"><net_src comp="138" pin="2"/><net_sink comp="144" pin=0"/></net>

<net id="149"><net_src comp="22" pin="0"/><net_sink comp="144" pin=1"/></net>

<net id="155"><net_src comp="144" pin="2"/><net_sink comp="150" pin=0"/></net>

<net id="156"><net_src comp="18" pin="0"/><net_sink comp="150" pin=1"/></net>

<net id="157"><net_src comp="138" pin="2"/><net_sink comp="150" pin=2"/></net>

<net id="161"><net_src comp="73" pin="1"/><net_sink comp="158" pin=0"/></net>

<net id="162"><net_src comp="158" pin="1"/><net_sink comp="110" pin=2"/></net>

<net id="166"><net_src comp="110" pin="4"/><net_sink comp="163" pin=0"/></net>

<net id="167"><net_src comp="163" pin="1"/><net_sink comp="66" pin=2"/></net>

<net id="174"><net_src comp="38" pin="0"/><net_sink comp="168" pin=0"/></net>

<net id="175"><net_src comp="110" pin="4"/><net_sink comp="168" pin=1"/></net>

<net id="176"><net_src comp="40" pin="0"/><net_sink comp="168" pin=2"/></net>

<net id="177"><net_src comp="42" pin="0"/><net_sink comp="168" pin=3"/></net>

<net id="181"><net_src comp="46" pin="2"/><net_sink comp="178" pin=0"/></net>

<net id="182"><net_src comp="178" pin="1"/><net_sink comp="116" pin=0"/></net>

<net id="186"><net_src comp="116" pin="2"/><net_sink comp="183" pin=0"/></net>

<net id="187"><net_src comp="183" pin="1"/><net_sink comp="121" pin=1"/></net>

<net id="191"><net_src comp="121" pin="2"/><net_sink comp="188" pin=0"/></net>

<net id="195"><net_src comp="126" pin="2"/><net_sink comp="192" pin=0"/></net>

<net id="196"><net_src comp="192" pin="1"/><net_sink comp="100" pin=2"/></net>

<net id="200"><net_src comp="132" pin="2"/><net_sink comp="197" pin=0"/></net>

<net id="204"><net_src comp="150" pin="3"/><net_sink comp="201" pin=0"/></net>

<net id="205"><net_src comp="201" pin="1"/><net_sink comp="89" pin=2"/></net>

<net id="209"><net_src comp="60" pin="2"/><net_sink comp="206" pin=0"/></net>

<net id="210"><net_src comp="206" pin="1"/><net_sink comp="110" pin=0"/></net>

<net id="214"><net_src comp="168" pin="4"/><net_sink comp="211" pin=0"/></net>

<net id="215"><net_src comp="211" pin="1"/><net_sink comp="77" pin=2"/></net>

</net_list>

</model> 
---------------- Datapath Model END ------------------

* FSMD analyzer results:
  - Output states:
	Port: out_V_V | {9 }
	Port: numReps_out | {1 }
 - Input state : 
	Port: StreamingDataWidthCo.1 : in_V_V | {8 }
	Port: StreamingDataWidthCo.1 : numReps | {1 }
  - Chain level:
	State 1
	State 2
	State 3
	State 4
	State 5
	State 6
	State 7
		exitcond_i : 1
		t : 1
		StgValue_28 : 2
		tmp_i : 1
		o : 1
		tmp_i_343 : 2
		p_i : 3
	State 8
	State 9
		p_Val2_s : 1
		eo_V : 2
		StgValue_41 : 3
		r_V_cast_i : 2
		empty : 1
	State 10


============================================================
+ Verbose Summary: Datapath Resource usage 
============================================================

* Functional unit list:
|----------|-------------------------|---------|---------|---------|
| Operation|     Functional Unit     |  DSP48E |    FF   |   LUT   |
|----------|-------------------------|---------|---------|---------|
|    mul   |        grp_fu_116       |    4    |   215   |    1    |
|----------|-------------------------|---------|---------|---------|
|    add   |         t_fu_126        |    0    |    0    |    39   |
|          |         o_fu_138        |    0    |    0    |    39   |
|----------|-------------------------|---------|---------|---------|
|          |    exitcond_i_fu_121    |    0    |    0    |    18   |
|   icmp   |       tmp_i_fu_132      |    0    |    0    |    18   |
|          |     tmp_i_343_fu_144    |    0    |    0    |    18   |
|----------|-------------------------|---------|---------|---------|
|  select  |        p_i_fu_150       |    0    |    0    |    32   |
|----------|-------------------------|---------|---------|---------|
|   read   | numReps_read_read_fu_46 |    0    |    0    |    0    |
|          |   tmp_V_22_read_fu_60   |    0    |    0    |    0    |
|----------|-------------------------|---------|---------|---------|
|   write  | StgValue_12_write_fu_52 |    0    |    0    |    0    |
|          | StgValue_41_write_fu_66 |    0    |    0    |    0    |
|----------|-------------------------|---------|---------|---------|
|   zext   |    p_2_cast_i_fu_158    |    0    |    0    |    0    |
|----------|-------------------------|---------|---------|---------|
|   trunc  |       eo_V_fu_163       |    0    |    0    |    0    |
|----------|-------------------------|---------|---------|---------|
|partselect|    r_V_cast_i_fu_168    |    0    |    0    |    0    |
|----------|-------------------------|---------|---------|---------|
|   Total  |                         |    4    |   215   |   165   |
|----------|-------------------------|---------|---------|---------|

Memories:
N/A

* Register list:
+--------------------+--------+
|                    |   FF   |
+--------------------+--------+
| exitcond_i_reg_188 |    1   |
|numReps_read_reg_178|   32   |
|     o_i_reg_85     |   32   |
|    p_2_i_reg_73    |   32   |
|  p_Val2_s_reg_107  |   64   |
|     p_i_reg_201    |   32   |
| r_V_cast_i_reg_211 |   32   |
|     t_i_reg_96     |   32   |
|      t_reg_192     |   32   |
|  tmp_V_22_reg_206  |   64   |
|    tmp_i_reg_197   |    1   |
| totalIters_reg_183 |   32   |
+--------------------+--------+
|        Total       |   386  |
+--------------------+--------+

* Multiplexer (MUX) list: 
|--------------|------|------|------|--------||---------||---------|
|     Comp     |  Pin | Size |  BW  | S x BW ||  Delay  ||   LUT   |
|--------------|------|------|------|--------||---------||---------|
| p_2_i_reg_73 |  p0  |   2  |  32  |   64   ||    9    |
|--------------|------|------|------|--------||---------||---------|
|     Total    |      |      |      |   64   ||  1.769  ||    9    |
|--------------|------|------|------|--------||---------||---------|



* Summary:
+-----------+--------+--------+--------+--------+
|           | DSP48E |  Delay |   FF   |   LUT  |
+-----------+--------+--------+--------+--------+
|  Function |    4   |    -   |   215  |   165  |
|   Memory  |    -   |    -   |    -   |    -   |
|Multiplexer|    -   |    1   |    -   |    9   |
|  Register |    -   |    -   |   386  |    -   |
+-----------+--------+--------+--------+--------+
|   Total   |    4   |    1   |   601  |   174  |
+-----------+--------+--------+--------+--------+
