Copyright 1986-2022 Xilinx, Inc. All Rights Reserved.
------------------------------------------------------------------------------------------------------------------------------------
| Tool Version : Vivado v.2022.2 (win64) Build 3671981 Fri Oct 14 05:00:03 MDT 2022
| Date         : Thu Apr 13 23:17:24 2023
| Host         : DANIELELLER57FA running 64-bit major release  (build 9200)
| Command      : report_drc -file procsys_wrapper_drc_opted.rpt -pb procsys_wrapper_drc_opted.pb -rpx procsys_wrapper_drc_opted.rpx
| Design       : procsys_wrapper
| Device       : xc7z020clg400-1
| Speed File   : -1
| Design State : Synthesized
------------------------------------------------------------------------------------------------------------------------------------

Report DRC

Table of Contents
-----------------
1. REPORT SUMMARY
2. REPORT DETAILS

1. REPORT SUMMARY
-----------------
            Netlist: netlist
          Floorplan: design_1
      Design limits: <entire design considered>
           Ruledeck: default
             Max violations: <unlimited>
             Violations found: 16
+-----------+----------+----------------------------+------------+
| Rule      | Severity | Description                | Violations |
+-----------+----------+----------------------------+------------+
| REQP-1839 | Warning  | RAMB36 async control check | 16         |
+-----------+----------+----------------------------+------------+

2. REPORT DETAILS
-----------------
REQP-1839#1 Warning
RAMB36 async control check  
The RAMB36E1 procsys_i/BlackBoxJam_0/inst/BlackBoxJam_hostmem_m_axi_U/bus_read/buff_rdata/mem_reg has an input control pin procsys_i/BlackBoxJam_0/inst/BlackBoxJam_hostmem_m_axi_U/bus_read/buff_rdata/mem_reg/WEBWE[0] (net: procsys_i/BlackBoxJam_0/inst/BlackBoxJam_hostmem_m_axi_U/bus_read/buff_rdata/m_axi_hostmem_RVALID) which is driven by a register (procsys_i/axi_mem_intercon/s00_couplers/auto_pc/inst/gen_axi4_axi3.axi3_conv_inst/USE_READ.USE_SPLIT_R.read_addr_inst/USE_R_CHANNEL.cmd_queue/inst/fifo_gen_inst/inst_fifo_gen/gconvfifo.rf/grf.rf/gntv_or_sync_fifo.gl0.rd/gr1.gr1_int.rfwft/empty_fwft_i_reg) that has an active asychronous set or reset. This may cause corruption of the memory contents and/or read values when the set/reset is asserted and is not analyzed by the default static timing analysis. It is suggested to eliminate the use of a set/reset to registers driving this RAMB pin or else use a synchronous reset in which the assertion of the reset is timed by default.
Related violations: <none>

REQP-1839#2 Warning
RAMB36 async control check  
The RAMB36E1 procsys_i/BlackBoxJam_0/inst/BlackBoxJam_hostmem_m_axi_U/bus_read/buff_rdata/mem_reg has an input control pin procsys_i/BlackBoxJam_0/inst/BlackBoxJam_hostmem_m_axi_U/bus_read/buff_rdata/mem_reg/WEBWE[1] (net: procsys_i/BlackBoxJam_0/inst/BlackBoxJam_hostmem_m_axi_U/bus_read/buff_rdata/m_axi_hostmem_RVALID) which is driven by a register (procsys_i/axi_mem_intercon/s00_couplers/auto_pc/inst/gen_axi4_axi3.axi3_conv_inst/USE_READ.USE_SPLIT_R.read_addr_inst/USE_R_CHANNEL.cmd_queue/inst/fifo_gen_inst/inst_fifo_gen/gconvfifo.rf/grf.rf/gntv_or_sync_fifo.gl0.rd/gr1.gr1_int.rfwft/empty_fwft_i_reg) that has an active asychronous set or reset. This may cause corruption of the memory contents and/or read values when the set/reset is asserted and is not analyzed by the default static timing analysis. It is suggested to eliminate the use of a set/reset to registers driving this RAMB pin or else use a synchronous reset in which the assertion of the reset is timed by default.
Related violations: <none>

REQP-1839#3 Warning
RAMB36 async control check  
The RAMB36E1 procsys_i/BlackBoxJam_0/inst/BlackBoxJam_hostmem_m_axi_U/bus_read/buff_rdata/mem_reg has an input control pin procsys_i/BlackBoxJam_0/inst/BlackBoxJam_hostmem_m_axi_U/bus_read/buff_rdata/mem_reg/WEBWE[2] (net: procsys_i/BlackBoxJam_0/inst/BlackBoxJam_hostmem_m_axi_U/bus_read/buff_rdata/m_axi_hostmem_RVALID) which is driven by a register (procsys_i/axi_mem_intercon/s00_couplers/auto_pc/inst/gen_axi4_axi3.axi3_conv_inst/USE_READ.USE_SPLIT_R.read_addr_inst/USE_R_CHANNEL.cmd_queue/inst/fifo_gen_inst/inst_fifo_gen/gconvfifo.rf/grf.rf/gntv_or_sync_fifo.gl0.rd/gr1.gr1_int.rfwft/empty_fwft_i_reg) that has an active asychronous set or reset. This may cause corruption of the memory contents and/or read values when the set/reset is asserted and is not analyzed by the default static timing analysis. It is suggested to eliminate the use of a set/reset to registers driving this RAMB pin or else use a synchronous reset in which the assertion of the reset is timed by default.
Related violations: <none>

REQP-1839#4 Warning
RAMB36 async control check  
The RAMB36E1 procsys_i/BlackBoxJam_0/inst/BlackBoxJam_hostmem_m_axi_U/bus_read/buff_rdata/mem_reg has an input control pin procsys_i/BlackBoxJam_0/inst/BlackBoxJam_hostmem_m_axi_U/bus_read/buff_rdata/mem_reg/WEBWE[3] (net: procsys_i/BlackBoxJam_0/inst/BlackBoxJam_hostmem_m_axi_U/bus_read/buff_rdata/m_axi_hostmem_RVALID) which is driven by a register (procsys_i/axi_mem_intercon/s00_couplers/auto_pc/inst/gen_axi4_axi3.axi3_conv_inst/USE_READ.USE_SPLIT_R.read_addr_inst/USE_R_CHANNEL.cmd_queue/inst/fifo_gen_inst/inst_fifo_gen/gconvfifo.rf/grf.rf/gntv_or_sync_fifo.gl0.rd/gr1.gr1_int.rfwft/empty_fwft_i_reg) that has an active asychronous set or reset. This may cause corruption of the memory contents and/or read values when the set/reset is asserted and is not analyzed by the default static timing analysis. It is suggested to eliminate the use of a set/reset to registers driving this RAMB pin or else use a synchronous reset in which the assertion of the reset is timed by default.
Related violations: <none>

REQP-1839#5 Warning
RAMB36 async control check  
The RAMB36E1 procsys_i/BlackBoxJam_0/inst/BlackBoxJam_hostmem_m_axi_U/bus_read/buff_rdata/mem_reg has an input control pin procsys_i/BlackBoxJam_0/inst/BlackBoxJam_hostmem_m_axi_U/bus_read/buff_rdata/mem_reg/WEBWE[4] (net: procsys_i/BlackBoxJam_0/inst/BlackBoxJam_hostmem_m_axi_U/bus_read/buff_rdata/m_axi_hostmem_RVALID) which is driven by a register (procsys_i/axi_mem_intercon/s00_couplers/auto_pc/inst/gen_axi4_axi3.axi3_conv_inst/USE_READ.USE_SPLIT_R.read_addr_inst/USE_R_CHANNEL.cmd_queue/inst/fifo_gen_inst/inst_fifo_gen/gconvfifo.rf/grf.rf/gntv_or_sync_fifo.gl0.rd/gr1.gr1_int.rfwft/empty_fwft_i_reg) that has an active asychronous set or reset. This may cause corruption of the memory contents and/or read values when the set/reset is asserted and is not analyzed by the default static timing analysis. It is suggested to eliminate the use of a set/reset to registers driving this RAMB pin or else use a synchronous reset in which the assertion of the reset is timed by default.
Related violations: <none>

REQP-1839#6 Warning
RAMB36 async control check  
The RAMB36E1 procsys_i/BlackBoxJam_0/inst/BlackBoxJam_hostmem_m_axi_U/bus_read/buff_rdata/mem_reg has an input control pin procsys_i/BlackBoxJam_0/inst/BlackBoxJam_hostmem_m_axi_U/bus_read/buff_rdata/mem_reg/WEBWE[5] (net: procsys_i/BlackBoxJam_0/inst/BlackBoxJam_hostmem_m_axi_U/bus_read/buff_rdata/m_axi_hostmem_RVALID) which is driven by a register (procsys_i/axi_mem_intercon/s00_couplers/auto_pc/inst/gen_axi4_axi3.axi3_conv_inst/USE_READ.USE_SPLIT_R.read_addr_inst/USE_R_CHANNEL.cmd_queue/inst/fifo_gen_inst/inst_fifo_gen/gconvfifo.rf/grf.rf/gntv_or_sync_fifo.gl0.rd/gr1.gr1_int.rfwft/empty_fwft_i_reg) that has an active asychronous set or reset. This may cause corruption of the memory contents and/or read values when the set/reset is asserted and is not analyzed by the default static timing analysis. It is suggested to eliminate the use of a set/reset to registers driving this RAMB pin or else use a synchronous reset in which the assertion of the reset is timed by default.
Related violations: <none>

REQP-1839#7 Warning
RAMB36 async control check  
The RAMB36E1 procsys_i/BlackBoxJam_0/inst/BlackBoxJam_hostmem_m_axi_U/bus_read/buff_rdata/mem_reg has an input control pin procsys_i/BlackBoxJam_0/inst/BlackBoxJam_hostmem_m_axi_U/bus_read/buff_rdata/mem_reg/WEBWE[6] (net: procsys_i/BlackBoxJam_0/inst/BlackBoxJam_hostmem_m_axi_U/bus_read/buff_rdata/m_axi_hostmem_RVALID) which is driven by a register (procsys_i/axi_mem_intercon/s00_couplers/auto_pc/inst/gen_axi4_axi3.axi3_conv_inst/USE_READ.USE_SPLIT_R.read_addr_inst/USE_R_CHANNEL.cmd_queue/inst/fifo_gen_inst/inst_fifo_gen/gconvfifo.rf/grf.rf/gntv_or_sync_fifo.gl0.rd/gr1.gr1_int.rfwft/empty_fwft_i_reg) that has an active asychronous set or reset. This may cause corruption of the memory contents and/or read values when the set/reset is asserted and is not analyzed by the default static timing analysis. It is suggested to eliminate the use of a set/reset to registers driving this RAMB pin or else use a synchronous reset in which the assertion of the reset is timed by default.
Related violations: <none>

REQP-1839#8 Warning
RAMB36 async control check  
The RAMB36E1 procsys_i/BlackBoxJam_0/inst/BlackBoxJam_hostmem_m_axi_U/bus_read/buff_rdata/mem_reg has an input control pin procsys_i/BlackBoxJam_0/inst/BlackBoxJam_hostmem_m_axi_U/bus_read/buff_rdata/mem_reg/WEBWE[7] (net: procsys_i/BlackBoxJam_0/inst/BlackBoxJam_hostmem_m_axi_U/bus_read/buff_rdata/m_axi_hostmem_RVALID) which is driven by a register (procsys_i/axi_mem_intercon/s00_couplers/auto_pc/inst/gen_axi4_axi3.axi3_conv_inst/USE_READ.USE_SPLIT_R.read_addr_inst/USE_R_CHANNEL.cmd_queue/inst/fifo_gen_inst/inst_fifo_gen/gconvfifo.rf/grf.rf/gntv_or_sync_fifo.gl0.rd/gr1.gr1_int.rfwft/empty_fwft_i_reg) that has an active asychronous set or reset. This may cause corruption of the memory contents and/or read values when the set/reset is asserted and is not analyzed by the default static timing analysis. It is suggested to eliminate the use of a set/reset to registers driving this RAMB pin or else use a synchronous reset in which the assertion of the reset is timed by default.
Related violations: <none>

REQP-1839#9 Warning
RAMB36 async control check  
The RAMB36E1 procsys_i/BlackBoxJam_0/inst/BlackBoxJam_hostmem_m_axi_U/bus_write/buff_wdata/mem_reg has an input control pin procsys_i/BlackBoxJam_0/inst/BlackBoxJam_hostmem_m_axi_U/bus_write/buff_wdata/mem_reg/ADDRARDADDR[10] (net: procsys_i/BlackBoxJam_0/inst/BlackBoxJam_hostmem_m_axi_U/bus_write/buff_wdata/rnext[4]) which is driven by a register (procsys_i/axi_mem_intercon/s00_couplers/auto_pc/inst/gen_axi4_axi3.axi3_conv_inst/USE_WRITE.write_addr_inst/USE_BURSTS.cmd_queue/inst/fifo_gen_inst/inst_fifo_gen/gconvfifo.rf/grf.rf/gntv_or_sync_fifo.gl0.rd/gr1.gr1_int.rfwft/empty_fwft_i_reg) that has an active asychronous set or reset. This may cause corruption of the memory contents and/or read values when the set/reset is asserted and is not analyzed by the default static timing analysis. It is suggested to eliminate the use of a set/reset to registers driving this RAMB pin or else use a synchronous reset in which the assertion of the reset is timed by default.
Related violations: <none>

REQP-1839#10 Warning
RAMB36 async control check  
The RAMB36E1 procsys_i/BlackBoxJam_0/inst/BlackBoxJam_hostmem_m_axi_U/bus_write/buff_wdata/mem_reg has an input control pin procsys_i/BlackBoxJam_0/inst/BlackBoxJam_hostmem_m_axi_U/bus_write/buff_wdata/mem_reg/ADDRARDADDR[11] (net: procsys_i/BlackBoxJam_0/inst/BlackBoxJam_hostmem_m_axi_U/bus_write/buff_wdata/rnext[5]) which is driven by a register (procsys_i/axi_mem_intercon/s00_couplers/auto_pc/inst/gen_axi4_axi3.axi3_conv_inst/USE_WRITE.write_addr_inst/USE_BURSTS.cmd_queue/inst/fifo_gen_inst/inst_fifo_gen/gconvfifo.rf/grf.rf/gntv_or_sync_fifo.gl0.rd/gr1.gr1_int.rfwft/empty_fwft_i_reg) that has an active asychronous set or reset. This may cause corruption of the memory contents and/or read values when the set/reset is asserted and is not analyzed by the default static timing analysis. It is suggested to eliminate the use of a set/reset to registers driving this RAMB pin or else use a synchronous reset in which the assertion of the reset is timed by default.
Related violations: <none>

REQP-1839#11 Warning
RAMB36 async control check  
The RAMB36E1 procsys_i/BlackBoxJam_0/inst/BlackBoxJam_hostmem_m_axi_U/bus_write/buff_wdata/mem_reg has an input control pin procsys_i/BlackBoxJam_0/inst/BlackBoxJam_hostmem_m_axi_U/bus_write/buff_wdata/mem_reg/ADDRARDADDR[12] (net: procsys_i/BlackBoxJam_0/inst/BlackBoxJam_hostmem_m_axi_U/bus_write/buff_wdata/rnext[6]) which is driven by a register (procsys_i/axi_mem_intercon/s00_couplers/auto_pc/inst/gen_axi4_axi3.axi3_conv_inst/USE_WRITE.write_addr_inst/USE_BURSTS.cmd_queue/inst/fifo_gen_inst/inst_fifo_gen/gconvfifo.rf/grf.rf/gntv_or_sync_fifo.gl0.rd/gr1.gr1_int.rfwft/empty_fwft_i_reg) that has an active asychronous set or reset. This may cause corruption of the memory contents and/or read values when the set/reset is asserted and is not analyzed by the default static timing analysis. It is suggested to eliminate the use of a set/reset to registers driving this RAMB pin or else use a synchronous reset in which the assertion of the reset is timed by default.
Related violations: <none>

REQP-1839#12 Warning
RAMB36 async control check  
The RAMB36E1 procsys_i/BlackBoxJam_0/inst/BlackBoxJam_hostmem_m_axi_U/bus_write/buff_wdata/mem_reg has an input control pin procsys_i/BlackBoxJam_0/inst/BlackBoxJam_hostmem_m_axi_U/bus_write/buff_wdata/mem_reg/ADDRARDADDR[13] (net: procsys_i/BlackBoxJam_0/inst/BlackBoxJam_hostmem_m_axi_U/bus_write/buff_wdata/rnext[7]) which is driven by a register (procsys_i/axi_mem_intercon/s00_couplers/auto_pc/inst/gen_axi4_axi3.axi3_conv_inst/USE_WRITE.write_addr_inst/USE_BURSTS.cmd_queue/inst/fifo_gen_inst/inst_fifo_gen/gconvfifo.rf/grf.rf/gntv_or_sync_fifo.gl0.rd/gr1.gr1_int.rfwft/empty_fwft_i_reg) that has an active asychronous set or reset. This may cause corruption of the memory contents and/or read values when the set/reset is asserted and is not analyzed by the default static timing analysis. It is suggested to eliminate the use of a set/reset to registers driving this RAMB pin or else use a synchronous reset in which the assertion of the reset is timed by default.
Related violations: <none>

REQP-1839#13 Warning
RAMB36 async control check  
The RAMB36E1 procsys_i/BlackBoxJam_0/inst/BlackBoxJam_hostmem_m_axi_U/bus_write/buff_wdata/mem_reg has an input control pin procsys_i/BlackBoxJam_0/inst/BlackBoxJam_hostmem_m_axi_U/bus_write/buff_wdata/mem_reg/ADDRARDADDR[6] (net: procsys_i/BlackBoxJam_0/inst/BlackBoxJam_hostmem_m_axi_U/bus_write/buff_wdata/rnext[0]) which is driven by a register (procsys_i/axi_mem_intercon/s00_couplers/auto_pc/inst/gen_axi4_axi3.axi3_conv_inst/USE_WRITE.write_addr_inst/USE_BURSTS.cmd_queue/inst/fifo_gen_inst/inst_fifo_gen/gconvfifo.rf/grf.rf/gntv_or_sync_fifo.gl0.rd/gr1.gr1_int.rfwft/empty_fwft_i_reg) that has an active asychronous set or reset. This may cause corruption of the memory contents and/or read values when the set/reset is asserted and is not analyzed by the default static timing analysis. It is suggested to eliminate the use of a set/reset to registers driving this RAMB pin or else use a synchronous reset in which the assertion of the reset is timed by default.
Related violations: <none>

REQP-1839#14 Warning
RAMB36 async control check  
The RAMB36E1 procsys_i/BlackBoxJam_0/inst/BlackBoxJam_hostmem_m_axi_U/bus_write/buff_wdata/mem_reg has an input control pin procsys_i/BlackBoxJam_0/inst/BlackBoxJam_hostmem_m_axi_U/bus_write/buff_wdata/mem_reg/ADDRARDADDR[7] (net: procsys_i/BlackBoxJam_0/inst/BlackBoxJam_hostmem_m_axi_U/bus_write/buff_wdata/rnext[1]) which is driven by a register (procsys_i/axi_mem_intercon/s00_couplers/auto_pc/inst/gen_axi4_axi3.axi3_conv_inst/USE_WRITE.write_addr_inst/USE_BURSTS.cmd_queue/inst/fifo_gen_inst/inst_fifo_gen/gconvfifo.rf/grf.rf/gntv_or_sync_fifo.gl0.rd/gr1.gr1_int.rfwft/empty_fwft_i_reg) that has an active asychronous set or reset. This may cause corruption of the memory contents and/or read values when the set/reset is asserted and is not analyzed by the default static timing analysis. It is suggested to eliminate the use of a set/reset to registers driving this RAMB pin or else use a synchronous reset in which the assertion of the reset is timed by default.
Related violations: <none>

REQP-1839#15 Warning
RAMB36 async control check  
The RAMB36E1 procsys_i/BlackBoxJam_0/inst/BlackBoxJam_hostmem_m_axi_U/bus_write/buff_wdata/mem_reg has an input control pin procsys_i/BlackBoxJam_0/inst/BlackBoxJam_hostmem_m_axi_U/bus_write/buff_wdata/mem_reg/ADDRARDADDR[8] (net: procsys_i/BlackBoxJam_0/inst/BlackBoxJam_hostmem_m_axi_U/bus_write/buff_wdata/rnext[2]) which is driven by a register (procsys_i/axi_mem_intercon/s00_couplers/auto_pc/inst/gen_axi4_axi3.axi3_conv_inst/USE_WRITE.write_addr_inst/USE_BURSTS.cmd_queue/inst/fifo_gen_inst/inst_fifo_gen/gconvfifo.rf/grf.rf/gntv_or_sync_fifo.gl0.rd/gr1.gr1_int.rfwft/empty_fwft_i_reg) that has an active asychronous set or reset. This may cause corruption of the memory contents and/or read values when the set/reset is asserted and is not analyzed by the default static timing analysis. It is suggested to eliminate the use of a set/reset to registers driving this RAMB pin or else use a synchronous reset in which the assertion of the reset is timed by default.
Related violations: <none>

REQP-1839#16 Warning
RAMB36 async control check  
The RAMB36E1 procsys_i/BlackBoxJam_0/inst/BlackBoxJam_hostmem_m_axi_U/bus_write/buff_wdata/mem_reg has an input control pin procsys_i/BlackBoxJam_0/inst/BlackBoxJam_hostmem_m_axi_U/bus_write/buff_wdata/mem_reg/ADDRARDADDR[9] (net: procsys_i/BlackBoxJam_0/inst/BlackBoxJam_hostmem_m_axi_U/bus_write/buff_wdata/rnext[3]) which is driven by a register (procsys_i/axi_mem_intercon/s00_couplers/auto_pc/inst/gen_axi4_axi3.axi3_conv_inst/USE_WRITE.write_addr_inst/USE_BURSTS.cmd_queue/inst/fifo_gen_inst/inst_fifo_gen/gconvfifo.rf/grf.rf/gntv_or_sync_fifo.gl0.rd/gr1.gr1_int.rfwft/empty_fwft_i_reg) that has an active asychronous set or reset. This may cause corruption of the memory contents and/or read values when the set/reset is asserted and is not analyzed by the default static timing analysis. It is suggested to eliminate the use of a set/reset to registers driving this RAMB pin or else use a synchronous reset in which the assertion of the reset is timed by default.
Related violations: <none>


