

================================================================
== Vivado HLS Report for 'BlackBoxJam'
================================================================
* Date:           Mon Mar  1 13:16:14 2021

* Version:        2018.2 (Build 2258646 on Thu Jun 14 20:25:20 MDT 2018)
* Project:        cnvW1A1-pynqZ1-Z2
* Solution:       sol1
* Product family: zynq
* Target device:  xc7z020clg400-1


================================================================
== Performance Estimates
================================================================
+ Timing (ns): 
    * Summary: 
    +--------+-------+----------+------------+
    |  Clock | Target| Estimated| Uncertainty|
    +--------+-------+----------+------------+
    |ap_clk  |   5.00|     9.883|        0.62|
    +--------+-------+----------+------------+

+ Latency (clock cycles): 
    * Summary: 
    +-----+-----+-----+-----+---------+
    |  Latency  |  Interval | Pipeline|
    | min | max | min | max |   Type  |
    +-----+-----+-----+-----+---------+
    |    ?|    ?|    ?|    ?|   none  |
    +-----+-----+-----+-----+---------+

    + Detail: 
        * Instance: 
        +------------------------------+-----------+-----+-----+-----+-----+----------+
        |                              |           |  Latency  |  Interval | Pipeline |
        |           Instance           |   Module  | min | max | min | max |   Type   |
        +------------------------------+-----------+-----+-----+-----+-----+----------+
        |grp_DoCompute_fu_466          |DoCompute  |    ?|    ?|    ?|    ?| dataflow |
        |StgValue_35_DoMemInit_fu_832  |DoMemInit  |    0|    0|    0|    0|   none   |
        +------------------------------+-----------+-----+-----+-----+-----+----------+

        * Loop: 
        N/A



================================================================
== Utilization Estimates
================================================================
* Summary: 
+-----------------+---------+-------+--------+--------+
|       Name      | BRAM_18K| DSP48E|   FF   |   LUT  |
+-----------------+---------+-------+--------+--------+
|DSP              |        -|      -|       -|       -|
|Expression       |        -|      -|       0|       6|
|FIFO             |        -|      -|       -|       -|
|Instance         |       62|     48|  178970|  114796|
|Memory           |      195|      -|    2912|     160|
|Multiplexer      |        -|      -|       -|    7002|
|Register         |        -|      -|     160|       -|
+-----------------+---------+-------+--------+--------+
|Total            |      257|     48|  182042|  121964|
+-----------------+---------+-------+--------+--------+
|Available        |      280|    220|  106400|   53200|
+-----------------+---------+-------+--------+--------+
|Utilization (%)  |       91|     21|     171|     229|
+-----------------+---------+-------+--------+--------+

+ Detail: 
    * Instance: 
    +------------------------------+---------------------------+---------+-------+--------+--------+
    |           Instance           |           Module          | BRAM_18K| DSP48E|   FF   |   LUT  |
    +------------------------------+---------------------------+---------+-------+--------+--------+
    |BlackBoxJam_control_s_axi_U   |BlackBoxJam_control_s_axi  |        0|      0|     443|     746|
    |BlackBoxJam_hostmem_m_axi_U   |BlackBoxJam_hostmem_m_axi  |        4|      0|     566|     766|
    |grp_DoCompute_fu_466          |DoCompute                  |       58|     48|  177961|  113284|
    |StgValue_35_DoMemInit_fu_832  |DoMemInit                  |        0|      0|       0|       0|
    +------------------------------+---------------------------+---------+-------+--------+--------+
    |Total                         |                           |       62|     48|  178970|  114796|
    +------------------------------+---------------------------+---------+-------+--------+--------+

    * DSP48: 
    N/A

    * Memory: 
    +---------------------------+----------------------+---------+----+----+-------+-----+------+-------------+
    |           Memory          |        Module        | BRAM_18K| FF | LUT| Words | Bits| Banks| W*Bits*Banks|
    +---------------------------+----------------------+---------+----+----+-------+-----+------+-------------+
    |threshs5_m_threshold_U     |BlackBoxJam_thresbom  |        1|   0|   0|    256|   16|     1|         4096|
    |threshs6_m_threshold_U     |BlackBoxJam_thresbqm  |        1|   0|   0|    512|   16|     1|         8192|
    |threshs7_m_threshold_U     |BlackBoxJam_thresbqm  |        1|   0|   0|    512|   16|     1|         8192|
    |threshs1_m_threshold_31_U  |BlackBoxJam_thresc9D  |        0|  32|   1|      2|   16|     1|           32|
    |threshs1_m_threshold_30_U  |BlackBoxJam_thresc9D  |        0|  32|   1|      2|   16|     1|           32|
    |threshs1_m_threshold_19_U  |BlackBoxJam_thresc9D  |        0|  32|   1|      2|   16|     1|           32|
    |threshs1_m_threshold_8_U   |BlackBoxJam_thresc9D  |        0|  32|   1|      2|   16|     1|           32|
    |threshs1_m_threshold_5_U   |BlackBoxJam_thresc9D  |        0|  32|   1|      2|   16|     1|           32|
    |threshs1_m_threshold_4_U   |BlackBoxJam_thresc9D  |        0|  32|   1|      2|   16|     1|           32|
    |threshs1_m_threshold_3_U   |BlackBoxJam_thresc9D  |        0|  32|   1|      2|   16|     1|           32|
    |threshs1_m_threshold_2_U   |BlackBoxJam_thresc9D  |        0|  32|   1|      2|   16|     1|           32|
    |threshs1_m_threshold_1_U   |BlackBoxJam_thresc9D  |        0|  32|   1|      2|   16|     1|           32|
    |threshs1_m_threshold_U     |BlackBoxJam_thresc9D  |        0|  32|   1|      2|   16|     1|           32|
    |threshs1_m_threshold_29_U  |BlackBoxJam_thresc9D  |        0|  32|   1|      2|   16|     1|           32|
    |threshs1_m_threshold_28_U  |BlackBoxJam_thresc9D  |        0|  32|   1|      2|   16|     1|           32|
    |threshs1_m_threshold_27_U  |BlackBoxJam_thresc9D  |        0|  32|   1|      2|   16|     1|           32|
    |threshs1_m_threshold_26_U  |BlackBoxJam_thresc9D  |        0|  32|   1|      2|   16|     1|           32|
    |threshs1_m_threshold_25_U  |BlackBoxJam_thresc9D  |        0|  32|   1|      2|   16|     1|           32|
    |threshs1_m_threshold_24_U  |BlackBoxJam_thresc9D  |        0|  32|   1|      2|   16|     1|           32|
    |threshs1_m_threshold_23_U  |BlackBoxJam_thresc9D  |        0|  32|   1|      2|   16|     1|           32|
    |threshs1_m_threshold_22_U  |BlackBoxJam_thresc9D  |        0|  32|   1|      2|   16|     1|           32|
    |threshs1_m_threshold_21_U  |BlackBoxJam_thresc9D  |        0|  32|   1|      2|   16|     1|           32|
    |threshs1_m_threshold_20_U  |BlackBoxJam_thresc9D  |        0|  32|   1|      2|   16|     1|           32|
    |threshs1_m_threshold_18_U  |BlackBoxJam_thresc9D  |        0|  32|   1|      2|   16|     1|           32|
    |threshs1_m_threshold_17_U  |BlackBoxJam_thresc9D  |        0|  32|   1|      2|   16|     1|           32|
    |threshs1_m_threshold_16_U  |BlackBoxJam_thresc9D  |        0|  32|   1|      2|   16|     1|           32|
    |threshs1_m_threshold_15_U  |BlackBoxJam_thresc9D  |        0|  32|   1|      2|   16|     1|           32|
    |threshs1_m_threshold_14_U  |BlackBoxJam_thresc9D  |        0|  32|   1|      2|   16|     1|           32|
    |threshs1_m_threshold_13_U  |BlackBoxJam_thresc9D  |        0|  32|   1|      2|   16|     1|           32|
    |threshs1_m_threshold_12_U  |BlackBoxJam_thresc9D  |        0|  32|   1|      2|   16|     1|           32|
    |threshs1_m_threshold_11_U  |BlackBoxJam_thresc9D  |        0|  32|   1|      2|   16|     1|           32|
    |threshs1_m_threshold_10_U  |BlackBoxJam_thresc9D  |        0|  32|   1|      2|   16|     1|           32|
    |threshs1_m_threshold_9_U   |BlackBoxJam_thresc9D  |        0|  32|   1|      2|   16|     1|           32|
    |threshs1_m_threshold_7_U   |BlackBoxJam_thresc9D  |        0|  32|   1|      2|   16|     1|           32|
    |threshs1_m_threshold_6_U   |BlackBoxJam_thresc9D  |        0|  32|   1|      2|   16|     1|           32|
    |threshs0_m_threshold_15_U  |BlackBoxJam_threscTB  |        0|  48|   2|      4|   24|     1|           96|
    |threshs0_m_threshold_14_U  |BlackBoxJam_threscTB  |        0|  48|   2|      4|   24|     1|           96|
    |threshs0_m_threshold_7_U   |BlackBoxJam_threscTB  |        0|  48|   2|      4|   24|     1|           96|
    |threshs0_m_threshold_6_U   |BlackBoxJam_threscTB  |        0|  48|   2|      4|   24|     1|           96|
    |threshs0_m_threshold_5_U   |BlackBoxJam_threscTB  |        0|  48|   2|      4|   24|     1|           96|
    |threshs0_m_threshold_4_U   |BlackBoxJam_threscTB  |        0|  48|   2|      4|   24|     1|           96|
    |threshs0_m_threshold_3_U   |BlackBoxJam_threscTB  |        0|  48|   2|      4|   24|     1|           96|
    |threshs0_m_threshold_2_U   |BlackBoxJam_threscTB  |        0|  48|   2|      4|   24|     1|           96|
    |threshs0_m_threshold_1_U   |BlackBoxJam_threscTB  |        0|  48|   2|      4|   24|     1|           96|
    |threshs0_m_threshold_U     |BlackBoxJam_threscTB  |        0|  48|   2|      4|   24|     1|           96|
    |threshs0_m_threshold_13_U  |BlackBoxJam_threscTB  |        0|  48|   2|      4|   24|     1|           96|
    |threshs0_m_threshold_12_U  |BlackBoxJam_threscTB  |        0|  48|   2|      4|   24|     1|           96|
    |threshs0_m_threshold_11_U  |BlackBoxJam_threscTB  |        0|  48|   2|      4|   24|     1|           96|
    |threshs0_m_threshold_10_U  |BlackBoxJam_threscTB  |        0|  48|   2|      4|   24|     1|           96|
    |threshs0_m_threshold_9_U   |BlackBoxJam_threscTB  |        0|  48|   2|      4|   24|     1|           96|
    |threshs0_m_threshold_8_U   |BlackBoxJam_threscTB  |        0|  48|   2|      4|   24|     1|           96|
    |threshs2_m_threshold_15_U  |BlackBoxJam_thresdFJ  |        0|  32|   2|      8|   16|     1|          128|
    |threshs2_m_threshold_14_U  |BlackBoxJam_thresdFJ  |        0|  32|   2|      8|   16|     1|          128|
    |threshs2_m_threshold_7_U   |BlackBoxJam_thresdFJ  |        0|  32|   2|      8|   16|     1|          128|
    |threshs2_m_threshold_6_U   |BlackBoxJam_thresdFJ  |        0|  32|   2|      8|   16|     1|          128|
    |threshs2_m_threshold_5_U   |BlackBoxJam_thresdFJ  |        0|  32|   2|      8|   16|     1|          128|
    |threshs2_m_threshold_4_U   |BlackBoxJam_thresdFJ  |        0|  32|   2|      8|   16|     1|          128|
    |threshs2_m_threshold_3_U   |BlackBoxJam_thresdFJ  |        0|  32|   2|      8|   16|     1|          128|
    |threshs2_m_threshold_2_U   |BlackBoxJam_thresdFJ  |        0|  32|   2|      8|   16|     1|          128|
    |threshs2_m_threshold_1_U   |BlackBoxJam_thresdFJ  |        0|  32|   2|      8|   16|     1|          128|
    |threshs2_m_threshold_U     |BlackBoxJam_thresdFJ  |        0|  32|   2|      8|   16|     1|          128|
    |threshs2_m_threshold_13_U  |BlackBoxJam_thresdFJ  |        0|  32|   2|      8|   16|     1|          128|
    |threshs2_m_threshold_12_U  |BlackBoxJam_thresdFJ  |        0|  32|   2|      8|   16|     1|          128|
    |threshs2_m_threshold_11_U  |BlackBoxJam_thresdFJ  |        0|  32|   2|      8|   16|     1|          128|
    |threshs2_m_threshold_10_U  |BlackBoxJam_thresdFJ  |        0|  32|   2|      8|   16|     1|          128|
    |threshs2_m_threshold_9_U   |BlackBoxJam_thresdFJ  |        0|  32|   2|      8|   16|     1|          128|
    |threshs2_m_threshold_8_U   |BlackBoxJam_thresdFJ  |        0|  32|   2|      8|   16|     1|          128|
    |threshs3_m_threshold_15_U  |BlackBoxJam_thresdFJ  |        0|  32|   2|      8|   16|     1|          128|
    |threshs3_m_threshold_14_U  |BlackBoxJam_thresdFJ  |        0|  32|   2|      8|   16|     1|          128|
    |threshs3_m_threshold_7_U   |BlackBoxJam_thresdFJ  |        0|  32|   2|      8|   16|     1|          128|
    |threshs3_m_threshold_6_U   |BlackBoxJam_thresdFJ  |        0|  32|   2|      8|   16|     1|          128|
    |threshs3_m_threshold_5_U   |BlackBoxJam_thresdFJ  |        0|  32|   2|      8|   16|     1|          128|
    |threshs3_m_threshold_4_U   |BlackBoxJam_thresdFJ  |        0|  32|   2|      8|   16|     1|          128|
    |threshs3_m_threshold_3_U   |BlackBoxJam_thresdFJ  |        0|  32|   2|      8|   16|     1|          128|
    |threshs3_m_threshold_2_U   |BlackBoxJam_thresdFJ  |        0|  32|   2|      8|   16|     1|          128|
    |threshs3_m_threshold_1_U   |BlackBoxJam_thresdFJ  |        0|  32|   2|      8|   16|     1|          128|
    |threshs3_m_threshold_U     |BlackBoxJam_thresdFJ  |        0|  32|   2|      8|   16|     1|          128|
    |threshs3_m_threshold_13_U  |BlackBoxJam_thresdFJ  |        0|  32|   2|      8|   16|     1|          128|
    |threshs3_m_threshold_12_U  |BlackBoxJam_thresdFJ  |        0|  32|   2|      8|   16|     1|          128|
    |threshs3_m_threshold_11_U  |BlackBoxJam_thresdFJ  |        0|  32|   2|      8|   16|     1|          128|
    |threshs3_m_threshold_10_U  |BlackBoxJam_thresdFJ  |        0|  32|   2|      8|   16|     1|          128|
    |threshs3_m_threshold_9_U   |BlackBoxJam_thresdFJ  |        0|  32|   2|      8|   16|     1|          128|
    |threshs3_m_threshold_8_U   |BlackBoxJam_thresdFJ  |        0|  32|   2|      8|   16|     1|          128|
    |threshs4_m_threshold_3_U   |BlackBoxJam_thresebO  |        1|   0|   0|     64|   16|     1|         1024|
    |threshs4_m_threshold_2_U   |BlackBoxJam_thresebO  |        1|   0|   0|     64|   16|     1|         1024|
    |threshs4_m_threshold_1_U   |BlackBoxJam_thresebO  |        1|   0|   0|     64|   16|     1|         1024|
    |threshs4_m_threshold_U     |BlackBoxJam_thresebO  |        1|   0|   0|     64|   16|     1|         1024|
    |weights1_m_weights_V_U     |BlackBoxJam_weighbJp  |        1|   0|   0|     36|   32|     1|         1152|
    |weights1_m_weights_V_1_U   |BlackBoxJam_weighbJp  |        1|   0|   0|     36|   32|     1|         1152|
    |weights1_m_weights_V_2_U   |BlackBoxJam_weighbJp  |        1|   0|   0|     36|   32|     1|         1152|
    |weights1_m_weights_V_3_U   |BlackBoxJam_weighbJp  |        1|   0|   0|     36|   32|     1|         1152|
    |weights1_m_weights_V_4_U   |BlackBoxJam_weighbJp  |        1|   0|   0|     36|   32|     1|         1152|
    |weights1_m_weights_V_5_U   |BlackBoxJam_weighbJp  |        1|   0|   0|     36|   32|     1|         1152|
    |weights1_m_weights_V_6_U   |BlackBoxJam_weighbJp  |        1|   0|   0|     36|   32|     1|         1152|
    |weights1_m_weights_V_7_U   |BlackBoxJam_weighbJp  |        1|   0|   0|     36|   32|     1|         1152|
    |weights1_m_weights_V_8_U   |BlackBoxJam_weighbJp  |        1|   0|   0|     36|   32|     1|         1152|
    |weights1_m_weights_V_9_U   |BlackBoxJam_weighbJp  |        1|   0|   0|     36|   32|     1|         1152|
    |weights1_m_weights_V_10_U  |BlackBoxJam_weighbJp  |        1|   0|   0|     36|   32|     1|         1152|
    |weights1_m_weights_V_11_U  |BlackBoxJam_weighbJp  |        1|   0|   0|     36|   32|     1|         1152|
    |weights1_m_weights_V_12_U  |BlackBoxJam_weighbJp  |        1|   0|   0|     36|   32|     1|         1152|
    |weights1_m_weights_V_13_U  |BlackBoxJam_weighbJp  |        1|   0|   0|     36|   32|     1|         1152|
    |weights1_m_weights_V_14_U  |BlackBoxJam_weighbJp  |        1|   0|   0|     36|   32|     1|         1152|
    |weights1_m_weights_V_15_U  |BlackBoxJam_weighbJp  |        1|   0|   0|     36|   32|     1|         1152|
    |weights1_m_weights_V_16_U  |BlackBoxJam_weighbJp  |        1|   0|   0|     36|   32|     1|         1152|
    |weights1_m_weights_V_17_U  |BlackBoxJam_weighbJp  |        1|   0|   0|     36|   32|     1|         1152|
    |weights1_m_weights_V_18_U  |BlackBoxJam_weighbJp  |        1|   0|   0|     36|   32|     1|         1152|
    |weights1_m_weights_V_19_U  |BlackBoxJam_weighbJp  |        1|   0|   0|     36|   32|     1|         1152|
    |weights1_m_weights_V_20_U  |BlackBoxJam_weighbJp  |        1|   0|   0|     36|   32|     1|         1152|
    |weights1_m_weights_V_21_U  |BlackBoxJam_weighbJp  |        1|   0|   0|     36|   32|     1|         1152|
    |weights1_m_weights_V_22_U  |BlackBoxJam_weighbJp  |        1|   0|   0|     36|   32|     1|         1152|
    |weights1_m_weights_V_23_U  |BlackBoxJam_weighbJp  |        1|   0|   0|     36|   32|     1|         1152|
    |weights1_m_weights_V_24_U  |BlackBoxJam_weighbJp  |        1|   0|   0|     36|   32|     1|         1152|
    |weights1_m_weights_V_25_U  |BlackBoxJam_weighbJp  |        1|   0|   0|     36|   32|     1|         1152|
    |weights1_m_weights_V_26_U  |BlackBoxJam_weighbJp  |        1|   0|   0|     36|   32|     1|         1152|
    |weights1_m_weights_V_27_U  |BlackBoxJam_weighbJp  |        1|   0|   0|     36|   32|     1|         1152|
    |weights1_m_weights_V_28_U  |BlackBoxJam_weighbJp  |        1|   0|   0|     36|   32|     1|         1152|
    |weights1_m_weights_V_29_U  |BlackBoxJam_weighbJp  |        1|   0|   0|     36|   32|     1|         1152|
    |weights1_m_weights_V_30_U  |BlackBoxJam_weighbJp  |        1|   0|   0|     36|   32|     1|         1152|
    |weights1_m_weights_V_31_U  |BlackBoxJam_weighbJp  |        1|   0|   0|     36|   32|     1|         1152|
    |weights5_m_weights_V_U     |BlackBoxJam_weighbnm  |       64|   0|   0|  18432|   32|     1|       589824|
    |weights6_m_weights_V_U     |BlackBoxJam_weighbpm  |        8|   0|   0|  32768|    4|     1|       131072|
    |weights7_m_weights_V_U     |BlackBoxJam_weighbrm  |       16|   0|   0|  32768|    8|     1|       262144|
    |weights0_m_weights_V_U     |BlackBoxJam_weighbtn  |        0|   6|   2|     36|    3|     1|          108|
    |weights0_m_weights_V_1_U   |BlackBoxJam_weighbtn  |        0|   6|   2|     36|    3|     1|          108|
    |weights0_m_weights_V_2_U   |BlackBoxJam_weighbtn  |        0|   6|   2|     36|    3|     1|          108|
    |weights0_m_weights_V_3_U   |BlackBoxJam_weighbtn  |        0|   6|   2|     36|    3|     1|          108|
    |weights0_m_weights_V_4_U   |BlackBoxJam_weighbtn  |        0|   6|   2|     36|    3|     1|          108|
    |weights0_m_weights_V_5_U   |BlackBoxJam_weighbtn  |        0|   6|   2|     36|    3|     1|          108|
    |weights0_m_weights_V_6_U   |BlackBoxJam_weighbtn  |        0|   6|   2|     36|    3|     1|          108|
    |weights0_m_weights_V_7_U   |BlackBoxJam_weighbtn  |        0|   6|   2|     36|    3|     1|          108|
    |weights0_m_weights_V_8_U   |BlackBoxJam_weighbtn  |        0|   6|   2|     36|    3|     1|          108|
    |weights0_m_weights_V_9_U   |BlackBoxJam_weighbtn  |        0|   6|   2|     36|    3|     1|          108|
    |weights0_m_weights_V_10_U  |BlackBoxJam_weighbtn  |        0|   6|   2|     36|    3|     1|          108|
    |weights0_m_weights_V_11_U  |BlackBoxJam_weighbtn  |        0|   6|   2|     36|    3|     1|          108|
    |weights0_m_weights_V_12_U  |BlackBoxJam_weighbtn  |        0|   6|   2|     36|    3|     1|          108|
    |weights0_m_weights_V_13_U  |BlackBoxJam_weighbtn  |        0|   6|   2|     36|    3|     1|          108|
    |weights0_m_weights_V_14_U  |BlackBoxJam_weighbtn  |        0|   6|   2|     36|    3|     1|          108|
    |weights0_m_weights_V_15_U  |BlackBoxJam_weighbtn  |        0|   6|   2|     36|    3|     1|          108|
    |weights4_m_weights_V_U     |BlackBoxJam_weighcLz  |        8|   0|   0|   2304|   32|     1|        73728|
    |weights4_m_weights_V_1_U   |BlackBoxJam_weighcLz  |        8|   0|   0|   2304|   32|     1|        73728|
    |weights4_m_weights_V_2_U   |BlackBoxJam_weighcLz  |        8|   0|   0|   2304|   32|     1|        73728|
    |weights4_m_weights_V_3_U   |BlackBoxJam_weighcLz  |        8|   0|   0|   2304|   32|     1|        73728|
    |weights8_m_weights_V_U     |BlackBoxJam_weighcPA  |        1|   0|   0|   8192|    1|     1|         8192|
    |weights8_m_weights_V_1_U   |BlackBoxJam_weighcPA  |        1|   0|   0|   8192|    1|     1|         8192|
    |weights8_m_weights_V_2_U   |BlackBoxJam_weighcPA  |        1|   0|   0|   8192|    1|     1|         8192|
    |weights8_m_weights_V_3_U   |BlackBoxJam_weighcPA  |        1|   0|   0|   8192|    1|     1|         8192|
    |weights2_m_weights_V_U     |BlackBoxJam_weighcfu  |        1|   0|   0|    144|   32|     1|         4608|
    |weights2_m_weights_V_1_U   |BlackBoxJam_weighcfu  |        1|   0|   0|    144|   32|     1|         4608|
    |weights2_m_weights_V_2_U   |BlackBoxJam_weighcfu  |        1|   0|   0|    144|   32|     1|         4608|
    |weights2_m_weights_V_3_U   |BlackBoxJam_weighcfu  |        1|   0|   0|    144|   32|     1|         4608|
    |weights2_m_weights_V_4_U   |BlackBoxJam_weighcfu  |        1|   0|   0|    144|   32|     1|         4608|
    |weights2_m_weights_V_5_U   |BlackBoxJam_weighcfu  |        1|   0|   0|    144|   32|     1|         4608|
    |weights2_m_weights_V_6_U   |BlackBoxJam_weighcfu  |        1|   0|   0|    144|   32|     1|         4608|
    |weights2_m_weights_V_7_U   |BlackBoxJam_weighcfu  |        1|   0|   0|    144|   32|     1|         4608|
    |weights2_m_weights_V_8_U   |BlackBoxJam_weighcfu  |        1|   0|   0|    144|   32|     1|         4608|
    |weights2_m_weights_V_9_U   |BlackBoxJam_weighcfu  |        1|   0|   0|    144|   32|     1|         4608|
    |weights2_m_weights_V_10_U  |BlackBoxJam_weighcfu  |        1|   0|   0|    144|   32|     1|         4608|
    |weights2_m_weights_V_11_U  |BlackBoxJam_weighcfu  |        1|   0|   0|    144|   32|     1|         4608|
    |weights2_m_weights_V_12_U  |BlackBoxJam_weighcfu  |        1|   0|   0|    144|   32|     1|         4608|
    |weights2_m_weights_V_13_U  |BlackBoxJam_weighcfu  |        1|   0|   0|    144|   32|     1|         4608|
    |weights2_m_weights_V_14_U  |BlackBoxJam_weighcfu  |        1|   0|   0|    144|   32|     1|         4608|
    |weights2_m_weights_V_15_U  |BlackBoxJam_weighcfu  |        1|   0|   0|    144|   32|     1|         4608|
    |weights3_m_weights_V_U     |BlackBoxJam_weighcvx  |        1|   0|   0|    288|   32|     1|         9216|
    |weights3_m_weights_V_1_U   |BlackBoxJam_weighcvx  |        1|   0|   0|    288|   32|     1|         9216|
    |weights3_m_weights_V_2_U   |BlackBoxJam_weighcvx  |        1|   0|   0|    288|   32|     1|         9216|
    |weights3_m_weights_V_3_U   |BlackBoxJam_weighcvx  |        1|   0|   0|    288|   32|     1|         9216|
    |weights3_m_weights_V_4_U   |BlackBoxJam_weighcvx  |        1|   0|   0|    288|   32|     1|         9216|
    |weights3_m_weights_V_5_U   |BlackBoxJam_weighcvx  |        1|   0|   0|    288|   32|     1|         9216|
    |weights3_m_weights_V_6_U   |BlackBoxJam_weighcvx  |        1|   0|   0|    288|   32|     1|         9216|
    |weights3_m_weights_V_7_U   |BlackBoxJam_weighcvx  |        1|   0|   0|    288|   32|     1|         9216|
    |weights3_m_weights_V_8_U   |BlackBoxJam_weighcvx  |        1|   0|   0|    288|   32|     1|         9216|
    |weights3_m_weights_V_9_U   |BlackBoxJam_weighcvx  |        1|   0|   0|    288|   32|     1|         9216|
    |weights3_m_weights_V_10_U  |BlackBoxJam_weighcvx  |        1|   0|   0|    288|   32|     1|         9216|
    |weights3_m_weights_V_11_U  |BlackBoxJam_weighcvx  |        1|   0|   0|    288|   32|     1|         9216|
    |weights3_m_weights_V_12_U  |BlackBoxJam_weighcvx  |        1|   0|   0|    288|   32|     1|         9216|
    |weights3_m_weights_V_13_U  |BlackBoxJam_weighcvx  |        1|   0|   0|    288|   32|     1|         9216|
    |weights3_m_weights_V_14_U  |BlackBoxJam_weighcvx  |        1|   0|   0|    288|   32|     1|         9216|
    |weights3_m_weights_V_15_U  |BlackBoxJam_weighcvx  |        1|   0|   0|    288|   32|     1|         9216|
    +---------------------------+----------------------+---------+----+----+-------+-----+------+-------------+
    |Total                      |                      |      195|2912| 160| 136512| 3792|   178|      1601728|
    +---------------------------+----------------------+---------+----+----+-------+-----+------+-------------+

    * FIFO: 
    N/A

    * Expression: 
    +---------------------------------------+----------+-------+---+----+------------+------------+
    |             Variable Name             | Operation| DSP48E| FF| LUT| Bitwidth P0| Bitwidth P1|
    +---------------------------------------+----------+-------+---+----+------------+------------+
    |ap_block_state2_on_subcall_done        |    and   |      0|  0|   2|           1|           1|
    |ap_sync_grp_DoCompute_fu_466_ap_done   |    or    |      0|  0|   2|           1|           1|
    |ap_sync_grp_DoCompute_fu_466_ap_ready  |    or    |      0|  0|   2|           1|           1|
    +---------------------------------------+----------+-------+---+----+------------+------------+
    |Total                                  |          |      0|  0|   6|           3|           3|
    +---------------------------------------+----------+-------+---+----+------------+------------+

    * Multiplexer: 
    +----------------------------------+----+-----------+-----+-----------+
    |               Name               | LUT| Input Size| Bits| Total Bits|
    +----------------------------------+----+-----------+-----+-----------+
    |ap_NS_fsm                         |  15|          3|    1|          3|
    |hostmem_ARVALID                   |   9|          2|    1|          2|
    |hostmem_AWVALID                   |   9|          2|    1|          2|
    |hostmem_BREADY                    |   9|          2|    1|          2|
    |hostmem_RREADY                    |   9|          2|    1|          2|
    |hostmem_WVALID                    |   9|          2|    1|          2|
    |threshs0_m_threshold_10_address0  |  15|          3|    2|          6|
    |threshs0_m_threshold_10_ce0       |  15|          3|    1|          3|
    |threshs0_m_threshold_10_we0       |   9|          2|    1|          2|
    |threshs0_m_threshold_11_address0  |  15|          3|    2|          6|
    |threshs0_m_threshold_11_ce0       |  15|          3|    1|          3|
    |threshs0_m_threshold_11_we0       |   9|          2|    1|          2|
    |threshs0_m_threshold_12_address0  |  15|          3|    2|          6|
    |threshs0_m_threshold_12_ce0       |  15|          3|    1|          3|
    |threshs0_m_threshold_12_we0       |   9|          2|    1|          2|
    |threshs0_m_threshold_13_address0  |  15|          3|    2|          6|
    |threshs0_m_threshold_13_ce0       |  15|          3|    1|          3|
    |threshs0_m_threshold_13_we0       |   9|          2|    1|          2|
    |threshs0_m_threshold_14_address0  |  15|          3|    2|          6|
    |threshs0_m_threshold_14_ce0       |  15|          3|    1|          3|
    |threshs0_m_threshold_14_we0       |   9|          2|    1|          2|
    |threshs0_m_threshold_15_address0  |  15|          3|    2|          6|
    |threshs0_m_threshold_15_ce0       |  15|          3|    1|          3|
    |threshs0_m_threshold_15_we0       |   9|          2|    1|          2|
    |threshs0_m_threshold_1_address0   |  15|          3|    2|          6|
    |threshs0_m_threshold_1_ce0        |  15|          3|    1|          3|
    |threshs0_m_threshold_1_we0        |   9|          2|    1|          2|
    |threshs0_m_threshold_2_address0   |  15|          3|    2|          6|
    |threshs0_m_threshold_2_ce0        |  15|          3|    1|          3|
    |threshs0_m_threshold_2_we0        |   9|          2|    1|          2|
    |threshs0_m_threshold_3_address0   |  15|          3|    2|          6|
    |threshs0_m_threshold_3_ce0        |  15|          3|    1|          3|
    |threshs0_m_threshold_3_we0        |   9|          2|    1|          2|
    |threshs0_m_threshold_4_address0   |  15|          3|    2|          6|
    |threshs0_m_threshold_4_ce0        |  15|          3|    1|          3|
    |threshs0_m_threshold_4_we0        |   9|          2|    1|          2|
    |threshs0_m_threshold_5_address0   |  15|          3|    2|          6|
    |threshs0_m_threshold_5_ce0        |  15|          3|    1|          3|
    |threshs0_m_threshold_5_we0        |   9|          2|    1|          2|
    |threshs0_m_threshold_6_address0   |  15|          3|    2|          6|
    |threshs0_m_threshold_6_ce0        |  15|          3|    1|          3|
    |threshs0_m_threshold_6_we0        |   9|          2|    1|          2|
    |threshs0_m_threshold_7_address0   |  15|          3|    2|          6|
    |threshs0_m_threshold_7_ce0        |  15|          3|    1|          3|
    |threshs0_m_threshold_7_we0        |   9|          2|    1|          2|
    |threshs0_m_threshold_8_address0   |  15|          3|    2|          6|
    |threshs0_m_threshold_8_ce0        |  15|          3|    1|          3|
    |threshs0_m_threshold_8_we0        |   9|          2|    1|          2|
    |threshs0_m_threshold_9_address0   |  15|          3|    2|          6|
    |threshs0_m_threshold_9_ce0        |  15|          3|    1|          3|
    |threshs0_m_threshold_9_we0        |   9|          2|    1|          2|
    |threshs0_m_threshold_address0     |  15|          3|    2|          6|
    |threshs0_m_threshold_ce0          |  15|          3|    1|          3|
    |threshs0_m_threshold_we0          |   9|          2|    1|          2|
    |threshs1_m_threshold_10_address0  |  15|          3|    1|          3|
    |threshs1_m_threshold_10_ce0       |  15|          3|    1|          3|
    |threshs1_m_threshold_10_we0       |   9|          2|    1|          2|
    |threshs1_m_threshold_11_address0  |  15|          3|    1|          3|
    |threshs1_m_threshold_11_ce0       |  15|          3|    1|          3|
    |threshs1_m_threshold_11_we0       |   9|          2|    1|          2|
    |threshs1_m_threshold_12_address0  |  15|          3|    1|          3|
    |threshs1_m_threshold_12_ce0       |  15|          3|    1|          3|
    |threshs1_m_threshold_12_we0       |   9|          2|    1|          2|
    |threshs1_m_threshold_13_address0  |  15|          3|    1|          3|
    |threshs1_m_threshold_13_ce0       |  15|          3|    1|          3|
    |threshs1_m_threshold_13_we0       |   9|          2|    1|          2|
    |threshs1_m_threshold_14_address0  |  15|          3|    1|          3|
    |threshs1_m_threshold_14_ce0       |  15|          3|    1|          3|
    |threshs1_m_threshold_14_we0       |   9|          2|    1|          2|
    |threshs1_m_threshold_15_address0  |  15|          3|    1|          3|
    |threshs1_m_threshold_15_ce0       |  15|          3|    1|          3|
    |threshs1_m_threshold_15_we0       |   9|          2|    1|          2|
    |threshs1_m_threshold_16_address0  |  15|          3|    1|          3|
    |threshs1_m_threshold_16_ce0       |  15|          3|    1|          3|
    |threshs1_m_threshold_16_we0       |   9|          2|    1|          2|
    |threshs1_m_threshold_17_address0  |  15|          3|    1|          3|
    |threshs1_m_threshold_17_ce0       |  15|          3|    1|          3|
    |threshs1_m_threshold_17_we0       |   9|          2|    1|          2|
    |threshs1_m_threshold_18_address0  |  15|          3|    1|          3|
    |threshs1_m_threshold_18_ce0       |  15|          3|    1|          3|
    |threshs1_m_threshold_18_we0       |   9|          2|    1|          2|
    |threshs1_m_threshold_19_address0  |  15|          3|    1|          3|
    |threshs1_m_threshold_19_ce0       |  15|          3|    1|          3|
    |threshs1_m_threshold_19_we0       |   9|          2|    1|          2|
    |threshs1_m_threshold_1_address0   |  15|          3|    1|          3|
    |threshs1_m_threshold_1_ce0        |  15|          3|    1|          3|
    |threshs1_m_threshold_1_we0        |   9|          2|    1|          2|
    |threshs1_m_threshold_20_address0  |  15|          3|    1|          3|
    |threshs1_m_threshold_20_ce0       |  15|          3|    1|          3|
    |threshs1_m_threshold_20_we0       |   9|          2|    1|          2|
    |threshs1_m_threshold_21_address0  |  15|          3|    1|          3|
    |threshs1_m_threshold_21_ce0       |  15|          3|    1|          3|
    |threshs1_m_threshold_21_we0       |   9|          2|    1|          2|
    |threshs1_m_threshold_22_address0  |  15|          3|    1|          3|
    |threshs1_m_threshold_22_ce0       |  15|          3|    1|          3|
    |threshs1_m_threshold_22_we0       |   9|          2|    1|          2|
    |threshs1_m_threshold_23_address0  |  15|          3|    1|          3|
    |threshs1_m_threshold_23_ce0       |  15|          3|    1|          3|
    |threshs1_m_threshold_23_we0       |   9|          2|    1|          2|
    |threshs1_m_threshold_24_address0  |  15|          3|    1|          3|
    |threshs1_m_threshold_24_ce0       |  15|          3|    1|          3|
    |threshs1_m_threshold_24_we0       |   9|          2|    1|          2|
    |threshs1_m_threshold_25_address0  |  15|          3|    1|          3|
    |threshs1_m_threshold_25_ce0       |  15|          3|    1|          3|
    |threshs1_m_threshold_25_we0       |   9|          2|    1|          2|
    |threshs1_m_threshold_26_address0  |  15|          3|    1|          3|
    |threshs1_m_threshold_26_ce0       |  15|          3|    1|          3|
    |threshs1_m_threshold_26_we0       |   9|          2|    1|          2|
    |threshs1_m_threshold_27_address0  |  15|          3|    1|          3|
    |threshs1_m_threshold_27_ce0       |  15|          3|    1|          3|
    |threshs1_m_threshold_27_we0       |   9|          2|    1|          2|
    |threshs1_m_threshold_28_address0  |  15|          3|    1|          3|
    |threshs1_m_threshold_28_ce0       |  15|          3|    1|          3|
    |threshs1_m_threshold_28_we0       |   9|          2|    1|          2|
    |threshs1_m_threshold_29_address0  |  15|          3|    1|          3|
    |threshs1_m_threshold_29_ce0       |  15|          3|    1|          3|
    |threshs1_m_threshold_29_we0       |   9|          2|    1|          2|
    |threshs1_m_threshold_2_address0   |  15|          3|    1|          3|
    |threshs1_m_threshold_2_ce0        |  15|          3|    1|          3|
    |threshs1_m_threshold_2_we0        |   9|          2|    1|          2|
    |threshs1_m_threshold_30_address0  |  15|          3|    1|          3|
    |threshs1_m_threshold_30_ce0       |  15|          3|    1|          3|
    |threshs1_m_threshold_30_we0       |   9|          2|    1|          2|
    |threshs1_m_threshold_31_address0  |  15|          3|    1|          3|
    |threshs1_m_threshold_31_ce0       |  15|          3|    1|          3|
    |threshs1_m_threshold_31_we0       |   9|          2|    1|          2|
    |threshs1_m_threshold_3_address0   |  15|          3|    1|          3|
    |threshs1_m_threshold_3_ce0        |  15|          3|    1|          3|
    |threshs1_m_threshold_3_we0        |   9|          2|    1|          2|
    |threshs1_m_threshold_4_address0   |  15|          3|    1|          3|
    |threshs1_m_threshold_4_ce0        |  15|          3|    1|          3|
    |threshs1_m_threshold_4_we0        |   9|          2|    1|          2|
    |threshs1_m_threshold_5_address0   |  15|          3|    1|          3|
    |threshs1_m_threshold_5_ce0        |  15|          3|    1|          3|
    |threshs1_m_threshold_5_we0        |   9|          2|    1|          2|
    |threshs1_m_threshold_6_address0   |  15|          3|    1|          3|
    |threshs1_m_threshold_6_ce0        |  15|          3|    1|          3|
    |threshs1_m_threshold_6_we0        |   9|          2|    1|          2|
    |threshs1_m_threshold_7_address0   |  15|          3|    1|          3|
    |threshs1_m_threshold_7_ce0        |  15|          3|    1|          3|
    |threshs1_m_threshold_7_we0        |   9|          2|    1|          2|
    |threshs1_m_threshold_8_address0   |  15|          3|    1|          3|
    |threshs1_m_threshold_8_ce0        |  15|          3|    1|          3|
    |threshs1_m_threshold_8_we0        |   9|          2|    1|          2|
    |threshs1_m_threshold_9_address0   |  15|          3|    1|          3|
    |threshs1_m_threshold_9_ce0        |  15|          3|    1|          3|
    |threshs1_m_threshold_9_we0        |   9|          2|    1|          2|
    |threshs1_m_threshold_address0     |  15|          3|    1|          3|
    |threshs1_m_threshold_ce0          |  15|          3|    1|          3|
    |threshs1_m_threshold_we0          |   9|          2|    1|          2|
    |threshs2_m_threshold_10_address0  |  15|          3|    3|          9|
    |threshs2_m_threshold_10_ce0       |  15|          3|    1|          3|
    |threshs2_m_threshold_10_we0       |   9|          2|    1|          2|
    |threshs2_m_threshold_11_address0  |  15|          3|    3|          9|
    |threshs2_m_threshold_11_ce0       |  15|          3|    1|          3|
    |threshs2_m_threshold_11_we0       |   9|          2|    1|          2|
    |threshs2_m_threshold_12_address0  |  15|          3|    3|          9|
    |threshs2_m_threshold_12_ce0       |  15|          3|    1|          3|
    |threshs2_m_threshold_12_we0       |   9|          2|    1|          2|
    |threshs2_m_threshold_13_address0  |  15|          3|    3|          9|
    |threshs2_m_threshold_13_ce0       |  15|          3|    1|          3|
    |threshs2_m_threshold_13_we0       |   9|          2|    1|          2|
    |threshs2_m_threshold_14_address0  |  15|          3|    3|          9|
    |threshs2_m_threshold_14_ce0       |  15|          3|    1|          3|
    |threshs2_m_threshold_14_we0       |   9|          2|    1|          2|
    |threshs2_m_threshold_15_address0  |  15|          3|    3|          9|
    |threshs2_m_threshold_15_ce0       |  15|          3|    1|          3|
    |threshs2_m_threshold_15_we0       |   9|          2|    1|          2|
    |threshs2_m_threshold_1_address0   |  15|          3|    3|          9|
    |threshs2_m_threshold_1_ce0        |  15|          3|    1|          3|
    |threshs2_m_threshold_1_we0        |   9|          2|    1|          2|
    |threshs2_m_threshold_2_address0   |  15|          3|    3|          9|
    |threshs2_m_threshold_2_ce0        |  15|          3|    1|          3|
    |threshs2_m_threshold_2_we0        |   9|          2|    1|          2|
    |threshs2_m_threshold_3_address0   |  15|          3|    3|          9|
    |threshs2_m_threshold_3_ce0        |  15|          3|    1|          3|
    |threshs2_m_threshold_3_we0        |   9|          2|    1|          2|
    |threshs2_m_threshold_4_address0   |  15|          3|    3|          9|
    |threshs2_m_threshold_4_ce0        |  15|          3|    1|          3|
    |threshs2_m_threshold_4_we0        |   9|          2|    1|          2|
    |threshs2_m_threshold_5_address0   |  15|          3|    3|          9|
    |threshs2_m_threshold_5_ce0        |  15|          3|    1|          3|
    |threshs2_m_threshold_5_we0        |   9|          2|    1|          2|
    |threshs2_m_threshold_6_address0   |  15|          3|    3|          9|
    |threshs2_m_threshold_6_ce0        |  15|          3|    1|          3|
    |threshs2_m_threshold_6_we0        |   9|          2|    1|          2|
    |threshs2_m_threshold_7_address0   |  15|          3|    3|          9|
    |threshs2_m_threshold_7_ce0        |  15|          3|    1|          3|
    |threshs2_m_threshold_7_we0        |   9|          2|    1|          2|
    |threshs2_m_threshold_8_address0   |  15|          3|    3|          9|
    |threshs2_m_threshold_8_ce0        |  15|          3|    1|          3|
    |threshs2_m_threshold_8_we0        |   9|          2|    1|          2|
    |threshs2_m_threshold_9_address0   |  15|          3|    3|          9|
    |threshs2_m_threshold_9_ce0        |  15|          3|    1|          3|
    |threshs2_m_threshold_9_we0        |   9|          2|    1|          2|
    |threshs2_m_threshold_address0     |  15|          3|    3|          9|
    |threshs2_m_threshold_ce0          |  15|          3|    1|          3|
    |threshs2_m_threshold_we0          |   9|          2|    1|          2|
    |threshs3_m_threshold_10_address0  |  15|          3|    3|          9|
    |threshs3_m_threshold_10_ce0       |  15|          3|    1|          3|
    |threshs3_m_threshold_10_we0       |   9|          2|    1|          2|
    |threshs3_m_threshold_11_address0  |  15|          3|    3|          9|
    |threshs3_m_threshold_11_ce0       |  15|          3|    1|          3|
    |threshs3_m_threshold_11_we0       |   9|          2|    1|          2|
    |threshs3_m_threshold_12_address0  |  15|          3|    3|          9|
    |threshs3_m_threshold_12_ce0       |  15|          3|    1|          3|
    |threshs3_m_threshold_12_we0       |   9|          2|    1|          2|
    |threshs3_m_threshold_13_address0  |  15|          3|    3|          9|
    |threshs3_m_threshold_13_ce0       |  15|          3|    1|          3|
    |threshs3_m_threshold_13_we0       |   9|          2|    1|          2|
    |threshs3_m_threshold_14_address0  |  15|          3|    3|          9|
    |threshs3_m_threshold_14_ce0       |  15|          3|    1|          3|
    |threshs3_m_threshold_14_we0       |   9|          2|    1|          2|
    |threshs3_m_threshold_15_address0  |  15|          3|    3|          9|
    |threshs3_m_threshold_15_ce0       |  15|          3|    1|          3|
    |threshs3_m_threshold_15_we0       |   9|          2|    1|          2|
    |threshs3_m_threshold_1_address0   |  15|          3|    3|          9|
    |threshs3_m_threshold_1_ce0        |  15|          3|    1|          3|
    |threshs3_m_threshold_1_we0        |   9|          2|    1|          2|
    |threshs3_m_threshold_2_address0   |  15|          3|    3|          9|
    |threshs3_m_threshold_2_ce0        |  15|          3|    1|          3|
    |threshs3_m_threshold_2_we0        |   9|          2|    1|          2|
    |threshs3_m_threshold_3_address0   |  15|          3|    3|          9|
    |threshs3_m_threshold_3_ce0        |  15|          3|    1|          3|
    |threshs3_m_threshold_3_we0        |   9|          2|    1|          2|
    |threshs3_m_threshold_4_address0   |  15|          3|    3|          9|
    |threshs3_m_threshold_4_ce0        |  15|          3|    1|          3|
    |threshs3_m_threshold_4_we0        |   9|          2|    1|          2|
    |threshs3_m_threshold_5_address0   |  15|          3|    3|          9|
    |threshs3_m_threshold_5_ce0        |  15|          3|    1|          3|
    |threshs3_m_threshold_5_we0        |   9|          2|    1|          2|
    |threshs3_m_threshold_6_address0   |  15|          3|    3|          9|
    |threshs3_m_threshold_6_ce0        |  15|          3|    1|          3|
    |threshs3_m_threshold_6_we0        |   9|          2|    1|          2|
    |threshs3_m_threshold_7_address0   |  15|          3|    3|          9|
    |threshs3_m_threshold_7_ce0        |  15|          3|    1|          3|
    |threshs3_m_threshold_7_we0        |   9|          2|    1|          2|
    |threshs3_m_threshold_8_address0   |  15|          3|    3|          9|
    |threshs3_m_threshold_8_ce0        |  15|          3|    1|          3|
    |threshs3_m_threshold_8_we0        |   9|          2|    1|          2|
    |threshs3_m_threshold_9_address0   |  15|          3|    3|          9|
    |threshs3_m_threshold_9_ce0        |  15|          3|    1|          3|
    |threshs3_m_threshold_9_we0        |   9|          2|    1|          2|
    |threshs3_m_threshold_address0     |  15|          3|    3|          9|
    |threshs3_m_threshold_ce0          |  15|          3|    1|          3|
    |threshs3_m_threshold_we0          |   9|          2|    1|          2|
    |threshs4_m_threshold_1_address0   |  15|          3|    6|         18|
    |threshs4_m_threshold_1_ce0        |  15|          3|    1|          3|
    |threshs4_m_threshold_1_we0        |   9|          2|    1|          2|
    |threshs4_m_threshold_2_address0   |  15|          3|    6|         18|
    |threshs4_m_threshold_2_ce0        |  15|          3|    1|          3|
    |threshs4_m_threshold_2_we0        |   9|          2|    1|          2|
    |threshs4_m_threshold_3_address0   |  15|          3|    6|         18|
    |threshs4_m_threshold_3_ce0        |  15|          3|    1|          3|
    |threshs4_m_threshold_3_we0        |   9|          2|    1|          2|
    |threshs4_m_threshold_address0     |  15|          3|    6|         18|
    |threshs4_m_threshold_ce0          |  15|          3|    1|          3|
    |threshs4_m_threshold_we0          |   9|          2|    1|          2|
    |threshs5_m_threshold_address0     |  15|          3|    8|         24|
    |threshs5_m_threshold_ce0          |  15|          3|    1|          3|
    |threshs5_m_threshold_we0          |   9|          2|    1|          2|
    |threshs6_m_threshold_address0     |  15|          3|    9|         27|
    |threshs6_m_threshold_ce0          |  15|          3|    1|          3|
    |threshs6_m_threshold_we0          |   9|          2|    1|          2|
    |threshs7_m_threshold_address0     |  15|          3|    9|         27|
    |threshs7_m_threshold_ce0          |  15|          3|    1|          3|
    |threshs7_m_threshold_we0          |   9|          2|    1|          2|
    |weights0_m_weights_V_10_address0  |  15|          3|    6|         18|
    |weights0_m_weights_V_10_ce0       |  15|          3|    1|          3|
    |weights0_m_weights_V_10_we0       |   9|          2|    1|          2|
    |weights0_m_weights_V_11_address0  |  15|          3|    6|         18|
    |weights0_m_weights_V_11_ce0       |  15|          3|    1|          3|
    |weights0_m_weights_V_11_we0       |   9|          2|    1|          2|
    |weights0_m_weights_V_12_address0  |  15|          3|    6|         18|
    |weights0_m_weights_V_12_ce0       |  15|          3|    1|          3|
    |weights0_m_weights_V_12_we0       |   9|          2|    1|          2|
    |weights0_m_weights_V_13_address0  |  15|          3|    6|         18|
    |weights0_m_weights_V_13_ce0       |  15|          3|    1|          3|
    |weights0_m_weights_V_13_we0       |   9|          2|    1|          2|
    |weights0_m_weights_V_14_address0  |  15|          3|    6|         18|
    |weights0_m_weights_V_14_ce0       |  15|          3|    1|          3|
    |weights0_m_weights_V_14_we0       |   9|          2|    1|          2|
    |weights0_m_weights_V_15_address0  |  15|          3|    6|         18|
    |weights0_m_weights_V_15_ce0       |  15|          3|    1|          3|
    |weights0_m_weights_V_15_we0       |   9|          2|    1|          2|
    |weights0_m_weights_V_1_address0   |  15|          3|    6|         18|
    |weights0_m_weights_V_1_ce0        |  15|          3|    1|          3|
    |weights0_m_weights_V_1_we0        |   9|          2|    1|          2|
    |weights0_m_weights_V_2_address0   |  15|          3|    6|         18|
    |weights0_m_weights_V_2_ce0        |  15|          3|    1|          3|
    |weights0_m_weights_V_2_we0        |   9|          2|    1|          2|
    |weights0_m_weights_V_3_address0   |  15|          3|    6|         18|
    |weights0_m_weights_V_3_ce0        |  15|          3|    1|          3|
    |weights0_m_weights_V_3_we0        |   9|          2|    1|          2|
    |weights0_m_weights_V_4_address0   |  15|          3|    6|         18|
    |weights0_m_weights_V_4_ce0        |  15|          3|    1|          3|
    |weights0_m_weights_V_4_we0        |   9|          2|    1|          2|
    |weights0_m_weights_V_5_address0   |  15|          3|    6|         18|
    |weights0_m_weights_V_5_ce0        |  15|          3|    1|          3|
    |weights0_m_weights_V_5_we0        |   9|          2|    1|          2|
    |weights0_m_weights_V_6_address0   |  15|          3|    6|         18|
    |weights0_m_weights_V_6_ce0        |  15|          3|    1|          3|
    |weights0_m_weights_V_6_we0        |   9|          2|    1|          2|
    |weights0_m_weights_V_7_address0   |  15|          3|    6|         18|
    |weights0_m_weights_V_7_ce0        |  15|          3|    1|          3|
    |weights0_m_weights_V_7_we0        |   9|          2|    1|          2|
    |weights0_m_weights_V_8_address0   |  15|          3|    6|         18|
    |weights0_m_weights_V_8_ce0        |  15|          3|    1|          3|
    |weights0_m_weights_V_8_we0        |   9|          2|    1|          2|
    |weights0_m_weights_V_9_address0   |  15|          3|    6|         18|
    |weights0_m_weights_V_9_ce0        |  15|          3|    1|          3|
    |weights0_m_weights_V_9_we0        |   9|          2|    1|          2|
    |weights0_m_weights_V_address0     |  15|          3|    6|         18|
    |weights0_m_weights_V_ce0          |  15|          3|    1|          3|
    |weights0_m_weights_V_we0          |   9|          2|    1|          2|
    |weights1_m_weights_V_10_address0  |  15|          3|    6|         18|
    |weights1_m_weights_V_10_ce0       |  15|          3|    1|          3|
    |weights1_m_weights_V_10_we0       |   9|          2|    1|          2|
    |weights1_m_weights_V_11_address0  |  15|          3|    6|         18|
    |weights1_m_weights_V_11_ce0       |  15|          3|    1|          3|
    |weights1_m_weights_V_11_we0       |   9|          2|    1|          2|
    |weights1_m_weights_V_12_address0  |  15|          3|    6|         18|
    |weights1_m_weights_V_12_ce0       |  15|          3|    1|          3|
    |weights1_m_weights_V_12_we0       |   9|          2|    1|          2|
    |weights1_m_weights_V_13_address0  |  15|          3|    6|         18|
    |weights1_m_weights_V_13_ce0       |  15|          3|    1|          3|
    |weights1_m_weights_V_13_we0       |   9|          2|    1|          2|
    |weights1_m_weights_V_14_address0  |  15|          3|    6|         18|
    |weights1_m_weights_V_14_ce0       |  15|          3|    1|          3|
    |weights1_m_weights_V_14_we0       |   9|          2|    1|          2|
    |weights1_m_weights_V_15_address0  |  15|          3|    6|         18|
    |weights1_m_weights_V_15_ce0       |  15|          3|    1|          3|
    |weights1_m_weights_V_15_we0       |   9|          2|    1|          2|
    |weights1_m_weights_V_16_address0  |  15|          3|    6|         18|
    |weights1_m_weights_V_16_ce0       |  15|          3|    1|          3|
    |weights1_m_weights_V_16_we0       |   9|          2|    1|          2|
    |weights1_m_weights_V_17_address0  |  15|          3|    6|         18|
    |weights1_m_weights_V_17_ce0       |  15|          3|    1|          3|
    |weights1_m_weights_V_17_we0       |   9|          2|    1|          2|
    |weights1_m_weights_V_18_address0  |  15|          3|    6|         18|
    |weights1_m_weights_V_18_ce0       |  15|          3|    1|          3|
    |weights1_m_weights_V_18_we0       |   9|          2|    1|          2|
    |weights1_m_weights_V_19_address0  |  15|          3|    6|         18|
    |weights1_m_weights_V_19_ce0       |  15|          3|    1|          3|
    |weights1_m_weights_V_19_we0       |   9|          2|    1|          2|
    |weights1_m_weights_V_1_address0   |  15|          3|    6|         18|
    |weights1_m_weights_V_1_ce0        |  15|          3|    1|          3|
    |weights1_m_weights_V_1_we0        |   9|          2|    1|          2|
    |weights1_m_weights_V_20_address0  |  15|          3|    6|         18|
    |weights1_m_weights_V_20_ce0       |  15|          3|    1|          3|
    |weights1_m_weights_V_20_we0       |   9|          2|    1|          2|
    |weights1_m_weights_V_21_address0  |  15|          3|    6|         18|
    |weights1_m_weights_V_21_ce0       |  15|          3|    1|          3|
    |weights1_m_weights_V_21_we0       |   9|          2|    1|          2|
    |weights1_m_weights_V_22_address0  |  15|          3|    6|         18|
    |weights1_m_weights_V_22_ce0       |  15|          3|    1|          3|
    |weights1_m_weights_V_22_we0       |   9|          2|    1|          2|
    |weights1_m_weights_V_23_address0  |  15|          3|    6|         18|
    |weights1_m_weights_V_23_ce0       |  15|          3|    1|          3|
    |weights1_m_weights_V_23_we0       |   9|          2|    1|          2|
    |weights1_m_weights_V_24_address0  |  15|          3|    6|         18|
    |weights1_m_weights_V_24_ce0       |  15|          3|    1|          3|
    |weights1_m_weights_V_24_we0       |   9|          2|    1|          2|
    |weights1_m_weights_V_25_address0  |  15|          3|    6|         18|
    |weights1_m_weights_V_25_ce0       |  15|          3|    1|          3|
    |weights1_m_weights_V_25_we0       |   9|          2|    1|          2|
    |weights1_m_weights_V_26_address0  |  15|          3|    6|         18|
    |weights1_m_weights_V_26_ce0       |  15|          3|    1|          3|
    |weights1_m_weights_V_26_we0       |   9|          2|    1|          2|
    |weights1_m_weights_V_27_address0  |  15|          3|    6|         18|
    |weights1_m_weights_V_27_ce0       |  15|          3|    1|          3|
    |weights1_m_weights_V_27_we0       |   9|          2|    1|          2|
    |weights1_m_weights_V_28_address0  |  15|          3|    6|         18|
    |weights1_m_weights_V_28_ce0       |  15|          3|    1|          3|
    |weights1_m_weights_V_28_we0       |   9|          2|    1|          2|
    |weights1_m_weights_V_29_address0  |  15|          3|    6|         18|
    |weights1_m_weights_V_29_ce0       |  15|          3|    1|          3|
    |weights1_m_weights_V_29_we0       |   9|          2|    1|          2|
    |weights1_m_weights_V_2_address0   |  15|          3|    6|         18|
    |weights1_m_weights_V_2_ce0        |  15|          3|    1|          3|
    |weights1_m_weights_V_2_we0        |   9|          2|    1|          2|
    |weights1_m_weights_V_30_address0  |  15|          3|    6|         18|
    |weights1_m_weights_V_30_ce0       |  15|          3|    1|          3|
    |weights1_m_weights_V_30_we0       |   9|          2|    1|          2|
    |weights1_m_weights_V_31_address0  |  15|          3|    6|         18|
    |weights1_m_weights_V_31_ce0       |  15|          3|    1|          3|
    |weights1_m_weights_V_31_we0       |   9|          2|    1|          2|
    |weights1_m_weights_V_3_address0   |  15|          3|    6|         18|
    |weights1_m_weights_V_3_ce0        |  15|          3|    1|          3|
    |weights1_m_weights_V_3_we0        |   9|          2|    1|          2|
    |weights1_m_weights_V_4_address0   |  15|          3|    6|         18|
    |weights1_m_weights_V_4_ce0        |  15|          3|    1|          3|
    |weights1_m_weights_V_4_we0        |   9|          2|    1|          2|
    |weights1_m_weights_V_5_address0   |  15|          3|    6|         18|
    |weights1_m_weights_V_5_ce0        |  15|          3|    1|          3|
    |weights1_m_weights_V_5_we0        |   9|          2|    1|          2|
    |weights1_m_weights_V_6_address0   |  15|          3|    6|         18|
    |weights1_m_weights_V_6_ce0        |  15|          3|    1|          3|
    |weights1_m_weights_V_6_we0        |   9|          2|    1|          2|
    |weights1_m_weights_V_7_address0   |  15|          3|    6|         18|
    |weights1_m_weights_V_7_ce0        |  15|          3|    1|          3|
    |weights1_m_weights_V_7_we0        |   9|          2|    1|          2|
    |weights1_m_weights_V_8_address0   |  15|          3|    6|         18|
    |weights1_m_weights_V_8_ce0        |  15|          3|    1|          3|
    |weights1_m_weights_V_8_we0        |   9|          2|    1|          2|
    |weights1_m_weights_V_9_address0   |  15|          3|    6|         18|
    |weights1_m_weights_V_9_ce0        |  15|          3|    1|          3|
    |weights1_m_weights_V_9_we0        |   9|          2|    1|          2|
    |weights1_m_weights_V_address0     |  15|          3|    6|         18|
    |weights1_m_weights_V_ce0          |  15|          3|    1|          3|
    |weights1_m_weights_V_we0          |   9|          2|    1|          2|
    |weights2_m_weights_V_10_address0  |  15|          3|    8|         24|
    |weights2_m_weights_V_10_ce0       |  15|          3|    1|          3|
    |weights2_m_weights_V_10_we0       |   9|          2|    1|          2|
    |weights2_m_weights_V_11_address0  |  15|          3|    8|         24|
    |weights2_m_weights_V_11_ce0       |  15|          3|    1|          3|
    |weights2_m_weights_V_11_we0       |   9|          2|    1|          2|
    |weights2_m_weights_V_12_address0  |  15|          3|    8|         24|
    |weights2_m_weights_V_12_ce0       |  15|          3|    1|          3|
    |weights2_m_weights_V_12_we0       |   9|          2|    1|          2|
    |weights2_m_weights_V_13_address0  |  15|          3|    8|         24|
    |weights2_m_weights_V_13_ce0       |  15|          3|    1|          3|
    |weights2_m_weights_V_13_we0       |   9|          2|    1|          2|
    |weights2_m_weights_V_14_address0  |  15|          3|    8|         24|
    |weights2_m_weights_V_14_ce0       |  15|          3|    1|          3|
    |weights2_m_weights_V_14_we0       |   9|          2|    1|          2|
    |weights2_m_weights_V_15_address0  |  15|          3|    8|         24|
    |weights2_m_weights_V_15_ce0       |  15|          3|    1|          3|
    |weights2_m_weights_V_15_we0       |   9|          2|    1|          2|
    |weights2_m_weights_V_1_address0   |  15|          3|    8|         24|
    |weights2_m_weights_V_1_ce0        |  15|          3|    1|          3|
    |weights2_m_weights_V_1_we0        |   9|          2|    1|          2|
    |weights2_m_weights_V_2_address0   |  15|          3|    8|         24|
    |weights2_m_weights_V_2_ce0        |  15|          3|    1|          3|
    |weights2_m_weights_V_2_we0        |   9|          2|    1|          2|
    |weights2_m_weights_V_3_address0   |  15|          3|    8|         24|
    |weights2_m_weights_V_3_ce0        |  15|          3|    1|          3|
    |weights2_m_weights_V_3_we0        |   9|          2|    1|          2|
    |weights2_m_weights_V_4_address0   |  15|          3|    8|         24|
    |weights2_m_weights_V_4_ce0        |  15|          3|    1|          3|
    |weights2_m_weights_V_4_we0        |   9|          2|    1|          2|
    |weights2_m_weights_V_5_address0   |  15|          3|    8|         24|
    |weights2_m_weights_V_5_ce0        |  15|          3|    1|          3|
    |weights2_m_weights_V_5_we0        |   9|          2|    1|          2|
    |weights2_m_weights_V_6_address0   |  15|          3|    8|         24|
    |weights2_m_weights_V_6_ce0        |  15|          3|    1|          3|
    |weights2_m_weights_V_6_we0        |   9|          2|    1|          2|
    |weights2_m_weights_V_7_address0   |  15|          3|    8|         24|
    |weights2_m_weights_V_7_ce0        |  15|          3|    1|          3|
    |weights2_m_weights_V_7_we0        |   9|          2|    1|          2|
    |weights2_m_weights_V_8_address0   |  15|          3|    8|         24|
    |weights2_m_weights_V_8_ce0        |  15|          3|    1|          3|
    |weights2_m_weights_V_8_we0        |   9|          2|    1|          2|
    |weights2_m_weights_V_9_address0   |  15|          3|    8|         24|
    |weights2_m_weights_V_9_ce0        |  15|          3|    1|          3|
    |weights2_m_weights_V_9_we0        |   9|          2|    1|          2|
    |weights2_m_weights_V_address0     |  15|          3|    8|         24|
    |weights2_m_weights_V_ce0          |  15|          3|    1|          3|
    |weights2_m_weights_V_we0          |   9|          2|    1|          2|
    |weights3_m_weights_V_10_address0  |  15|          3|    9|         27|
    |weights3_m_weights_V_10_ce0       |  15|          3|    1|          3|
    |weights3_m_weights_V_10_we0       |   9|          2|    1|          2|
    |weights3_m_weights_V_11_address0  |  15|          3|    9|         27|
    |weights3_m_weights_V_11_ce0       |  15|          3|    1|          3|
    |weights3_m_weights_V_11_we0       |   9|          2|    1|          2|
    |weights3_m_weights_V_12_address0  |  15|          3|    9|         27|
    |weights3_m_weights_V_12_ce0       |  15|          3|    1|          3|
    |weights3_m_weights_V_12_we0       |   9|          2|    1|          2|
    |weights3_m_weights_V_13_address0  |  15|          3|    9|         27|
    |weights3_m_weights_V_13_ce0       |  15|          3|    1|          3|
    |weights3_m_weights_V_13_we0       |   9|          2|    1|          2|
    |weights3_m_weights_V_14_address0  |  15|          3|    9|         27|
    |weights3_m_weights_V_14_ce0       |  15|          3|    1|          3|
    |weights3_m_weights_V_14_we0       |   9|          2|    1|          2|
    |weights3_m_weights_V_15_address0  |  15|          3|    9|         27|
    |weights3_m_weights_V_15_ce0       |  15|          3|    1|          3|
    |weights3_m_weights_V_15_we0       |   9|          2|    1|          2|
    |weights3_m_weights_V_1_address0   |  15|          3|    9|         27|
    |weights3_m_weights_V_1_ce0        |  15|          3|    1|          3|
    |weights3_m_weights_V_1_we0        |   9|          2|    1|          2|
    |weights3_m_weights_V_2_address0   |  15|          3|    9|         27|
    |weights3_m_weights_V_2_ce0        |  15|          3|    1|          3|
    |weights3_m_weights_V_2_we0        |   9|          2|    1|          2|
    |weights3_m_weights_V_3_address0   |  15|          3|    9|         27|
    |weights3_m_weights_V_3_ce0        |  15|          3|    1|          3|
    |weights3_m_weights_V_3_we0        |   9|          2|    1|          2|
    |weights3_m_weights_V_4_address0   |  15|          3|    9|         27|
    |weights3_m_weights_V_4_ce0        |  15|          3|    1|          3|
    |weights3_m_weights_V_4_we0        |   9|          2|    1|          2|
    |weights3_m_weights_V_5_address0   |  15|          3|    9|         27|
    |weights3_m_weights_V_5_ce0        |  15|          3|    1|          3|
    |weights3_m_weights_V_5_we0        |   9|          2|    1|          2|
    |weights3_m_weights_V_6_address0   |  15|          3|    9|         27|
    |weights3_m_weights_V_6_ce0        |  15|          3|    1|          3|
    |weights3_m_weights_V_6_we0        |   9|          2|    1|          2|
    |weights3_m_weights_V_7_address0   |  15|          3|    9|         27|
    |weights3_m_weights_V_7_ce0        |  15|          3|    1|          3|
    |weights3_m_weights_V_7_we0        |   9|          2|    1|          2|
    |weights3_m_weights_V_8_address0   |  15|          3|    9|         27|
    |weights3_m_weights_V_8_ce0        |  15|          3|    1|          3|
    |weights3_m_weights_V_8_we0        |   9|          2|    1|          2|
    |weights3_m_weights_V_9_address0   |  15|          3|    9|         27|
    |weights3_m_weights_V_9_ce0        |  15|          3|    1|          3|
    |weights3_m_weights_V_9_we0        |   9|          2|    1|          2|
    |weights3_m_weights_V_address0     |  15|          3|    9|         27|
    |weights3_m_weights_V_ce0          |  15|          3|    1|          3|
    |weights3_m_weights_V_we0          |   9|          2|    1|          2|
    |weights4_m_weights_V_1_address0   |  15|          3|   12|         36|
    |weights4_m_weights_V_1_ce0        |  15|          3|    1|          3|
    |weights4_m_weights_V_1_we0        |   9|          2|    1|          2|
    |weights4_m_weights_V_2_address0   |  15|          3|   12|         36|
    |weights4_m_weights_V_2_ce0        |  15|          3|    1|          3|
    |weights4_m_weights_V_2_we0        |   9|          2|    1|          2|
    |weights4_m_weights_V_3_address0   |  15|          3|   12|         36|
    |weights4_m_weights_V_3_ce0        |  15|          3|    1|          3|
    |weights4_m_weights_V_3_we0        |   9|          2|    1|          2|
    |weights4_m_weights_V_address0     |  15|          3|   12|         36|
    |weights4_m_weights_V_ce0          |  15|          3|    1|          3|
    |weights4_m_weights_V_we0          |   9|          2|    1|          2|
    |weights5_m_weights_V_address0     |  15|          3|   15|         45|
    |weights5_m_weights_V_ce0          |  15|          3|    1|          3|
    |weights5_m_weights_V_we0          |   9|          2|    1|          2|
    |weights6_m_weights_V_address0     |  15|          3|   15|         45|
    |weights6_m_weights_V_ce0          |  15|          3|    1|          3|
    |weights6_m_weights_V_we0          |   9|          2|    1|          2|
    |weights7_m_weights_V_address0     |  15|          3|   15|         45|
    |weights7_m_weights_V_ce0          |  15|          3|    1|          3|
    |weights7_m_weights_V_we0          |   9|          2|    1|          2|
    |weights8_m_weights_V_1_address0   |  15|          3|   13|         39|
    |weights8_m_weights_V_1_ce0        |  15|          3|    1|          3|
    |weights8_m_weights_V_1_we0        |   9|          2|    1|          2|
    |weights8_m_weights_V_2_address0   |  15|          3|   13|         39|
    |weights8_m_weights_V_2_ce0        |  15|          3|    1|          3|
    |weights8_m_weights_V_2_we0        |   9|          2|    1|          2|
    |weights8_m_weights_V_3_address0   |  15|          3|   13|         39|
    |weights8_m_weights_V_3_ce0        |  15|          3|    1|          3|
    |weights8_m_weights_V_3_we0        |   9|          2|    1|          2|
    |weights8_m_weights_V_address0     |  15|          3|   13|         39|
    |weights8_m_weights_V_ce0          |  15|          3|    1|          3|
    |weights8_m_weights_V_we0          |   9|          2|    1|          2|
    +----------------------------------+----+-----------+-----+-----------+
    |Total                             |7002|       1437| 1277|       3648|
    +----------------------------------+----+-----------+-----+-----------+

    * Register: 
    +-------------------------------------------+----+----+-----+-----------+
    |                    Name                   | FF | LUT| Bits| Const Bits|
    +-------------------------------------------+----+----+-----+-----------+
    |ap_CS_fsm                                  |   2|   0|    2|          0|
    |ap_sync_reg_grp_DoCompute_fu_466_ap_done   |   1|   0|    1|          0|
    |ap_sync_reg_grp_DoCompute_fu_466_ap_ready  |   1|   0|    1|          0|
    |doInit_read_reg_1227                       |   1|   0|    1|          0|
    |grp_DoCompute_fu_466_ap_start_reg          |   1|   0|    1|          0|
    |in_V1_reg_1236                             |  61|   0|   61|          0|
    |numReps_read_reg_1222                      |  32|   0|   32|          0|
    |out_V3_reg_1231                            |  61|   0|   61|          0|
    +-------------------------------------------+----+----+-----+-----------+
    |Total                                      | 160|   0|  160|          0|
    +-------------------------------------------+----+----+-----+-----------+



================================================================
== Interface
================================================================
* Summary: 
+------------------------+-----+-----+------------+--------------+--------------+
|        RTL Ports       | Dir | Bits|  Protocol  | Source Object|    C Type    |
+------------------------+-----+-----+------------+--------------+--------------+
|s_axi_control_AWVALID   |  in |    1|    s_axi   |    control   |    scalar    |
|s_axi_control_AWREADY   | out |    1|    s_axi   |    control   |    scalar    |
|s_axi_control_AWADDR    |  in |    7|    s_axi   |    control   |    scalar    |
|s_axi_control_WVALID    |  in |    1|    s_axi   |    control   |    scalar    |
|s_axi_control_WREADY    | out |    1|    s_axi   |    control   |    scalar    |
|s_axi_control_WDATA     |  in |   32|    s_axi   |    control   |    scalar    |
|s_axi_control_WSTRB     |  in |    4|    s_axi   |    control   |    scalar    |
|s_axi_control_ARVALID   |  in |    1|    s_axi   |    control   |    scalar    |
|s_axi_control_ARREADY   | out |    1|    s_axi   |    control   |    scalar    |
|s_axi_control_ARADDR    |  in |    7|    s_axi   |    control   |    scalar    |
|s_axi_control_RVALID    | out |    1|    s_axi   |    control   |    scalar    |
|s_axi_control_RREADY    |  in |    1|    s_axi   |    control   |    scalar    |
|s_axi_control_RDATA     | out |   32|    s_axi   |    control   |    scalar    |
|s_axi_control_RRESP     | out |    2|    s_axi   |    control   |    scalar    |
|s_axi_control_BVALID    | out |    1|    s_axi   |    control   |    scalar    |
|s_axi_control_BREADY    |  in |    1|    s_axi   |    control   |    scalar    |
|s_axi_control_BRESP     | out |    2|    s_axi   |    control   |    scalar    |
|ap_clk                  |  in |    1| ap_ctrl_hs |  BlackBoxJam | return value |
|ap_rst_n                |  in |    1| ap_ctrl_hs |  BlackBoxJam | return value |
|interrupt               | out |    1| ap_ctrl_hs |  BlackBoxJam | return value |
|m_axi_hostmem_AWVALID   | out |    1|    m_axi   |    hostmem   |    pointer   |
|m_axi_hostmem_AWREADY   |  in |    1|    m_axi   |    hostmem   |    pointer   |
|m_axi_hostmem_AWADDR    | out |   64|    m_axi   |    hostmem   |    pointer   |
|m_axi_hostmem_AWID      | out |    1|    m_axi   |    hostmem   |    pointer   |
|m_axi_hostmem_AWLEN     | out |    8|    m_axi   |    hostmem   |    pointer   |
|m_axi_hostmem_AWSIZE    | out |    3|    m_axi   |    hostmem   |    pointer   |
|m_axi_hostmem_AWBURST   | out |    2|    m_axi   |    hostmem   |    pointer   |
|m_axi_hostmem_AWLOCK    | out |    2|    m_axi   |    hostmem   |    pointer   |
|m_axi_hostmem_AWCACHE   | out |    4|    m_axi   |    hostmem   |    pointer   |
|m_axi_hostmem_AWPROT    | out |    3|    m_axi   |    hostmem   |    pointer   |
|m_axi_hostmem_AWQOS     | out |    4|    m_axi   |    hostmem   |    pointer   |
|m_axi_hostmem_AWREGION  | out |    4|    m_axi   |    hostmem   |    pointer   |
|m_axi_hostmem_AWUSER    | out |    1|    m_axi   |    hostmem   |    pointer   |
|m_axi_hostmem_WVALID    | out |    1|    m_axi   |    hostmem   |    pointer   |
|m_axi_hostmem_WREADY    |  in |    1|    m_axi   |    hostmem   |    pointer   |
|m_axi_hostmem_WDATA     | out |   64|    m_axi   |    hostmem   |    pointer   |
|m_axi_hostmem_WSTRB     | out |    8|    m_axi   |    hostmem   |    pointer   |
|m_axi_hostmem_WLAST     | out |    1|    m_axi   |    hostmem   |    pointer   |
|m_axi_hostmem_WID       | out |    1|    m_axi   |    hostmem   |    pointer   |
|m_axi_hostmem_WUSER     | out |    1|    m_axi   |    hostmem   |    pointer   |
|m_axi_hostmem_ARVALID   | out |    1|    m_axi   |    hostmem   |    pointer   |
|m_axi_hostmem_ARREADY   |  in |    1|    m_axi   |    hostmem   |    pointer   |
|m_axi_hostmem_ARADDR    | out |   64|    m_axi   |    hostmem   |    pointer   |
|m_axi_hostmem_ARID      | out |    1|    m_axi   |    hostmem   |    pointer   |
|m_axi_hostmem_ARLEN     | out |    8|    m_axi   |    hostmem   |    pointer   |
|m_axi_hostmem_ARSIZE    | out |    3|    m_axi   |    hostmem   |    pointer   |
|m_axi_hostmem_ARBURST   | out |    2|    m_axi   |    hostmem   |    pointer   |
|m_axi_hostmem_ARLOCK    | out |    2|    m_axi   |    hostmem   |    pointer   |
|m_axi_hostmem_ARCACHE   | out |    4|    m_axi   |    hostmem   |    pointer   |
|m_axi_hostmem_ARPROT    | out |    3|    m_axi   |    hostmem   |    pointer   |
|m_axi_hostmem_ARQOS     | out |    4|    m_axi   |    hostmem   |    pointer   |
|m_axi_hostmem_ARREGION  | out |    4|    m_axi   |    hostmem   |    pointer   |
|m_axi_hostmem_ARUSER    | out |    1|    m_axi   |    hostmem   |    pointer   |
|m_axi_hostmem_RVALID    |  in |    1|    m_axi   |    hostmem   |    pointer   |
|m_axi_hostmem_RREADY    | out |    1|    m_axi   |    hostmem   |    pointer   |
|m_axi_hostmem_RDATA     |  in |   64|    m_axi   |    hostmem   |    pointer   |
|m_axi_hostmem_RLAST     |  in |    1|    m_axi   |    hostmem   |    pointer   |
|m_axi_hostmem_RID       |  in |    1|    m_axi   |    hostmem   |    pointer   |
|m_axi_hostmem_RUSER     |  in |    1|    m_axi   |    hostmem   |    pointer   |
|m_axi_hostmem_RRESP     |  in |    2|    m_axi   |    hostmem   |    pointer   |
|m_axi_hostmem_BVALID    |  in |    1|    m_axi   |    hostmem   |    pointer   |
|m_axi_hostmem_BREADY    | out |    1|    m_axi   |    hostmem   |    pointer   |
|m_axi_hostmem_BRESP     |  in |    2|    m_axi   |    hostmem   |    pointer   |
|m_axi_hostmem_BID       |  in |    1|    m_axi   |    hostmem   |    pointer   |
|m_axi_hostmem_BUSER     |  in |    1|    m_axi   |    hostmem   |    pointer   |
+------------------------+-----+-----+------------+--------------+--------------+

