

================================================================
== Vivado HLS Report for 'ConvolutionInputGene_1'
================================================================
* Date:           Mon Mar  1 13:12:32 2021

* Version:        2018.2 (Build 2258646 on Thu Jun 14 20:25:20 MDT 2018)
* Project:        cnvW1A1-pynqZ1-Z2
* Solution:       sol1
* Product family: zynq
* Target device:  xc7z020clg400-1


================================================================
== Performance Estimates
================================================================
+ Timing (ns): 
    * Summary: 
    +--------+-------+----------+------------+
    |  Clock | Target| Estimated| Uncertainty|
    +--------+-------+----------+------------+
    |ap_clk  |   5.00|     7.910|        0.62|
    +--------+-------+----------+------------+

+ Latency (clock cycles): 
    * Summary: 
    +-----+-----+-----+-----+---------+
    |  Latency  |  Interval | Pipeline|
    | min | max | min | max |   Type  |
    +-----+-----+-----+-----+---------+
    |    ?|    ?|    ?|    ?|   none  |
    +-----+-----+-----+-----+---------+

    + Detail: 
        * Instance: 
        N/A

        * Loop: 
        +----------+-----+-----+----------+-----------+-----------+------+----------+
        |          |  Latency  | Iteration|  Initiation Interval  | Trip |          |
        | Loop Name| min | max |  Latency |  achieved |   target  | Count| Pipelined|
        +----------+-----+-----+----------+-----------+-----------+------+----------+
        |- Loop 1  |    ?|    ?|         6|          1|          1|     ?|    yes   |
        +----------+-----+-----+----------+-----------+-----------+------+----------+



================================================================
== Utilization Estimates
================================================================
* Summary: 
+-----------------+---------+-------+--------+-------+
|       Name      | BRAM_18K| DSP48E|   FF   |  LUT  |
+-----------------+---------+-------+--------+-------+
|DSP              |        -|      -|       -|      -|
|Expression       |        -|      -|       0|   1201|
|FIFO             |        -|      -|       -|      -|
|Instance         |        -|      4|    9053|   2698|
|Memory           |        0|      -|     256|     56|
|Multiplexer      |        -|      -|       -|    305|
|Register         |        0|      -|     844|     64|
+-----------------+---------+-------+--------+-------+
|Total            |        0|      4|   10153|   4324|
+-----------------+---------+-------+--------+-------+
|Available        |      280|    220|  106400|  53200|
+-----------------+---------+-------+--------+-------+
|Utilization (%)  |        0|      1|       9|      8|
+-----------------+---------+-------+--------+-------+

+ Detail: 
    * Instance: 
    +---------------------------+----------------------+---------+-------+------+------+
    |          Instance         |        Module        | BRAM_18K| DSP48E|  FF  |  LUT |
    +---------------------------+----------------------+---------+-------+------+------+
    |BlackBoxJam_mul_3xdS_U192  |BlackBoxJam_mul_3xdS  |        0|      4|   215|     1|
    |BlackBoxJam_mux_4pcA_U193  |BlackBoxJam_mux_4pcA  |        0|      0|  8838|  2697|
    +---------------------------+----------------------+---------+-------+------+------+
    |Total                      |                      |        0|      4|  9053|  2698|
    +---------------------------+----------------------+---------+-------+------+------+

    * DSP48: 
    N/A

    * Memory: 
    +----------------+----------------------+---------+----+----+------+-----+------+-------------+
    |     Memory     |        Module        | BRAM_18K| FF | LUT| Words| Bits| Banks| W*Bits*Banks|
    +----------------+----------------------+---------+----+----+------+-----+------+-------------+
    |inputBuf_0_V_U  |ConvolutionInputGtde  |        0|  64|  14|    28|   32|     1|          896|
    |inputBuf_1_V_U  |ConvolutionInputGtde  |        0|  64|  14|    28|   32|     1|          896|
    |inputBuf_2_V_U  |ConvolutionInputGtde  |        0|  64|  14|    28|   32|     1|          896|
    |inputBuf_3_V_U  |ConvolutionInputGtde  |        0|  64|  14|    28|   32|     1|          896|
    +----------------+----------------------+---------+----+----+------+-----+------+-------------+
    |Total           |                      |        0| 256|  56|   112|  128|     4|         3584|
    +----------------+----------------------+---------+----+----+------+-----+------+-------------+

    * FIFO: 
    N/A

    * Expression: 
    +-----------------------------------+----------+-------+---+----+------------+------------+
    |           Variable Name           | Operation| DSP48E| FF| LUT| Bitwidth P0| Bitwidth P1|
    +-----------------------------------+----------+-------+---+----+------------+------------+
    |count_simd_fu_519_p2               |     +    |      0|  0|  39|           1|          32|
    |counter_internal_blo_20_fu_685_p2  |     +    |      0|  0|  39|          32|           1|
    |current_block_read_4_fu_759_p2     |     +    |      0|  0|  16|           2|           2|
    |current_block_write_5_fu_779_p2    |     +    |      0|  0|  39|          32|           1|
    |current_block_write_fu_823_p2      |     +    |      0|  0|  39|          32|           1|
    |current_line_in_bloc_fu_748_p2     |     +    |      0|  0|  39|          32|          32|
    |grp_fu_354_p2                      |     +    |      0|  0|  39|          32|           1|
    |i_i_op_fu_436_p2                   |     +    |      0|  0|  12|          12|           1|
    |indvar_flatten_next_fu_424_p2      |     +    |      0|  0|  51|          44|           1|
    |inp_fu_710_p2                      |     +    |      0|  0|  39|          32|           1|
    |k_x_fu_536_p2                      |     +    |      0|  0|  39|          32|           1|
    |k_y_fu_499_p2                      |     +    |      0|  0|  39|           1|          32|
    |ofm_x_fu_567_p2                    |     +    |      0|  0|  39|          32|           1|
    |ofm_y_fu_587_p2                    |     +    |      0|  0|  39|          32|           1|
    |read_block_2_cast_fu_646_p2        |     +    |      0|  0|  13|           4|           1|
    |read_block_fu_726_p2               |     +    |      0|  0|  39|          32|           1|
    |tmp_93_i_fu_513_p2                 |     +    |      0|  0|  38|          31|          31|
    |tmp_fu_753_p2                      |     +    |      0|  0|  16|           1|           2|
    |ap_block_state12_pp0_stage0_iter5  |    and   |      0|  0|   2|           1|           1|
    |ap_condition_471                   |    and   |      0|  0|   2|           1|           1|
    |ap_condition_483                   |    and   |      0|  0|   2|           1|           1|
    |ap_condition_494                   |    and   |      0|  0|   2|           1|           1|
    |ap_condition_505                   |    and   |      0|  0|   2|           1|           1|
    |ap_predicate_op165_read_state9     |    and   |      0|  0|   2|           1|           1|
    |ap_predicate_op229_write_state12   |    and   |      0|  0|   2|           1|           1|
    |or_cond_i_fu_640_p2                |    and   |      0|  0|   2|           1|           1|
    |exitcond_flatten_fu_419_p2         |   icmp   |      0|  0|  24|          44|          44|
    |tmp_100_i_fu_829_p2                |   icmp   |      0|  0|  18|          32|           3|
    |tmp_101_i_fu_553_p2                |   icmp   |      0|  0|  18|          32|           2|
    |tmp_102_i_fu_573_p2                |   icmp   |      0|  0|  18|          32|           4|
    |tmp_103_i_fu_593_p2                |   icmp   |      0|  0|  18|          32|           4|
    |tmp_104_i_fu_628_p2                |   icmp   |      0|  0|  18|          32|           5|
    |tmp_105_i_fu_634_p2                |   icmp   |      0|  0|  18|          32|           4|
    |tmp_107_i_fu_360_p2                |   icmp   |      0|  0|  18|          32|           5|
    |tmp_108_i_fu_785_p2                |   icmp   |      0|  0|  18|          32|           3|
    |tmp_109_i_fu_691_p2                |   icmp   |      0|  0|  18|          32|           8|
    |tmp_92_i_fu_477_p2                 |   icmp   |      0|  0|  18|          32|           8|
    |tmp_97_i_fu_525_p2                 |   icmp   |      0|  0|  18|          32|           2|
    |tmp_98_i_fu_366_p2                 |   icmp   |      0|  0|  18|          32|           5|
    |tmp_99_i_fu_542_p2                 |   icmp   |      0|  0|  18|          32|           2|
    |tmp_i_2868_fu_468_p2               |   icmp   |      0|  0|  18|          32|           7|
    |tmp_i_fu_430_p2                    |   icmp   |      0|  0|  13|          12|          12|
    |ap_block_pp0_stage0_01001          |    or    |      0|  0|   2|           1|           1|
    |ap_block_state1                    |    or    |      0|  0|   2|           1|           1|
    |ap_block_state9_pp0_stage0_iter2   |    or    |      0|  0|   2|           1|           1|
    |current_block_write_4_fu_835_p3    |  select  |      0|  0|  32|           1|           1|
    |current_block_write_6_fu_791_p3    |  select  |      0|  0|  32|           1|           1|
    |current_block_write_7_fu_799_p3    |  select  |      0|  0|  32|           1|          32|
    |current_line_3_i_fu_652_p3         |  select  |      0|  0|  32|           1|           1|
    |i_fu_442_p3                        |  select  |      0|  0|  12|           1|           1|
    |p_i_fu_697_p3                      |  select  |      0|  0|  32|           1|           1|
    |p_inp_1_i_fu_599_p3                |  select  |      0|  0|  32|           1|           1|
    |p_ofm_y_3_i_fu_607_p3              |  select  |      0|  0|  32|           1|           1|
    |read_block_1_i_mid2_fu_456_p3      |  select  |      0|  0|  32|           1|           1|
    |read_block_2_fu_660_p3             |  select  |      0|  0|   4|           1|           4|
    |ap_enable_pp0                      |    xor   |      0|  0|   2|           1|           2|
    |ap_enable_reg_pp0_iter1            |    xor   |      0|  0|   2|           2|           1|
    +-----------------------------------+----------+-------+---+----+------------+------------+
    |Total                              |          |      0|  0|1201|         944|         319|
    +-----------------------------------+----------+-------+---+----+------------+------------+

    * Multiplexer: 
    +-------------------------------+----+-----------+-----+-----------+
    |              Name             | LUT| Input Size| Bits| Total Bits|
    +-------------------------------+----+-----------+-----+-----------+
    |ap_NS_fsm                      |  44|          9|    1|          9|
    |ap_done                        |   9|          2|    1|          2|
    |ap_enable_reg_pp0_iter1        |   9|          2|    1|          2|
    |ap_enable_reg_pp0_iter5        |   9|          2|    1|          2|
    |count_simd_5_fu_118            |   9|          2|   32|         64|
    |counter_internal_blo_fu_130    |   9|          2|   32|         64|
    |current_block_write_18_fu_122  |  15|          3|   32|         96|
    |current_line_6_fu_126          |  15|          3|   32|         96|
    |i_i_reg_300                    |   9|          2|   12|         24|
    |in_V_V_blk_n                   |   9|          2|    1|          2|
    |indvar_flatten_reg_289         |   9|          2|   44|         88|
    |inp_5_fu_110                   |  15|          3|   32|         96|
    |inputBuf_0_V_address1          |  15|          3|    5|         15|
    |inputBuf_1_V_address1          |  15|          3|    5|         15|
    |inputBuf_2_V_address1          |  15|          3|    5|         15|
    |inputBuf_3_V_address1          |  15|          3|    5|         15|
    |k_x_5_fu_114                   |   9|          2|   32|         64|
    |k_y_5_fu_106                   |   9|          2|   32|         64|
    |numReps_blk_n                  |   9|          2|    1|          2|
    |numReps_out_blk_n              |   9|          2|    1|          2|
    |ofm_x_5_fu_102                 |   9|          2|   32|         64|
    |ofm_y_1_i_fu_98                |   9|          2|   32|         64|
    |out_V_V_blk_n                  |   9|          2|    1|          2|
    |read_block_6_fu_94             |  21|          4|   32|        128|
    +-------------------------------+----+-----------+-----+-----------+
    |Total                          | 305|         64|  404|        995|
    +-------------------------------+----+-----------+-----+-----------+

    * Register: 
    +---------------------------------------------+----+----+-----+-----------+
    |                     Name                    | FF | LUT| Bits| Const Bits|
    +---------------------------------------------+----+----+-----+-----------+
    |ap_CS_fsm                                    |   8|   0|    8|          0|
    |ap_done_reg                                  |   1|   0|    1|          0|
    |ap_enable_reg_pp0_iter0                      |   1|   0|    1|          0|
    |ap_enable_reg_pp0_iter1                      |   1|   0|    1|          0|
    |ap_enable_reg_pp0_iter2                      |   1|   0|    1|          0|
    |ap_enable_reg_pp0_iter3                      |   1|   0|    1|          0|
    |ap_enable_reg_pp0_iter4                      |   1|   0|    1|          0|
    |ap_enable_reg_pp0_iter5                      |   1|   0|    1|          0|
    |bound_reg_960                                |  44|   0|   44|          0|
    |count_simd_5_fu_118                          |  32|   0|   32|          0|
    |count_simd_5_load_reg_992                    |  32|   0|   32|          0|
    |counter_internal_blo_fu_130                  |  32|   0|   32|          0|
    |current_block_read_4_reg_1041                |   2|   0|    2|          0|
    |current_block_read_4_reg_1041_pp0_iter3_reg  |   2|   0|    2|          0|
    |current_block_write_18_fu_122                |  32|   0|   32|          0|
    |current_line_6_fu_126                        |  32|   0|   32|          0|
    |current_line_in_bloc_reg_1036                |  32|   0|   32|          0|
    |exitcond_flatten_reg_965                     |   1|   0|    1|          0|
    |i_i_reg_300                                  |  12|   0|   12|          0|
    |indvar_flatten_reg_289                       |  44|   0|   44|          0|
    |inp_5_fu_110                                 |  32|   0|   32|          0|
    |inputBuf_0_V_addr_2_reg_1050                 |   5|   0|    5|          0|
    |inputBuf_0_V_addr_reg_1074                   |   5|   0|    5|          0|
    |inputBuf_1_V_addr_2_reg_1055                 |   5|   0|    5|          0|
    |inputBuf_1_V_addr_reg_1079                   |   5|   0|    5|          0|
    |inputBuf_2_V_addr_2_reg_1060                 |   5|   0|    5|          0|
    |inputBuf_2_V_addr_reg_1084                   |   5|   0|    5|          0|
    |inputBuf_3_V_addr_2_reg_1065                 |   5|   0|    5|          0|
    |inputBuf_3_V_addr_reg_1089                   |   5|   0|    5|          0|
    |k_x_5_fu_114                                 |  32|   0|   32|          0|
    |k_y_5_fu_106                                 |  32|   0|   32|          0|
    |numReps_read_reg_950                         |  32|   0|   32|          0|
    |ofm_x_5_fu_102                               |  32|   0|   32|          0|
    |ofm_y_1_i_fu_98                              |  32|   0|   32|          0|
    |or_cond_i_reg_1023                           |   1|   0|    1|          0|
    |or_cond_i_reg_1023_pp0_iter2_reg             |   1|   0|    1|          0|
    |outElem_V_reg_1114                           |  32|   0|   32|          0|
    |read_block_6_fu_94                           |  32|   0|   32|          0|
    |reg_378                                      |  32|   0|   32|          0|
    |reg_382                                      |  32|   0|   32|          0|
    |tmp_107_i_reg_1027                           |   1|   0|    1|          0|
    |tmp_3004_reg_1070                            |   2|   0|    2|          0|
    |tmp_3005_reg_997                             |   2|   0|    2|          0|
    |tmp_3009_reg_1046                            |   2|   0|    2|          0|
    |tmp_92_i_reg_988                             |   1|   0|    1|          0|
    |tmp_93_i_reg_1002                            |  31|   0|   31|          0|
    |tmp_98_i_reg_1032                            |   1|   0|    1|          0|
    |tmp_i_2868_reg_984                           |   1|   0|    1|          0|
    |tmp_i_reg_974                                |   1|   0|    1|          0|
    |tmp_92_i_reg_988                             |  64|  32|    1|          0|
    |tmp_i_2868_reg_984                           |  64|  32|    1|          0|
    +---------------------------------------------+----+----+-----+-----------+
    |Total                                        | 844|  64|  718|          0|
    +---------------------------------------------+----+----+-----+-----------+



================================================================
== Interface
================================================================
* Summary: 
+--------------------+-----+-----+------------+------------------------+--------------+
|      RTL Ports     | Dir | Bits|  Protocol  |      Source Object     |    C Type    |
+--------------------+-----+-----+------------+------------------------+--------------+
|ap_clk              |  in |    1| ap_ctrl_hs | ConvolutionInputGene.1 | return value |
|ap_rst              |  in |    1| ap_ctrl_hs | ConvolutionInputGene.1 | return value |
|ap_start            |  in |    1| ap_ctrl_hs | ConvolutionInputGene.1 | return value |
|ap_done             | out |    1| ap_ctrl_hs | ConvolutionInputGene.1 | return value |
|ap_continue         |  in |    1| ap_ctrl_hs | ConvolutionInputGene.1 | return value |
|ap_idle             | out |    1| ap_ctrl_hs | ConvolutionInputGene.1 | return value |
|ap_ready            | out |    1| ap_ctrl_hs | ConvolutionInputGene.1 | return value |
|in_V_V_dout         |  in |   32|   ap_fifo  |         in_V_V         |    pointer   |
|in_V_V_empty_n      |  in |    1|   ap_fifo  |         in_V_V         |    pointer   |
|in_V_V_read         | out |    1|   ap_fifo  |         in_V_V         |    pointer   |
|out_V_V_din         | out |   32|   ap_fifo  |         out_V_V        |    pointer   |
|out_V_V_full_n      |  in |    1|   ap_fifo  |         out_V_V        |    pointer   |
|out_V_V_write       | out |    1|   ap_fifo  |         out_V_V        |    pointer   |
|numReps_dout        |  in |   32|   ap_fifo  |         numReps        |    pointer   |
|numReps_empty_n     |  in |    1|   ap_fifo  |         numReps        |    pointer   |
|numReps_read        | out |    1|   ap_fifo  |         numReps        |    pointer   |
|numReps_out_din     | out |   32|   ap_fifo  |       numReps_out      |    pointer   |
|numReps_out_full_n  |  in |    1|   ap_fifo  |       numReps_out      |    pointer   |
|numReps_out_write   | out |    1|   ap_fifo  |       numReps_out      |    pointer   |
+--------------------+-----+-----+------------+------------------------+--------------+

