

================================================================
== Vivado HLS Report for 'ConvolutionInputGene_5'
================================================================
* Date:           Mon Mar  1 13:12:54 2021

* Version:        2018.2 (Build 2258646 on Thu Jun 14 20:25:20 MDT 2018)
* Project:        cnvW1A1-pynqZ1-Z2
* Solution:       sol1
* Product family: zynq
* Target device:  xc7z020clg400-1


================================================================
== Performance Estimates
================================================================
+ Timing (ns): 
    * Summary: 
    +--------+-------+----------+------------+
    |  Clock | Target| Estimated| Uncertainty|
    +--------+-------+----------+------------+
    |ap_clk  |   5.00|     7.910|        0.62|
    +--------+-------+----------+------------+

+ Latency (clock cycles): 
    * Summary: 
    +-----+-----+-----+-----+---------+
    |  Latency  |  Interval | Pipeline|
    | min | max | min | max |   Type  |
    +-----+-----+-----+-----+---------+
    |    ?|    ?|    ?|    ?|   none  |
    +-----+-----+-----+-----+---------+

    + Detail: 
        * Instance: 
        N/A

        * Loop: 
        +----------+-----+-----+----------+-----------+-----------+------+----------+
        |          |  Latency  | Iteration|  Initiation Interval  | Trip |          |
        | Loop Name| min | max |  Latency |  achieved |   target  | Count| Pipelined|
        +----------+-----+-----+----------+-----------+-----------+------+----------+
        |- Loop 1  |    ?|    ?|         6|          1|          1|     ?|    yes   |
        +----------+-----+-----+----------+-----------+-----------+------+----------+



================================================================
== Utilization Estimates
================================================================
* Summary: 
+-----------------+---------+-------+--------+-------+
|       Name      | BRAM_18K| DSP48E|   FF   |  LUT  |
+-----------------+---------+-------+--------+-------+
|DSP              |        -|      -|       -|      -|
|Expression       |        -|      -|       0|   1200|
|FIFO             |        -|      -|       -|      -|
|Instance         |        -|      4|    9053|   2698|
|Memory           |        4|      -|       0|      0|
|Multiplexer      |        -|      -|       -|    305|
|Register         |        0|      -|     851|     64|
+-----------------+---------+-------+--------+-------+
|Total            |        4|      4|    9904|   4267|
+-----------------+---------+-------+--------+-------+
|Available        |      280|    220|  106400|  53200|
+-----------------+---------+-------+--------+-------+
|Utilization (%)  |        1|      1|       9|      8|
+-----------------+---------+-------+--------+-------+

+ Detail: 
    * Instance: 
    +---------------------------+----------------------+---------+-------+------+------+
    |          Instance         |        Module        | BRAM_18K| DSP48E|  FF  |  LUT |
    +---------------------------+----------------------+---------+-------+------+------+
    |BlackBoxJam_mul_3xdS_U246  |BlackBoxJam_mul_3xdS  |        0|      4|   215|     1|
    |BlackBoxJam_mux_4pcA_U247  |BlackBoxJam_mux_4pcA  |        0|      0|  8838|  2697|
    +---------------------------+----------------------+---------+-------+------+------+
    |Total                      |                      |        0|      4|  9053|  2698|
    +---------------------------+----------------------+---------+-------+------+------+

    * DSP48: 
    N/A

    * Memory: 
    +----------------+----------------------+---------+---+----+------+-----+------+-------------+
    |     Memory     |        Module        | BRAM_18K| FF| LUT| Words| Bits| Banks| W*Bits*Banks|
    +----------------+----------------------+---------+---+----+------+-----+------+-------------+
    |inputBuf_0_V_U  |ConvolutionInputGyd2  |        1|  0|   0|    48|   32|     1|         1536|
    |inputBuf_1_V_U  |ConvolutionInputGyd2  |        1|  0|   0|    48|   32|     1|         1536|
    |inputBuf_2_V_U  |ConvolutionInputGyd2  |        1|  0|   0|    48|   32|     1|         1536|
    |inputBuf_3_V_U  |ConvolutionInputGyd2  |        1|  0|   0|    48|   32|     1|         1536|
    +----------------+----------------------+---------+---+----+------+-----+------+-------------+
    |Total           |                      |        4|  0|   0|   192|  128|     4|         6144|
    +----------------+----------------------+---------+---+----+------+-----+------+-------------+

    * FIFO: 
    N/A

    * Expression: 
    +--------------------------------------+----------+-------+---+----+------------+------------+
    |             Variable Name            | Operation| DSP48E| FF| LUT| Bitwidth P0| Bitwidth P1|
    +--------------------------------------+----------+-------+---+----+------------+------------+
    |count_simd_fu_517_p2                  |     +    |      0|  0|  39|           1|          32|
    |counter_internal_blo_4_fu_683_p2      |     +    |      0|  0|  39|          32|           1|
    |current_block_read_fu_757_p2          |     +    |      0|  0|  16|           2|           2|
    |current_block_write_2_2845_fu_777_p2  |     +    |      0|  0|  39|          32|           1|
    |current_block_write_fu_821_p2         |     +    |      0|  0|  39|          32|           1|
    |current_line_in_bloc_fu_746_p2        |     +    |      0|  0|  39|          32|          32|
    |grp_fu_352_p2                         |     +    |      0|  0|  39|          32|           1|
    |i_i_op_fu_434_p2                      |     +    |      0|  0|  12|          12|           1|
    |indvar_flatten_next_fu_422_p2         |     +    |      0|  0|  51|          44|           1|
    |inp_fu_708_p2                         |     +    |      0|  0|  39|          32|           1|
    |k_x_fu_534_p2                         |     +    |      0|  0|  39|          32|           1|
    |k_y_fu_497_p2                         |     +    |      0|  0|  39|           1|          32|
    |ofm_x_fu_565_p2                       |     +    |      0|  0|  39|          32|           1|
    |ofm_y_fu_585_p2                       |     +    |      0|  0|  39|          32|           1|
    |read_block_6_cast_fu_644_p2           |     +    |      0|  0|  13|           4|           1|
    |read_block_fu_724_p2                  |     +    |      0|  0|  39|          32|           1|
    |tmp_167_i_fu_511_p2                   |     +    |      0|  0|  37|          30|          30|
    |tmp_fu_751_p2                         |     +    |      0|  0|  16|           1|           2|
    |ap_block_state12_pp0_stage0_iter5     |    and   |      0|  0|   2|           1|           1|
    |ap_condition_471                      |    and   |      0|  0|   2|           1|           1|
    |ap_condition_483                      |    and   |      0|  0|   2|           1|           1|
    |ap_condition_494                      |    and   |      0|  0|   2|           1|           1|
    |ap_condition_505                      |    and   |      0|  0|   2|           1|           1|
    |ap_predicate_op165_read_state9        |    and   |      0|  0|   2|           1|           1|
    |ap_predicate_op229_write_state12      |    and   |      0|  0|   2|           1|           1|
    |or_cond_i_fu_638_p2                   |    and   |      0|  0|   2|           1|           1|
    |exitcond_flatten_fu_417_p2            |   icmp   |      0|  0|  24|          44|          44|
    |tmp_166_i_fu_475_p2                   |   icmp   |      0|  0|  18|          32|           9|
    |tmp_171_i_fu_523_p2                   |   icmp   |      0|  0|  18|          32|           3|
    |tmp_172_i_fu_364_p2                   |   icmp   |      0|  0|  18|          32|           6|
    |tmp_173_i_fu_540_p2                   |   icmp   |      0|  0|  18|          32|           2|
    |tmp_174_i_fu_827_p2                   |   icmp   |      0|  0|  18|          32|           3|
    |tmp_175_i_fu_551_p2                   |   icmp   |      0|  0|  18|          32|           2|
    |tmp_176_i_fu_571_p2                   |   icmp   |      0|  0|  18|          32|           4|
    |tmp_177_i_fu_591_p2                   |   icmp   |      0|  0|  18|          32|           4|
    |tmp_178_i_fu_626_p2                   |   icmp   |      0|  0|  18|          32|           6|
    |tmp_179_i_fu_632_p2                   |   icmp   |      0|  0|  18|          32|           4|
    |tmp_181_i_fu_358_p2                   |   icmp   |      0|  0|  18|          32|           6|
    |tmp_182_i_fu_783_p2                   |   icmp   |      0|  0|  18|          32|           3|
    |tmp_183_i_fu_689_p2                   |   icmp   |      0|  0|  18|          32|           9|
    |tmp_i_2850_fu_466_p2                  |   icmp   |      0|  0|  18|          32|           8|
    |tmp_i_fu_428_p2                       |   icmp   |      0|  0|  13|          12|          10|
    |ap_block_pp0_stage0_01001             |    or    |      0|  0|   2|           1|           1|
    |ap_block_state1                       |    or    |      0|  0|   2|           1|           1|
    |ap_block_state9_pp0_stage0_iter2      |    or    |      0|  0|   2|           1|           1|
    |current_block_write_1_2844_fu_833_p3  |  select  |      0|  0|  32|           1|           1|
    |current_block_write_3_2846_fu_789_p3  |  select  |      0|  0|  32|           1|           1|
    |current_block_write_4_2847_fu_797_p3  |  select  |      0|  0|  32|           1|          32|
    |current_line_3_i_fu_650_p3            |  select  |      0|  0|  32|           1|           1|
    |i_fu_440_p3                           |  select  |      0|  0|  12|           1|           1|
    |p_i_fu_695_p3                         |  select  |      0|  0|  32|           1|           1|
    |p_inp_1_i_fu_597_p3                   |  select  |      0|  0|  32|           1|           1|
    |p_ofm_y_9_i_fu_605_p3                 |  select  |      0|  0|  32|           1|           1|
    |read_block_1_fu_658_p3                |  select  |      0|  0|   4|           1|           4|
    |read_block_1_i_mid2_fu_454_p3         |  select  |      0|  0|  32|           1|           1|
    |ap_enable_pp0                         |    xor   |      0|  0|   2|           1|           2|
    |ap_enable_reg_pp0_iter1               |    xor   |      0|  0|   2|           2|           1|
    +--------------------------------------+----------+-------+---+----+------------+------------+
    |Total                                 |          |      0|  0|1200|         943|         323|
    +--------------------------------------+----------+-------+---+----+------------+------------+

    * Multiplexer: 
    +------------------------------+----+-----------+-----+-----------+
    |             Name             | LUT| Input Size| Bits| Total Bits|
    +------------------------------+----+-----------+-----+-----------+
    |ap_NS_fsm                     |  44|          9|    1|          9|
    |ap_done                       |   9|          2|    1|          2|
    |ap_enable_reg_pp0_iter1       |   9|          2|    1|          2|
    |ap_enable_reg_pp0_iter5       |   9|          2|    1|          2|
    |count_simd_1_fu_116           |   9|          2|   32|         64|
    |counter_internal_blo_fu_128   |   9|          2|   32|         64|
    |current_block_write_5_fu_120  |  15|          3|   32|         96|
    |current_line_2_fu_124         |  15|          3|   32|         96|
    |i_i_reg_298                   |   9|          2|   12|         24|
    |in_V_V_blk_n                  |   9|          2|    1|          2|
    |indvar_flatten_reg_287        |   9|          2|   44|         88|
    |inp_1_fu_108                  |  15|          3|   32|         96|
    |inputBuf_0_V_address1         |  15|          3|    6|         18|
    |inputBuf_1_V_address1         |  15|          3|    6|         18|
    |inputBuf_2_V_address1         |  15|          3|    6|         18|
    |inputBuf_3_V_address1         |  15|          3|    6|         18|
    |k_x_1_fu_112                  |   9|          2|   32|         64|
    |k_y_1_fu_104                  |   9|          2|   32|         64|
    |numReps_blk_n                 |   9|          2|    1|          2|
    |numReps_out_blk_n             |   9|          2|    1|          2|
    |ofm_x_1_fu_100                |   9|          2|   32|         64|
    |ofm_y_1_i_fu_96               |   9|          2|   32|         64|
    |out_V_V_blk_n                 |   9|          2|    1|          2|
    |read_block_2_fu_92            |  21|          4|   32|        128|
    +------------------------------+----+-----------+-----+-----------+
    |Total                         | 305|         64|  408|       1007|
    +------------------------------+----+-----------+-----+-----------+

    * Register: 
    +-------------------------------------------+----+----+-----+-----------+
    |                    Name                   | FF | LUT| Bits| Const Bits|
    +-------------------------------------------+----+----+-----+-----------+
    |ap_CS_fsm                                  |   8|   0|    8|          0|
    |ap_done_reg                                |   1|   0|    1|          0|
    |ap_enable_reg_pp0_iter0                    |   1|   0|    1|          0|
    |ap_enable_reg_pp0_iter1                    |   1|   0|    1|          0|
    |ap_enable_reg_pp0_iter2                    |   1|   0|    1|          0|
    |ap_enable_reg_pp0_iter3                    |   1|   0|    1|          0|
    |ap_enable_reg_pp0_iter4                    |   1|   0|    1|          0|
    |ap_enable_reg_pp0_iter5                    |   1|   0|    1|          0|
    |bound_reg_958                              |  44|   0|   44|          0|
    |count_simd_1_fu_116                        |  32|   0|   32|          0|
    |count_simd_1_load_reg_990                  |  32|   0|   32|          0|
    |counter_internal_blo_fu_128                |  32|   0|   32|          0|
    |current_block_read_reg_1039                |   2|   0|    2|          0|
    |current_block_read_reg_1039_pp0_iter3_reg  |   2|   0|    2|          0|
    |current_block_write_5_fu_120               |  32|   0|   32|          0|
    |current_line_2_fu_124                      |  32|   0|   32|          0|
    |current_line_in_bloc_reg_1034              |  32|   0|   32|          0|
    |exitcond_flatten_reg_963                   |   1|   0|    1|          0|
    |i_i_reg_298                                |  12|   0|   12|          0|
    |indvar_flatten_reg_287                     |  44|   0|   44|          0|
    |inp_1_fu_108                               |  32|   0|   32|          0|
    |inputBuf_0_V_addr_2_reg_1048               |   6|   0|    6|          0|
    |inputBuf_0_V_addr_reg_1072                 |   6|   0|    6|          0|
    |inputBuf_1_V_addr_2_reg_1053               |   6|   0|    6|          0|
    |inputBuf_1_V_addr_reg_1077                 |   6|   0|    6|          0|
    |inputBuf_2_V_addr_2_reg_1058               |   6|   0|    6|          0|
    |inputBuf_2_V_addr_reg_1082                 |   6|   0|    6|          0|
    |inputBuf_3_V_addr_2_reg_1063               |   6|   0|    6|          0|
    |inputBuf_3_V_addr_reg_1087                 |   6|   0|    6|          0|
    |k_x_1_fu_112                               |  32|   0|   32|          0|
    |k_y_1_fu_104                               |  32|   0|   32|          0|
    |numReps_read_reg_948                       |  32|   0|   32|          0|
    |ofm_x_1_fu_100                             |  32|   0|   32|          0|
    |ofm_y_1_i_fu_96                            |  32|   0|   32|          0|
    |or_cond_i_reg_1021                         |   1|   0|    1|          0|
    |or_cond_i_reg_1021_pp0_iter2_reg           |   1|   0|    1|          0|
    |outElem_V_reg_1112                         |  32|   0|   32|          0|
    |read_block_2_fu_92                         |  32|   0|   32|          0|
    |reg_376                                    |  32|   0|   32|          0|
    |reg_380                                    |  32|   0|   32|          0|
    |tmp_166_i_reg_986                          |   1|   0|    1|          0|
    |tmp_167_i_reg_1000                         |  30|   0|   30|          0|
    |tmp_172_i_reg_1030                         |   1|   0|    1|          0|
    |tmp_181_i_reg_1025                         |   1|   0|    1|          0|
    |tmp_2977_reg_1068                          |   2|   0|    2|          0|
    |tmp_2978_reg_995                           |   2|   0|    2|          0|
    |tmp_2982_reg_1044                          |   2|   0|    2|          0|
    |tmp_i_2850_reg_982                         |   1|   0|    1|          0|
    |tmp_i_reg_972                              |   1|   0|    1|          0|
    |tmp_166_i_reg_986                          |  64|  32|    1|          0|
    |tmp_i_2850_reg_982                         |  64|  32|    1|          0|
    +-------------------------------------------+----+----+-----+-----------+
    |Total                                      | 851|  64|  725|          0|
    +-------------------------------------------+----+----+-----+-----------+



================================================================
== Interface
================================================================
* Summary: 
+--------------------+-----+-----+------------+------------------------+--------------+
|      RTL Ports     | Dir | Bits|  Protocol  |      Source Object     |    C Type    |
+--------------------+-----+-----+------------+------------------------+--------------+
|ap_clk              |  in |    1| ap_ctrl_hs | ConvolutionInputGene.5 | return value |
|ap_rst              |  in |    1| ap_ctrl_hs | ConvolutionInputGene.5 | return value |
|ap_start            |  in |    1| ap_ctrl_hs | ConvolutionInputGene.5 | return value |
|ap_done             | out |    1| ap_ctrl_hs | ConvolutionInputGene.5 | return value |
|ap_continue         |  in |    1| ap_ctrl_hs | ConvolutionInputGene.5 | return value |
|ap_idle             | out |    1| ap_ctrl_hs | ConvolutionInputGene.5 | return value |
|ap_ready            | out |    1| ap_ctrl_hs | ConvolutionInputGene.5 | return value |
|in_V_V_dout         |  in |   32|   ap_fifo  |         in_V_V         |    pointer   |
|in_V_V_empty_n      |  in |    1|   ap_fifo  |         in_V_V         |    pointer   |
|in_V_V_read         | out |    1|   ap_fifo  |         in_V_V         |    pointer   |
|out_V_V_din         | out |   32|   ap_fifo  |         out_V_V        |    pointer   |
|out_V_V_full_n      |  in |    1|   ap_fifo  |         out_V_V        |    pointer   |
|out_V_V_write       | out |    1|   ap_fifo  |         out_V_V        |    pointer   |
|numReps_dout        |  in |   32|   ap_fifo  |         numReps        |    pointer   |
|numReps_empty_n     |  in |    1|   ap_fifo  |         numReps        |    pointer   |
|numReps_read        | out |    1|   ap_fifo  |         numReps        |    pointer   |
|numReps_out_din     | out |   32|   ap_fifo  |       numReps_out      |    pointer   |
|numReps_out_full_n  |  in |    1|   ap_fifo  |       numReps_out      |    pointer   |
|numReps_out_write   | out |    1|   ap_fifo  |       numReps_out      |    pointer   |
+--------------------+-----+-----+------------+------------------------+--------------+

