

================================================================
== Vivado HLS Report for 'DoCompute_entry33612'
================================================================
* Date:           Mon Mar  1 13:11:48 2021

* Version:        2018.2 (Build 2258646 on Thu Jun 14 20:25:20 MDT 2018)
* Project:        cnvW1A1-pynqZ1-Z2
* Solution:       sol1
* Product family: zynq
* Target device:  xc7z020clg400-1


================================================================
== Performance Estimates
================================================================
+ Timing (ns): 
    * Summary: 
    +--------+-------+----------+------------+
    |  Clock | Target| Estimated| Uncertainty|
    +--------+-------+----------+------------+
    |ap_clk  |   5.00|     2.188|        0.62|
    +--------+-------+----------+------------+

+ Latency (clock cycles): 
    * Summary: 
    +-----+-----+-----+-----+---------+
    |  Latency  |  Interval | Pipeline|
    | min | max | min | max |   Type  |
    +-----+-----+-----+-----+---------+
    |    0|    0|    0|    0|   none  |
    +-----+-----+-----+-----+---------+

    + Detail: 
        * Instance: 
        N/A

        * Loop: 
        N/A



================================================================
== Utilization Estimates
================================================================
* Summary: 
+-----------------+---------+-------+--------+-------+
|       Name      | BRAM_18K| DSP48E|   FF   |  LUT  |
+-----------------+---------+-------+--------+-------+
|DSP              |        -|      -|       -|      -|
|Expression       |        -|      -|       0|      2|
|FIFO             |        -|      -|       -|      -|
|Instance         |        -|      -|       -|      -|
|Memory           |        -|      -|       -|      -|
|Multiplexer      |        -|      -|       -|     90|
|Register         |        -|      -|       3|      -|
+-----------------+---------+-------+--------+-------+
|Total            |        0|      0|       3|     92|
+-----------------+---------+-------+--------+-------+
|Available        |      280|    220|  106400|  53200|
+-----------------+---------+-------+--------+-------+
|Utilization (%)  |        0|      0|   ~0   |   ~0  |
+-----------------+---------+-------+--------+-------+

+ Detail: 
    * Instance: 
    N/A

    * DSP48: 
    N/A

    * Memory: 
    N/A

    * FIFO: 
    N/A

    * Expression: 
    +-----------------+----------+-------+---+----+------------+------------+
    |  Variable Name  | Operation| DSP48E| FF| LUT| Bitwidth P0| Bitwidth P1|
    +-----------------+----------+-------+---+----+------------+------------+
    |ap_block_state1  |    or    |      0|  0|   2|           1|           1|
    +-----------------+----------+-------+---+----+------------+------------+
    |Total            |          |      0|  0|   2|           1|           1|
    +-----------------+----------+-------+---+----+------------+------------+

    * Multiplexer: 
    +------------------------+----+-----------+-----+-----------+
    |          Name          | LUT| Input Size| Bits| Total Bits|
    +------------------------+----+-----------+-----+-----------+
    |ap_done                 |   9|          2|    1|          2|
    |in_V_offset_out_blk_n   |   9|          2|    1|          2|
    |numReps_out1_blk_n      |   9|          2|    1|          2|
    |numReps_out2_blk_n      |   9|          2|    1|          2|
    |numReps_out3_blk_n      |   9|          2|    1|          2|
    |numReps_out4_blk_n      |   9|          2|    1|          2|
    |numReps_out5_blk_n      |   9|          2|    1|          2|
    |numReps_out_blk_n       |   9|          2|    1|          2|
    |out_V_offset_out_blk_n  |   9|          2|    1|          2|
    |real_start              |   9|          2|    1|          2|
    +------------------------+----+-----------+-----+-----------+
    |Total                   |  90|         20|   10|         20|
    +------------------------+----+-----------+-----+-----------+

    * Register: 
    +----------------+---+----+-----+-----------+
    |      Name      | FF| LUT| Bits| Const Bits|
    +----------------+---+----+-----+-----------+
    |ap_CS_fsm       |  1|   0|    1|          0|
    |ap_done_reg     |  1|   0|    1|          0|
    |start_once_reg  |  1|   0|    1|          0|
    +----------------+---+----+-----+-----------+
    |Total           |  3|   0|    3|          0|
    +----------------+---+----+-----+-----------+



================================================================
== Interface
================================================================
* Summary: 
+-------------------------+-----+-----+------------+----------------------+--------------+
|        RTL Ports        | Dir | Bits|  Protocol  |     Source Object    |    C Type    |
+-------------------------+-----+-----+------------+----------------------+--------------+
|ap_clk                   |  in |    1| ap_ctrl_hs | DoCompute.entry33612 | return value |
|ap_rst                   |  in |    1| ap_ctrl_hs | DoCompute.entry33612 | return value |
|ap_start                 |  in |    1| ap_ctrl_hs | DoCompute.entry33612 | return value |
|start_full_n             |  in |    1| ap_ctrl_hs | DoCompute.entry33612 | return value |
|ap_done                  | out |    1| ap_ctrl_hs | DoCompute.entry33612 | return value |
|ap_continue              |  in |    1| ap_ctrl_hs | DoCompute.entry33612 | return value |
|ap_idle                  | out |    1| ap_ctrl_hs | DoCompute.entry33612 | return value |
|ap_ready                 | out |    1| ap_ctrl_hs | DoCompute.entry33612 | return value |
|start_out                | out |    1| ap_ctrl_hs | DoCompute.entry33612 | return value |
|start_write              | out |    1| ap_ctrl_hs | DoCompute.entry33612 | return value |
|numReps                  |  in |   32|   ap_none  |        numReps       |    scalar    |
|numReps_out_din          | out |   32|   ap_fifo  |      numReps_out     |    pointer   |
|numReps_out_full_n       |  in |    1|   ap_fifo  |      numReps_out     |    pointer   |
|numReps_out_write        | out |    1|   ap_fifo  |      numReps_out     |    pointer   |
|numReps_out1_din         | out |   32|   ap_fifo  |     numReps_out1     |    pointer   |
|numReps_out1_full_n      |  in |    1|   ap_fifo  |     numReps_out1     |    pointer   |
|numReps_out1_write       | out |    1|   ap_fifo  |     numReps_out1     |    pointer   |
|numReps_out2_din         | out |   32|   ap_fifo  |     numReps_out2     |    pointer   |
|numReps_out2_full_n      |  in |    1|   ap_fifo  |     numReps_out2     |    pointer   |
|numReps_out2_write       | out |    1|   ap_fifo  |     numReps_out2     |    pointer   |
|numReps_out3_din         | out |   32|   ap_fifo  |     numReps_out3     |    pointer   |
|numReps_out3_full_n      |  in |    1|   ap_fifo  |     numReps_out3     |    pointer   |
|numReps_out3_write       | out |    1|   ap_fifo  |     numReps_out3     |    pointer   |
|numReps_out4_din         | out |   32|   ap_fifo  |     numReps_out4     |    pointer   |
|numReps_out4_full_n      |  in |    1|   ap_fifo  |     numReps_out4     |    pointer   |
|numReps_out4_write       | out |    1|   ap_fifo  |     numReps_out4     |    pointer   |
|numReps_out5_din         | out |   32|   ap_fifo  |     numReps_out5     |    pointer   |
|numReps_out5_full_n      |  in |    1|   ap_fifo  |     numReps_out5     |    pointer   |
|numReps_out5_write       | out |    1|   ap_fifo  |     numReps_out5     |    pointer   |
|in_V_offset              |  in |   61|   ap_none  |      in_V_offset     |    scalar    |
|out_V_offset             |  in |   61|   ap_none  |     out_V_offset     |    scalar    |
|in_V_offset_out_din      | out |   61|   ap_fifo  |    in_V_offset_out   |    pointer   |
|in_V_offset_out_full_n   |  in |    1|   ap_fifo  |    in_V_offset_out   |    pointer   |
|in_V_offset_out_write    | out |    1|   ap_fifo  |    in_V_offset_out   |    pointer   |
|out_V_offset_out_din     | out |   61|   ap_fifo  |   out_V_offset_out   |    pointer   |
|out_V_offset_out_full_n  |  in |    1|   ap_fifo  |   out_V_offset_out   |    pointer   |
|out_V_offset_out_write   | out |    1|   ap_fifo  |   out_V_offset_out   |    pointer   |
+-------------------------+-----+-----+------------+----------------------+--------------+

