

================================================================
== Vivado HLS Report for 'DoCompute_Block_pro_4'
================================================================
* Date:           Mon Mar  1 13:11:53 2021

* Version:        2018.2 (Build 2258646 on Thu Jun 14 20:25:20 MDT 2018)
* Project:        cnvW1A1-pynqZ1-Z2
* Solution:       sol1
* Product family: zynq
* Target device:  xc7z020clg400-1


================================================================
== Performance Estimates
================================================================
+ Timing (ns): 
    * Summary: 
    +--------+-------+----------+------------+
    |  Clock | Target| Estimated| Uncertainty|
    +--------+-------+----------+------------+
    |ap_clk  |   5.00|     3.950|        0.62|
    +--------+-------+----------+------------+

+ Latency (clock cycles): 
    * Summary: 
    +-----+-----+-----+-----+---------+
    |  Latency  |  Interval | Pipeline|
    | min | max | min | max |   Type  |
    +-----+-----+-----+-----+---------+
    |    6|    6|    6|    6|   none  |
    +-----+-----+-----+-----+---------+

    + Detail: 
        * Instance: 
        N/A

        * Loop: 
        N/A



================================================================
== Utilization Estimates
================================================================
* Summary: 
+-----------------+---------+-------+--------+-------+
|       Name      | BRAM_18K| DSP48E|   FF   |  LUT  |
+-----------------+---------+-------+--------+-------+
|DSP              |        -|      -|       -|      -|
|Expression       |        -|      -|       0|      2|
|FIFO             |        -|      -|       -|      -|
|Instance         |        -|      4|     215|      1|
|Memory           |        -|      -|       -|      -|
|Multiplexer      |        -|      -|       -|     68|
|Register         |        -|      -|      72|      -|
+-----------------+---------+-------+--------+-------+
|Total            |        0|      4|     287|     71|
+-----------------+---------+-------+--------+-------+
|Available        |      280|    220|  106400|  53200|
+-----------------+---------+-------+--------+-------+
|Utilization (%)  |        0|      1|   ~0   |   ~0  |
+-----------------+---------+-------+--------+-------+

+ Detail: 
    * Instance: 
    +--------------------------+----------------------+---------+-------+-----+----+
    |         Instance         |        Module        | BRAM_18K| DSP48E|  FF | LUT|
    +--------------------------+----------------------+---------+-------+-----+----+
    |BlackBoxJam_mul_3g8j_U40  |BlackBoxJam_mul_3g8j  |        0|      4|  215|   1|
    +--------------------------+----------------------+---------+-------+-----+----+
    |Total                     |                      |        0|      4|  215|   1|
    +--------------------------+----------------------+---------+-------+-----+----+

    * DSP48: 
    N/A

    * Memory: 
    N/A

    * FIFO: 
    N/A

    * Expression: 
    +-----------------+----------+-------+---+----+------------+------------+
    |  Variable Name  | Operation| DSP48E| FF| LUT| Bitwidth P0| Bitwidth P1|
    +-----------------+----------+-------+---+----+------------+------------+
    |ap_block_state1  |    or    |      0|  0|   2|           1|           1|
    +-----------------+----------+-------+---+----+------------+------------+
    |Total            |          |      0|  0|   2|           1|           1|
    +-----------------+----------+-------+---+----+------------+------------+

    * Multiplexer: 
    +-------------------+----+-----------+-----+-----------+
    |        Name       | LUT| Input Size| Bits| Total Bits|
    +-------------------+----+-----------+-----+-----------+
    |ap_NS_fsm          |  41|          8|    1|          8|
    |ap_done            |   9|          2|    1|          2|
    |numReps_blk_n      |   9|          2|    1|          2|
    |tmp_out_out_blk_n  |   9|          2|    1|          2|
    +-------------------+----+-----------+-----+-----------+
    |Total              |  68|         14|    4|         14|
    +-------------------+----+-----------+-----+-----------+

    * Register: 
    +---------------------+----+----+-----+-----------+
    |         Name        | FF | LUT| Bits| Const Bits|
    +---------------------+----+----+-----+-----------+
    |ap_CS_fsm            |   7|   0|    7|          0|
    |ap_done_reg          |   1|   0|    1|          0|
    |numReps_read_reg_40  |  32|   0|   32|          0|
    |tmp_i_reg_45         |  32|   0|   32|          0|
    +---------------------+----+----+-----+-----------+
    |Total                |  72|   0|   72|          0|
    +---------------------+----+----+-----+-----------+



================================================================
== Interface
================================================================
* Summary: 
+--------------------+-----+-----+------------+------------------------+--------------+
|      RTL Ports     | Dir | Bits|  Protocol  |      Source Object     |    C Type    |
+--------------------+-----+-----+------------+------------------------+--------------+
|ap_clk              |  in |    1| ap_ctrl_hs | DoCompute_Block__pro.4 | return value |
|ap_rst              |  in |    1| ap_ctrl_hs | DoCompute_Block__pro.4 | return value |
|ap_start            |  in |    1| ap_ctrl_hs | DoCompute_Block__pro.4 | return value |
|ap_done             | out |    1| ap_ctrl_hs | DoCompute_Block__pro.4 | return value |
|ap_continue         |  in |    1| ap_ctrl_hs | DoCompute_Block__pro.4 | return value |
|ap_idle             | out |    1| ap_ctrl_hs | DoCompute_Block__pro.4 | return value |
|ap_ready            | out |    1| ap_ctrl_hs | DoCompute_Block__pro.4 | return value |
|numReps_dout        |  in |   32|   ap_fifo  |         numReps        |    pointer   |
|numReps_empty_n     |  in |    1|   ap_fifo  |         numReps        |    pointer   |
|numReps_read        | out |    1|   ap_fifo  |         numReps        |    pointer   |
|tmp_out_out_din     | out |   32|   ap_fifo  |       tmp_out_out      |    pointer   |
|tmp_out_out_full_n  |  in |    1|   ap_fifo  |       tmp_out_out      |    pointer   |
|tmp_out_out_write   | out |    1|   ap_fifo  |       tmp_out_out      |    pointer   |
+--------------------+-----+-----+------------+------------------------+--------------+

