

================================================================
== Vivado HLS Report for 'Matrix_Vector_Activa_7'
================================================================
* Date:           Mon Mar  1 13:13:31 2021

* Version:        2018.2 (Build 2258646 on Thu Jun 14 20:25:20 MDT 2018)
* Project:        cnvW1A1-pynqZ1-Z2
* Solution:       sol1
* Product family: zynq
* Target device:  xc7z020clg400-1


================================================================
== Performance Estimates
================================================================
+ Timing (ns): 
    * Summary: 
    +--------+-------+----------+------------+
    |  Clock | Target| Estimated| Uncertainty|
    +--------+-------+----------+------------+
    |ap_clk  |   5.00|     9.883|        0.62|
    +--------+-------+----------+------------+

+ Latency (clock cycles): 
    * Summary: 
    +-----+-----+-----+-----+---------+
    |  Latency  |  Interval | Pipeline|
    | min | max | min | max |   Type  |
    +-----+-----+-----+-----+---------+
    |    ?|    ?|    ?|    ?|   none  |
    +-----+-----+-----+-----+---------+

    + Detail: 
        * Instance: 
        N/A

        * Loop: 
        +----------+-----+-----+----------+-----------+-----------+------+----------+
        |          |  Latency  | Iteration|  Initiation Interval  | Trip |          |
        | Loop Name| min | max |  Latency |  achieved |   target  | Count| Pipelined|
        +----------+-----+-----+----------+-----------+-----------+------+----------+
        |- Loop 1  |    ?|    ?|         8|          1|          1|     ?|    yes   |
        +----------+-----+-----+----------+-----------+-----------+------+----------+



================================================================
== Utilization Estimates
================================================================
* Summary: 
+-----------------+---------+-------+--------+-------+
|       Name      | BRAM_18K| DSP48E|   FF   |  LUT  |
+-----------------+---------+-------+--------+-------+
|DSP              |        -|      -|       -|      -|
|Expression       |        -|      -|       0|   2579|
|FIFO             |        -|      -|       -|      -|
|Instance         |        -|      -|    8838|   2697|
|Memory           |        -|      -|       -|      -|
|Multiplexer      |        -|      -|       -|    150|
|Register         |        0|      -|    2543|    288|
+-----------------+---------+-------+--------+-------+
|Total            |        0|      0|   11381|   5714|
+-----------------+---------+-------+--------+-------+
|Available        |      280|    220|  106400|  53200|
+-----------------+---------+-------+--------+-------+
|Utilization (%)  |        0|      0|      10|     10|
+-----------------+---------+-------+--------+-------+

+ Detail: 
    * Instance: 
    +---------------------------+----------------------+---------+-------+------+------+
    |          Instance         |        Module        | BRAM_18K| DSP48E|  FF  |  LUT |
    +---------------------------+----------------------+---------+-------+------+------+
    |BlackBoxJam_mux_3DeQ_U319  |BlackBoxJam_mux_3DeQ  |        0|      0|  8838|  2697|
    +---------------------------+----------------------+---------+-------+------+------+
    |Total                      |                      |        0|      0|  8838|  2697|
    +---------------------------+----------------------+---------+-------+------+------+

    * DSP48: 
    N/A

    * Memory: 
    N/A

    * FIFO: 
    N/A

    * Expression: 
    +-----------------------------------+----------+-------+---+----+------------+------------+
    |           Variable Name           | Operation| DSP48E| FF| LUT| Bitwidth P0| Bitwidth P1|
    +-----------------------------------+----------+-------+---+----+------------+------------+
    |accu_0_0_V_fu_5330_p2              |     +    |      0|  0|  16|          16|          16|
    |accu_0_1_V_fu_5375_p2              |     +    |      0|  0|  16|          16|          16|
    |accu_0_2_V_fu_5420_p2              |     +    |      0|  0|  16|          16|          16|
    |accu_0_3_V_fu_5465_p2              |     +    |      0|  0|  16|          16|          16|
    |i_fu_621_p2                        |     +    |      0|  0|  39|          32|           1|
    |nf_fu_676_p2                       |     +    |      0|  0|  39|          32|           1|
    |sf_fu_656_p2                       |     +    |      0|  0|  39|           1|          32|
    |tile_fu_1077_p2                    |     +    |      0|  0|  39|           1|          32|
    |tmp100_fu_5303_p2                  |     +    |      0|  0|  16|          16|          16|
    |tmp101_fu_5294_p2                  |     +    |      0|  0|  23|          16|          16|
    |tmp102_fu_5002_p2                  |     +    |      0|  0|  10|           2|           2|
    |tmp103_fu_4003_p2                  |     +    |      0|  0|  12|           3|           3|
    |tmp104_fu_3983_p2                  |     +    |      0|  0|  10|           2|           2|
    |tmp105_fu_3993_p2                  |     +    |      0|  0|  10|           2|           2|
    |tmp106_fu_5014_p2                  |     +    |      0|  0|  13|           4|           4|
    |tmp107_fu_4029_p2                  |     +    |      0|  0|  12|           3|           3|
    |tmp108_fu_4009_p2                  |     +    |      0|  0|  10|           2|           2|
    |tmp109_fu_4019_p2                  |     +    |      0|  0|  10|           2|           2|
    |tmp110_fu_4055_p2                  |     +    |      0|  0|  12|           3|           3|
    |tmp111_fu_4035_p2                  |     +    |      0|  0|  10|           2|           2|
    |tmp112_fu_4045_p2                  |     +    |      0|  0|  10|           2|           2|
    |tmp113_fu_5052_p2                  |     +    |      0|  0|  15|           5|           5|
    |tmp114_fu_5026_p2                  |     +    |      0|  0|  13|           4|           4|
    |tmp115_fu_4081_p2                  |     +    |      0|  0|  12|           3|           3|
    |tmp116_fu_4061_p2                  |     +    |      0|  0|  10|           2|           2|
    |tmp117_fu_4071_p2                  |     +    |      0|  0|  10|           2|           2|
    |tmp118_fu_4107_p2                  |     +    |      0|  0|  12|           3|           3|
    |tmp119_fu_4087_p2                  |     +    |      0|  0|  10|           2|           2|
    |tmp120_fu_4097_p2                  |     +    |      0|  0|  10|           2|           2|
    |tmp121_fu_5042_p2                  |     +    |      0|  0|  13|           4|           4|
    |tmp122_fu_4133_p2                  |     +    |      0|  0|  12|           3|           3|
    |tmp123_fu_4113_p2                  |     +    |      0|  0|  10|           2|           2|
    |tmp124_fu_4123_p2                  |     +    |      0|  0|  10|           2|           2|
    |tmp125_fu_4165_p2                  |     +    |      0|  0|  12|           3|           3|
    |tmp126_fu_4139_p2                  |     +    |      0|  0|  10|           2|           2|
    |tmp127_fu_4155_p2                  |     +    |      0|  0|  16|           2|           2|
    |tmp128_fu_4149_p2                  |     +    |      0|  0|  16|           2|           2|
    |tmp191_fu_5366_p2                  |     +    |      0|  0|  16|          16|          16|
    |tmp192_fu_5357_p2                  |     +    |      0|  0|  16|          16|          16|
    |tmp193_fu_5348_p2                  |     +    |      0|  0|  16|          16|          16|
    |tmp194_fu_5339_p2                  |     +    |      0|  0|  23|          16|          16|
    |tmp195_fu_5064_p2                  |     +    |      0|  0|  10|           2|           2|
    |tmp196_fu_4278_p2                  |     +    |      0|  0|  12|           3|           3|
    |tmp197_fu_4258_p2                  |     +    |      0|  0|  10|           2|           2|
    |tmp198_fu_4268_p2                  |     +    |      0|  0|  10|           2|           2|
    |tmp199_fu_5076_p2                  |     +    |      0|  0|  13|           4|           4|
    |tmp200_fu_4304_p2                  |     +    |      0|  0|  12|           3|           3|
    |tmp201_fu_4284_p2                  |     +    |      0|  0|  10|           2|           2|
    |tmp202_fu_4294_p2                  |     +    |      0|  0|  10|           2|           2|
    |tmp203_fu_4330_p2                  |     +    |      0|  0|  12|           3|           3|
    |tmp204_fu_4310_p2                  |     +    |      0|  0|  10|           2|           2|
    |tmp205_fu_4320_p2                  |     +    |      0|  0|  10|           2|           2|
    |tmp206_fu_5114_p2                  |     +    |      0|  0|  15|           5|           5|
    |tmp207_fu_5088_p2                  |     +    |      0|  0|  13|           4|           4|
    |tmp208_fu_4356_p2                  |     +    |      0|  0|  12|           3|           3|
    |tmp209_fu_4336_p2                  |     +    |      0|  0|  10|           2|           2|
    |tmp210_fu_4346_p2                  |     +    |      0|  0|  10|           2|           2|
    |tmp211_fu_4382_p2                  |     +    |      0|  0|  12|           3|           3|
    |tmp212_fu_4362_p2                  |     +    |      0|  0|  10|           2|           2|
    |tmp213_fu_4372_p2                  |     +    |      0|  0|  10|           2|           2|
    |tmp214_fu_5104_p2                  |     +    |      0|  0|  13|           4|           4|
    |tmp215_fu_4408_p2                  |     +    |      0|  0|  12|           3|           3|
    |tmp216_fu_4388_p2                  |     +    |      0|  0|  10|           2|           2|
    |tmp217_fu_4398_p2                  |     +    |      0|  0|  10|           2|           2|
    |tmp218_fu_4440_p2                  |     +    |      0|  0|  12|           3|           3|
    |tmp219_fu_4414_p2                  |     +    |      0|  0|  10|           2|           2|
    |tmp220_fu_4430_p2                  |     +    |      0|  0|  16|           2|           2|
    |tmp221_fu_4424_p2                  |     +    |      0|  0|  16|           2|           2|
    |tmp284_fu_5411_p2                  |     +    |      0|  0|  16|          16|          16|
    |tmp285_fu_5402_p2                  |     +    |      0|  0|  16|          16|          16|
    |tmp286_fu_5393_p2                  |     +    |      0|  0|  16|          16|          16|
    |tmp287_fu_5384_p2                  |     +    |      0|  0|  23|          16|          16|
    |tmp288_fu_5126_p2                  |     +    |      0|  0|  10|           2|           2|
    |tmp289_fu_4553_p2                  |     +    |      0|  0|  12|           3|           3|
    |tmp290_fu_4533_p2                  |     +    |      0|  0|  10|           2|           2|
    |tmp291_fu_4543_p2                  |     +    |      0|  0|  10|           2|           2|
    |tmp292_fu_5138_p2                  |     +    |      0|  0|  13|           4|           4|
    |tmp293_fu_4579_p2                  |     +    |      0|  0|  12|           3|           3|
    |tmp294_fu_4559_p2                  |     +    |      0|  0|  10|           2|           2|
    |tmp295_fu_4569_p2                  |     +    |      0|  0|  10|           2|           2|
    |tmp296_fu_4605_p2                  |     +    |      0|  0|  12|           3|           3|
    |tmp297_fu_4585_p2                  |     +    |      0|  0|  10|           2|           2|
    |tmp298_fu_4595_p2                  |     +    |      0|  0|  10|           2|           2|
    |tmp299_fu_5176_p2                  |     +    |      0|  0|  15|           5|           5|
    |tmp300_fu_5150_p2                  |     +    |      0|  0|  13|           4|           4|
    |tmp301_fu_4631_p2                  |     +    |      0|  0|  12|           3|           3|
    |tmp302_fu_4611_p2                  |     +    |      0|  0|  10|           2|           2|
    |tmp303_fu_4621_p2                  |     +    |      0|  0|  10|           2|           2|
    |tmp304_fu_4657_p2                  |     +    |      0|  0|  12|           3|           3|
    |tmp305_fu_4637_p2                  |     +    |      0|  0|  10|           2|           2|
    |tmp306_fu_4647_p2                  |     +    |      0|  0|  10|           2|           2|
    |tmp307_fu_5166_p2                  |     +    |      0|  0|  13|           4|           4|
    |tmp308_fu_4683_p2                  |     +    |      0|  0|  12|           3|           3|
    |tmp309_fu_4663_p2                  |     +    |      0|  0|  10|           2|           2|
    |tmp310_fu_4673_p2                  |     +    |      0|  0|  10|           2|           2|
    |tmp311_fu_4715_p2                  |     +    |      0|  0|  12|           3|           3|
    |tmp312_fu_4689_p2                  |     +    |      0|  0|  10|           2|           2|
    |tmp313_fu_4705_p2                  |     +    |      0|  0|  16|           2|           2|
    |tmp314_fu_4699_p2                  |     +    |      0|  0|  16|           2|           2|
    |tmp377_fu_5456_p2                  |     +    |      0|  0|  16|          16|          16|
    |tmp378_fu_5447_p2                  |     +    |      0|  0|  16|          16|          16|
    |tmp379_fu_5438_p2                  |     +    |      0|  0|  16|          16|          16|
    |tmp380_fu_5429_p2                  |     +    |      0|  0|  23|          16|          16|
    |tmp381_fu_5188_p2                  |     +    |      0|  0|  10|           2|           2|
    |tmp382_fu_4828_p2                  |     +    |      0|  0|  12|           3|           3|
    |tmp383_fu_4808_p2                  |     +    |      0|  0|  10|           2|           2|
    |tmp384_fu_4818_p2                  |     +    |      0|  0|  10|           2|           2|
    |tmp385_fu_5200_p2                  |     +    |      0|  0|  13|           4|           4|
    |tmp386_fu_4854_p2                  |     +    |      0|  0|  12|           3|           3|
    |tmp387_fu_4834_p2                  |     +    |      0|  0|  10|           2|           2|
    |tmp388_fu_4844_p2                  |     +    |      0|  0|  10|           2|           2|
    |tmp389_fu_4880_p2                  |     +    |      0|  0|  12|           3|           3|
    |tmp390_fu_4860_p2                  |     +    |      0|  0|  10|           2|           2|
    |tmp391_fu_4870_p2                  |     +    |      0|  0|  10|           2|           2|
    |tmp392_fu_5238_p2                  |     +    |      0|  0|  15|           5|           5|
    |tmp393_fu_5212_p2                  |     +    |      0|  0|  13|           4|           4|
    |tmp394_fu_4906_p2                  |     +    |      0|  0|  12|           3|           3|
    |tmp395_fu_4886_p2                  |     +    |      0|  0|  10|           2|           2|
    |tmp396_fu_4896_p2                  |     +    |      0|  0|  10|           2|           2|
    |tmp397_fu_4932_p2                  |     +    |      0|  0|  12|           3|           3|
    |tmp398_fu_4912_p2                  |     +    |      0|  0|  10|           2|           2|
    |tmp399_fu_4922_p2                  |     +    |      0|  0|  10|           2|           2|
    |tmp400_fu_5228_p2                  |     +    |      0|  0|  13|           4|           4|
    |tmp401_fu_4958_p2                  |     +    |      0|  0|  12|           3|           3|
    |tmp402_fu_4938_p2                  |     +    |      0|  0|  10|           2|           2|
    |tmp403_fu_4948_p2                  |     +    |      0|  0|  10|           2|           2|
    |tmp404_fu_4990_p2                  |     +    |      0|  0|  12|           3|           3|
    |tmp405_fu_4964_p2                  |     +    |      0|  0|  10|           2|           2|
    |tmp406_fu_4980_p2                  |     +    |      0|  0|  16|           2|           2|
    |tmp407_fu_4974_p2                  |     +    |      0|  0|  16|           2|           2|
    |tmp98_fu_5321_p2                   |     +    |      0|  0|  16|          16|          16|
    |tmp99_fu_5312_p2                   |     +    |      0|  0|  16|          16|          16|
    |tmp_i_i_fu_610_p2                  |     +    |      0|  0|  39|          32|          32|
    |ap_block_state10_pp0_stage0_iter7  |    and   |      0|  0|   2|           1|           1|
    |ap_block_state4_pp0_stage0_iter1   |    and   |      0|  0|   2|           1|           1|
    |ap_predicate_op129_read_state4     |    and   |      0|  0|   2|           1|           1|
    |exitcond_i_i_fu_616_p2             |   icmp   |      0|  0|  18|          32|          32|
    |tmp_44_i_i_fu_650_p2               |   icmp   |      0|  0|  18|          32|           1|
    |tmp_45_i_i_fu_662_p2               |   icmp   |      0|  0|  18|          32|           6|
    |tmp_46_i_i_fu_682_p2               |   icmp   |      0|  0|  18|          32|           7|
    |tmp_i184_i_i_fu_5495_p2            |   icmp   |      0|  0|  13|          16|          16|
    |tmp_i185_i_i_fu_5499_p2            |   icmp   |      0|  0|  13|          16|          16|
    |tmp_i186_i_i_fu_5503_p2            |   icmp   |      0|  0|  13|          16|          16|
    |tmp_i_i_893_fu_630_p2              |   icmp   |      0|  0|  18|          32|           1|
    |tmp_i_i_i_fu_5491_p2               |   icmp   |      0|  0|  13|          16|          16|
    |ap_block_pp0_stage0_01001          |    or    |      0|  0|   2|           1|           1|
    |ap_block_state1                    |    or    |      0|  0|   2|           1|           1|
    |p_5_i_i_fu_1088_p3                 |  select  |      0|  0|  32|           1|           1|
    |p_accu_V_0_0_i_i_fu_5284_p3        |  select  |      0|  0|  16|           1|           1|
    |p_accu_V_0_1_i_i_fu_5277_p3        |  select  |      0|  0|  16|           1|           1|
    |p_accu_V_0_2_i_i_fu_5270_p3        |  select  |      0|  0|  16|           1|           1|
    |p_accu_V_0_3_i_i_fu_5263_p3        |  select  |      0|  0|  16|           1|           1|
    |p_i_i_fu_688_p3                    |  select  |      0|  0|  32|           1|           1|
    |ap_enable_pp0                      |    xor   |      0|  0|   2|           1|           2|
    |ap_enable_reg_pp0_iter1            |    xor   |      0|  0|   2|           2|           1|
    |tmp129_fu_1992_p2                  |    xor   |      0|  0|   2|           1|           1|
    |tmp130_fu_2012_p2                  |    xor   |      0|  0|   2|           1|           1|
    |tmp131_fu_2032_p2                  |    xor   |      0|  0|   2|           1|           1|
    |tmp132_fu_2052_p2                  |    xor   |      0|  0|   2|           1|           1|
    |tmp133_fu_2072_p2                  |    xor   |      0|  0|   2|           1|           1|
    |tmp134_fu_2092_p2                  |    xor   |      0|  0|   2|           1|           1|
    |tmp135_fu_2112_p2                  |    xor   |      0|  0|   2|           1|           1|
    |tmp136_fu_2132_p2                  |    xor   |      0|  0|   2|           1|           1|
    |tmp137_fu_2152_p2                  |    xor   |      0|  0|   2|           1|           1|
    |tmp138_fu_2172_p2                  |    xor   |      0|  0|   2|           1|           1|
    |tmp139_fu_2192_p2                  |    xor   |      0|  0|   2|           1|           1|
    |tmp140_fu_2212_p2                  |    xor   |      0|  0|   2|           1|           1|
    |tmp141_fu_2232_p2                  |    xor   |      0|  0|   2|           1|           1|
    |tmp142_fu_2252_p2                  |    xor   |      0|  0|   2|           1|           1|
    |tmp143_fu_2272_p2                  |    xor   |      0|  0|   2|           1|           1|
    |tmp144_fu_2292_p2                  |    xor   |      0|  0|   2|           1|           1|
    |tmp145_fu_2312_p2                  |    xor   |      0|  0|   2|           1|           1|
    |tmp146_fu_2332_p2                  |    xor   |      0|  0|   2|           1|           1|
    |tmp147_fu_2352_p2                  |    xor   |      0|  0|   2|           1|           1|
    |tmp148_fu_2372_p2                  |    xor   |      0|  0|   2|           1|           1|
    |tmp149_fu_2392_p2                  |    xor   |      0|  0|   2|           1|           1|
    |tmp150_fu_2412_p2                  |    xor   |      0|  0|   2|           1|           1|
    |tmp151_fu_2432_p2                  |    xor   |      0|  0|   2|           1|           1|
    |tmp152_fu_2452_p2                  |    xor   |      0|  0|   2|           1|           1|
    |tmp153_fu_2472_p2                  |    xor   |      0|  0|   2|           1|           1|
    |tmp154_fu_2492_p2                  |    xor   |      0|  0|   2|           1|           1|
    |tmp155_fu_2512_p2                  |    xor   |      0|  0|   2|           1|           1|
    |tmp156_fu_2532_p2                  |    xor   |      0|  0|   2|           1|           1|
    |tmp157_fu_2552_p2                  |    xor   |      0|  0|   2|           1|           1|
    |tmp158_fu_2572_p2                  |    xor   |      0|  0|   2|           1|           1|
    |tmp159_fu_2592_p2                  |    xor   |      0|  0|   2|           1|           1|
    |tmp190_fu_2612_p2                  |    xor   |      0|  0|   2|           1|           1|
    |tmp222_fu_2628_p2                  |    xor   |      0|  0|   2|           1|           1|
    |tmp223_fu_2648_p2                  |    xor   |      0|  0|   2|           1|           1|
    |tmp224_fu_2668_p2                  |    xor   |      0|  0|   2|           1|           1|
    |tmp225_fu_2688_p2                  |    xor   |      0|  0|   2|           1|           1|
    |tmp226_fu_2708_p2                  |    xor   |      0|  0|   2|           1|           1|
    |tmp227_fu_2728_p2                  |    xor   |      0|  0|   2|           1|           1|
    |tmp228_fu_2748_p2                  |    xor   |      0|  0|   2|           1|           1|
    |tmp229_fu_2768_p2                  |    xor   |      0|  0|   2|           1|           1|
    |tmp230_fu_2788_p2                  |    xor   |      0|  0|   2|           1|           1|
    |tmp231_fu_2808_p2                  |    xor   |      0|  0|   2|           1|           1|
    |tmp232_fu_2828_p2                  |    xor   |      0|  0|   2|           1|           1|
    |tmp233_fu_2848_p2                  |    xor   |      0|  0|   2|           1|           1|
    |tmp234_fu_2868_p2                  |    xor   |      0|  0|   2|           1|           1|
    |tmp235_fu_2888_p2                  |    xor   |      0|  0|   2|           1|           1|
    |tmp236_fu_2908_p2                  |    xor   |      0|  0|   2|           1|           1|
    |tmp237_fu_2928_p2                  |    xor   |      0|  0|   2|           1|           1|
    |tmp238_fu_2948_p2                  |    xor   |      0|  0|   2|           1|           1|
    |tmp239_fu_2968_p2                  |    xor   |      0|  0|   2|           1|           1|
    |tmp240_fu_2988_p2                  |    xor   |      0|  0|   2|           1|           1|
    |tmp241_fu_3008_p2                  |    xor   |      0|  0|   2|           1|           1|
    |tmp242_fu_3028_p2                  |    xor   |      0|  0|   2|           1|           1|
    |tmp243_fu_3048_p2                  |    xor   |      0|  0|   2|           1|           1|
    |tmp244_fu_3068_p2                  |    xor   |      0|  0|   2|           1|           1|
    |tmp245_fu_3088_p2                  |    xor   |      0|  0|   2|           1|           1|
    |tmp246_fu_3108_p2                  |    xor   |      0|  0|   2|           1|           1|
    |tmp247_fu_3128_p2                  |    xor   |      0|  0|   2|           1|           1|
    |tmp248_fu_3148_p2                  |    xor   |      0|  0|   2|           1|           1|
    |tmp249_fu_3168_p2                  |    xor   |      0|  0|   2|           1|           1|
    |tmp250_fu_3188_p2                  |    xor   |      0|  0|   2|           1|           1|
    |tmp251_fu_3208_p2                  |    xor   |      0|  0|   2|           1|           1|
    |tmp252_fu_3228_p2                  |    xor   |      0|  0|   2|           1|           1|
    |tmp283_fu_3248_p2                  |    xor   |      0|  0|   2|           1|           1|
    |tmp315_fu_3264_p2                  |    xor   |      0|  0|   2|           1|           1|
    |tmp316_fu_3284_p2                  |    xor   |      0|  0|   2|           1|           1|
    |tmp317_fu_3304_p2                  |    xor   |      0|  0|   2|           1|           1|
    |tmp318_fu_3324_p2                  |    xor   |      0|  0|   2|           1|           1|
    |tmp319_fu_3344_p2                  |    xor   |      0|  0|   2|           1|           1|
    |tmp320_fu_3364_p2                  |    xor   |      0|  0|   2|           1|           1|
    |tmp321_fu_3384_p2                  |    xor   |      0|  0|   2|           1|           1|
    |tmp322_fu_3404_p2                  |    xor   |      0|  0|   2|           1|           1|
    |tmp323_fu_3424_p2                  |    xor   |      0|  0|   2|           1|           1|
    |tmp324_fu_3444_p2                  |    xor   |      0|  0|   2|           1|           1|
    |tmp325_fu_3464_p2                  |    xor   |      0|  0|   2|           1|           1|
    |tmp326_fu_3484_p2                  |    xor   |      0|  0|   2|           1|           1|
    |tmp327_fu_3504_p2                  |    xor   |      0|  0|   2|           1|           1|
    |tmp328_fu_3524_p2                  |    xor   |      0|  0|   2|           1|           1|
    |tmp329_fu_3544_p2                  |    xor   |      0|  0|   2|           1|           1|
    |tmp330_fu_3564_p2                  |    xor   |      0|  0|   2|           1|           1|
    |tmp331_fu_3584_p2                  |    xor   |      0|  0|   2|           1|           1|
    |tmp332_fu_3604_p2                  |    xor   |      0|  0|   2|           1|           1|
    |tmp333_fu_3624_p2                  |    xor   |      0|  0|   2|           1|           1|
    |tmp334_fu_3644_p2                  |    xor   |      0|  0|   2|           1|           1|
    |tmp335_fu_3664_p2                  |    xor   |      0|  0|   2|           1|           1|
    |tmp336_fu_3684_p2                  |    xor   |      0|  0|   2|           1|           1|
    |tmp337_fu_3704_p2                  |    xor   |      0|  0|   2|           1|           1|
    |tmp338_fu_3724_p2                  |    xor   |      0|  0|   2|           1|           1|
    |tmp339_fu_3744_p2                  |    xor   |      0|  0|   2|           1|           1|
    |tmp340_fu_3764_p2                  |    xor   |      0|  0|   2|           1|           1|
    |tmp341_fu_3784_p2                  |    xor   |      0|  0|   2|           1|           1|
    |tmp342_fu_3804_p2                  |    xor   |      0|  0|   2|           1|           1|
    |tmp343_fu_3824_p2                  |    xor   |      0|  0|   2|           1|           1|
    |tmp344_fu_3844_p2                  |    xor   |      0|  0|   2|           1|           1|
    |tmp345_fu_3864_p2                  |    xor   |      0|  0|   2|           1|           1|
    |tmp376_fu_3884_p2                  |    xor   |      0|  0|   2|           1|           1|
    |tmp37_fu_1136_p2                   |    xor   |      0|  0|   2|           1|           1|
    |tmp38_fu_1164_p2                   |    xor   |      0|  0|   2|           1|           1|
    |tmp39_fu_1192_p2                   |    xor   |      0|  0|   2|           1|           1|
    |tmp40_fu_1220_p2                   |    xor   |      0|  0|   2|           1|           1|
    |tmp41_fu_1248_p2                   |    xor   |      0|  0|   2|           1|           1|
    |tmp42_fu_1276_p2                   |    xor   |      0|  0|   2|           1|           1|
    |tmp43_fu_1304_p2                   |    xor   |      0|  0|   2|           1|           1|
    |tmp44_fu_1332_p2                   |    xor   |      0|  0|   2|           1|           1|
    |tmp45_fu_1360_p2                   |    xor   |      0|  0|   2|           1|           1|
    |tmp46_fu_1388_p2                   |    xor   |      0|  0|   2|           1|           1|
    |tmp47_fu_1416_p2                   |    xor   |      0|  0|   2|           1|           1|
    |tmp48_fu_1444_p2                   |    xor   |      0|  0|   2|           1|           1|
    |tmp49_fu_1472_p2                   |    xor   |      0|  0|   2|           1|           1|
    |tmp50_fu_1500_p2                   |    xor   |      0|  0|   2|           1|           1|
    |tmp51_fu_1528_p2                   |    xor   |      0|  0|   2|           1|           1|
    |tmp52_fu_1556_p2                   |    xor   |      0|  0|   2|           1|           1|
    |tmp53_fu_1584_p2                   |    xor   |      0|  0|   2|           1|           1|
    |tmp54_fu_1612_p2                   |    xor   |      0|  0|   2|           1|           1|
    |tmp55_fu_1640_p2                   |    xor   |      0|  0|   2|           1|           1|
    |tmp56_fu_1668_p2                   |    xor   |      0|  0|   2|           1|           1|
    |tmp57_fu_1696_p2                   |    xor   |      0|  0|   2|           1|           1|
    |tmp58_fu_1724_p2                   |    xor   |      0|  0|   2|           1|           1|
    |tmp59_fu_1752_p2                   |    xor   |      0|  0|   2|           1|           1|
    |tmp60_fu_1780_p2                   |    xor   |      0|  0|   2|           1|           1|
    |tmp61_fu_1808_p2                   |    xor   |      0|  0|   2|           1|           1|
    |tmp62_fu_1836_p2                   |    xor   |      0|  0|   2|           1|           1|
    |tmp63_fu_1864_p2                   |    xor   |      0|  0|   2|           1|           1|
    |tmp64_fu_1892_p2                   |    xor   |      0|  0|   2|           1|           1|
    |tmp65_fu_1920_p2                   |    xor   |      0|  0|   2|           1|           1|
    |tmp66_fu_1948_p2                   |    xor   |      0|  0|   2|           1|           1|
    |tmp97_fu_1976_p2                   |    xor   |      0|  0|   2|           1|           1|
    |tmp_157_0_10_i_i_fu_1422_p2        |    xor   |      0|  0|   2|           1|           2|
    |tmp_157_0_11_i_i_fu_1450_p2        |    xor   |      0|  0|   2|           1|           2|
    |tmp_157_0_12_i_i_fu_1478_p2        |    xor   |      0|  0|   2|           1|           2|
    |tmp_157_0_13_i_i_fu_1506_p2        |    xor   |      0|  0|   2|           1|           2|
    |tmp_157_0_14_i_i_fu_1534_p2        |    xor   |      0|  0|   2|           1|           2|
    |tmp_157_0_15_i_i_fu_1562_p2        |    xor   |      0|  0|   2|           1|           2|
    |tmp_157_0_16_i_i_fu_1590_p2        |    xor   |      0|  0|   2|           1|           2|
    |tmp_157_0_17_i_i_fu_1618_p2        |    xor   |      0|  0|   2|           1|           2|
    |tmp_157_0_18_i_i_fu_1646_p2        |    xor   |      0|  0|   2|           1|           2|
    |tmp_157_0_19_i_i_fu_1674_p2        |    xor   |      0|  0|   2|           1|           2|
    |tmp_157_0_1_i_i_fu_1142_p2         |    xor   |      0|  0|   2|           1|           2|
    |tmp_157_0_20_i_i_fu_1702_p2        |    xor   |      0|  0|   2|           1|           2|
    |tmp_157_0_21_i_i_fu_1730_p2        |    xor   |      0|  0|   2|           1|           2|
    |tmp_157_0_22_i_i_fu_1758_p2        |    xor   |      0|  0|   2|           1|           2|
    |tmp_157_0_23_i_i_fu_1786_p2        |    xor   |      0|  0|   2|           1|           2|
    |tmp_157_0_24_i_i_fu_1814_p2        |    xor   |      0|  0|   2|           1|           2|
    |tmp_157_0_25_i_i_fu_1842_p2        |    xor   |      0|  0|   2|           1|           2|
    |tmp_157_0_26_i_i_fu_1870_p2        |    xor   |      0|  0|   2|           1|           2|
    |tmp_157_0_27_i_i_fu_1898_p2        |    xor   |      0|  0|   2|           1|           2|
    |tmp_157_0_28_i_i_fu_1926_p2        |    xor   |      0|  0|   2|           1|           2|
    |tmp_157_0_29_i_i_fu_1954_p2        |    xor   |      0|  0|   2|           1|           2|
    |tmp_157_0_2_i_i_fu_1170_p2         |    xor   |      0|  0|   2|           1|           2|
    |tmp_157_0_30_i_i_fu_1982_p2        |    xor   |      0|  0|   2|           1|           2|
    |tmp_157_0_3_i_i_fu_1198_p2         |    xor   |      0|  0|   2|           1|           2|
    |tmp_157_0_4_i_i_fu_1226_p2         |    xor   |      0|  0|   2|           1|           2|
    |tmp_157_0_5_i_i_fu_1254_p2         |    xor   |      0|  0|   2|           1|           2|
    |tmp_157_0_6_i_i_fu_1282_p2         |    xor   |      0|  0|   2|           1|           2|
    |tmp_157_0_7_i_i_fu_1310_p2         |    xor   |      0|  0|   2|           1|           2|
    |tmp_157_0_8_i_i_fu_1338_p2         |    xor   |      0|  0|   2|           1|           2|
    |tmp_157_0_9_i_i_fu_1366_p2         |    xor   |      0|  0|   2|           1|           2|
    |tmp_157_0_i_i_903_fu_1394_p2       |    xor   |      0|  0|   2|           1|           2|
    |tmp_157_0_i_i_fu_1114_p2           |    xor   |      0|  0|   2|           1|           2|
    |tmp_157_1_10_i_i_fu_2218_p2        |    xor   |      0|  0|   2|           1|           2|
    |tmp_157_1_11_i_i_fu_2238_p2        |    xor   |      0|  0|   2|           1|           2|
    |tmp_157_1_12_i_i_fu_2258_p2        |    xor   |      0|  0|   2|           1|           2|
    |tmp_157_1_13_i_i_fu_2278_p2        |    xor   |      0|  0|   2|           1|           2|
    |tmp_157_1_14_i_i_fu_2298_p2        |    xor   |      0|  0|   2|           1|           2|
    |tmp_157_1_15_i_i_fu_2318_p2        |    xor   |      0|  0|   2|           1|           2|
    |tmp_157_1_16_i_i_fu_2338_p2        |    xor   |      0|  0|   2|           1|           2|
    |tmp_157_1_17_i_i_fu_2358_p2        |    xor   |      0|  0|   2|           1|           2|
    |tmp_157_1_18_i_i_fu_2378_p2        |    xor   |      0|  0|   2|           1|           2|
    |tmp_157_1_19_i_i_fu_2398_p2        |    xor   |      0|  0|   2|           1|           2|
    |tmp_157_1_1_i_i_fu_2018_p2         |    xor   |      0|  0|   2|           1|           2|
    |tmp_157_1_20_i_i_fu_2418_p2        |    xor   |      0|  0|   2|           1|           2|
    |tmp_157_1_21_i_i_fu_2438_p2        |    xor   |      0|  0|   2|           1|           2|
    |tmp_157_1_22_i_i_fu_2458_p2        |    xor   |      0|  0|   2|           1|           2|
    |tmp_157_1_23_i_i_fu_2478_p2        |    xor   |      0|  0|   2|           1|           2|
    |tmp_157_1_24_i_i_fu_2498_p2        |    xor   |      0|  0|   2|           1|           2|
    |tmp_157_1_25_i_i_fu_2518_p2        |    xor   |      0|  0|   2|           1|           2|
    |tmp_157_1_26_i_i_fu_2538_p2        |    xor   |      0|  0|   2|           1|           2|
    |tmp_157_1_27_i_i_fu_2558_p2        |    xor   |      0|  0|   2|           1|           2|
    |tmp_157_1_28_i_i_fu_2578_p2        |    xor   |      0|  0|   2|           1|           2|
    |tmp_157_1_29_i_i_fu_2598_p2        |    xor   |      0|  0|   2|           1|           2|
    |tmp_157_1_2_i_i_fu_2038_p2         |    xor   |      0|  0|   2|           1|           2|
    |tmp_157_1_30_i_i_fu_2618_p2        |    xor   |      0|  0|   2|           1|           2|
    |tmp_157_1_3_i_i_fu_2058_p2         |    xor   |      0|  0|   2|           1|           2|
    |tmp_157_1_4_i_i_fu_2078_p2         |    xor   |      0|  0|   2|           1|           2|
    |tmp_157_1_5_i_i_fu_2098_p2         |    xor   |      0|  0|   2|           1|           2|
    |tmp_157_1_6_i_i_fu_2118_p2         |    xor   |      0|  0|   2|           1|           2|
    |tmp_157_1_7_i_i_fu_2138_p2         |    xor   |      0|  0|   2|           1|           2|
    |tmp_157_1_8_i_i_fu_2158_p2         |    xor   |      0|  0|   2|           1|           2|
    |tmp_157_1_9_i_i_fu_2178_p2         |    xor   |      0|  0|   2|           1|           2|
    |tmp_157_1_i_i_937_fu_2198_p2       |    xor   |      0|  0|   2|           1|           2|
    |tmp_157_1_i_i_fu_1998_p2           |    xor   |      0|  0|   2|           1|           2|
    |tmp_157_2_10_i_i_fu_2854_p2        |    xor   |      0|  0|   2|           1|           2|
    |tmp_157_2_11_i_i_fu_2874_p2        |    xor   |      0|  0|   2|           1|           2|
    |tmp_157_2_12_i_i_fu_2894_p2        |    xor   |      0|  0|   2|           1|           2|
    |tmp_157_2_13_i_i_fu_2914_p2        |    xor   |      0|  0|   2|           1|           2|
    |tmp_157_2_14_i_i_fu_2934_p2        |    xor   |      0|  0|   2|           1|           2|
    |tmp_157_2_15_i_i_fu_2954_p2        |    xor   |      0|  0|   2|           1|           2|
    |tmp_157_2_16_i_i_fu_2974_p2        |    xor   |      0|  0|   2|           1|           2|
    |tmp_157_2_17_i_i_fu_2994_p2        |    xor   |      0|  0|   2|           1|           2|
    |tmp_157_2_18_i_i_fu_3014_p2        |    xor   |      0|  0|   2|           1|           2|
    |tmp_157_2_19_i_i_fu_3034_p2        |    xor   |      0|  0|   2|           1|           2|
    |tmp_157_2_1_i_i_fu_2654_p2         |    xor   |      0|  0|   2|           1|           2|
    |tmp_157_2_20_i_i_fu_3054_p2        |    xor   |      0|  0|   2|           1|           2|
    |tmp_157_2_21_i_i_fu_3074_p2        |    xor   |      0|  0|   2|           1|           2|
    |tmp_157_2_22_i_i_fu_3094_p2        |    xor   |      0|  0|   2|           1|           2|
    |tmp_157_2_23_i_i_fu_3114_p2        |    xor   |      0|  0|   2|           1|           2|
    |tmp_157_2_24_i_i_fu_3134_p2        |    xor   |      0|  0|   2|           1|           2|
    |tmp_157_2_25_i_i_fu_3154_p2        |    xor   |      0|  0|   2|           1|           2|
    |tmp_157_2_26_i_i_fu_3174_p2        |    xor   |      0|  0|   2|           1|           2|
    |tmp_157_2_27_i_i_fu_3194_p2        |    xor   |      0|  0|   2|           1|           2|
    |tmp_157_2_28_i_i_fu_3214_p2        |    xor   |      0|  0|   2|           1|           2|
    |tmp_157_2_29_i_i_fu_3234_p2        |    xor   |      0|  0|   2|           1|           2|
    |tmp_157_2_2_i_i_fu_2674_p2         |    xor   |      0|  0|   2|           1|           2|
    |tmp_157_2_30_i_i_fu_3254_p2        |    xor   |      0|  0|   2|           1|           2|
    |tmp_157_2_3_i_i_fu_2694_p2         |    xor   |      0|  0|   2|           1|           2|
    |tmp_157_2_4_i_i_fu_2714_p2         |    xor   |      0|  0|   2|           1|           2|
    |tmp_157_2_5_i_i_fu_2734_p2         |    xor   |      0|  0|   2|           1|           2|
    |tmp_157_2_6_i_i_fu_2754_p2         |    xor   |      0|  0|   2|           1|           2|
    |tmp_157_2_7_i_i_fu_2774_p2         |    xor   |      0|  0|   2|           1|           2|
    |tmp_157_2_8_i_i_fu_2794_p2         |    xor   |      0|  0|   2|           1|           2|
    |tmp_157_2_9_i_i_fu_2814_p2         |    xor   |      0|  0|   2|           1|           2|
    |tmp_157_2_i_i_971_fu_2834_p2       |    xor   |      0|  0|   2|           1|           2|
    |tmp_157_2_i_i_fu_2634_p2           |    xor   |      0|  0|   2|           1|           2|
    |tmp_157_3_10_i_i_fu_3490_p2        |    xor   |      0|  0|   2|           1|           2|
    |tmp_157_3_11_i_i_fu_3510_p2        |    xor   |      0|  0|   2|           1|           2|
    |tmp_157_3_12_i_i_fu_3530_p2        |    xor   |      0|  0|   2|           1|           2|
    |tmp_157_3_13_i_i_fu_3550_p2        |    xor   |      0|  0|   2|           1|           2|
    |tmp_157_3_14_i_i_fu_3570_p2        |    xor   |      0|  0|   2|           1|           2|
    |tmp_157_3_15_i_i_fu_3590_p2        |    xor   |      0|  0|   2|           1|           2|
    |tmp_157_3_16_i_i_fu_3610_p2        |    xor   |      0|  0|   2|           1|           2|
    |tmp_157_3_17_i_i_fu_3630_p2        |    xor   |      0|  0|   2|           1|           2|
    |tmp_157_3_18_i_i_fu_3650_p2        |    xor   |      0|  0|   2|           1|           2|
    |tmp_157_3_19_i_i_fu_3670_p2        |    xor   |      0|  0|   2|           1|           2|
    |tmp_157_3_1_i_i_fu_3290_p2         |    xor   |      0|  0|   2|           1|           2|
    |tmp_157_3_20_i_i_fu_3690_p2        |    xor   |      0|  0|   2|           1|           2|
    |tmp_157_3_21_i_i_fu_3710_p2        |    xor   |      0|  0|   2|           1|           2|
    |tmp_157_3_22_i_i_fu_3730_p2        |    xor   |      0|  0|   2|           1|           2|
    |tmp_157_3_23_i_i_fu_3750_p2        |    xor   |      0|  0|   2|           1|           2|
    |tmp_157_3_24_i_i_fu_3770_p2        |    xor   |      0|  0|   2|           1|           2|
    |tmp_157_3_25_i_i_fu_3790_p2        |    xor   |      0|  0|   2|           1|           2|
    |tmp_157_3_26_i_i_fu_3810_p2        |    xor   |      0|  0|   2|           1|           2|
    |tmp_157_3_27_i_i_fu_3830_p2        |    xor   |      0|  0|   2|           1|           2|
    |tmp_157_3_28_i_i_fu_3850_p2        |    xor   |      0|  0|   2|           1|           2|
    |tmp_157_3_29_i_i_fu_3870_p2        |    xor   |      0|  0|   2|           1|           2|
    |tmp_157_3_2_i_i_fu_3310_p2         |    xor   |      0|  0|   2|           1|           2|
    |tmp_157_3_30_i_i_fu_3890_p2        |    xor   |      0|  0|   2|           1|           2|
    |tmp_157_3_3_i_i_fu_3330_p2         |    xor   |      0|  0|   2|           1|           2|
    |tmp_157_3_4_i_i_fu_3350_p2         |    xor   |      0|  0|   2|           1|           2|
    |tmp_157_3_5_i_i_fu_3370_p2         |    xor   |      0|  0|   2|           1|           2|
    |tmp_157_3_6_i_i_fu_3390_p2         |    xor   |      0|  0|   2|           1|           2|
    |tmp_157_3_7_i_i_fu_3410_p2         |    xor   |      0|  0|   2|           1|           2|
    |tmp_157_3_8_i_i_fu_3430_p2         |    xor   |      0|  0|   2|           1|           2|
    |tmp_157_3_9_i_i_fu_3450_p2         |    xor   |      0|  0|   2|           1|           2|
    |tmp_157_3_i_i_1005_fu_3470_p2      |    xor   |      0|  0|   2|           1|           2|
    |tmp_157_3_i_i_fu_3270_p2           |    xor   |      0|  0|   2|           1|           2|
    |tmp_fu_1108_p2                     |    xor   |      0|  0|   2|           1|           1|
    +-----------------------------------+----------+-------+---+----+------------+------------+
    |Total                              |          |      0|  0|2579|        1192|        1207|
    +-----------------------------------+----------+-------+---+----+------------+------------+

    * Multiplexer: 
    +------------------------------------------+----+-----------+-----+-----------+
    |                   Name                   | LUT| Input Size| Bits| Total Bits|
    +------------------------------------------+----+-----------+-----+-----------+
    |ap_NS_fsm                                 |  27|          5|    1|          5|
    |ap_done                                   |   9|          2|    1|          2|
    |ap_enable_reg_pp0_iter1                   |   9|          2|    1|          2|
    |ap_enable_reg_pp0_iter7                   |   9|          2|    1|          2|
    |ap_phi_mux_act_m_val_V_phi_fu_509_p74     |   9|          2|   32|         64|
    |ap_phi_reg_pp0_iter2_act_m_val_V_reg_506  |   9|          2|   32|         64|
    |i_i_i_reg_495                             |   9|          2|   32|         64|
    |in_V_V_blk_n                              |   9|          2|    1|          2|
    |nf_assign_fu_368                          |   9|          2|   32|         64|
    |out_V_V_blk_n                             |   9|          2|    1|          2|
    |real_start                                |   9|          2|    1|          2|
    |sf_2_fu_220                               |   9|          2|   32|         64|
    |tile_assign_fu_216                        |  15|          3|   32|         96|
    |tmp_71_loc_blk_n                          |   9|          2|    1|          2|
    +------------------------------------------+----+-----------+-----+-----------+
    |Total                                     | 150|         32|  200|        435|
    +------------------------------------------+----+-----------+-----+-----------+

    * Register: 
    +------------------------------------------+----+----+-----+-----------+
    |                   Name                   | FF | LUT| Bits| Const Bits|
    +------------------------------------------+----+----+-----+-----------+
    |accu_0_0_V_reg_6760                       |  16|   0|   16|          0|
    |accu_0_1_V_reg_6765                       |  16|   0|   16|          0|
    |accu_0_2_V_reg_6770                       |  16|   0|   16|          0|
    |accu_0_3_V_reg_6775                       |  16|   0|   16|          0|
    |accu_V_0_0_i_i_fu_200                     |  16|   0|   16|          0|
    |accu_V_0_1_i_i_fu_204                     |  16|   0|   16|          0|
    |accu_V_0_2_i_i_fu_208                     |  16|   0|   16|          0|
    |accu_V_0_3_i_i_fu_212                     |  16|   0|   16|          0|
    |ap_CS_fsm                                 |   4|   0|    4|          0|
    |ap_done_reg                               |   1|   0|    1|          0|
    |ap_enable_reg_pp0_iter0                   |   1|   0|    1|          0|
    |ap_enable_reg_pp0_iter1                   |   1|   0|    1|          0|
    |ap_enable_reg_pp0_iter2                   |   1|   0|    1|          0|
    |ap_enable_reg_pp0_iter3                   |   1|   0|    1|          0|
    |ap_enable_reg_pp0_iter4                   |   1|   0|    1|          0|
    |ap_enable_reg_pp0_iter5                   |   1|   0|    1|          0|
    |ap_enable_reg_pp0_iter6                   |   1|   0|    1|          0|
    |ap_enable_reg_pp0_iter7                   |   1|   0|    1|          0|
    |ap_phi_reg_pp0_iter1_act_m_val_V_reg_506  |  32|   0|   32|          0|
    |ap_phi_reg_pp0_iter2_act_m_val_V_reg_506  |  32|   0|   32|          0|
    |exitcond_i_i_reg_5791                     |   1|   0|    1|          0|
    |i_i_i_reg_495                             |  32|   0|   32|          0|
    |inElem_V_2_reg_5835                       |  32|   0|   32|          0|
    |nf_assign_fu_368                          |  32|   0|   32|          0|
    |nf_assign_load_reg_5825                   |  32|   0|   32|          0|
    |sf_2_fu_220                               |  32|   0|   32|          0|
    |start_once_reg                            |   1|   0|    1|          0|
    |threshs4_m_threshold_11_reg_6795          |  16|   0|   16|          0|
    |threshs4_m_threshold_5_reg_6780           |  16|   0|   16|          0|
    |threshs4_m_threshold_7_reg_6785           |  16|   0|   16|          0|
    |threshs4_m_threshold_9_reg_6790           |  16|   0|   16|          0|
    |tile_assign_fu_216                        |  32|   0|   32|          0|
    |tmp102_reg_6680                           |   2|   0|    2|          0|
    |tmp103_reg_6540                           |   3|   0|    3|          0|
    |tmp103_reg_6540_pp0_iter4_reg             |   3|   0|    3|          0|
    |tmp106_reg_6685                           |   4|   0|    4|          0|
    |tmp107_reg_6545                           |   3|   0|    3|          0|
    |tmp110_reg_6550                           |   3|   0|    3|          0|
    |tmp113_reg_6690                           |   5|   0|    5|          0|
    |tmp115_reg_6555                           |   3|   0|    3|          0|
    |tmp118_reg_6560                           |   3|   0|    3|          0|
    |tmp122_reg_6565                           |   3|   0|    3|          0|
    |tmp125_reg_6570                           |   3|   0|    3|          0|
    |tmp195_reg_6695                           |   2|   0|    2|          0|
    |tmp196_reg_6575                           |   3|   0|    3|          0|
    |tmp196_reg_6575_pp0_iter4_reg             |   3|   0|    3|          0|
    |tmp199_reg_6700                           |   4|   0|    4|          0|
    |tmp200_reg_6580                           |   3|   0|    3|          0|
    |tmp203_reg_6585                           |   3|   0|    3|          0|
    |tmp206_reg_6705                           |   5|   0|    5|          0|
    |tmp208_reg_6590                           |   3|   0|    3|          0|
    |tmp211_reg_6595                           |   3|   0|    3|          0|
    |tmp215_reg_6600                           |   3|   0|    3|          0|
    |tmp218_reg_6605                           |   3|   0|    3|          0|
    |tmp288_reg_6710                           |   2|   0|    2|          0|
    |tmp289_reg_6610                           |   3|   0|    3|          0|
    |tmp289_reg_6610_pp0_iter4_reg             |   3|   0|    3|          0|
    |tmp292_reg_6715                           |   4|   0|    4|          0|
    |tmp293_reg_6615                           |   3|   0|    3|          0|
    |tmp296_reg_6620                           |   3|   0|    3|          0|
    |tmp299_reg_6720                           |   5|   0|    5|          0|
    |tmp301_reg_6625                           |   3|   0|    3|          0|
    |tmp304_reg_6630                           |   3|   0|    3|          0|
    |tmp308_reg_6635                           |   3|   0|    3|          0|
    |tmp311_reg_6640                           |   3|   0|    3|          0|
    |tmp381_reg_6725                           |   2|   0|    2|          0|
    |tmp382_reg_6645                           |   3|   0|    3|          0|
    |tmp382_reg_6645_pp0_iter4_reg             |   3|   0|    3|          0|
    |tmp385_reg_6730                           |   4|   0|    4|          0|
    |tmp386_reg_6650                           |   3|   0|    3|          0|
    |tmp389_reg_6655                           |   3|   0|    3|          0|
    |tmp392_reg_6735                           |   5|   0|    5|          0|
    |tmp394_reg_6660                           |   3|   0|    3|          0|
    |tmp397_reg_6665                           |   3|   0|    3|          0|
    |tmp401_reg_6670                           |   3|   0|    3|          0|
    |tmp404_reg_6675                           |   3|   0|    3|          0|
    |tmp_1024_reg_5809                         |   6|   0|    6|          0|
    |tmp_1025_reg_5804                         |   6|   0|    6|          0|
    |tmp_157_0_10_i_i_reg_5955                 |   1|   0|    1|          0|
    |tmp_157_0_11_i_i_reg_5960                 |   1|   0|    1|          0|
    |tmp_157_0_12_i_i_reg_5965                 |   1|   0|    1|          0|
    |tmp_157_0_13_i_i_reg_5970                 |   1|   0|    1|          0|
    |tmp_157_0_14_i_i_reg_5975                 |   1|   0|    1|          0|
    |tmp_157_0_15_i_i_reg_5980                 |   1|   0|    1|          0|
    |tmp_157_0_16_i_i_reg_5985                 |   1|   0|    1|          0|
    |tmp_157_0_17_i_i_reg_5990                 |   1|   0|    1|          0|
    |tmp_157_0_18_i_i_reg_5995                 |   1|   0|    1|          0|
    |tmp_157_0_19_i_i_reg_6000                 |   1|   0|    1|          0|
    |tmp_157_0_1_i_i_reg_5905                  |   1|   0|    1|          0|
    |tmp_157_0_20_i_i_reg_6005                 |   1|   0|    1|          0|
    |tmp_157_0_21_i_i_reg_6010                 |   1|   0|    1|          0|
    |tmp_157_0_22_i_i_reg_6015                 |   1|   0|    1|          0|
    |tmp_157_0_23_i_i_reg_6020                 |   1|   0|    1|          0|
    |tmp_157_0_24_i_i_reg_6025                 |   1|   0|    1|          0|
    |tmp_157_0_25_i_i_reg_6030                 |   1|   0|    1|          0|
    |tmp_157_0_26_i_i_reg_6035                 |   1|   0|    1|          0|
    |tmp_157_0_27_i_i_reg_6040                 |   1|   0|    1|          0|
    |tmp_157_0_27_i_i_reg_6040_pp0_iter3_reg   |   1|   0|    1|          0|
    |tmp_157_0_28_i_i_reg_6045                 |   1|   0|    1|          0|
    |tmp_157_0_29_i_i_reg_6050                 |   1|   0|    1|          0|
    |tmp_157_0_29_i_i_reg_6050_pp0_iter3_reg   |   1|   0|    1|          0|
    |tmp_157_0_2_i_i_reg_5910                  |   1|   0|    1|          0|
    |tmp_157_0_30_i_i_reg_6055                 |   1|   0|    1|          0|
    |tmp_157_0_3_i_i_reg_5915                  |   1|   0|    1|          0|
    |tmp_157_0_4_i_i_reg_5920                  |   1|   0|    1|          0|
    |tmp_157_0_5_i_i_reg_5925                  |   1|   0|    1|          0|
    |tmp_157_0_6_i_i_reg_5930                  |   1|   0|    1|          0|
    |tmp_157_0_7_i_i_reg_5935                  |   1|   0|    1|          0|
    |tmp_157_0_8_i_i_reg_5940                  |   1|   0|    1|          0|
    |tmp_157_0_9_i_i_reg_5945                  |   1|   0|    1|          0|
    |tmp_157_0_i_i_903_reg_5950                |   1|   0|    1|          0|
    |tmp_157_0_i_i_reg_5900                    |   1|   0|    1|          0|
    |tmp_157_1_10_i_i_reg_6115                 |   1|   0|    1|          0|
    |tmp_157_1_11_i_i_reg_6120                 |   1|   0|    1|          0|
    |tmp_157_1_12_i_i_reg_6125                 |   1|   0|    1|          0|
    |tmp_157_1_13_i_i_reg_6130                 |   1|   0|    1|          0|
    |tmp_157_1_14_i_i_reg_6135                 |   1|   0|    1|          0|
    |tmp_157_1_15_i_i_reg_6140                 |   1|   0|    1|          0|
    |tmp_157_1_16_i_i_reg_6145                 |   1|   0|    1|          0|
    |tmp_157_1_17_i_i_reg_6150                 |   1|   0|    1|          0|
    |tmp_157_1_18_i_i_reg_6155                 |   1|   0|    1|          0|
    |tmp_157_1_19_i_i_reg_6160                 |   1|   0|    1|          0|
    |tmp_157_1_1_i_i_reg_6065                  |   1|   0|    1|          0|
    |tmp_157_1_20_i_i_reg_6165                 |   1|   0|    1|          0|
    |tmp_157_1_21_i_i_reg_6170                 |   1|   0|    1|          0|
    |tmp_157_1_22_i_i_reg_6175                 |   1|   0|    1|          0|
    |tmp_157_1_23_i_i_reg_6180                 |   1|   0|    1|          0|
    |tmp_157_1_24_i_i_reg_6185                 |   1|   0|    1|          0|
    |tmp_157_1_25_i_i_reg_6190                 |   1|   0|    1|          0|
    |tmp_157_1_26_i_i_reg_6195                 |   1|   0|    1|          0|
    |tmp_157_1_27_i_i_reg_6200                 |   1|   0|    1|          0|
    |tmp_157_1_27_i_i_reg_6200_pp0_iter3_reg   |   1|   0|    1|          0|
    |tmp_157_1_28_i_i_reg_6205                 |   1|   0|    1|          0|
    |tmp_157_1_29_i_i_reg_6210                 |   1|   0|    1|          0|
    |tmp_157_1_29_i_i_reg_6210_pp0_iter3_reg   |   1|   0|    1|          0|
    |tmp_157_1_2_i_i_reg_6070                  |   1|   0|    1|          0|
    |tmp_157_1_30_i_i_reg_6215                 |   1|   0|    1|          0|
    |tmp_157_1_3_i_i_reg_6075                  |   1|   0|    1|          0|
    |tmp_157_1_4_i_i_reg_6080                  |   1|   0|    1|          0|
    |tmp_157_1_5_i_i_reg_6085                  |   1|   0|    1|          0|
    |tmp_157_1_6_i_i_reg_6090                  |   1|   0|    1|          0|
    |tmp_157_1_7_i_i_reg_6095                  |   1|   0|    1|          0|
    |tmp_157_1_8_i_i_reg_6100                  |   1|   0|    1|          0|
    |tmp_157_1_9_i_i_reg_6105                  |   1|   0|    1|          0|
    |tmp_157_1_i_i_937_reg_6110                |   1|   0|    1|          0|
    |tmp_157_1_i_i_reg_6060                    |   1|   0|    1|          0|
    |tmp_157_2_10_i_i_reg_6275                 |   1|   0|    1|          0|
    |tmp_157_2_11_i_i_reg_6280                 |   1|   0|    1|          0|
    |tmp_157_2_12_i_i_reg_6285                 |   1|   0|    1|          0|
    |tmp_157_2_13_i_i_reg_6290                 |   1|   0|    1|          0|
    |tmp_157_2_14_i_i_reg_6295                 |   1|   0|    1|          0|
    |tmp_157_2_15_i_i_reg_6300                 |   1|   0|    1|          0|
    |tmp_157_2_16_i_i_reg_6305                 |   1|   0|    1|          0|
    |tmp_157_2_17_i_i_reg_6310                 |   1|   0|    1|          0|
    |tmp_157_2_18_i_i_reg_6315                 |   1|   0|    1|          0|
    |tmp_157_2_19_i_i_reg_6320                 |   1|   0|    1|          0|
    |tmp_157_2_1_i_i_reg_6225                  |   1|   0|    1|          0|
    |tmp_157_2_20_i_i_reg_6325                 |   1|   0|    1|          0|
    |tmp_157_2_21_i_i_reg_6330                 |   1|   0|    1|          0|
    |tmp_157_2_22_i_i_reg_6335                 |   1|   0|    1|          0|
    |tmp_157_2_23_i_i_reg_6340                 |   1|   0|    1|          0|
    |tmp_157_2_24_i_i_reg_6345                 |   1|   0|    1|          0|
    |tmp_157_2_25_i_i_reg_6350                 |   1|   0|    1|          0|
    |tmp_157_2_26_i_i_reg_6355                 |   1|   0|    1|          0|
    |tmp_157_2_27_i_i_reg_6360                 |   1|   0|    1|          0|
    |tmp_157_2_27_i_i_reg_6360_pp0_iter3_reg   |   1|   0|    1|          0|
    |tmp_157_2_28_i_i_reg_6365                 |   1|   0|    1|          0|
    |tmp_157_2_29_i_i_reg_6370                 |   1|   0|    1|          0|
    |tmp_157_2_29_i_i_reg_6370_pp0_iter3_reg   |   1|   0|    1|          0|
    |tmp_157_2_2_i_i_reg_6230                  |   1|   0|    1|          0|
    |tmp_157_2_30_i_i_reg_6375                 |   1|   0|    1|          0|
    |tmp_157_2_3_i_i_reg_6235                  |   1|   0|    1|          0|
    |tmp_157_2_4_i_i_reg_6240                  |   1|   0|    1|          0|
    |tmp_157_2_5_i_i_reg_6245                  |   1|   0|    1|          0|
    |tmp_157_2_6_i_i_reg_6250                  |   1|   0|    1|          0|
    |tmp_157_2_7_i_i_reg_6255                  |   1|   0|    1|          0|
    |tmp_157_2_8_i_i_reg_6260                  |   1|   0|    1|          0|
    |tmp_157_2_9_i_i_reg_6265                  |   1|   0|    1|          0|
    |tmp_157_2_i_i_971_reg_6270                |   1|   0|    1|          0|
    |tmp_157_2_i_i_reg_6220                    |   1|   0|    1|          0|
    |tmp_157_3_10_i_i_reg_6435                 |   1|   0|    1|          0|
    |tmp_157_3_11_i_i_reg_6440                 |   1|   0|    1|          0|
    |tmp_157_3_12_i_i_reg_6445                 |   1|   0|    1|          0|
    |tmp_157_3_13_i_i_reg_6450                 |   1|   0|    1|          0|
    |tmp_157_3_14_i_i_reg_6455                 |   1|   0|    1|          0|
    |tmp_157_3_15_i_i_reg_6460                 |   1|   0|    1|          0|
    |tmp_157_3_16_i_i_reg_6465                 |   1|   0|    1|          0|
    |tmp_157_3_17_i_i_reg_6470                 |   1|   0|    1|          0|
    |tmp_157_3_18_i_i_reg_6475                 |   1|   0|    1|          0|
    |tmp_157_3_19_i_i_reg_6480                 |   1|   0|    1|          0|
    |tmp_157_3_1_i_i_reg_6385                  |   1|   0|    1|          0|
    |tmp_157_3_20_i_i_reg_6485                 |   1|   0|    1|          0|
    |tmp_157_3_21_i_i_reg_6490                 |   1|   0|    1|          0|
    |tmp_157_3_22_i_i_reg_6495                 |   1|   0|    1|          0|
    |tmp_157_3_23_i_i_reg_6500                 |   1|   0|    1|          0|
    |tmp_157_3_24_i_i_reg_6505                 |   1|   0|    1|          0|
    |tmp_157_3_25_i_i_reg_6510                 |   1|   0|    1|          0|
    |tmp_157_3_26_i_i_reg_6515                 |   1|   0|    1|          0|
    |tmp_157_3_27_i_i_reg_6520                 |   1|   0|    1|          0|
    |tmp_157_3_27_i_i_reg_6520_pp0_iter3_reg   |   1|   0|    1|          0|
    |tmp_157_3_28_i_i_reg_6525                 |   1|   0|    1|          0|
    |tmp_157_3_29_i_i_reg_6530                 |   1|   0|    1|          0|
    |tmp_157_3_29_i_i_reg_6530_pp0_iter3_reg   |   1|   0|    1|          0|
    |tmp_157_3_2_i_i_reg_6390                  |   1|   0|    1|          0|
    |tmp_157_3_30_i_i_reg_6535                 |   1|   0|    1|          0|
    |tmp_157_3_3_i_i_reg_6395                  |   1|   0|    1|          0|
    |tmp_157_3_4_i_i_reg_6400                  |   1|   0|    1|          0|
    |tmp_157_3_5_i_i_reg_6405                  |   1|   0|    1|          0|
    |tmp_157_3_6_i_i_reg_6410                  |   1|   0|    1|          0|
    |tmp_157_3_7_i_i_reg_6415                  |   1|   0|    1|          0|
    |tmp_157_3_8_i_i_reg_6420                  |   1|   0|    1|          0|
    |tmp_157_3_9_i_i_reg_6425                  |   1|   0|    1|          0|
    |tmp_157_3_i_i_1005_reg_6430               |   1|   0|    1|          0|
    |tmp_157_3_i_i_reg_6380                    |   1|   0|    1|          0|
    |tmp_44_i_i_reg_5813                       |   1|   0|    1|          0|
    |tmp_45_i_i_reg_5821                       |   1|   0|    1|          0|
    |tmp_46_i_i_reg_5830                       |   1|   0|    1|          0|
    |tmp_71_loc_read_reg_5780                  |  32|   0|   32|          0|
    |tmp_V_63_fu_228                           |  32|   0|   32|          0|
    |tmp_V_64_fu_232                           |  32|   0|   32|          0|
    |tmp_V_65_fu_236                           |  32|   0|   32|          0|
    |tmp_V_66_fu_240                           |  32|   0|   32|          0|
    |tmp_V_67_fu_244                           |  32|   0|   32|          0|
    |tmp_V_68_fu_248                           |  32|   0|   32|          0|
    |tmp_V_69_fu_252                           |  32|   0|   32|          0|
    |tmp_V_70_fu_256                           |  32|   0|   32|          0|
    |tmp_V_71_fu_260                           |  32|   0|   32|          0|
    |tmp_V_72_fu_264                           |  32|   0|   32|          0|
    |tmp_V_73_fu_268                           |  32|   0|   32|          0|
    |tmp_V_74_fu_272                           |  32|   0|   32|          0|
    |tmp_V_75_fu_276                           |  32|   0|   32|          0|
    |tmp_V_76_fu_280                           |  32|   0|   32|          0|
    |tmp_V_77_fu_284                           |  32|   0|   32|          0|
    |tmp_V_78_fu_288                           |  32|   0|   32|          0|
    |tmp_V_79_fu_292                           |  32|   0|   32|          0|
    |tmp_V_80_fu_296                           |  32|   0|   32|          0|
    |tmp_V_81_fu_300                           |  32|   0|   32|          0|
    |tmp_V_82_fu_304                           |  32|   0|   32|          0|
    |tmp_V_83_fu_308                           |  32|   0|   32|          0|
    |tmp_V_84_fu_312                           |  32|   0|   32|          0|
    |tmp_V_85_fu_316                           |  32|   0|   32|          0|
    |tmp_V_86_fu_320                           |  32|   0|   32|          0|
    |tmp_V_87_fu_324                           |  32|   0|   32|          0|
    |tmp_V_88_fu_328                           |  32|   0|   32|          0|
    |tmp_V_89_fu_332                           |  32|   0|   32|          0|
    |tmp_V_90_fu_336                           |  32|   0|   32|          0|
    |tmp_V_91_fu_340                           |  32|   0|   32|          0|
    |tmp_V_92_fu_344                           |  32|   0|   32|          0|
    |tmp_V_93_fu_348                           |  32|   0|   32|          0|
    |tmp_V_94_fu_352                           |  32|   0|   32|          0|
    |tmp_V_95_fu_356                           |  32|   0|   32|          0|
    |tmp_V_96_fu_360                           |  32|   0|   32|          0|
    |tmp_V_97_fu_364                           |  32|   0|   32|          0|
    |tmp_V_fu_224                              |  32|   0|   32|          0|
    |tmp_i184_i_i_reg_6805                     |   1|   0|    1|          0|
    |tmp_i185_i_i_reg_6810                     |   1|   0|    1|          0|
    |tmp_i186_i_i_reg_6815                     |   1|   0|    1|          0|
    |tmp_i_i_893_reg_5800                      |   1|   0|    1|          0|
    |tmp_i_i_i_reg_6800                        |   1|   0|    1|          0|
    |tmp_i_i_reg_5786                          |  24|   0|   32|          8|
    |exitcond_i_i_reg_5791                     |  64|  32|    1|          0|
    |nf_assign_load_reg_5825                   |  64|  32|   32|          0|
    |tmp_157_0_28_i_i_reg_6045                 |  64|  32|    1|          0|
    |tmp_157_1_28_i_i_reg_6205                 |  64|  32|    1|          0|
    |tmp_157_2_28_i_i_reg_6365                 |  64|  32|    1|          0|
    |tmp_157_3_28_i_i_reg_6525                 |  64|  32|    1|          0|
    |tmp_44_i_i_reg_5813                       |  64|  32|    1|          0|
    |tmp_45_i_i_reg_5821                       |  64|  32|    1|          0|
    |tmp_i_i_893_reg_5800                      |  64|  32|    1|          0|
    +------------------------------------------+----+----+-----+-----------+
    |Total                                     |2543| 288| 2015|          8|
    +------------------------------------------+----+----+-----+-----------+



================================================================
== Interface
================================================================
* Summary: 
+---------------------------------+-----+-----+------------+------------------------+--------------+
|            RTL Ports            | Dir | Bits|  Protocol  |      Source Object     |    C Type    |
+---------------------------------+-----+-----+------------+------------------------+--------------+
|ap_clk                           |  in |    1| ap_ctrl_hs | Matrix_Vector_Activa.7 | return value |
|ap_rst                           |  in |    1| ap_ctrl_hs | Matrix_Vector_Activa.7 | return value |
|ap_start                         |  in |    1| ap_ctrl_hs | Matrix_Vector_Activa.7 | return value |
|start_full_n                     |  in |    1| ap_ctrl_hs | Matrix_Vector_Activa.7 | return value |
|ap_done                          | out |    1| ap_ctrl_hs | Matrix_Vector_Activa.7 | return value |
|ap_continue                      |  in |    1| ap_ctrl_hs | Matrix_Vector_Activa.7 | return value |
|ap_idle                          | out |    1| ap_ctrl_hs | Matrix_Vector_Activa.7 | return value |
|ap_ready                         | out |    1| ap_ctrl_hs | Matrix_Vector_Activa.7 | return value |
|start_out                        | out |    1| ap_ctrl_hs | Matrix_Vector_Activa.7 | return value |
|start_write                      | out |    1| ap_ctrl_hs | Matrix_Vector_Activa.7 | return value |
|in_V_V_dout                      |  in |   32|   ap_fifo  |         in_V_V         |    pointer   |
|in_V_V_empty_n                   |  in |    1|   ap_fifo  |         in_V_V         |    pointer   |
|in_V_V_read                      | out |    1|   ap_fifo  |         in_V_V         |    pointer   |
|out_V_V_din                      | out |    4|   ap_fifo  |         out_V_V        |    pointer   |
|out_V_V_full_n                   |  in |    1|   ap_fifo  |         out_V_V        |    pointer   |
|out_V_V_write                    | out |    1|   ap_fifo  |         out_V_V        |    pointer   |
|tmp_71_loc_dout                  |  in |   32|   ap_fifo  |       tmp_71_loc       |    pointer   |
|tmp_71_loc_empty_n               |  in |    1|   ap_fifo  |       tmp_71_loc       |    pointer   |
|tmp_71_loc_read                  | out |    1|   ap_fifo  |       tmp_71_loc       |    pointer   |
|weights4_m_weights_V_address0    | out |   12|  ap_memory |  weights4_m_weights_V  |     array    |
|weights4_m_weights_V_ce0         | out |    1|  ap_memory |  weights4_m_weights_V  |     array    |
|weights4_m_weights_V_q0          |  in |   32|  ap_memory |  weights4_m_weights_V  |     array    |
|weights4_m_weights_V_1_address0  | out |   12|  ap_memory | weights4_m_weights_V_1 |     array    |
|weights4_m_weights_V_1_ce0       | out |    1|  ap_memory | weights4_m_weights_V_1 |     array    |
|weights4_m_weights_V_1_q0        |  in |   32|  ap_memory | weights4_m_weights_V_1 |     array    |
|weights4_m_weights_V_2_address0  | out |   12|  ap_memory | weights4_m_weights_V_2 |     array    |
|weights4_m_weights_V_2_ce0       | out |    1|  ap_memory | weights4_m_weights_V_2 |     array    |
|weights4_m_weights_V_2_q0        |  in |   32|  ap_memory | weights4_m_weights_V_2 |     array    |
|weights4_m_weights_V_3_address0  | out |   12|  ap_memory | weights4_m_weights_V_3 |     array    |
|weights4_m_weights_V_3_ce0       | out |    1|  ap_memory | weights4_m_weights_V_3 |     array    |
|weights4_m_weights_V_3_q0        |  in |   32|  ap_memory | weights4_m_weights_V_3 |     array    |
|threshs4_m_threshold_3_address0  | out |    6|  ap_memory | threshs4_m_threshold_3 |     array    |
|threshs4_m_threshold_3_ce0       | out |    1|  ap_memory | threshs4_m_threshold_3 |     array    |
|threshs4_m_threshold_3_q0        |  in |   16|  ap_memory | threshs4_m_threshold_3 |     array    |
|threshs4_m_threshold_2_address0  | out |    6|  ap_memory | threshs4_m_threshold_2 |     array    |
|threshs4_m_threshold_2_ce0       | out |    1|  ap_memory | threshs4_m_threshold_2 |     array    |
|threshs4_m_threshold_2_q0        |  in |   16|  ap_memory | threshs4_m_threshold_2 |     array    |
|threshs4_m_threshold_1_address0  | out |    6|  ap_memory | threshs4_m_threshold_1 |     array    |
|threshs4_m_threshold_1_ce0       | out |    1|  ap_memory | threshs4_m_threshold_1 |     array    |
|threshs4_m_threshold_1_q0        |  in |   16|  ap_memory | threshs4_m_threshold_1 |     array    |
|threshs4_m_threshold_address0    | out |    6|  ap_memory |  threshs4_m_threshold  |     array    |
|threshs4_m_threshold_ce0         | out |    1|  ap_memory |  threshs4_m_threshold  |     array    |
|threshs4_m_threshold_q0          |  in |   16|  ap_memory |  threshs4_m_threshold  |     array    |
+---------------------------------+-----+-----+------------+------------------------+--------------+

