

================================================================
== Vivado HLS Report for 'StreamingDataWidthCo_3'
================================================================
* Date:           Mon Mar  1 13:14:13 2021

* Version:        2018.2 (Build 2258646 on Thu Jun 14 20:25:20 MDT 2018)
* Project:        cnvW1A1-pynqZ1-Z2
* Solution:       sol1
* Product family: zynq
* Target device:  xc7z020clg400-1


================================================================
== Performance Estimates
================================================================
+ Timing (ns): 
    * Summary: 
    +--------+-------+----------+------------+
    |  Clock | Target| Estimated| Uncertainty|
    +--------+-------+----------+------------+
    |ap_clk  |   5.00|     5.723|        0.62|
    +--------+-------+----------+------------+

+ Latency (clock cycles): 
    * Summary: 
    +-----+-----+-----+-----+---------+
    |  Latency  |  Interval | Pipeline|
    | min | max | min | max |   Type  |
    +-----+-----+-----+-----+---------+
    |    ?|    ?|    ?|    ?|   none  |
    +-----+-----+-----+-----+---------+

    + Detail: 
        * Instance: 
        N/A

        * Loop: 
        +----------+-----+-----+----------+-----------+-----------+------+----------+
        |          |  Latency  | Iteration|  Initiation Interval  | Trip |          |
        | Loop Name| min | max |  Latency |  achieved |   target  | Count| Pipelined|
        +----------+-----+-----+----------+-----------+-----------+------+----------+
        |- Loop 1  |    ?|    ?|         3|          1|          1|     ?|    yes   |
        +----------+-----+-----+----------+-----------+-----------+------+----------+



================================================================
== Utilization Estimates
================================================================
* Summary: 
+-----------------+---------+-------+--------+-------+
|       Name      | BRAM_18K| DSP48E|   FF   |  LUT  |
+-----------------+---------+-------+--------+-------+
|DSP              |        -|      -|       -|      -|
|Expression       |        -|      -|       0|    180|
|FIFO             |        -|      -|       -|      -|
|Instance         |        -|      -|       -|      -|
|Memory           |        -|      -|       -|      -|
|Multiplexer      |        -|      -|       -|    129|
|Register         |        -|      -|     289|      -|
+-----------------+---------+-------+--------+-------+
|Total            |        0|      0|     289|    309|
+-----------------+---------+-------+--------+-------+
|Available        |      280|    220|  106400|  53200|
+-----------------+---------+-------+--------+-------+
|Utilization (%)  |        0|      0|   ~0   |   ~0  |
+-----------------+---------+-------+--------+-------+

+ Detail: 
    * Instance: 
    N/A

    * DSP48: 
    N/A

    * Memory: 
    N/A

    * FIFO: 
    N/A

    * Expression: 
    +----------------------------------+----------+-------+---+----+------------+------------+
    |           Variable Name          | Operation| DSP48E| FF| LUT| Bitwidth P0| Bitwidth P1|
    +----------------------------------+----------+-------+---+----+------------+------------+
    |o_fu_141_p2                       |     +    |      0|  0|  39|           1|          32|
    |t_fu_129_p2                       |     +    |      0|  0|  39|          32|           1|
    |ap_block_state3_pp0_stage0_iter1  |    and   |      0|  0|   2|           1|           1|
    |ap_block_state4_pp0_stage0_iter2  |    and   |      0|  0|   2|           1|           1|
    |ap_condition_150                  |    and   |      0|  0|   2|           1|           1|
    |ap_predicate_op24_read_state3     |    and   |      0|  0|   2|           1|           1|
    |exitcond_i_fu_124_p2              |   icmp   |      0|  0|  18|          32|          32|
    |tmp_8_i_fu_147_p2                 |   icmp   |      0|  0|  18|          32|           7|
    |tmp_i_fu_135_p2                   |   icmp   |      0|  0|  18|          32|           1|
    |ap_block_pp0_stage0_01001         |    or    |      0|  0|   2|           1|           1|
    |ap_block_state1                   |    or    |      0|  0|   2|           1|           1|
    |p_i_fu_153_p3                     |  select  |      0|  0|  32|           1|           1|
    |ap_enable_pp0                     |    xor   |      0|  0|   2|           1|           2|
    |ap_enable_reg_pp0_iter1           |    xor   |      0|  0|   2|           2|           1|
    +----------------------------------+----------+-------+---+----+------------+------------+
    |Total                             |          |      0|  0| 180|         139|          83|
    +----------------------------------+----------+-------+---+----+------------+------------+

    * Multiplexer: 
    +---------------------------------------+----+-----------+-----+-----------+
    |                  Name                 | LUT| Input Size| Bits| Total Bits|
    +---------------------------------------+----+-----------+-----+-----------+
    |ap_NS_fsm                              |  21|          4|    1|          4|
    |ap_done                                |   9|          2|    1|          2|
    |ap_enable_reg_pp0_iter1                |   9|          2|    1|          2|
    |ap_enable_reg_pp0_iter2                |   9|          2|    1|          2|
    |ap_phi_mux_p_Val2_s_phi_fu_112_p4      |   9|          2|   64|        128|
    |ap_phi_reg_pp0_iter2_p_Val2_s_reg_109  |   9|          2|   64|        128|
    |in_V_V_blk_n                           |   9|          2|    1|          2|
    |numReps_blk_n                          |   9|          2|    1|          2|
    |numReps_out_blk_n                      |   9|          2|    1|          2|
    |o_i_reg_87                             |   9|          2|   32|         64|
    |out_V_V_blk_n                          |   9|          2|    1|          2|
    |p_4_i_reg_75                           |   9|          2|   63|        126|
    |t_i_reg_98                             |   9|          2|   32|         64|
    +---------------------------------------+----+-----------+-----+-----------+
    |Total                                  | 129|         28|  263|        528|
    +---------------------------------------+----+-----------+-----+-----------+

    * Register: 
    +---------------------------------------+----+----+-----+-----------+
    |                  Name                 | FF | LUT| Bits| Const Bits|
    +---------------------------------------+----+----+-----+-----------+
    |ap_CS_fsm                              |   3|   0|    3|          0|
    |ap_done_reg                            |   1|   0|    1|          0|
    |ap_enable_reg_pp0_iter0                |   1|   0|    1|          0|
    |ap_enable_reg_pp0_iter1                |   1|   0|    1|          0|
    |ap_enable_reg_pp0_iter2                |   1|   0|    1|          0|
    |ap_phi_reg_pp0_iter1_p_Val2_s_reg_109  |  64|   0|   64|          0|
    |ap_phi_reg_pp0_iter2_p_Val2_s_reg_109  |  64|   0|   64|          0|
    |exitcond_i_reg_186                     |   1|   0|    1|          0|
    |exitcond_i_reg_186_pp0_iter1_reg       |   1|   0|    1|          0|
    |o_i_reg_87                             |  32|   0|   32|          0|
    |p_4_i_reg_75                           |  63|   0|   63|          0|
    |t_i_reg_98                             |  32|   0|   32|          0|
    |tmp_i_reg_195                          |   1|   0|    1|          0|
    |tmp_i_reg_195_pp0_iter1_reg            |   1|   0|    1|          0|
    |tmp_reg_181                            |  23|   0|   32|          9|
    +---------------------------------------+----+----+-----+-----------+
    |Total                                  | 289|   0|  298|          9|
    +---------------------------------------+----+----+-----+-----------+



================================================================
== Interface
================================================================
* Summary: 
+--------------------+-----+-----+------------+------------------------+--------------+
|      RTL Ports     | Dir | Bits|  Protocol  |      Source Object     |    C Type    |
+--------------------+-----+-----+------------+------------------------+--------------+
|ap_clk              |  in |    1| ap_ctrl_hs | StreamingDataWidthCo.3 | return value |
|ap_rst              |  in |    1| ap_ctrl_hs | StreamingDataWidthCo.3 | return value |
|ap_start            |  in |    1| ap_ctrl_hs | StreamingDataWidthCo.3 | return value |
|ap_done             | out |    1| ap_ctrl_hs | StreamingDataWidthCo.3 | return value |
|ap_continue         |  in |    1| ap_ctrl_hs | StreamingDataWidthCo.3 | return value |
|ap_idle             | out |    1| ap_ctrl_hs | StreamingDataWidthCo.3 | return value |
|ap_ready            | out |    1| ap_ctrl_hs | StreamingDataWidthCo.3 | return value |
|in_V_V_dout         |  in |   64|   ap_fifo  |         in_V_V         |    pointer   |
|in_V_V_empty_n      |  in |    1|   ap_fifo  |         in_V_V         |    pointer   |
|in_V_V_read         | out |    1|   ap_fifo  |         in_V_V         |    pointer   |
|out_V_V_din         | out |    1|   ap_fifo  |         out_V_V        |    pointer   |
|out_V_V_full_n      |  in |    1|   ap_fifo  |         out_V_V        |    pointer   |
|out_V_V_write       | out |    1|   ap_fifo  |         out_V_V        |    pointer   |
|numReps_dout        |  in |   32|   ap_fifo  |         numReps        |    pointer   |
|numReps_empty_n     |  in |    1|   ap_fifo  |         numReps        |    pointer   |
|numReps_read        | out |    1|   ap_fifo  |         numReps        |    pointer   |
|numReps_out_din     | out |   32|   ap_fifo  |       numReps_out      |    pointer   |
|numReps_out_full_n  |  in |    1|   ap_fifo  |       numReps_out      |    pointer   |
|numReps_out_write   | out |    1|   ap_fifo  |       numReps_out      |    pointer   |
+--------------------+-----+-----+------------+------------------------+--------------+

